[0.010s] Invoking command in '/home/user1/turtlebot3_ws/src/build/turtlebot3_simulations': AMENT_PREFIX_PATH=/home/user1/turtlebot3_ws/src/install/turtlebot3_gazebo:/home/user1/turtlebot3_ws/src/install/turtlebot3_fake_node:/home/user1/turtlebot3_ws/src/install/turtlebot3_description:${AMENT_PREFIX_PATH} CMAKE_PREFIX_PATH=/home/user1/turtlebot3_ws/src/install/turtlebot3_gazebo:/home/user1/turtlebot3_ws/src/install/turtlebot3_fake_node:/home/user1/turtlebot3_ws/src/install/turtlebot3_description:/opt/ros/foxy /usr/bin/cmake /home/user1/turtlebot3_ws/src/turtlebot3_simulations/turtlebot3_simulations -DCMAKE_INSTALL_PREFIX=/home/user1/turtlebot3_ws/src/install/turtlebot3_simulations
[0.054s] -- The C compiler identification is GNU 9.4.0
[0.100s] -- The CXX compiler identification is GNU 9.4.0
[0.104s] -- Check for working C compiler: /usr/bin/cc
[0.158s] -- Check for working C compiler: /usr/bin/cc -- works
[0.159s] -- Detecting C compiler ABI info
[0.219s] -- Detecting C compiler ABI info - done
[0.230s] -- Detecting C compile features
[0.230s] -- Detecting C compile features - done
[0.232s] -- Check for working CXX compiler: /usr/bin/c++
[0.297s] -- Check for working CXX compiler: /usr/bin/c++ -- works
[0.297s] -- Detecting CXX compiler ABI info
[0.363s] -- Detecting CXX compiler ABI info - done
[0.375s] -- Detecting CXX compile features
[0.375s] -- Detecting CXX compile features - done
[0.378s] -- Found ament_cmake: 0.9.11 (/opt/ros/foxy/share/ament_cmake/cmake)
[0.402s] -- Found PythonInterp: /usr/bin/python3 (found suitable version "3.8.10", minimum required is "3") 
[0.402s] -- Using PYTHON_EXECUTABLE: /usr/bin/python3
[0.652s] -- Configuring done
[0.653s] -- Generating done
[0.654s] -- Build files have been written to: /home/user1/turtlebot3_ws/src/build/turtlebot3_simulations
[0.657s] Invoked command in '/home/user1/turtlebot3_ws/src/build/turtlebot3_simulations' returned '0': AMENT_PREFIX_PATH=/home/user1/turtlebot3_ws/src/install/turtlebot3_gazebo:/home/user1/turtlebot3_ws/src/install/turtlebot3_fake_node:/home/user1/turtlebot3_ws/src/install/turtlebot3_description:${AMENT_PREFIX_PATH} CMAKE_PREFIX_PATH=/home/user1/turtlebot3_ws/src/install/turtlebot3_gazebo:/home/user1/turtlebot3_ws/src/install/turtlebot3_fake_node:/home/user1/turtlebot3_ws/src/install/turtlebot3_description:/opt/ros/foxy /usr/bin/cmake /home/user1/turtlebot3_ws/src/turtlebot3_simulations/turtlebot3_simulations -DCMAKE_INSTALL_PREFIX=/home/user1/turtlebot3_ws/src/install/turtlebot3_simulations
[0.658s] Invoking command in '/home/user1/turtlebot3_ws/src/build/turtlebot3_simulations': AMENT_PREFIX_PATH=/home/user1/turtlebot3_ws/src/install/turtlebot3_gazebo:/home/user1/turtlebot3_ws/src/install/turtlebot3_fake_node:/home/user1/turtlebot3_ws/src/install/turtlebot3_description:${AMENT_PREFIX_PATH} CMAKE_PREFIX_PATH=/home/user1/turtlebot3_ws/src/install/turtlebot3_gazebo:/home/user1/turtlebot3_ws/src/install/turtlebot3_fake_node:/home/user1/turtlebot3_ws/src/install/turtlebot3_description:/opt/ros/foxy /usr/bin/cmake --build /home/user1/turtlebot3_ws/src/build/turtlebot3_simulations -- -j12 -l12
[0.689s] Invoked command in '/home/user1/turtlebot3_ws/src/build/turtlebot3_simulations' returned '0': AMENT_PREFIX_PATH=/home/user1/turtlebot3_ws/src/install/turtlebot3_gazebo:/home/user1/turtlebot3_ws/src/install/turtlebot3_fake_node:/home/user1/turtlebot3_ws/src/install/turtlebot3_description:${AMENT_PREFIX_PATH} CMAKE_PREFIX_PATH=/home/user1/turtlebot3_ws/src/install/turtlebot3_gazebo:/home/user1/turtlebot3_ws/src/install/turtlebot3_fake_node:/home/user1/turtlebot3_ws/src/install/turtlebot3_description:/opt/ros/foxy /usr/bin/cmake --build /home/user1/turtlebot3_ws/src/build/turtlebot3_simulations -- -j12 -l12
[0.709s] Invoking command in '/home/user1/turtlebot3_ws/src/build/turtlebot3_simulations': AMENT_PREFIX_PATH=/home/user1/turtlebot3_ws/src/install/turtlebot3_gazebo:/home/user1/turtlebot3_ws/src/install/turtlebot3_fake_node:/home/user1/turtlebot3_ws/src/install/turtlebot3_description:${AMENT_PREFIX_PATH} CMAKE_PREFIX_PATH=/home/user1/turtlebot3_ws/src/install/turtlebot3_gazebo:/home/user1/turtlebot3_ws/src/install/turtlebot3_fake_node:/home/user1/turtlebot3_ws/src/install/turtlebot3_description:/opt/ros/foxy /usr/bin/cmake --install /home/user1/turtlebot3_ws/src/build/turtlebot3_simulations
[0.715s] -- Install configuration: ""
[0.716s] -- Installing: /home/user1/turtlebot3_ws/src/install/turtlebot3_simulations/share/ament_index/resource_index/package_run_dependencies/turtlebot3_simulations
[0.716s] -- Installing: /home/user1/turtlebot3_ws/src/install/turtlebot3_simulations/share/ament_index/resource_index/parent_prefix_path/turtlebot3_simulations
[0.716s] -- Installing: /home/user1/turtlebot3_ws/src/install/turtlebot3_simulations/share/turtlebot3_simulations/environment/ament_prefix_path.sh
[0.716s] -- Installing: /home/user1/turtlebot3_ws/src/install/turtlebot3_simulations/share/turtlebot3_simulations/environment/ament_prefix_path.dsv
[0.716s] -- Installing: /home/user1/turtlebot3_ws/src/install/turtlebot3_simulations/share/turtlebot3_simulations/environment/path.sh
[0.716s] -- Installing: /home/user1/turtlebot3_ws/src/install/turtlebot3_simulations/share/turtlebot3_simulations/environment/path.dsv
[0.716s] -- Installing: /home/user1/turtlebot3_ws/src/install/turtlebot3_simulations/share/turtlebot3_simulations/local_setup.bash
[0.716s] -- Installing: /home/user1/turtlebot3_ws/src/install/turtlebot3_simulations/share/turtlebot3_simulations/local_setup.sh
[0.716s] -- Installing: /home/user1/turtlebot3_ws/src/install/turtlebot3_simulations/share/turtlebot3_simulations/local_setup.zsh
[0.716s] -- Installing: /home/user1/turtlebot3_ws/src/install/turtlebot3_simulations/share/turtlebot3_simulations/local_setup.dsv
[0.716s] -- Installing: /home/user1/turtlebot3_ws/src/install/turtlebot3_simulations/share/turtlebot3_simulations/package.dsv
[0.717s] -- Installing: /home/user1/turtlebot3_ws/src/install/turtlebot3_simulations/share/ament_index/resource_index/packages/turtlebot3_simulations
[0.717s] -- Installing: /home/user1/turtlebot3_ws/src/install/turtlebot3_simulations/share/turtlebot3_simulations/cmake/turtlebot3_simulationsConfig.cmake
[0.717s] -- Installing: /home/user1/turtlebot3_ws/src/install/turtlebot3_simulations/share/turtlebot3_simulations/cmake/turtlebot3_simulationsConfig-version.cmake
[0.717s] -- Installing: /home/user1/turtlebot3_ws/src/install/turtlebot3_simulations/share/turtlebot3_simulations/package.xml
[0.722s] Invoked command in '/home/user1/turtlebot3_ws/src/build/turtlebot3_simulations' returned '0': AMENT_PREFIX_PATH=/home/user1/turtlebot3_ws/src/install/turtlebot3_gazebo:/home/user1/turtlebot3_ws/src/install/turtlebot3_fake_node:/home/user1/turtlebot3_ws/src/install/turtlebot3_description:${AMENT_PREFIX_PATH} CMAKE_PREFIX_PATH=/home/user1/turtlebot3_ws/src/install/turtlebot3_gazebo:/home/user1/turtlebot3_ws/src/install/turtlebot3_fake_node:/home/user1/turtlebot3_ws/src/install/turtlebot3_description:/opt/ros/foxy /usr/bin/cmake --install /home/user1/turtlebot3_ws/src/build/turtlebot3_simulations
