[0.131s] DEBUG:colcon:Command line arguments: ['/usr/bin/colcon', 'build']
[0.131s] DEBUG:colcon:Parsed command line arguments: Namespace(allow_overriding=[], ament_cmake_args=None, base_paths=['.'], build_base='build', catkin_cmake_args=None, catkin_skip_building_tests=False, cmake_args=None, cmake_clean_cache=False, cmake_clean_first=False, cmake_force_configure=False, cmake_target=None, cmake_target_skip_unavailable=False, continue_on_error=False, event_handlers=None, executor='parallel', ignore_user_meta=False, install_base='install', log_base=None, log_level=None, main=<bound method BuildVerb.main of <colcon_core.verb.build.BuildVerb object at 0x7fc42089f7c0>>, merge_install=False, metas=['./colcon.meta'], packages_above=None, packages_above_and_dependencies=None, packages_above_depth=None, packages_end=None, packages_ignore=None, packages_ignore_regex=None, packages_select=None, packages_select_build_failed=False, packages_select_by_dep=None, packages_select_regex=None, packages_select_test_failures=False, packages_skip=None, packages_skip_build_finished=False, packages_skip_by_dep=None, packages_skip_regex=None, packages_skip_test_passed=False, packages_skip_up_to=None, packages_start=None, packages_up_to=None, packages_up_to_regex=None, parallel_workers=12, paths=None, symlink_install=False, test_result_base=None, verb_extension=<colcon_core.verb.build.BuildVerb object at 0x7fc42089f7c0>, verb_name='build', verb_parser=<colcon_defaults.argument_parser.defaults.DefaultArgumentsDecorator object at 0x7fc4208a84c0>)
[0.152s] Level 1:colcon.colcon_core.package_discovery:discover_packages(colcon_meta) check parameters
[0.152s] Level 1:colcon.colcon_core.package_discovery:discover_packages(recursive) check parameters
[0.152s] Level 1:colcon.colcon_core.package_discovery:discover_packages(ignore) check parameters
[0.152s] Level 1:colcon.colcon_core.package_discovery:discover_packages(path) check parameters
[0.152s] Level 1:colcon.colcon_core.package_discovery:discover_packages(colcon_meta) discover
[0.152s] Level 1:colcon.colcon_core.package_discovery:discover_packages(recursive) discover
[0.152s] INFO:colcon.colcon_core.package_discovery:Crawling recursively for packages in '/home/user1/turtlebot3_ws/src/turtlebot3_simulations/turtlebot3_gazebo/src'
[0.153s] Level 1:colcon.colcon_core.package_identification:_identify(.) by extensions ['ignore', 'ignore_ament_install']
[0.153s] Level 1:colcon.colcon_core.package_identification:_identify(.) by extension 'ignore'
[0.153s] Level 1:colcon.colcon_core.package_identification:_identify(.) by extension 'ignore_ament_install'
[0.153s] Level 1:colcon.colcon_core.package_identification:_identify(.) by extensions ['colcon_pkg']
[0.153s] Level 1:colcon.colcon_core.package_identification:_identify(.) by extension 'colcon_pkg'
[0.153s] Level 1:colcon.colcon_core.package_identification:_identify(.) by extensions ['colcon_meta']
[0.153s] Level 1:colcon.colcon_core.package_identification:_identify(.) by extension 'colcon_meta'
[0.153s] Level 1:colcon.colcon_core.package_identification:_identify(.) by extensions ['ros']
[0.153s] Level 1:colcon.colcon_core.package_identification:_identify(.) by extension 'ros'
[0.166s] Level 1:colcon.colcon_core.package_identification:_identify(.) by extensions ['cmake', 'python']
[0.166s] Level 1:colcon.colcon_core.package_identification:_identify(.) by extension 'cmake'
[0.166s] Level 1:colcon.colcon_core.package_identification:_identify(.) by extension 'python'
[0.166s] Level 1:colcon.colcon_core.package_identification:_identify(.) by extensions ['python_setup_py']
[0.166s] Level 1:colcon.colcon_core.package_identification:_identify(.) by extension 'python_setup_py'
[0.166s] Level 1:colcon.colcon_core.package_identification:_identify(Groot) by extensions ['ignore', 'ignore_ament_install']
[0.166s] Level 1:colcon.colcon_core.package_identification:_identify(Groot) by extension 'ignore'
[0.166s] Level 1:colcon.colcon_core.package_identification:_identify(Groot) by extension 'ignore_ament_install'
[0.166s] Level 1:colcon.colcon_core.package_identification:_identify(Groot) by extensions ['colcon_pkg']
[0.166s] Level 1:colcon.colcon_core.package_identification:_identify(Groot) by extension 'colcon_pkg'
[0.166s] Level 1:colcon.colcon_core.package_identification:_identify(Groot) by extensions ['colcon_meta']
[0.166s] Level 1:colcon.colcon_core.package_identification:_identify(Groot) by extension 'colcon_meta'
[0.166s] Level 1:colcon.colcon_core.package_identification:_identify(Groot) by extensions ['ros']
[0.166s] Level 1:colcon.colcon_core.package_identification:_identify(Groot) by extension 'ros'
[0.177s] DEBUG:colcon.colcon_core.package_identification:Package 'Groot' with type 'ros.ament_cmake' and name 'groot'
[0.178s] Level 1:colcon.colcon_core.package_identification:_identify(build) by extensions ['ignore', 'ignore_ament_install']
[0.178s] Level 1:colcon.colcon_core.package_identification:_identify(build) by extension 'ignore'
[0.178s] Level 1:colcon.colcon_core.package_identification:_identify(build) ignored
[0.178s] Level 1:colcon.colcon_core.package_identification:_identify(install) by extensions ['ignore', 'ignore_ament_install']
[0.178s] Level 1:colcon.colcon_core.package_identification:_identify(install) by extension 'ignore'
[0.178s] Level 1:colcon.colcon_core.package_identification:_identify(install) ignored
[0.178s] Level 1:colcon.colcon_core.package_identification:_identify(log) by extensions ['ignore', 'ignore_ament_install']
[0.178s] Level 1:colcon.colcon_core.package_identification:_identify(log) by extension 'ignore'
[0.178s] Level 1:colcon.colcon_core.package_identification:_identify(log) ignored
[0.178s] Level 1:colcon.colcon_core.package_discovery:discover_packages(recursive) using defaults
[0.178s] Level 1:colcon.colcon_core.package_discovery:discover_packages(ignore) discover
[0.178s] Level 1:colcon.colcon_core.package_discovery:discover_packages(ignore) using defaults
[0.178s] Level 1:colcon.colcon_core.package_discovery:discover_packages(path) discover
[0.178s] Level 1:colcon.colcon_core.package_discovery:discover_packages(path) using defaults
[0.195s] Level 1:colcon.colcon_core.package_discovery:discover_packages(prefix_path) check parameters
[0.195s] Level 1:colcon.colcon_core.package_discovery:discover_packages(prefix_path) discover
[0.198s] DEBUG:colcon.colcon_installed_package_information.package_discovery:Found 336 installed packages in /opt/ros/foxy
[0.200s] Level 1:colcon.colcon_core.package_discovery:discover_packages(prefix_path) using defaults
[0.268s] Level 5:colcon.colcon_core.verb:set package 'groot' build argument 'cmake_args' from command line to 'None'
[0.268s] Level 5:colcon.colcon_core.verb:set package 'groot' build argument 'cmake_target' from command line to 'None'
[0.268s] Level 5:colcon.colcon_core.verb:set package 'groot' build argument 'cmake_target_skip_unavailable' from command line to 'False'
[0.268s] Level 5:colcon.colcon_core.verb:set package 'groot' build argument 'cmake_clean_cache' from command line to 'False'
[0.268s] Level 5:colcon.colcon_core.verb:set package 'groot' build argument 'cmake_clean_first' from command line to 'False'
[0.268s] Level 5:colcon.colcon_core.verb:set package 'groot' build argument 'cmake_force_configure' from command line to 'False'
[0.268s] Level 5:colcon.colcon_core.verb:set package 'groot' build argument 'ament_cmake_args' from command line to 'None'
[0.268s] Level 5:colcon.colcon_core.verb:set package 'groot' build argument 'catkin_cmake_args' from command line to 'None'
[0.268s] Level 5:colcon.colcon_core.verb:set package 'groot' build argument 'catkin_skip_building_tests' from command line to 'False'
[0.268s] DEBUG:colcon.colcon_core.verb:Building package 'groot' with the following arguments: {'ament_cmake_args': None, 'build_base': '/home/user1/turtlebot3_ws/src/turtlebot3_simulations/turtlebot3_gazebo/src/build/groot', 'catkin_cmake_args': None, 'catkin_skip_building_tests': False, 'cmake_args': None, 'cmake_clean_cache': False, 'cmake_clean_first': False, 'cmake_force_configure': False, 'cmake_target': None, 'cmake_target_skip_unavailable': False, 'install_base': '/home/user1/turtlebot3_ws/src/turtlebot3_simulations/turtlebot3_gazebo/src/install/groot', 'merge_install': False, 'path': '/home/user1/turtlebot3_ws/src/turtlebot3_simulations/turtlebot3_gazebo/src/Groot', 'symlink_install': False, 'test_result_base': None}
[0.269s] INFO:colcon.colcon_core.executor:Executing jobs using 'parallel' executor
[0.272s] DEBUG:colcon.colcon_parallel_executor.executor.parallel:run_until_complete
[0.272s] INFO:colcon.colcon_ros.task.ament_cmake.build:Building ROS package in '/home/user1/turtlebot3_ws/src/turtlebot3_simulations/turtlebot3_gazebo/src/Groot' with build type 'ament_cmake'
[0.273s] INFO:colcon.colcon_cmake.task.cmake.build:Building CMake package in '/home/user1/turtlebot3_ws/src/turtlebot3_simulations/turtlebot3_gazebo/src/Groot'
[0.276s] INFO:colcon.colcon_core.plugin_system:Skipping extension 'colcon_core.shell.bat': Not used on non-Windows systems
[0.277s] INFO:colcon.colcon_core.shell:Skip shell extension 'powershell' for command environment: Not usable outside of PowerShell
[0.277s] DEBUG:colcon.colcon_core.shell:Skip shell extension 'dsv' for command environment
[0.284s] DEBUG:colcon.colcon_core.event_handler.log_command:Invoking command in '/home/user1/turtlebot3_ws/src/turtlebot3_simulations/turtlebot3_gazebo/src/build/groot': CMAKE_PREFIX_PATH=/opt/ros/foxy /usr/bin/cmake /home/user1/turtlebot3_ws/src/turtlebot3_simulations/turtlebot3_gazebo/src/Groot -DCMAKE_INSTALL_PREFIX=/home/user1/turtlebot3_ws/src/turtlebot3_simulations/turtlebot3_gazebo/src/install/groot
[1.370s] DEBUG:colcon.colcon_core.event_handler.log_command:Invoked command in '/home/user1/turtlebot3_ws/src/turtlebot3_simulations/turtlebot3_gazebo/src/build/groot' returned '0': CMAKE_PREFIX_PATH=/opt/ros/foxy /usr/bin/cmake /home/user1/turtlebot3_ws/src/turtlebot3_simulations/turtlebot3_gazebo/src/Groot -DCMAKE_INSTALL_PREFIX=/home/user1/turtlebot3_ws/src/turtlebot3_simulations/turtlebot3_gazebo/src/install/groot
[1.372s] DEBUG:colcon.colcon_core.event_handler.log_command:Invoking command in '/home/user1/turtlebot3_ws/src/turtlebot3_simulations/turtlebot3_gazebo/src/build/groot': CMAKE_PREFIX_PATH=/opt/ros/foxy /usr/bin/cmake --build /home/user1/turtlebot3_ws/src/turtlebot3_simulations/turtlebot3_gazebo/src/build/groot -- -j12 -l12
[18.432s] DEBUG:colcon.colcon_core.event_handler.log_command:Invoked command in '/home/user1/turtlebot3_ws/src/turtlebot3_simulations/turtlebot3_gazebo/src/build/groot' returned '0': CMAKE_PREFIX_PATH=/opt/ros/foxy /usr/bin/cmake --build /home/user1/turtlebot3_ws/src/turtlebot3_simulations/turtlebot3_gazebo/src/build/groot -- -j12 -l12
[18.483s] DEBUG:colcon.colcon_core.event_handler.log_command:Invoking command in '/home/user1/turtlebot3_ws/src/turtlebot3_simulations/turtlebot3_gazebo/src/build/groot': CMAKE_PREFIX_PATH=/opt/ros/foxy /usr/bin/cmake --install /home/user1/turtlebot3_ws/src/turtlebot3_simulations/turtlebot3_gazebo/src/build/groot
[18.496s] Level 1:colcon.colcon_core.environment:create_environment_scripts_only(groot)
[18.497s] DEBUG:colcon.colcon_core.event_handler.log_command:Invoked command in '/home/user1/turtlebot3_ws/src/turtlebot3_simulations/turtlebot3_gazebo/src/build/groot' returned '0': CMAKE_PREFIX_PATH=/opt/ros/foxy /usr/bin/cmake --install /home/user1/turtlebot3_ws/src/turtlebot3_simulations/turtlebot3_gazebo/src/build/groot
[18.501s] Level 1:colcon.colcon_core.environment:checking '/home/user1/turtlebot3_ws/src/turtlebot3_simulations/turtlebot3_gazebo/src/install/groot' for CMake module files
[18.501s] Level 1:colcon.colcon_core.environment:checking '/home/user1/turtlebot3_ws/src/turtlebot3_simulations/turtlebot3_gazebo/src/install/groot' for CMake config files
[18.502s] Level 1:colcon.colcon_core.shell:create_environment_hook('groot', 'cmake_prefix_path')
[18.503s] INFO:colcon.colcon_core.shell:Creating environment hook '/home/user1/turtlebot3_ws/src/turtlebot3_simulations/turtlebot3_gazebo/src/install/groot/share/groot/hook/cmake_prefix_path.ps1'
[18.503s] INFO:colcon.colcon_core.shell:Creating environment descriptor '/home/user1/turtlebot3_ws/src/turtlebot3_simulations/turtlebot3_gazebo/src/install/groot/share/groot/hook/cmake_prefix_path.dsv'
[18.504s] INFO:colcon.colcon_core.shell:Creating environment hook '/home/user1/turtlebot3_ws/src/turtlebot3_simulations/turtlebot3_gazebo/src/install/groot/share/groot/hook/cmake_prefix_path.sh'
[18.504s] Level 1:colcon.colcon_core.environment:checking '/home/user1/turtlebot3_ws/src/turtlebot3_simulations/turtlebot3_gazebo/src/install/groot/lib'
[18.505s] Level 1:colcon.colcon_core.shell:create_environment_hook('groot', 'ld_library_path_lib')
[18.506s] INFO:colcon.colcon_core.shell:Creating environment hook '/home/user1/turtlebot3_ws/src/turtlebot3_simulations/turtlebot3_gazebo/src/install/groot/share/groot/hook/ld_library_path_lib.ps1'
[18.506s] INFO:colcon.colcon_core.shell:Creating environment descriptor '/home/user1/turtlebot3_ws/src/turtlebot3_simulations/turtlebot3_gazebo/src/install/groot/share/groot/hook/ld_library_path_lib.dsv'
[18.506s] INFO:colcon.colcon_core.shell:Creating environment hook '/home/user1/turtlebot3_ws/src/turtlebot3_simulations/turtlebot3_gazebo/src/install/groot/share/groot/hook/ld_library_path_lib.sh'
[18.507s] Level 1:colcon.colcon_core.environment:checking '/home/user1/turtlebot3_ws/src/turtlebot3_simulations/turtlebot3_gazebo/src/install/groot/bin'
[18.507s] Level 1:colcon.colcon_core.environment:checking '/home/user1/turtlebot3_ws/src/turtlebot3_simulations/turtlebot3_gazebo/src/install/groot/lib/pkgconfig/groot.pc'
[18.507s] Level 1:colcon.colcon_core.environment:checking '/home/user1/turtlebot3_ws/src/turtlebot3_simulations/turtlebot3_gazebo/src/install/groot/lib/python3.8/site-packages'
[18.507s] Level 1:colcon.colcon_core.environment:checking '/home/user1/turtlebot3_ws/src/turtlebot3_simulations/turtlebot3_gazebo/src/install/groot/bin'
[18.508s] INFO:colcon.colcon_core.shell:Creating package script '/home/user1/turtlebot3_ws/src/turtlebot3_simulations/turtlebot3_gazebo/src/install/groot/share/groot/package.ps1'
[18.509s] INFO:colcon.colcon_core.shell:Creating package descriptor '/home/user1/turtlebot3_ws/src/turtlebot3_simulations/turtlebot3_gazebo/src/install/groot/share/groot/package.dsv'
[18.509s] INFO:colcon.colcon_core.shell:Creating package script '/home/user1/turtlebot3_ws/src/turtlebot3_simulations/turtlebot3_gazebo/src/install/groot/share/groot/package.sh'
[18.510s] INFO:colcon.colcon_core.shell:Creating package script '/home/user1/turtlebot3_ws/src/turtlebot3_simulations/turtlebot3_gazebo/src/install/groot/share/groot/package.bash'
[18.511s] INFO:colcon.colcon_core.shell:Creating package script '/home/user1/turtlebot3_ws/src/turtlebot3_simulations/turtlebot3_gazebo/src/install/groot/share/groot/package.zsh'
[18.511s] Level 1:colcon.colcon_core.environment:create_file_with_runtime_dependencies(/home/user1/turtlebot3_ws/src/turtlebot3_simulations/turtlebot3_gazebo/src/install/groot/share/colcon-core/packages/groot)
[18.549s] Level 1:colcon.colcon_core.environment:create_environment_scripts_only(groot)
[18.551s] Level 1:colcon.colcon_core.environment:checking '/home/user1/turtlebot3_ws/src/turtlebot3_simulations/turtlebot3_gazebo/src/install/groot' for CMake module files
[18.552s] Level 1:colcon.colcon_core.environment:checking '/home/user1/turtlebot3_ws/src/turtlebot3_simulations/turtlebot3_gazebo/src/install/groot' for CMake config files
[18.552s] Level 1:colcon.colcon_core.shell:create_environment_hook('groot', 'cmake_prefix_path')
[18.553s] INFO:colcon.colcon_core.shell:Creating environment hook '/home/user1/turtlebot3_ws/src/turtlebot3_simulations/turtlebot3_gazebo/src/install/groot/share/groot/hook/cmake_prefix_path.ps1'
[18.553s] INFO:colcon.colcon_core.shell:Creating environment descriptor '/home/user1/turtlebot3_ws/src/turtlebot3_simulations/turtlebot3_gazebo/src/install/groot/share/groot/hook/cmake_prefix_path.dsv'
[18.554s] INFO:colcon.colcon_core.shell:Creating environment hook '/home/user1/turtlebot3_ws/src/turtlebot3_simulations/turtlebot3_gazebo/src/install/groot/share/groot/hook/cmake_prefix_path.sh'
[18.554s] Level 1:colcon.colcon_core.environment:checking '/home/user1/turtlebot3_ws/src/turtlebot3_simulations/turtlebot3_gazebo/src/install/groot/lib'
[18.554s] Level 1:colcon.colcon_core.shell:create_environment_hook('groot', 'ld_library_path_lib')
[18.555s] INFO:colcon.colcon_core.shell:Creating environment hook '/home/user1/turtlebot3_ws/src/turtlebot3_simulations/turtlebot3_gazebo/src/install/groot/share/groot/hook/ld_library_path_lib.ps1'
[18.556s] INFO:colcon.colcon_core.shell:Creating environment descriptor '/home/user1/turtlebot3_ws/src/turtlebot3_simulations/turtlebot3_gazebo/src/install/groot/share/groot/hook/ld_library_path_lib.dsv'
[18.556s] INFO:colcon.colcon_core.shell:Creating environment hook '/home/user1/turtlebot3_ws/src/turtlebot3_simulations/turtlebot3_gazebo/src/install/groot/share/groot/hook/ld_library_path_lib.sh'
[18.556s] Level 1:colcon.colcon_core.environment:checking '/home/user1/turtlebot3_ws/src/turtlebot3_simulations/turtlebot3_gazebo/src/install/groot/bin'
[18.556s] Level 1:colcon.colcon_core.environment:checking '/home/user1/turtlebot3_ws/src/turtlebot3_simulations/turtlebot3_gazebo/src/install/groot/lib/pkgconfig/groot.pc'
[18.557s] Level 1:colcon.colcon_core.environment:checking '/home/user1/turtlebot3_ws/src/turtlebot3_simulations/turtlebot3_gazebo/src/install/groot/lib/python3.8/site-packages'
[18.557s] Level 1:colcon.colcon_core.environment:checking '/home/user1/turtlebot3_ws/src/turtlebot3_simulations/turtlebot3_gazebo/src/install/groot/bin'
[18.558s] INFO:colcon.colcon_core.shell:Creating package script '/home/user1/turtlebot3_ws/src/turtlebot3_simulations/turtlebot3_gazebo/src/install/groot/share/groot/package.ps1'
[18.558s] INFO:colcon.colcon_core.shell:Creating package descriptor '/home/user1/turtlebot3_ws/src/turtlebot3_simulations/turtlebot3_gazebo/src/install/groot/share/groot/package.dsv'
[18.559s] INFO:colcon.colcon_core.shell:Creating package script '/home/user1/turtlebot3_ws/src/turtlebot3_simulations/turtlebot3_gazebo/src/install/groot/share/groot/package.sh'
[18.559s] INFO:colcon.colcon_core.shell:Creating package script '/home/user1/turtlebot3_ws/src/turtlebot3_simulations/turtlebot3_gazebo/src/install/groot/share/groot/package.bash'
[18.559s] INFO:colcon.colcon_core.shell:Creating package script '/home/user1/turtlebot3_ws/src/turtlebot3_simulations/turtlebot3_gazebo/src/install/groot/share/groot/package.zsh'
[18.560s] Level 1:colcon.colcon_core.environment:create_file_with_runtime_dependencies(/home/user1/turtlebot3_ws/src/turtlebot3_simulations/turtlebot3_gazebo/src/install/groot/share/colcon-core/packages/groot)
[18.560s] DEBUG:colcon.colcon_parallel_executor.executor.parallel:closing loop
[18.560s] DEBUG:colcon.colcon_parallel_executor.executor.parallel:loop closed
[18.560s] DEBUG:colcon.colcon_parallel_executor.executor.parallel:run_until_complete finished with '0'
[18.561s] DEBUG:colcon.colcon_core.event_reactor:joining thread
[18.566s] INFO:colcon.colcon_core.plugin_system:Skipping extension 'colcon_notification.desktop_notification.terminal_notifier': Not used on non-Darwin systems
[18.566s] INFO:colcon.colcon_core.plugin_system:Skipping extension 'colcon_notification.desktop_notification.win32': Not used on non-Windows systems
[18.566s] INFO:colcon.colcon_notification.desktop_notification:Sending desktop notification using 'notify2'
[18.581s] DEBUG:colcon.colcon_core.event_reactor:joined thread
[18.583s] INFO:colcon.colcon_core.shell:Creating prefix script '/home/user1/turtlebot3_ws/src/turtlebot3_simulations/turtlebot3_gazebo/src/install/local_setup.ps1'
[18.583s] INFO:colcon.colcon_core.shell:Creating prefix util module '/home/user1/turtlebot3_ws/src/turtlebot3_simulations/turtlebot3_gazebo/src/install/_local_setup_util_ps1.py'
[18.584s] INFO:colcon.colcon_core.shell:Creating prefix chain script '/home/user1/turtlebot3_ws/src/turtlebot3_simulations/turtlebot3_gazebo/src/install/setup.ps1'
[18.586s] INFO:colcon.colcon_core.shell:Creating prefix script '/home/user1/turtlebot3_ws/src/turtlebot3_simulations/turtlebot3_gazebo/src/install/local_setup.sh'
[18.586s] INFO:colcon.colcon_core.shell:Creating prefix util module '/home/user1/turtlebot3_ws/src/turtlebot3_simulations/turtlebot3_gazebo/src/install/_local_setup_util_sh.py'
[18.586s] INFO:colcon.colcon_core.shell:Creating prefix chain script '/home/user1/turtlebot3_ws/src/turtlebot3_simulations/turtlebot3_gazebo/src/install/setup.sh'
[18.587s] INFO:colcon.colcon_core.shell:Creating prefix script '/home/user1/turtlebot3_ws/src/turtlebot3_simulations/turtlebot3_gazebo/src/install/local_setup.bash'
[18.588s] INFO:colcon.colcon_core.shell:Creating prefix chain script '/home/user1/turtlebot3_ws/src/turtlebot3_simulations/turtlebot3_gazebo/src/install/setup.bash'
[18.589s] INFO:colcon.colcon_core.shell:Creating prefix script '/home/user1/turtlebot3_ws/src/turtlebot3_simulations/turtlebot3_gazebo/src/install/local_setup.zsh'
[18.589s] INFO:colcon.colcon_core.shell:Creating prefix chain script '/home/user1/turtlebot3_ws/src/turtlebot3_simulations/turtlebot3_gazebo/src/install/setup.zsh'
