[0.011s] Invoking command in '/home/user1/turtlebot3_ws/build/turtlebot3_description': CMAKE_PREFIX_PATH=/opt/ros/foxy /usr/bin/cmake /home/user1/turtlebot3_ws/src/turtlebot3/turtlebot3_description -DAMENT_CMAKE_SYMLINK_INSTALL=1 -DCMAKE_INSTALL_PREFIX=/home/user1/turtlebot3_ws/install/turtlebot3_description
[0.051s] -- The C compiler identification is GNU 9.4.0
[0.093s] -- The CXX compiler identification is GNU 9.4.0
[0.096s] -- Check for working C compiler: /usr/bin/cc
[0.148s] -- Check for working C compiler: /usr/bin/cc -- works
[0.149s] -- Detecting C compiler ABI info
[0.199s] -- Detecting C compiler ABI info - done
[0.210s] -- Detecting C compile features
[0.210s] -- Detecting C compile features - done
[0.212s] -- Check for working CXX compiler: /usr/bin/c++
[0.271s] -- Check for working CXX compiler: /usr/bin/c++ -- works
[0.272s] -- Detecting CXX compiler ABI info
[0.331s] -- Detecting CXX compiler ABI info - done
[0.342s] -- Detecting CXX compile features
[0.342s] -- Detecting CXX compile features - done
[0.344s] -- Found ament_cmake: 0.9.11 (/opt/ros/foxy/share/ament_cmake/cmake)
[0.363s] -- Found PythonInterp: /usr/bin/python3 (found suitable version "3.8.10", minimum required is "3") 
[0.364s] -- Using PYTHON_EXECUTABLE: /usr/bin/python3
[0.513s] -- Override CMake install command with custom implementation using symlinks instead of copying resources
[0.532s] -- Found urdf: 2.4.0 (/opt/ros/foxy/share/urdf/cmake)
[0.609s] -- Configuring done
[0.611s] -- Generating done
[0.611s] -- Build files have been written to: /home/user1/turtlebot3_ws/build/turtlebot3_description
[0.615s] Invoked command in '/home/user1/turtlebot3_ws/build/turtlebot3_description' returned '0': CMAKE_PREFIX_PATH=/opt/ros/foxy /usr/bin/cmake /home/user1/turtlebot3_ws/src/turtlebot3/turtlebot3_description -DAMENT_CMAKE_SYMLINK_INSTALL=1 -DCMAKE_INSTALL_PREFIX=/home/user1/turtlebot3_ws/install/turtlebot3_description
[0.617s] Invoking command in '/home/user1/turtlebot3_ws/build/turtlebot3_description': CMAKE_PREFIX_PATH=/opt/ros/foxy /usr/bin/cmake --build /home/user1/turtlebot3_ws/build/turtlebot3_description -- -j12 -l12
[0.647s] Invoked command in '/home/user1/turtlebot3_ws/build/turtlebot3_description' returned '0': CMAKE_PREFIX_PATH=/opt/ros/foxy /usr/bin/cmake --build /home/user1/turtlebot3_ws/build/turtlebot3_description -- -j12 -l12
[0.668s] Invoking command in '/home/user1/turtlebot3_ws/build/turtlebot3_description': CMAKE_PREFIX_PATH=/opt/ros/foxy /usr/bin/cmake --install /home/user1/turtlebot3_ws/build/turtlebot3_description
[0.674s] -- Install configuration: ""
[0.674s] -- Execute custom install script
[0.675s] -- Symlinking: /home/user1/turtlebot3_ws/install/turtlebot3_description/share/turtlebot3_description/meshes/bases/burger_base.stl
[0.681s] -- Symlinking: /home/user1/turtlebot3_ws/install/turtlebot3_description/share/turtlebot3_description/meshes/bases/waffle_base.stl
[0.688s] -- Symlinking: /home/user1/turtlebot3_ws/install/turtlebot3_description/share/turtlebot3_description/meshes/bases/waffle_pi_base.stl
[0.694s] -- Symlinking: /home/user1/turtlebot3_ws/install/turtlebot3_description/share/turtlebot3_description/meshes/sensors/astra.dae
[0.700s] -- Symlinking: /home/user1/turtlebot3_ws/install/turtlebot3_description/share/turtlebot3_description/meshes/sensors/astra.jpg
[0.706s] -- Symlinking: /home/user1/turtlebot3_ws/install/turtlebot3_description/share/turtlebot3_description/meshes/sensors/lds.stl
[0.713s] -- Symlinking: /home/user1/turtlebot3_ws/install/turtlebot3_description/share/turtlebot3_description/meshes/sensors/r200.dae
[0.719s] -- Symlinking: /home/user1/turtlebot3_ws/install/turtlebot3_description/share/turtlebot3_description/meshes/sensors/r200.jpg
[0.725s] -- Symlinking: /home/user1/turtlebot3_ws/install/turtlebot3_description/share/turtlebot3_description/meshes/wheels/left_tire.stl
[0.731s] -- Symlinking: /home/user1/turtlebot3_ws/install/turtlebot3_description/share/turtlebot3_description/meshes/wheels/right_tire.stl
[0.738s] -- Symlinking: /home/user1/turtlebot3_ws/install/turtlebot3_description/share/turtlebot3_description/rviz/model.rviz
[0.745s] -- Symlinking: /home/user1/turtlebot3_ws/install/turtlebot3_description/share/turtlebot3_description/urdf/common_properties.urdf
[0.751s] -- Symlinking: /home/user1/turtlebot3_ws/install/turtlebot3_description/share/turtlebot3_description/urdf/turtlebot3_burger.urdf
[0.757s] -- Symlinking: /home/user1/turtlebot3_ws/install/turtlebot3_description/share/turtlebot3_description/urdf/turtlebot3_waffle.urdf
[0.764s] -- Symlinking: /home/user1/turtlebot3_ws/install/turtlebot3_description/share/turtlebot3_description/urdf/turtlebot3_waffle_pi.urdf
[0.770s] -- Symlinking: /home/user1/turtlebot3_ws/install/turtlebot3_description/share/ament_index/resource_index/package_run_dependencies/turtlebot3_description
[0.776s] -- Symlinking: /home/user1/turtlebot3_ws/install/turtlebot3_description/share/ament_index/resource_index/parent_prefix_path/turtlebot3_description
[0.783s] -- Symlinking: /home/user1/turtlebot3_ws/install/turtlebot3_description/share/turtlebot3_description/environment/ament_prefix_path.sh
[0.789s] -- Symlinking: /home/user1/turtlebot3_ws/install/turtlebot3_description/share/turtlebot3_description/environment/ament_prefix_path.dsv
[0.795s] -- Symlinking: /home/user1/turtlebot3_ws/install/turtlebot3_description/share/turtlebot3_description/environment/path.sh
[0.801s] -- Symlinking: /home/user1/turtlebot3_ws/install/turtlebot3_description/share/turtlebot3_description/environment/path.dsv
[0.808s] -- Symlinking: /home/user1/turtlebot3_ws/install/turtlebot3_description/share/turtlebot3_description/local_setup.bash
[0.814s] -- Symlinking: /home/user1/turtlebot3_ws/install/turtlebot3_description/share/turtlebot3_description/local_setup.sh
[0.821s] -- Symlinking: /home/user1/turtlebot3_ws/install/turtlebot3_description/share/turtlebot3_description/local_setup.zsh
[0.827s] -- Symlinking: /home/user1/turtlebot3_ws/install/turtlebot3_description/share/turtlebot3_description/local_setup.dsv
[0.833s] -- Symlinking: /home/user1/turtlebot3_ws/install/turtlebot3_description/share/turtlebot3_description/package.dsv
[0.840s] -- Symlinking: /home/user1/turtlebot3_ws/install/turtlebot3_description/share/ament_index/resource_index/packages/turtlebot3_description
[0.846s] -- Symlinking: /home/user1/turtlebot3_ws/install/turtlebot3_description/share/turtlebot3_description/cmake/turtlebot3_descriptionConfig.cmake
[0.852s] -- Symlinking: /home/user1/turtlebot3_ws/install/turtlebot3_description/share/turtlebot3_description/cmake/turtlebot3_descriptionConfig-version.cmake
[0.859s] -- Symlinking: /home/user1/turtlebot3_ws/install/turtlebot3_description/share/turtlebot3_description/package.xml
[0.867s] Invoked command in '/home/user1/turtlebot3_ws/build/turtlebot3_description' returned '0': CMAKE_PREFIX_PATH=/opt/ros/foxy /usr/bin/cmake --install /home/user1/turtlebot3_ws/build/turtlebot3_description
