[0.267s] Invoking command in '/home/user1/robotfusion/turtlebot3_ws/src/build/turtlebot3_navigation2': CMAKE_PREFIX_PATH=${CMAKE_PREFIX_PATH}:/home/user1/robotfusion/turtlebot3_ws/install/turtlebot3_teleop:/home/user1/robotfusion/turtlebot3_ws/install/turtlebot3_example:/home/user1/turtlebot3_ws/src/turtlebot3_simulations/turtlebot3_gazebo/install/turtlebot3_gazebo:/opt/ros/foxy /usr/bin/cmake --build /home/user1/robotfusion/turtlebot3_ws/src/build/turtlebot3_navigation2 -- -j12 -l12
[0.492s] CMake Error: The current CMakeCache.txt directory /home/user1/robotfusion/turtlebot3_ws/src/build/turtlebot3_navigation2/CMakeCache.txt is different than the directory /home/user1/turtlebot3_ws/src/build/turtlebot3_navigation2 where CMakeCache.txt was created. This may result in binaries being created in the wrong place. If you are not sure, reedit the CMakeCache.txt
[0.499s] Invoked command in '/home/user1/robotfusion/turtlebot3_ws/src/build/turtlebot3_navigation2' returned '0': CMAKE_PREFIX_PATH=${CMAKE_PREFIX_PATH}:/home/user1/robotfusion/turtlebot3_ws/install/turtlebot3_teleop:/home/user1/robotfusion/turtlebot3_ws/install/turtlebot3_example:/home/user1/turtlebot3_ws/src/turtlebot3_simulations/turtlebot3_gazebo/install/turtlebot3_gazebo:/opt/ros/foxy /usr/bin/cmake --build /home/user1/robotfusion/turtlebot3_ws/src/build/turtlebot3_navigation2 -- -j12 -l12
[0.526s] Invoking command in '/home/user1/robotfusion/turtlebot3_ws/src/build/turtlebot3_navigation2': CMAKE_PREFIX_PATH=${CMAKE_PREFIX_PATH}:/home/user1/robotfusion/turtlebot3_ws/install/turtlebot3_teleop:/home/user1/robotfusion/turtlebot3_ws/install/turtlebot3_example:/home/user1/turtlebot3_ws/src/turtlebot3_simulations/turtlebot3_gazebo/install/turtlebot3_gazebo:/opt/ros/foxy /usr/bin/cmake --install /home/user1/robotfusion/turtlebot3_ws/src/build/turtlebot3_navigation2
[0.544s] -- Install configuration: ""
[0.545s] -- Up-to-date: /home/user1/turtlebot3_ws/src/install/turtlebot3_navigation2/share/turtlebot3_navigation2/launch
[0.545s] -- Up-to-date: /home/user1/turtlebot3_ws/src/install/turtlebot3_navigation2/share/turtlebot3_navigation2/launch/navigation2.launch.py
[0.546s] -- Up-to-date: /home/user1/turtlebot3_ws/src/install/turtlebot3_navigation2/share/turtlebot3_navigation2/map
[0.546s] -- Installing: /home/user1/turtlebot3_ws/src/install/turtlebot3_navigation2/share/turtlebot3_navigation2/map/turtlebot3_world.pgm
[0.546s] -- Up-to-date: /home/user1/turtlebot3_ws/src/install/turtlebot3_navigation2/share/turtlebot3_navigation2/map/Old_maps
[0.547s] -- Up-to-date: /home/user1/turtlebot3_ws/src/install/turtlebot3_navigation2/share/turtlebot3_navigation2/map/Old_maps/turtlebot3_world.pgm
[0.547s] -- Up-to-date: /home/user1/turtlebot3_ws/src/install/turtlebot3_navigation2/share/turtlebot3_navigation2/map/Old_maps/turtlebot3_world.yaml
[0.548s] -- Installing: /home/user1/turtlebot3_ws/src/install/turtlebot3_navigation2/share/turtlebot3_navigation2/map/turtlebot3_world.yaml
[0.548s] -- Up-to-date: /home/user1/turtlebot3_ws/src/install/turtlebot3_navigation2/share/turtlebot3_navigation2/param
[0.548s] -- Up-to-date: /home/user1/turtlebot3_ws/src/install/turtlebot3_navigation2/share/turtlebot3_navigation2/param/waffle_pi.yaml
[0.548s] -- Up-to-date: /home/user1/turtlebot3_ws/src/install/turtlebot3_navigation2/share/turtlebot3_navigation2/param/burger.yaml
[0.548s] -- Up-to-date: /home/user1/turtlebot3_ws/src/install/turtlebot3_navigation2/share/turtlebot3_navigation2/param/waffle.yaml
[0.549s] -- Up-to-date: /home/user1/turtlebot3_ws/src/install/turtlebot3_navigation2/share/turtlebot3_navigation2/rviz
[0.549s] -- Up-to-date: /home/user1/turtlebot3_ws/src/install/turtlebot3_navigation2/share/turtlebot3_navigation2/rviz/tb3_navigation2.rviz
[0.549s] -- Up-to-date: /home/user1/turtlebot3_ws/src/install/turtlebot3_navigation2/share/ament_index/resource_index/package_run_dependencies/turtlebot3_navigation2
[0.549s] -- Up-to-date: /home/user1/turtlebot3_ws/src/install/turtlebot3_navigation2/share/ament_index/resource_index/parent_prefix_path/turtlebot3_navigation2
[0.549s] -- Up-to-date: /home/user1/turtlebot3_ws/src/install/turtlebot3_navigation2/share/turtlebot3_navigation2/environment/ament_prefix_path.sh
[0.549s] -- Up-to-date: /home/user1/turtlebot3_ws/src/install/turtlebot3_navigation2/share/turtlebot3_navigation2/environment/ament_prefix_path.dsv
[0.549s] -- Up-to-date: /home/user1/turtlebot3_ws/src/install/turtlebot3_navigation2/share/turtlebot3_navigation2/environment/path.sh
[0.550s] -- Up-to-date: /home/user1/turtlebot3_ws/src/install/turtlebot3_navigation2/share/turtlebot3_navigation2/environment/path.dsv
[0.550s] -- Up-to-date: /home/user1/turtlebot3_ws/src/install/turtlebot3_navigation2/share/turtlebot3_navigation2/local_setup.bash
[0.550s] -- Up-to-date: /home/user1/turtlebot3_ws/src/install/turtlebot3_navigation2/share/turtlebot3_navigation2/local_setup.sh
[0.550s] -- Up-to-date: /home/user1/turtlebot3_ws/src/install/turtlebot3_navigation2/share/turtlebot3_navigation2/local_setup.zsh
[0.550s] -- Up-to-date: /home/user1/turtlebot3_ws/src/install/turtlebot3_navigation2/share/turtlebot3_navigation2/local_setup.dsv
[0.550s] -- Installing: /home/user1/turtlebot3_ws/src/install/turtlebot3_navigation2/share/turtlebot3_navigation2/package.dsv
[0.550s] -- Up-to-date: /home/user1/turtlebot3_ws/src/install/turtlebot3_navigation2/share/ament_index/resource_index/packages/turtlebot3_navigation2
[0.552s] -- Up-to-date: /home/user1/turtlebot3_ws/src/install/turtlebot3_navigation2/share/turtlebot3_navigation2/cmake/turtlebot3_navigation2Config.cmake
[0.552s] -- Up-to-date: /home/user1/turtlebot3_ws/src/install/turtlebot3_navigation2/share/turtlebot3_navigation2/cmake/turtlebot3_navigation2Config-version.cmake
[0.552s] -- Up-to-date: /home/user1/turtlebot3_ws/src/install/turtlebot3_navigation2/share/turtlebot3_navigation2/package.xml
[0.576s] Invoked command in '/home/user1/robotfusion/turtlebot3_ws/src/build/turtlebot3_navigation2' returned '0': CMAKE_PREFIX_PATH=${CMAKE_PREFIX_PATH}:/home/user1/robotfusion/turtlebot3_ws/install/turtlebot3_teleop:/home/user1/robotfusion/turtlebot3_ws/install/turtlebot3_example:/home/user1/turtlebot3_ws/src/turtlebot3_simulations/turtlebot3_gazebo/install/turtlebot3_gazebo:/opt/ros/foxy /usr/bin/cmake --install /home/user1/robotfusion/turtlebot3_ws/src/build/turtlebot3_navigation2
