[0.959s] Invoking command in '/home/user1/turtlebot3_ws/build/turtlebot3_example': PYTHONPATH=/home/user1/turtlebot3_ws/install/turtlebot3_example/lib/python3.8/site-packages:${PYTHONPATH} /usr/bin/python3 setup.py develop --prefix /home/user1/turtlebot3_ws/install/turtlebot3_example --uninstall --editable --build-directory /home/user1/turtlebot3_ws/build/turtlebot3_example/build
[1.177s] running develop
[1.315s] Removing /home/user1/turtlebot3_ws/install/turtlebot3_example/lib/python3.8/site-packages/turtlebot3-example.egg-link (link to .)
[1.337s] Invoked command in '/home/user1/turtlebot3_ws/build/turtlebot3_example' returned '0': PYTHONPATH=/home/user1/turtlebot3_ws/install/turtlebot3_example/lib/python3.8/site-packages:${PYTHONPATH} /usr/bin/python3 setup.py develop --prefix /home/user1/turtlebot3_ws/install/turtlebot3_example --uninstall --editable --build-directory /home/user1/turtlebot3_ws/build/turtlebot3_example/build
[1.337s] Invoking command in '/home/user1/turtlebot3_ws/src/turtlebot3/turtlebot3_example': PYTHONPATH=/home/user1/turtlebot3_ws/install/turtlebot3_example/lib/python3.8/site-packages:${PYTHONPATH} /usr/bin/python3 setup.py egg_info --egg-base ../../../build/turtlebot3_example build --build-base /home/user1/turtlebot3_ws/build/turtlebot3_example/build install --prefix /home/user1/turtlebot3_ws/install/turtlebot3_example --record /home/user1/turtlebot3_ws/build/turtlebot3_example/install.log --single-version-externally-managed
[1.554s] running egg_info
[1.555s] writing ../../../build/turtlebot3_example/turtlebot3_example.egg-info/PKG-INFO
[1.555s] writing dependency_links to ../../../build/turtlebot3_example/turtlebot3_example.egg-info/dependency_links.txt
[1.555s] writing entry points to ../../../build/turtlebot3_example/turtlebot3_example.egg-info/entry_points.txt
[1.555s] writing requirements to ../../../build/turtlebot3_example/turtlebot3_example.egg-info/requires.txt
[1.556s] writing top-level names to ../../../build/turtlebot3_example/turtlebot3_example.egg-info/top_level.txt
[1.590s] reading manifest file '../../../build/turtlebot3_example/turtlebot3_example.egg-info/SOURCES.txt'
[1.590s] writing manifest file '../../../build/turtlebot3_example/turtlebot3_example.egg-info/SOURCES.txt'
[1.590s] running build
[1.590s] running build_py
[1.590s] creating /home/user1/turtlebot3_ws/build/turtlebot3_example/build
[1.590s] creating /home/user1/turtlebot3_ws/build/turtlebot3_example/build/lib
[1.590s] creating /home/user1/turtlebot3_ws/build/turtlebot3_example/build/lib/turtlebot3_example
[1.591s] copying turtlebot3_example/__init__.py -> /home/user1/turtlebot3_ws/build/turtlebot3_example/build/lib/turtlebot3_example
[1.591s] creating /home/user1/turtlebot3_ws/build/turtlebot3_example/build/lib/turtlebot3_example/turtlebot3_position_control
[1.591s] copying turtlebot3_example/turtlebot3_position_control/main.py -> /home/user1/turtlebot3_ws/build/turtlebot3_example/build/lib/turtlebot3_example/turtlebot3_position_control
[1.591s] copying turtlebot3_example/turtlebot3_position_control/turtlebot3_path.py -> /home/user1/turtlebot3_ws/build/turtlebot3_example/build/lib/turtlebot3_example/turtlebot3_position_control
[1.591s] copying turtlebot3_example/turtlebot3_position_control/__init__.py -> /home/user1/turtlebot3_ws/build/turtlebot3_example/build/lib/turtlebot3_example/turtlebot3_position_control
[1.591s] copying turtlebot3_example/turtlebot3_position_control/turtlebot3_position_control.py -> /home/user1/turtlebot3_ws/build/turtlebot3_example/build/lib/turtlebot3_example/turtlebot3_position_control
[1.592s] creating /home/user1/turtlebot3_ws/build/turtlebot3_example/build/lib/turtlebot3_example/turtlebot3_obstacle_detection
[1.592s] copying turtlebot3_example/turtlebot3_obstacle_detection/main.py -> /home/user1/turtlebot3_ws/build/turtlebot3_example/build/lib/turtlebot3_example/turtlebot3_obstacle_detection
[1.592s] copying turtlebot3_example/turtlebot3_obstacle_detection/__init__.py -> /home/user1/turtlebot3_ws/build/turtlebot3_example/build/lib/turtlebot3_example/turtlebot3_obstacle_detection
[1.592s] copying turtlebot3_example/turtlebot3_obstacle_detection/turtlebot3_obstacle_detection.py -> /home/user1/turtlebot3_ws/build/turtlebot3_example/build/lib/turtlebot3_example/turtlebot3_obstacle_detection
[1.592s] creating /home/user1/turtlebot3_ws/build/turtlebot3_example/build/lib/turtlebot3_example/turtlebot3_patrol_server
[1.592s] copying turtlebot3_example/turtlebot3_patrol_server/main.py -> /home/user1/turtlebot3_ws/build/turtlebot3_example/build/lib/turtlebot3_example/turtlebot3_patrol_server
[1.592s] copying turtlebot3_example/turtlebot3_patrol_server/turtlebot3_path.py -> /home/user1/turtlebot3_ws/build/turtlebot3_example/build/lib/turtlebot3_example/turtlebot3_patrol_server
[1.592s] copying turtlebot3_example/turtlebot3_patrol_server/__init__.py -> /home/user1/turtlebot3_ws/build/turtlebot3_example/build/lib/turtlebot3_example/turtlebot3_patrol_server
[1.592s] copying turtlebot3_example/turtlebot3_patrol_server/turtlebot3_patrol_server.py -> /home/user1/turtlebot3_ws/build/turtlebot3_example/build/lib/turtlebot3_example/turtlebot3_patrol_server
[1.592s] creating /home/user1/turtlebot3_ws/build/turtlebot3_example/build/lib/turtlebot3_example/turtlebot3_patrol_client
[1.593s] copying turtlebot3_example/turtlebot3_patrol_client/main.py -> /home/user1/turtlebot3_ws/build/turtlebot3_example/build/lib/turtlebot3_example/turtlebot3_patrol_client
[1.593s] copying turtlebot3_example/turtlebot3_patrol_client/turtlebot3_patrol_client.py -> /home/user1/turtlebot3_ws/build/turtlebot3_example/build/lib/turtlebot3_example/turtlebot3_patrol_client
[1.593s] copying turtlebot3_example/turtlebot3_patrol_client/__init__.py -> /home/user1/turtlebot3_ws/build/turtlebot3_example/build/lib/turtlebot3_example/turtlebot3_patrol_client
[1.593s] running install
[1.593s] running install_lib
[1.593s] creating /home/user1/turtlebot3_ws/install/turtlebot3_example/lib/python3.8/site-packages/turtlebot3_example
[1.593s] creating /home/user1/turtlebot3_ws/install/turtlebot3_example/lib/python3.8/site-packages/turtlebot3_example/turtlebot3_position_control
[1.596s] copying /home/user1/turtlebot3_ws/build/turtlebot3_example/build/lib/turtlebot3_example/turtlebot3_position_control/main.py -> /home/user1/turtlebot3_ws/install/turtlebot3_example/lib/python3.8/site-packages/turtlebot3_example/turtlebot3_position_control
[1.596s] copying /home/user1/turtlebot3_ws/build/turtlebot3_example/build/lib/turtlebot3_example/turtlebot3_position_control/turtlebot3_path.py -> /home/user1/turtlebot3_ws/install/turtlebot3_example/lib/python3.8/site-packages/turtlebot3_example/turtlebot3_position_control
[1.596s] copying /home/user1/turtlebot3_ws/build/turtlebot3_example/build/lib/turtlebot3_example/turtlebot3_position_control/__init__.py -> /home/user1/turtlebot3_ws/install/turtlebot3_example/lib/python3.8/site-packages/turtlebot3_example/turtlebot3_position_control
[1.597s] copying /home/user1/turtlebot3_ws/build/turtlebot3_example/build/lib/turtlebot3_example/turtlebot3_position_control/turtlebot3_position_control.py -> /home/user1/turtlebot3_ws/install/turtlebot3_example/lib/python3.8/site-packages/turtlebot3_example/turtlebot3_position_control
[1.597s] copying /home/user1/turtlebot3_ws/build/turtlebot3_example/build/lib/turtlebot3_example/__init__.py -> /home/user1/turtlebot3_ws/install/turtlebot3_example/lib/python3.8/site-packages/turtlebot3_example
[1.597s] creating /home/user1/turtlebot3_ws/install/turtlebot3_example/lib/python3.8/site-packages/turtlebot3_example/turtlebot3_obstacle_detection
[1.597s] copying /home/user1/turtlebot3_ws/build/turtlebot3_example/build/lib/turtlebot3_example/turtlebot3_obstacle_detection/main.py -> /home/user1/turtlebot3_ws/install/turtlebot3_example/lib/python3.8/site-packages/turtlebot3_example/turtlebot3_obstacle_detection
[1.597s] copying /home/user1/turtlebot3_ws/build/turtlebot3_example/build/lib/turtlebot3_example/turtlebot3_obstacle_detection/__init__.py -> /home/user1/turtlebot3_ws/install/turtlebot3_example/lib/python3.8/site-packages/turtlebot3_example/turtlebot3_obstacle_detection
[1.597s] copying /home/user1/turtlebot3_ws/build/turtlebot3_example/build/lib/turtlebot3_example/turtlebot3_obstacle_detection/turtlebot3_obstacle_detection.py -> /home/user1/turtlebot3_ws/install/turtlebot3_example/lib/python3.8/site-packages/turtlebot3_example/turtlebot3_obstacle_detection
[1.597s] creating /home/user1/turtlebot3_ws/install/turtlebot3_example/lib/python3.8/site-packages/turtlebot3_example/turtlebot3_patrol_server
[1.598s] copying /home/user1/turtlebot3_ws/build/turtlebot3_example/build/lib/turtlebot3_example/turtlebot3_patrol_server/main.py -> /home/user1/turtlebot3_ws/install/turtlebot3_example/lib/python3.8/site-packages/turtlebot3_example/turtlebot3_patrol_server
[1.598s] copying /home/user1/turtlebot3_ws/build/turtlebot3_example/build/lib/turtlebot3_example/turtlebot3_patrol_server/turtlebot3_path.py -> /home/user1/turtlebot3_ws/install/turtlebot3_example/lib/python3.8/site-packages/turtlebot3_example/turtlebot3_patrol_server
[1.598s] copying /home/user1/turtlebot3_ws/build/turtlebot3_example/build/lib/turtlebot3_example/turtlebot3_patrol_server/__init__.py -> /home/user1/turtlebot3_ws/install/turtlebot3_example/lib/python3.8/site-packages/turtlebot3_example/turtlebot3_patrol_server
[1.598s] copying /home/user1/turtlebot3_ws/build/turtlebot3_example/build/lib/turtlebot3_example/turtlebot3_patrol_server/turtlebot3_patrol_server.py -> /home/user1/turtlebot3_ws/install/turtlebot3_example/lib/python3.8/site-packages/turtlebot3_example/turtlebot3_patrol_server
[1.598s] creating /home/user1/turtlebot3_ws/install/turtlebot3_example/lib/python3.8/site-packages/turtlebot3_example/turtlebot3_patrol_client
[1.599s] copying /home/user1/turtlebot3_ws/build/turtlebot3_example/build/lib/turtlebot3_example/turtlebot3_patrol_client/main.py -> /home/user1/turtlebot3_ws/install/turtlebot3_example/lib/python3.8/site-packages/turtlebot3_example/turtlebot3_patrol_client
[1.599s] copying /home/user1/turtlebot3_ws/build/turtlebot3_example/build/lib/turtlebot3_example/turtlebot3_patrol_client/turtlebot3_patrol_client.py -> /home/user1/turtlebot3_ws/install/turtlebot3_example/lib/python3.8/site-packages/turtlebot3_example/turtlebot3_patrol_client
[1.599s] copying /home/user1/turtlebot3_ws/build/turtlebot3_example/build/lib/turtlebot3_example/turtlebot3_patrol_client/__init__.py -> /home/user1/turtlebot3_ws/install/turtlebot3_example/lib/python3.8/site-packages/turtlebot3_example/turtlebot3_patrol_client
[1.599s] byte-compiling /home/user1/turtlebot3_ws/install/turtlebot3_example/lib/python3.8/site-packages/turtlebot3_example/turtlebot3_position_control/main.py to main.cpython-38.pyc
[1.600s] byte-compiling /home/user1/turtlebot3_ws/install/turtlebot3_example/lib/python3.8/site-packages/turtlebot3_example/turtlebot3_position_control/turtlebot3_path.py to turtlebot3_path.cpython-38.pyc
[1.600s] byte-compiling /home/user1/turtlebot3_ws/install/turtlebot3_example/lib/python3.8/site-packages/turtlebot3_example/turtlebot3_position_control/__init__.py to __init__.cpython-38.pyc
[1.602s] byte-compiling /home/user1/turtlebot3_ws/install/turtlebot3_example/lib/python3.8/site-packages/turtlebot3_example/turtlebot3_position_control/turtlebot3_position_control.py to turtlebot3_position_control.cpython-38.pyc
[1.603s] byte-compiling /home/user1/turtlebot3_ws/install/turtlebot3_example/lib/python3.8/site-packages/turtlebot3_example/__init__.py to __init__.cpython-38.pyc
[1.603s] byte-compiling /home/user1/turtlebot3_ws/install/turtlebot3_example/lib/python3.8/site-packages/turtlebot3_example/turtlebot3_obstacle_detection/main.py to main.cpython-38.pyc
[1.603s] byte-compiling /home/user1/turtlebot3_ws/install/turtlebot3_example/lib/python3.8/site-packages/turtlebot3_example/turtlebot3_obstacle_detection/__init__.py to __init__.cpython-38.pyc
[1.603s] byte-compiling /home/user1/turtlebot3_ws/install/turtlebot3_example/lib/python3.8/site-packages/turtlebot3_example/turtlebot3_obstacle_detection/turtlebot3_obstacle_detection.py to turtlebot3_obstacle_detection.cpython-38.pyc
[1.603s] byte-compiling /home/user1/turtlebot3_ws/install/turtlebot3_example/lib/python3.8/site-packages/turtlebot3_example/turtlebot3_patrol_server/main.py to main.cpython-38.pyc
[1.603s] byte-compiling /home/user1/turtlebot3_ws/install/turtlebot3_example/lib/python3.8/site-packages/turtlebot3_example/turtlebot3_patrol_server/turtlebot3_path.py to turtlebot3_path.cpython-38.pyc
[1.604s] byte-compiling /home/user1/turtlebot3_ws/install/turtlebot3_example/lib/python3.8/site-packages/turtlebot3_example/turtlebot3_patrol_server/__init__.py to __init__.cpython-38.pyc
[1.604s] byte-compiling /home/user1/turtlebot3_ws/install/turtlebot3_example/lib/python3.8/site-packages/turtlebot3_example/turtlebot3_patrol_server/turtlebot3_patrol_server.py to turtlebot3_patrol_server.cpython-38.pyc
[1.604s] byte-compiling /home/user1/turtlebot3_ws/install/turtlebot3_example/lib/python3.8/site-packages/turtlebot3_example/turtlebot3_patrol_client/main.py to main.cpython-38.pyc
[1.604s] byte-compiling /home/user1/turtlebot3_ws/install/turtlebot3_example/lib/python3.8/site-packages/turtlebot3_example/turtlebot3_patrol_client/turtlebot3_patrol_client.py to turtlebot3_patrol_client.cpython-38.pyc
[1.604s] byte-compiling /home/user1/turtlebot3_ws/install/turtlebot3_example/lib/python3.8/site-packages/turtlebot3_example/turtlebot3_patrol_client/__init__.py to __init__.cpython-38.pyc
[1.604s] running install_data
[1.605s] running install_egg_info
[1.605s] Copying ../../../build/turtlebot3_example/turtlebot3_example.egg-info to /home/user1/turtlebot3_ws/install/turtlebot3_example/lib/python3.8/site-packages/turtlebot3_example-2.1.4-py3.8.egg-info
[1.605s] running install_scripts
[1.614s] Installing turtlebot3_obstacle_detection script to /home/user1/turtlebot3_ws/install/turtlebot3_example/lib/turtlebot3_example
[1.614s] Installing turtlebot3_patrol_client script to /home/user1/turtlebot3_ws/install/turtlebot3_example/lib/turtlebot3_example
[1.614s] Installing turtlebot3_patrol_server script to /home/user1/turtlebot3_ws/install/turtlebot3_example/lib/turtlebot3_example
[1.615s] Installing turtlebot3_position_control script to /home/user1/turtlebot3_ws/install/turtlebot3_example/lib/turtlebot3_example
[1.616s] writing list of installed files to '/home/user1/turtlebot3_ws/build/turtlebot3_example/install.log'
[1.636s] Invoked command in '/home/user1/turtlebot3_ws/src/turtlebot3/turtlebot3_example' returned '0': PYTHONPATH=/home/user1/turtlebot3_ws/install/turtlebot3_example/lib/python3.8/site-packages:${PYTHONPATH} /usr/bin/python3 setup.py egg_info --egg-base ../../../build/turtlebot3_example build --build-base /home/user1/turtlebot3_ws/build/turtlebot3_example/build install --prefix /home/user1/turtlebot3_ws/install/turtlebot3_example --record /home/user1/turtlebot3_ws/build/turtlebot3_example/install.log --single-version-externally-managed
