[0.820s] Invoking command in '/home/user1/turtlebot3_ws/build/turtlebot3_teleop': PYTHONPATH=/home/user1/turtlebot3_ws/install/turtlebot3_teleop/lib/python3.8/site-packages:${PYTHONPATH} /usr/bin/python3 setup.py develop --prefix /home/user1/turtlebot3_ws/install/turtlebot3_teleop --uninstall --editable --build-directory /home/user1/turtlebot3_ws/build/turtlebot3_teleop/build
[1.069s] running develop
[1.221s] Invoked command in '/home/user1/turtlebot3_ws/build/turtlebot3_teleop' returned '0': PYTHONPATH=/home/user1/turtlebot3_ws/install/turtlebot3_teleop/lib/python3.8/site-packages:${PYTHONPATH} /usr/bin/python3 setup.py develop --prefix /home/user1/turtlebot3_ws/install/turtlebot3_teleop --uninstall --editable --build-directory /home/user1/turtlebot3_ws/build/turtlebot3_teleop/build
[1.222s] Invoking command in '/home/user1/turtlebot3_ws/src/turtlebot3/turtlebot3_teleop': PYTHONPATH=/home/user1/turtlebot3_ws/install/turtlebot3_teleop/lib/python3.8/site-packages:${PYTHONPATH} /usr/bin/python3 setup.py egg_info --egg-base ../../../build/turtlebot3_teleop build --build-base /home/user1/turtlebot3_ws/build/turtlebot3_teleop/build install --prefix /home/user1/turtlebot3_ws/install/turtlebot3_teleop --record /home/user1/turtlebot3_ws/build/turtlebot3_teleop/install.log --single-version-externally-managed
[1.422s] running egg_info
[1.423s] writing ../../../build/turtlebot3_teleop/turtlebot3_teleop.egg-info/PKG-INFO
[1.423s] writing dependency_links to ../../../build/turtlebot3_teleop/turtlebot3_teleop.egg-info/dependency_links.txt
[1.423s] writing entry points to ../../../build/turtlebot3_teleop/turtlebot3_teleop.egg-info/entry_points.txt
[1.423s] writing requirements to ../../../build/turtlebot3_teleop/turtlebot3_teleop.egg-info/requires.txt
[1.423s] writing top-level names to ../../../build/turtlebot3_teleop/turtlebot3_teleop.egg-info/top_level.txt
[1.452s] reading manifest file '../../../build/turtlebot3_teleop/turtlebot3_teleop.egg-info/SOURCES.txt'
[1.453s] writing manifest file '../../../build/turtlebot3_teleop/turtlebot3_teleop.egg-info/SOURCES.txt'
[1.453s] running build
[1.453s] running build_py
[1.453s] running install
[1.454s] running install_lib
[1.455s] running install_data
[1.456s] running install_egg_info
[1.457s] removing '/home/user1/turtlebot3_ws/install/turtlebot3_teleop/lib/python3.8/site-packages/turtlebot3_teleop-2.1.4-py3.8.egg-info' (and everything under it)
[1.457s] Copying ../../../build/turtlebot3_teleop/turtlebot3_teleop.egg-info to /home/user1/turtlebot3_ws/install/turtlebot3_teleop/lib/python3.8/site-packages/turtlebot3_teleop-2.1.4-py3.8.egg-info
[1.458s] running install_scripts
[1.472s] Installing teleop_keyboard script to /home/user1/turtlebot3_ws/install/turtlebot3_teleop/lib/turtlebot3_teleop
[1.472s] writing list of installed files to '/home/user1/turtlebot3_ws/build/turtlebot3_teleop/install.log'
[1.490s] Invoked command in '/home/user1/turtlebot3_ws/src/turtlebot3/turtlebot3_teleop' returned '0': PYTHONPATH=/home/user1/turtlebot3_ws/install/turtlebot3_teleop/lib/python3.8/site-packages:${PYTHONPATH} /usr/bin/python3 setup.py egg_info --egg-base ../../../build/turtlebot3_teleop build --build-base /home/user1/turtlebot3_ws/build/turtlebot3_teleop/build install --prefix /home/user1/turtlebot3_ws/install/turtlebot3_teleop --record /home/user1/turtlebot3_ws/build/turtlebot3_teleop/install.log --single-version-externally-managed
