[0.011s] Invoking command in '/home/user1/turtlebot3_ws/src/turtlebot3_simulations/build/turtlebot3_gazebo': CMAKE_PREFIX_PATH=/opt/ros/foxy /usr/bin/cmake /home/user1/turtlebot3_ws/src/turtlebot3_simulations/turtlebot3_gazebo -DCMAKE_INSTALL_PREFIX=/home/user1/turtlebot3_ws/src/turtlebot3_simulations/install/turtlebot3_gazebo
[0.090s] -- The C compiler identification is GNU 9.4.0
[0.165s] -- The CXX compiler identification is GNU 9.4.0
[0.169s] -- Check for working C compiler: /usr/bin/cc
[0.221s] -- Check for working C compiler: /usr/bin/cc -- works
[0.221s] -- Detecting C compiler ABI info
[0.273s] -- Detecting C compiler ABI info - done
[0.283s] -- Detecting C compile features
[0.283s] -- Detecting C compile features - done
[0.285s] -- Check for working CXX compiler: /usr/bin/c++
[0.347s] -- Check for working CXX compiler: /usr/bin/c++ -- works
[0.348s] -- Detecting CXX compiler ABI info
[0.409s] -- Detecting CXX compiler ABI info - done
[0.419s] -- Detecting CXX compile features
[0.420s] -- Detecting CXX compile features - done
[0.421s] -- Found ament_cmake: 0.9.11 (/opt/ros/foxy/share/ament_cmake/cmake)
[0.442s] -- Found PythonInterp: /usr/bin/python3 (found suitable version "3.8.10", minimum required is "3") 
[0.442s] -- Using PYTHON_EXECUTABLE: /usr/bin/python3
[0.629s] -- Found PkgConfig: /usr/bin/pkg-config (found version "0.29.1") 
[0.633s] -- Checking for module 'bullet>=2.82'
[0.643s] --   Found bullet, version 2.88
[0.725s] -- Found ccd: /usr/include (found suitable version "2.0", minimum required is "2.0") 
[0.764s] -- Found fcl: /usr/include (found suitable version "0.5.0", minimum required is "0.3.2") 
[0.803s] -- Found assimp: /usr/include (found version "5.0.0") 
[0.822s] -- Found DART: /usr/include (Required is at least version "6.6") found components: dart 
[1.053s] -- Found Boost: /usr/lib/x86_64-linux-gnu/cmake/Boost-1.71.0/BoostConfig.cmake (found suitable version "1.71.0", minimum required is "1.40.0") found components: thread system filesystem program_options regex iostreams date_time 
[1.069s] -- Found Protobuf: /usr/lib/x86_64-linux-gnu/libprotobuf.so;-lpthread (found version "3.6.1") 
[1.072s] -- Looking for ignition-math6 -- found version 6.13.0
[1.077s] -- Searching for dependencies of ignition-math6
[1.079s] -- Looking for OGRE...
[1.079s] -- OGRE_PREFIX_WATCH changed.
[1.083s] -- Checking for module 'OGRE'
[1.094s] --   Found OGRE, version 1.9.0
[1.121s] -- Found Ogre Ghadamon (1.9.0)
[1.125s] -- Found OGRE: optimized;/usr/lib/x86_64-linux-gnu/libOgreMain.so;debug;/usr/lib/x86_64-linux-gnu/libOgreMain.so
[1.135s] -- Looking for OGRE_Paging...
[1.138s] -- Found OGRE_Paging: optimized;/usr/lib/x86_64-linux-gnu/libOgrePaging.so;debug;/usr/lib/x86_64-linux-gnu/libOgrePaging.so
[1.138s] -- Looking for OGRE_Terrain...
[1.142s] -- Found OGRE_Terrain: optimized;/usr/lib/x86_64-linux-gnu/libOgreTerrain.so;debug;/usr/lib/x86_64-linux-gnu/libOgreTerrain.so
[1.142s] -- Looking for OGRE_Property...
[1.145s] -- Found OGRE_Property: optimized;/usr/lib/x86_64-linux-gnu/libOgreProperty.so;debug;/usr/lib/x86_64-linux-gnu/libOgreProperty.so
[1.145s] -- Looking for OGRE_RTShaderSystem...
[1.149s] -- Found OGRE_RTShaderSystem: optimized;/usr/lib/x86_64-linux-gnu/libOgreRTShaderSystem.so;debug;/usr/lib/x86_64-linux-gnu/libOgreRTShaderSystem.so
[1.149s] -- Looking for OGRE_Volume...
[1.152s] -- Found OGRE_Volume: optimized;/usr/lib/x86_64-linux-gnu/libOgreVolume.so;debug;/usr/lib/x86_64-linux-gnu/libOgreVolume.so
[1.152s] -- Looking for OGRE_Overlay...
[1.156s] -- Found OGRE_Overlay: optimized;/usr/lib/x86_64-linux-gnu/libOgreOverlay.so;debug;/usr/lib/x86_64-linux-gnu/libOgreOverlay.so
[1.222s] -- Looking for ignition-math6 -- found version 6.13.0
[1.223s] -- Looking for ignition-transport8 -- found version 8.3.0
[1.223s] -- Searching for dependencies of ignition-transport8
[1.235s] -- Found Protobuf: /usr/lib/x86_64-linux-gnu/libprotobuf.so;-lpthread (found suitable version "3.6.1", minimum required is "3") 
[1.241s] -- Config-file not installed for ZeroMQ -- checking for pkg-config
[1.244s] -- Checking for module 'libzmq >= 4'
[1.255s] --   Found libzmq , version 4.3.2
[1.283s] -- Found ZeroMQ: TRUE (Required is at least version "4") 
[1.287s] -- Checking for module 'uuid'
[1.297s] --   Found uuid, version 2.34.0
[1.324s] -- Found UUID: TRUE  
[1.326s] -- Looking for ignition-msgs5 -- found version 5.10.0
[1.326s] -- Searching for dependencies of ignition-msgs5
[1.338s] -- Looking for ignition-math6 -- found version 6.13.0
[1.342s] -- Checking for module 'tinyxml2'
[1.353s] --   Found tinyxml2, version 6.2.0
[1.381s] -- Looking for ignition-msgs5 -- found version 5.10.0
[1.382s] -- Looking for ignition-common3 -- found version 3.14.2
[1.382s] -- Searching for dependencies of ignition-common3
[1.383s] -- Looking for dlfcn.h - found
[1.383s] -- Looking for libdl - found
[1.384s] -- Found DL: TRUE  
[1.390s] -- Searching for <ignition-common3> component [graphics]
[1.392s] -- Looking for ignition-common3-graphics -- found version 3.14.2
[1.392s] -- Searching for dependencies of ignition-common3-graphics
[1.392s] -- Looking for ignition-math6 -- found version 6.13.0
[1.394s] -- Looking for ignition-fuel_tools4 -- found version 4.6.0
[1.395s] -- Searching for dependencies of ignition-fuel_tools4
[1.445s] -- Found CURL: /usr/lib/x86_64-linux-gnu/libcurl.so (found version "7.68.0")  
[1.451s] -- Checking for module 'jsoncpp'
[1.462s] --   Found jsoncpp, version 1.7.4
[1.488s] -- Found JSONCPP: TRUE  
[1.493s] -- Checking for module 'libzip'
[1.503s] --   Found libzip, version 1.5.1
[1.529s] -- Found ZIP: TRUE  
[1.530s] -- Looking for ignition-common3 -- found version 3.14.2
[1.530s] -- Looking for ignition-math6 -- found version 6.13.0
[1.530s] -- Looking for ignition-msgs5 -- found version 5.10.0
[1.532s] -- Found gazebo_ros_pkgs: 3.5.3 (/opt/ros/foxy/share/gazebo_ros_pkgs/cmake)
[1.534s] -- Found geometry_msgs: 2.0.5 (/opt/ros/foxy/share/geometry_msgs/cmake)
[1.554s] -- Using all available rosidl_typesupport_c: rosidl_typesupport_fastrtps_c;rosidl_typesupport_introspection_c
[1.559s] -- Found rosidl_adapter: 1.3.0 (/opt/ros/foxy/share/rosidl_adapter/cmake)
[1.614s] -- Found OpenSSL: /usr/lib/x86_64-linux-gnu/libcrypto.so (found version "1.1.1f")  
[1.632s] -- Found FastRTPS: /opt/ros/foxy/include  
[1.693s] -- Using all available rosidl_typesupport_cpp: rosidl_typesupport_fastrtps_cpp;rosidl_typesupport_introspection_cpp
[1.773s] -- Found nav_msgs: 2.0.5 (/opt/ros/foxy/share/nav_msgs/cmake)
[1.841s] -- Found rclcpp: 2.4.2 (/opt/ros/foxy/share/rclcpp/cmake)
[1.880s] -- Found rmw_implementation_cmake: 1.0.3 (/opt/ros/foxy/share/rmw_implementation_cmake/cmake)
[1.881s] -- Using RMW implementation 'rmw_fastrtps_cpp' as default
[1.883s] -- Found Threads: TRUE  
[2.012s] -- Found sensor_msgs: 2.0.5 (/opt/ros/foxy/share/sensor_msgs/cmake)
[2.080s] -- Found tf2: 0.13.13 (/opt/ros/foxy/share/tf2/cmake)
[2.150s] -- Configuring done
[2.176s] -- Generating done
[2.178s] -- Build files have been written to: /home/user1/turtlebot3_ws/src/turtlebot3_simulations/build/turtlebot3_gazebo
[2.186s] Invoked command in '/home/user1/turtlebot3_ws/src/turtlebot3_simulations/build/turtlebot3_gazebo' returned '0': CMAKE_PREFIX_PATH=/opt/ros/foxy /usr/bin/cmake /home/user1/turtlebot3_ws/src/turtlebot3_simulations/turtlebot3_gazebo -DCMAKE_INSTALL_PREFIX=/home/user1/turtlebot3_ws/src/turtlebot3_simulations/install/turtlebot3_gazebo
[2.189s] Invoking command in '/home/user1/turtlebot3_ws/src/turtlebot3_simulations/build/turtlebot3_gazebo': CMAKE_PREFIX_PATH=/opt/ros/foxy /usr/bin/cmake --build /home/user1/turtlebot3_ws/src/turtlebot3_simulations/build/turtlebot3_gazebo -- -j12 -l12
[2.223s] [35m[1mScanning dependencies of target turtlebot3_drive[0m
[2.223s] [35m[1mScanning dependencies of target obstacle1[0m
[2.223s] [35m[1mScanning dependencies of target obstacles[0m
[2.223s] [35m[1mScanning dependencies of target obstacle2[0m
[2.260s] [ 12%] [32mBuilding CXX object CMakeFiles/turtlebot3_drive.dir/src/turtlebot3_drive.cpp.o[0m
[2.299s] [ 25%] [32mBuilding CXX object CMakeFiles/obstacle1.dir/models/turtlebot3_dqn_world/obstacle_plugin/obstacle1.cc.o[0m
[2.304s] [ 37%] [32mBuilding CXX object CMakeFiles/obstacle2.dir/models/turtlebot3_dqn_world/obstacle_plugin/obstacle2.cc.o[0m
[2.309s] [ 50%] [32mBuilding CXX object CMakeFiles/obstacles.dir/models/turtlebot3_dqn_world/obstacle_plugin/obstacles.cc.o[0m
[8.717s] [ 62%] [32m[1mLinking CXX executable turtlebot3_drive[0m
[8.987s] [ 62%] Built target turtlebot3_drive
[11.030s] [ 75%] [32m[1mLinking CXX shared library libobstacles.so[0m
[11.055s] [ 87%] [32m[1mLinking CXX shared library libobstacle2.so[0m
[11.141s] [100%] [32m[1mLinking CXX shared library libobstacle1.so[0m
[11.282s] [100%] Built target obstacles
[11.306s] [100%] Built target obstacle2
[11.385s] [100%] Built target obstacle1
[11.393s] Invoked command in '/home/user1/turtlebot3_ws/src/turtlebot3_simulations/build/turtlebot3_gazebo' returned '0': CMAKE_PREFIX_PATH=/opt/ros/foxy /usr/bin/cmake --build /home/user1/turtlebot3_ws/src/turtlebot3_simulations/build/turtlebot3_gazebo -- -j12 -l12
[11.416s] Invoking command in '/home/user1/turtlebot3_ws/src/turtlebot3_simulations/build/turtlebot3_gazebo': CMAKE_PREFIX_PATH=/opt/ros/foxy /usr/bin/cmake --install /home/user1/turtlebot3_ws/src/turtlebot3_simulations/build/turtlebot3_gazebo
[11.424s] -- Install configuration: ""
[11.424s] -- Installing: /home/user1/turtlebot3_ws/src/turtlebot3_simulations/install/turtlebot3_gazebo/lib/turtlebot3_gazebo/turtlebot3_drive
[11.426s] -- Set runtime path of "/home/user1/turtlebot3_ws/src/turtlebot3_simulations/install/turtlebot3_gazebo/lib/turtlebot3_gazebo/turtlebot3_drive" to ""
[11.426s] -- Installing: /home/user1/turtlebot3_ws/src/turtlebot3_simulations/install/turtlebot3_gazebo/share/turtlebot3_gazebo//launch
[11.426s] -- Installing: /home/user1/turtlebot3_ws/src/turtlebot3_simulations/install/turtlebot3_gazebo/share/turtlebot3_gazebo//launch/turtlebot3_autorace.launch.py
[11.426s] -- Installing: /home/user1/turtlebot3_ws/src/turtlebot3_simulations/install/turtlebot3_gazebo/share/turtlebot3_gazebo//launch/turtlebot3_dqn_stage3.launch.py
[11.426s] -- Installing: /home/user1/turtlebot3_ws/src/turtlebot3_simulations/install/turtlebot3_gazebo/share/turtlebot3_gazebo//launch/turtlebot3_world.launch.py
[11.426s] -- Installing: /home/user1/turtlebot3_ws/src/turtlebot3_simulations/install/turtlebot3_gazebo/share/turtlebot3_gazebo//launch/empty_world.launch.py
[11.426s] -- Installing: /home/user1/turtlebot3_ws/src/turtlebot3_simulations/install/turtlebot3_gazebo/share/turtlebot3_gazebo//launch/turtlebot3_dqn_stage4.launch.py
[11.426s] -- Installing: /home/user1/turtlebot3_ws/src/turtlebot3_simulations/install/turtlebot3_gazebo/share/turtlebot3_gazebo//launch/turtlebot3_dqn_stage1.launch.py
[11.427s] -- Installing: /home/user1/turtlebot3_ws/src/turtlebot3_simulations/install/turtlebot3_gazebo/share/turtlebot3_gazebo//launch/robot_state_publisher.launch.py
[11.427s] -- Installing: /home/user1/turtlebot3_ws/src/turtlebot3_simulations/install/turtlebot3_gazebo/share/turtlebot3_gazebo//launch/turtlebot3_house.launch.py
[11.427s] -- Installing: /home/user1/turtlebot3_ws/src/turtlebot3_simulations/install/turtlebot3_gazebo/share/turtlebot3_gazebo//launch/turtlebot3_dqn_stage2.launch.py
[11.427s] -- Installing: /home/user1/turtlebot3_ws/src/turtlebot3_simulations/install/turtlebot3_gazebo/share/turtlebot3_gazebo//models
[11.427s] -- Installing: /home/user1/turtlebot3_ws/src/turtlebot3_simulations/install/turtlebot3_gazebo/share/turtlebot3_gazebo//models/turtlebot3_dqn_world
[11.427s] -- Installing: /home/user1/turtlebot3_ws/src/turtlebot3_simulations/install/turtlebot3_gazebo/share/turtlebot3_gazebo//models/turtlebot3_dqn_world/obstacles
[11.427s] -- Installing: /home/user1/turtlebot3_ws/src/turtlebot3_simulations/install/turtlebot3_gazebo/share/turtlebot3_gazebo//models/turtlebot3_dqn_world/obstacles/model.sdf
[11.427s] -- Installing: /home/user1/turtlebot3_ws/src/turtlebot3_simulations/install/turtlebot3_gazebo/share/turtlebot3_gazebo//models/turtlebot3_dqn_world/obstacles/model.config
[11.427s] -- Installing: /home/user1/turtlebot3_ws/src/turtlebot3_simulations/install/turtlebot3_gazebo/share/turtlebot3_gazebo//models/turtlebot3_dqn_world/model.sdf
[11.428s] -- Installing: /home/user1/turtlebot3_ws/src/turtlebot3_simulations/install/turtlebot3_gazebo/share/turtlebot3_gazebo//models/turtlebot3_dqn_world/obstacle1
[11.428s] -- Installing: /home/user1/turtlebot3_ws/src/turtlebot3_simulations/install/turtlebot3_gazebo/share/turtlebot3_gazebo//models/turtlebot3_dqn_world/obstacle1/model.sdf
[11.428s] -- Installing: /home/user1/turtlebot3_ws/src/turtlebot3_simulations/install/turtlebot3_gazebo/share/turtlebot3_gazebo//models/turtlebot3_dqn_world/obstacle1/model.config
[11.428s] -- Installing: /home/user1/turtlebot3_ws/src/turtlebot3_simulations/install/turtlebot3_gazebo/share/turtlebot3_gazebo//models/turtlebot3_dqn_world/model.config
[11.428s] -- Installing: /home/user1/turtlebot3_ws/src/turtlebot3_simulations/install/turtlebot3_gazebo/share/turtlebot3_gazebo//models/turtlebot3_dqn_world/goal_box
[11.428s] -- Installing: /home/user1/turtlebot3_ws/src/turtlebot3_simulations/install/turtlebot3_gazebo/share/turtlebot3_gazebo//models/turtlebot3_dqn_world/goal_box/model.sdf
[11.428s] -- Installing: /home/user1/turtlebot3_ws/src/turtlebot3_simulations/install/turtlebot3_gazebo/share/turtlebot3_gazebo//models/turtlebot3_dqn_world/goal_box/model.config
[11.428s] -- Installing: /home/user1/turtlebot3_ws/src/turtlebot3_simulations/install/turtlebot3_gazebo/share/turtlebot3_gazebo//models/turtlebot3_dqn_world/inner_walls
[11.428s] -- Installing: /home/user1/turtlebot3_ws/src/turtlebot3_simulations/install/turtlebot3_gazebo/share/turtlebot3_gazebo//models/turtlebot3_dqn_world/inner_walls/model.sdf
[11.428s] -- Installing: /home/user1/turtlebot3_ws/src/turtlebot3_simulations/install/turtlebot3_gazebo/share/turtlebot3_gazebo//models/turtlebot3_dqn_world/inner_walls/model.config
[11.428s] -- Installing: /home/user1/turtlebot3_ws/src/turtlebot3_simulations/install/turtlebot3_gazebo/share/turtlebot3_gazebo//models/turtlebot3_dqn_world/obstacle2
[11.428s] -- Installing: /home/user1/turtlebot3_ws/src/turtlebot3_simulations/install/turtlebot3_gazebo/share/turtlebot3_gazebo//models/turtlebot3_dqn_world/obstacle2/model.sdf
[11.429s] -- Installing: /home/user1/turtlebot3_ws/src/turtlebot3_simulations/install/turtlebot3_gazebo/share/turtlebot3_gazebo//models/turtlebot3_dqn_world/obstacle2/model.config
[11.429s] -- Installing: /home/user1/turtlebot3_ws/src/turtlebot3_simulations/install/turtlebot3_gazebo/share/turtlebot3_gazebo//models/turtlebot3_dqn_world/obstacle_plugin
[11.429s] -- Installing: /home/user1/turtlebot3_ws/src/turtlebot3_simulations/install/turtlebot3_gazebo/share/turtlebot3_gazebo//models/turtlebot3_dqn_world/obstacle_plugin/obstacle1.cc
[11.429s] -- Installing: /home/user1/turtlebot3_ws/src/turtlebot3_simulations/install/turtlebot3_gazebo/share/turtlebot3_gazebo//models/turtlebot3_dqn_world/obstacle_plugin/obstacles.cc
[11.429s] -- Installing: /home/user1/turtlebot3_ws/src/turtlebot3_simulations/install/turtlebot3_gazebo/share/turtlebot3_gazebo//models/turtlebot3_dqn_world/obstacle_plugin/CMakeLists.txt
[11.429s] -- Installing: /home/user1/turtlebot3_ws/src/turtlebot3_simulations/install/turtlebot3_gazebo/share/turtlebot3_gazebo//models/turtlebot3_dqn_world/obstacle_plugin/obstacle2.cc
[11.429s] -- Installing: /home/user1/turtlebot3_ws/src/turtlebot3_simulations/install/turtlebot3_gazebo/share/turtlebot3_gazebo//models/turtlebot3_waffle_pi
[11.429s] -- Installing: /home/user1/turtlebot3_ws/src/turtlebot3_simulations/install/turtlebot3_gazebo/share/turtlebot3_gazebo//models/turtlebot3_waffle_pi/meshes
[11.429s] -- Installing: /home/user1/turtlebot3_ws/src/turtlebot3_simulations/install/turtlebot3_gazebo/share/turtlebot3_gazebo//models/turtlebot3_waffle_pi/meshes/tire.dae
[11.430s] -- Installing: /home/user1/turtlebot3_ws/src/turtlebot3_simulations/install/turtlebot3_gazebo/share/turtlebot3_gazebo//models/turtlebot3_waffle_pi/meshes/lds.dae
[11.430s] -- Installing: /home/user1/turtlebot3_ws/src/turtlebot3_simulations/install/turtlebot3_gazebo/share/turtlebot3_gazebo//models/turtlebot3_waffle_pi/meshes/waffle_pi_base.dae
[11.430s] -- Installing: /home/user1/turtlebot3_ws/src/turtlebot3_simulations/install/turtlebot3_gazebo/share/turtlebot3_gazebo//models/turtlebot3_waffle_pi/model.sdf
[11.430s] -- Installing: /home/user1/turtlebot3_ws/src/turtlebot3_simulations/install/turtlebot3_gazebo/share/turtlebot3_gazebo//models/turtlebot3_waffle_pi/model.config
[11.430s] -- Installing: /home/user1/turtlebot3_ws/src/turtlebot3_simulations/install/turtlebot3_gazebo/share/turtlebot3_gazebo//models/turtlebot3_waffle_pi/model-1_4_.sdf
[11.430s] -- Installing: /home/user1/turtlebot3_ws/src/turtlebot3_simulations/install/turtlebot3_gazebo/share/turtlebot3_gazebo//models/turtlebot3_house
[11.430s] -- Installing: /home/user1/turtlebot3_ws/src/turtlebot3_simulations/install/turtlebot3_gazebo/share/turtlebot3_gazebo//models/turtlebot3_house/model.sdf
[11.430s] -- Installing: /home/user1/turtlebot3_ws/src/turtlebot3_simulations/install/turtlebot3_gazebo/share/turtlebot3_gazebo//models/turtlebot3_house/model.config
[11.430s] -- Installing: /home/user1/turtlebot3_ws/src/turtlebot3_simulations/install/turtlebot3_gazebo/share/turtlebot3_gazebo//models/turtlebot3_waffle
[11.431s] -- Installing: /home/user1/turtlebot3_ws/src/turtlebot3_simulations/install/turtlebot3_gazebo/share/turtlebot3_gazebo//models/turtlebot3_waffle/meshes
[11.431s] -- Installing: /home/user1/turtlebot3_ws/src/turtlebot3_simulations/install/turtlebot3_gazebo/share/turtlebot3_gazebo//models/turtlebot3_waffle/meshes/tire.dae
[11.431s] -- Installing: /home/user1/turtlebot3_ws/src/turtlebot3_simulations/install/turtlebot3_gazebo/share/turtlebot3_gazebo//models/turtlebot3_waffle/meshes/waffle_base.dae
[11.431s] -- Installing: /home/user1/turtlebot3_ws/src/turtlebot3_simulations/install/turtlebot3_gazebo/share/turtlebot3_gazebo//models/turtlebot3_waffle/meshes/lds.dae
[11.431s] -- Installing: /home/user1/turtlebot3_ws/src/turtlebot3_simulations/install/turtlebot3_gazebo/share/turtlebot3_gazebo//models/turtlebot3_waffle/meshes/r200.dae
[11.431s] -- Installing: /home/user1/turtlebot3_ws/src/turtlebot3_simulations/install/turtlebot3_gazebo/share/turtlebot3_gazebo//models/turtlebot3_waffle/model.sdf
[11.431s] -- Installing: /home/user1/turtlebot3_ws/src/turtlebot3_simulations/install/turtlebot3_gazebo/share/turtlebot3_gazebo//models/turtlebot3_waffle/model.config
[11.431s] -- Installing: /home/user1/turtlebot3_ws/src/turtlebot3_simulations/install/turtlebot3_gazebo/share/turtlebot3_gazebo//models/turtlebot3_waffle/model-1_4.sdf
[11.431s] -- Installing: /home/user1/turtlebot3_ws/src/turtlebot3_simulations/install/turtlebot3_gazebo/share/turtlebot3_gazebo//models/turtlebot3_burger
[11.431s] -- Installing: /home/user1/turtlebot3_ws/src/turtlebot3_simulations/install/turtlebot3_gazebo/share/turtlebot3_gazebo//models/turtlebot3_burger/meshes
[11.432s] -- Installing: /home/user1/turtlebot3_ws/src/turtlebot3_simulations/install/turtlebot3_gazebo/share/turtlebot3_gazebo//models/turtlebot3_burger/meshes/tire.dae
[11.432s] -- Installing: /home/user1/turtlebot3_ws/src/turtlebot3_simulations/install/turtlebot3_gazebo/share/turtlebot3_gazebo//models/turtlebot3_burger/meshes/lds.dae
[11.432s] -- Installing: /home/user1/turtlebot3_ws/src/turtlebot3_simulations/install/turtlebot3_gazebo/share/turtlebot3_gazebo//models/turtlebot3_burger/meshes/burger_base.dae
[11.432s] -- Installing: /home/user1/turtlebot3_ws/src/turtlebot3_simulations/install/turtlebot3_gazebo/share/turtlebot3_gazebo//models/turtlebot3_burger/model.sdf
[11.432s] -- Installing: /home/user1/turtlebot3_ws/src/turtlebot3_simulations/install/turtlebot3_gazebo/share/turtlebot3_gazebo//models/turtlebot3_burger/model.config
[11.432s] -- Installing: /home/user1/turtlebot3_ws/src/turtlebot3_simulations/install/turtlebot3_gazebo/share/turtlebot3_gazebo//models/turtlebot3_burger/model-1_4.sdf
[11.432s] -- Installing: /home/user1/turtlebot3_ws/src/turtlebot3_simulations/install/turtlebot3_gazebo/share/turtlebot3_gazebo//models/turtlebot3_autorace
[11.432s] -- Installing: /home/user1/turtlebot3_ws/src/turtlebot3_simulations/install/turtlebot3_gazebo/share/turtlebot3_gazebo//models/turtlebot3_autorace/lights
[11.432s] -- Installing: /home/user1/turtlebot3_ws/src/turtlebot3_simulations/install/turtlebot3_gazebo/share/turtlebot3_gazebo//models/turtlebot3_autorace/lights/model.sdf
[11.433s] -- Installing: /home/user1/turtlebot3_ws/src/turtlebot3_simulations/install/turtlebot3_gazebo/share/turtlebot3_gazebo//models/turtlebot3_autorace/lights/model.config
[11.433s] -- Installing: /home/user1/turtlebot3_ws/src/turtlebot3_simulations/install/turtlebot3_gazebo/share/turtlebot3_gazebo//models/turtlebot3_autorace/traffic_bar_down
[11.433s] -- Installing: /home/user1/turtlebot3_ws/src/turtlebot3_simulations/install/turtlebot3_gazebo/share/turtlebot3_gazebo//models/turtlebot3_autorace/traffic_bar_down/model.sdf
[11.433s] -- Installing: /home/user1/turtlebot3_ws/src/turtlebot3_simulations/install/turtlebot3_gazebo/share/turtlebot3_gazebo//models/turtlebot3_autorace/traffic_bar_down/materials
[11.433s] -- Installing: /home/user1/turtlebot3_ws/src/turtlebot3_simulations/install/turtlebot3_gazebo/share/turtlebot3_gazebo//models/turtlebot3_autorace/traffic_bar_down/materials/textures
[11.433s] -- Installing: /home/user1/turtlebot3_ws/src/turtlebot3_simulations/install/turtlebot3_gazebo/share/turtlebot3_gazebo//models/turtlebot3_autorace/traffic_bar_down/materials/textures/traffic_bar.png
[11.433s] -- Installing: /home/user1/turtlebot3_ws/src/turtlebot3_simulations/install/turtlebot3_gazebo/share/turtlebot3_gazebo//models/turtlebot3_autorace/traffic_bar_down/materials/scripts
[11.433s] -- Installing: /home/user1/turtlebot3_ws/src/turtlebot3_simulations/install/turtlebot3_gazebo/share/turtlebot3_gazebo//models/turtlebot3_autorace/traffic_bar_down/materials/scripts/traffic_bar.material
[11.433s] -- Installing: /home/user1/turtlebot3_ws/src/turtlebot3_simulations/install/turtlebot3_gazebo/share/turtlebot3_gazebo//models/turtlebot3_autorace/traffic_bar_down/model.config
[11.434s] -- Installing: /home/user1/turtlebot3_ws/src/turtlebot3_simulations/install/turtlebot3_gazebo/share/turtlebot3_gazebo//models/turtlebot3_autorace/tunnel_wall
[11.434s] -- Installing: /home/user1/turtlebot3_ws/src/turtlebot3_simulations/install/turtlebot3_gazebo/share/turtlebot3_gazebo//models/turtlebot3_autorace/tunnel_wall/model.sdf
[11.434s] -- Installing: /home/user1/turtlebot3_ws/src/turtlebot3_simulations/install/turtlebot3_gazebo/share/turtlebot3_gazebo//models/turtlebot3_autorace/tunnel_wall/model.config
[11.434s] -- Installing: /home/user1/turtlebot3_ws/src/turtlebot3_simulations/install/turtlebot3_gazebo/share/turtlebot3_gazebo//models/turtlebot3_autorace/traffic_parking
[11.434s] -- Installing: /home/user1/turtlebot3_ws/src/turtlebot3_simulations/install/turtlebot3_gazebo/share/turtlebot3_gazebo//models/turtlebot3_autorace/traffic_parking/model.sdf
[11.434s] -- Installing: /home/user1/turtlebot3_ws/src/turtlebot3_simulations/install/turtlebot3_gazebo/share/turtlebot3_gazebo//models/turtlebot3_autorace/traffic_parking/materials
[11.434s] -- Installing: /home/user1/turtlebot3_ws/src/turtlebot3_simulations/install/turtlebot3_gazebo/share/turtlebot3_gazebo//models/turtlebot3_autorace/traffic_parking/materials/textures
[11.434s] -- Installing: /home/user1/turtlebot3_ws/src/turtlebot3_simulations/install/turtlebot3_gazebo/share/turtlebot3_gazebo//models/turtlebot3_autorace/traffic_parking/materials/textures/traffic_parking.png
[11.434s] -- Installing: /home/user1/turtlebot3_ws/src/turtlebot3_simulations/install/turtlebot3_gazebo/share/turtlebot3_gazebo//models/turtlebot3_autorace/traffic_parking/materials/scripts
[11.435s] -- Installing: /home/user1/turtlebot3_ws/src/turtlebot3_simulations/install/turtlebot3_gazebo/share/turtlebot3_gazebo//models/turtlebot3_autorace/traffic_parking/materials/scripts/traffic_parking.material
[11.435s] -- Installing: /home/user1/turtlebot3_ws/src/turtlebot3_simulations/install/turtlebot3_gazebo/share/turtlebot3_gazebo//models/turtlebot3_autorace/traffic_parking/model.config
[11.435s] -- Installing: /home/user1/turtlebot3_ws/src/turtlebot3_simulations/install/turtlebot3_gazebo/share/turtlebot3_gazebo//models/turtlebot3_autorace/ground
[11.435s] -- Installing: /home/user1/turtlebot3_ws/src/turtlebot3_simulations/install/turtlebot3_gazebo/share/turtlebot3_gazebo//models/turtlebot3_autorace/ground/model.sdf
[11.435s] -- Installing: /home/user1/turtlebot3_ws/src/turtlebot3_simulations/install/turtlebot3_gazebo/share/turtlebot3_gazebo//models/turtlebot3_autorace/ground/model.config
[11.435s] -- Installing: /home/user1/turtlebot3_ws/src/turtlebot3_simulations/install/turtlebot3_gazebo/share/turtlebot3_gazebo//models/turtlebot3_autorace/tunnel_obstacles
[11.435s] -- Installing: /home/user1/turtlebot3_ws/src/turtlebot3_simulations/install/turtlebot3_gazebo/share/turtlebot3_gazebo//models/turtlebot3_autorace/tunnel_obstacles/model.sdf
[11.435s] -- Installing: /home/user1/turtlebot3_ws/src/turtlebot3_simulations/install/turtlebot3_gazebo/share/turtlebot3_gazebo//models/turtlebot3_autorace/tunnel_obstacles/model.config
[11.435s] -- Installing: /home/user1/turtlebot3_ws/src/turtlebot3_simulations/install/turtlebot3_gazebo/share/turtlebot3_gazebo//models/turtlebot3_autorace/model.config
[11.435s] -- Installing: /home/user1/turtlebot3_ws/src/turtlebot3_simulations/install/turtlebot3_gazebo/share/turtlebot3_gazebo//models/turtlebot3_autorace/traffic_light_red
[11.435s] -- Installing: /home/user1/turtlebot3_ws/src/turtlebot3_simulations/install/turtlebot3_gazebo/share/turtlebot3_gazebo//models/turtlebot3_autorace/traffic_light_red/model.sdf
[11.436s] -- Installing: /home/user1/turtlebot3_ws/src/turtlebot3_simulations/install/turtlebot3_gazebo/share/turtlebot3_gazebo//models/turtlebot3_autorace/traffic_light_red/model.config
[11.436s] -- Installing: /home/user1/turtlebot3_ws/src/turtlebot3_simulations/install/turtlebot3_gazebo/share/turtlebot3_gazebo//models/turtlebot3_autorace/course
[11.436s] -- Installing: /home/user1/turtlebot3_ws/src/turtlebot3_simulations/install/turtlebot3_gazebo/share/turtlebot3_gazebo//models/turtlebot3_autorace/course/model.sdf
[11.436s] -- Installing: /home/user1/turtlebot3_ws/src/turtlebot3_simulations/install/turtlebot3_gazebo/share/turtlebot3_gazebo//models/turtlebot3_autorace/course/materials
[11.436s] -- Installing: /home/user1/turtlebot3_ws/src/turtlebot3_simulations/install/turtlebot3_gazebo/share/turtlebot3_gazebo//models/turtlebot3_autorace/course/materials/textures
[11.436s] -- Installing: /home/user1/turtlebot3_ws/src/turtlebot3_simulations/install/turtlebot3_gazebo/share/turtlebot3_gazebo//models/turtlebot3_autorace/course/materials/textures/course.png
[11.436s] -- Installing: /home/user1/turtlebot3_ws/src/turtlebot3_simulations/install/turtlebot3_gazebo/share/turtlebot3_gazebo//models/turtlebot3_autorace/course/materials/scripts
[11.436s] -- Installing: /home/user1/turtlebot3_ws/src/turtlebot3_simulations/install/turtlebot3_gazebo/share/turtlebot3_gazebo//models/turtlebot3_autorace/course/materials/scripts/course.material
[11.436s] -- Installing: /home/user1/turtlebot3_ws/src/turtlebot3_simulations/install/turtlebot3_gazebo/share/turtlebot3_gazebo//models/turtlebot3_autorace/course/model.config
[11.436s] -- Installing: /home/user1/turtlebot3_ws/src/turtlebot3_simulations/install/turtlebot3_gazebo/share/turtlebot3_gazebo//models/turtlebot3_autorace/traffic_light_yellow
[11.436s] -- Installing: /home/user1/turtlebot3_ws/src/turtlebot3_simulations/install/turtlebot3_gazebo/share/turtlebot3_gazebo//models/turtlebot3_autorace/traffic_light_yellow/model.sdf
[11.436s] -- Installing: /home/user1/turtlebot3_ws/src/turtlebot3_simulations/install/turtlebot3_gazebo/share/turtlebot3_gazebo//models/turtlebot3_autorace/traffic_light_yellow/model.config
[11.437s] -- Installing: /home/user1/turtlebot3_ws/src/turtlebot3_simulations/install/turtlebot3_gazebo/share/turtlebot3_gazebo//models/turtlebot3_autorace/traffic_tunnel
[11.437s] -- Installing: /home/user1/turtlebot3_ws/src/turtlebot3_simulations/install/turtlebot3_gazebo/share/turtlebot3_gazebo//models/turtlebot3_autorace/traffic_tunnel/model.sdf
[11.437s] -- Installing: /home/user1/turtlebot3_ws/src/turtlebot3_simulations/install/turtlebot3_gazebo/share/turtlebot3_gazebo//models/turtlebot3_autorace/traffic_tunnel/materials
[11.437s] -- Installing: /home/user1/turtlebot3_ws/src/turtlebot3_simulations/install/turtlebot3_gazebo/share/turtlebot3_gazebo//models/turtlebot3_autorace/traffic_tunnel/materials/textures
[11.437s] -- Installing: /home/user1/turtlebot3_ws/src/turtlebot3_simulations/install/turtlebot3_gazebo/share/turtlebot3_gazebo//models/turtlebot3_autorace/traffic_tunnel/materials/textures/tunnel.png
[11.437s] -- Installing: /home/user1/turtlebot3_ws/src/turtlebot3_simulations/install/turtlebot3_gazebo/share/turtlebot3_gazebo//models/turtlebot3_autorace/traffic_tunnel/materials/scripts
[11.437s] -- Installing: /home/user1/turtlebot3_ws/src/turtlebot3_simulations/install/turtlebot3_gazebo/share/turtlebot3_gazebo//models/turtlebot3_autorace/traffic_tunnel/materials/scripts/tunnel.material
[11.437s] -- Installing: /home/user1/turtlebot3_ws/src/turtlebot3_simulations/install/turtlebot3_gazebo/share/turtlebot3_gazebo//models/turtlebot3_autorace/traffic_tunnel/model.config
[11.437s] -- Installing: /home/user1/turtlebot3_ws/src/turtlebot3_simulations/install/turtlebot3_gazebo/share/turtlebot3_gazebo//models/turtlebot3_autorace/traffic_bar_up
[11.437s] -- Installing: /home/user1/turtlebot3_ws/src/turtlebot3_simulations/install/turtlebot3_gazebo/share/turtlebot3_gazebo//models/turtlebot3_autorace/traffic_bar_up/model.sdf
[11.437s] -- Installing: /home/user1/turtlebot3_ws/src/turtlebot3_simulations/install/turtlebot3_gazebo/share/turtlebot3_gazebo//models/turtlebot3_autorace/traffic_bar_up/materials
[11.437s] -- Installing: /home/user1/turtlebot3_ws/src/turtlebot3_simulations/install/turtlebot3_gazebo/share/turtlebot3_gazebo//models/turtlebot3_autorace/traffic_bar_up/materials/textures
[11.437s] -- Installing: /home/user1/turtlebot3_ws/src/turtlebot3_simulations/install/turtlebot3_gazebo/share/turtlebot3_gazebo//models/turtlebot3_autorace/traffic_bar_up/materials/textures/traffic_bar.png
[11.437s] -- Installing: /home/user1/turtlebot3_ws/src/turtlebot3_simulations/install/turtlebot3_gazebo/share/turtlebot3_gazebo//models/turtlebot3_autorace/traffic_bar_up/materials/scripts
[11.437s] -- Installing: /home/user1/turtlebot3_ws/src/turtlebot3_simulations/install/turtlebot3_gazebo/share/turtlebot3_gazebo//models/turtlebot3_autorace/traffic_bar_up/materials/scripts/traffic_bar.material
[11.438s] -- Installing: /home/user1/turtlebot3_ws/src/turtlebot3_simulations/install/turtlebot3_gazebo/share/turtlebot3_gazebo//models/turtlebot3_autorace/traffic_bar_up/model.config
[11.438s] -- Installing: /home/user1/turtlebot3_ws/src/turtlebot3_simulations/install/turtlebot3_gazebo/share/turtlebot3_gazebo//models/turtlebot3_autorace/traffic_light_green
[11.438s] -- Installing: /home/user1/turtlebot3_ws/src/turtlebot3_simulations/install/turtlebot3_gazebo/share/turtlebot3_gazebo//models/turtlebot3_autorace/traffic_light_green/model.sdf
[11.438s] -- Installing: /home/user1/turtlebot3_ws/src/turtlebot3_simulations/install/turtlebot3_gazebo/share/turtlebot3_gazebo//models/turtlebot3_autorace/traffic_light_green/model.config
[11.438s] -- Installing: /home/user1/turtlebot3_ws/src/turtlebot3_simulations/install/turtlebot3_gazebo/share/turtlebot3_gazebo//models/turtlebot3_autorace/traffic_stop
[11.438s] -- Installing: /home/user1/turtlebot3_ws/src/turtlebot3_simulations/install/turtlebot3_gazebo/share/turtlebot3_gazebo//models/turtlebot3_autorace/traffic_stop/model.sdf
[11.438s] -- Installing: /home/user1/turtlebot3_ws/src/turtlebot3_simulations/install/turtlebot3_gazebo/share/turtlebot3_gazebo//models/turtlebot3_autorace/traffic_stop/materials
[11.438s] -- Installing: /home/user1/turtlebot3_ws/src/turtlebot3_simulations/install/turtlebot3_gazebo/share/turtlebot3_gazebo//models/turtlebot3_autorace/traffic_stop/materials/textures
[11.438s] -- Installing: /home/user1/turtlebot3_ws/src/turtlebot3_simulations/install/turtlebot3_gazebo/share/turtlebot3_gazebo//models/turtlebot3_autorace/traffic_stop/materials/textures/traffic_stop.png
[11.441s] -- Installing: /home/user1/turtlebot3_ws/src/turtlebot3_simulations/install/turtlebot3_gazebo/share/turtlebot3_gazebo//models/turtlebot3_autorace/traffic_stop/materials/scripts
[11.441s] -- Installing: /home/user1/turtlebot3_ws/src/turtlebot3_simulations/install/turtlebot3_gazebo/share/turtlebot3_gazebo//models/turtlebot3_autorace/traffic_stop/materials/scripts/traffic_stop.material
[11.442s] -- Installing: /home/user1/turtlebot3_ws/src/turtlebot3_simulations/install/turtlebot3_gazebo/share/turtlebot3_gazebo//models/turtlebot3_autorace/traffic_stop/model.config
[11.442s] -- Installing: /home/user1/turtlebot3_ws/src/turtlebot3_simulations/install/turtlebot3_gazebo/share/turtlebot3_gazebo//models/turtlebot3_world
[11.442s] -- Installing: /home/user1/turtlebot3_ws/src/turtlebot3_simulations/install/turtlebot3_gazebo/share/turtlebot3_gazebo//models/turtlebot3_world/meshes
[11.442s] -- Installing: /home/user1/turtlebot3_ws/src/turtlebot3_simulations/install/turtlebot3_gazebo/share/turtlebot3_gazebo//models/turtlebot3_world/meshes/wall.dae
[11.442s] -- Installing: /home/user1/turtlebot3_ws/src/turtlebot3_simulations/install/turtlebot3_gazebo/share/turtlebot3_gazebo//models/turtlebot3_world/meshes/hexagon.dae
[11.442s] -- Installing: /home/user1/turtlebot3_ws/src/turtlebot3_simulations/install/turtlebot3_gazebo/share/turtlebot3_gazebo//models/turtlebot3_world/model.sdf
[11.442s] -- Installing: /home/user1/turtlebot3_ws/src/turtlebot3_simulations/install/turtlebot3_gazebo/share/turtlebot3_gazebo//models/turtlebot3_world/model.config
[11.442s] -- Installing: /home/user1/turtlebot3_ws/src/turtlebot3_simulations/install/turtlebot3_gazebo/share/turtlebot3_gazebo//models/turtlebot3_world/model-1_4.sdf
[11.442s] -- Installing: /home/user1/turtlebot3_ws/src/turtlebot3_simulations/install/turtlebot3_gazebo/share/turtlebot3_gazebo//rviz
[11.442s] -- Installing: /home/user1/turtlebot3_ws/src/turtlebot3_simulations/install/turtlebot3_gazebo/share/turtlebot3_gazebo//rviz/tb3_gazebo.rviz
[11.443s] -- Installing: /home/user1/turtlebot3_ws/src/turtlebot3_simulations/install/turtlebot3_gazebo/share/turtlebot3_gazebo//worlds
[11.443s] -- Installing: /home/user1/turtlebot3_ws/src/turtlebot3_simulations/install/turtlebot3_gazebo/share/turtlebot3_gazebo//worlds/turtlebot3_dqn_stage4
[11.443s] -- Installing: /home/user1/turtlebot3_ws/src/turtlebot3_simulations/install/turtlebot3_gazebo/share/turtlebot3_gazebo//worlds/turtlebot3_dqn_stage4/waffle.model
[11.443s] -- Installing: /home/user1/turtlebot3_ws/src/turtlebot3_simulations/install/turtlebot3_gazebo/share/turtlebot3_gazebo//worlds/turtlebot3_dqn_stage4/burger.model
[11.443s] -- Installing: /home/user1/turtlebot3_ws/src/turtlebot3_simulations/install/turtlebot3_gazebo/share/turtlebot3_gazebo//worlds/turtlebot3_dqn_stage4/waffle_pi.model
[11.443s] -- Installing: /home/user1/turtlebot3_ws/src/turtlebot3_simulations/install/turtlebot3_gazebo/share/turtlebot3_gazebo//worlds/turtlebot3_dqn_stage3
[11.443s] -- Installing: /home/user1/turtlebot3_ws/src/turtlebot3_simulations/install/turtlebot3_gazebo/share/turtlebot3_gazebo//worlds/turtlebot3_dqn_stage3/waffle.model
[11.443s] -- Installing: /home/user1/turtlebot3_ws/src/turtlebot3_simulations/install/turtlebot3_gazebo/share/turtlebot3_gazebo//worlds/turtlebot3_dqn_stage3/burger.model
[11.443s] -- Installing: /home/user1/turtlebot3_ws/src/turtlebot3_simulations/install/turtlebot3_gazebo/share/turtlebot3_gazebo//worlds/turtlebot3_dqn_stage3/waffle_pi.model
[11.445s] -- Installing: /home/user1/turtlebot3_ws/src/turtlebot3_simulations/install/turtlebot3_gazebo/share/turtlebot3_gazebo//worlds/empty_worlds
[11.445s] -- Installing: /home/user1/turtlebot3_ws/src/turtlebot3_simulations/install/turtlebot3_gazebo/share/turtlebot3_gazebo//worlds/empty_worlds/waffle.model
[11.445s] -- Installing: /home/user1/turtlebot3_ws/src/turtlebot3_simulations/install/turtlebot3_gazebo/share/turtlebot3_gazebo//worlds/empty_worlds/burger.model
[11.445s] -- Installing: /home/user1/turtlebot3_ws/src/turtlebot3_simulations/install/turtlebot3_gazebo/share/turtlebot3_gazebo//worlds/empty_worlds/waffle_pi.model
[11.445s] -- Installing: /home/user1/turtlebot3_ws/src/turtlebot3_simulations/install/turtlebot3_gazebo/share/turtlebot3_gazebo//worlds/turtlebot3_dqn_stage2
[11.446s] -- Installing: /home/user1/turtlebot3_ws/src/turtlebot3_simulations/install/turtlebot3_gazebo/share/turtlebot3_gazebo//worlds/turtlebot3_dqn_stage2/waffle.model
[11.446s] -- Installing: /home/user1/turtlebot3_ws/src/turtlebot3_simulations/install/turtlebot3_gazebo/share/turtlebot3_gazebo//worlds/turtlebot3_dqn_stage2/burger.model
[11.446s] -- Installing: /home/user1/turtlebot3_ws/src/turtlebot3_simulations/install/turtlebot3_gazebo/share/turtlebot3_gazebo//worlds/turtlebot3_dqn_stage2/waffle_pi.model
[11.446s] -- Installing: /home/user1/turtlebot3_ws/src/turtlebot3_simulations/install/turtlebot3_gazebo/share/turtlebot3_gazebo//worlds/turtlebot3_houses
[11.446s] -- Installing: /home/user1/turtlebot3_ws/src/turtlebot3_simulations/install/turtlebot3_gazebo/share/turtlebot3_gazebo//worlds/turtlebot3_houses/waffle.model
[11.446s] -- Installing: /home/user1/turtlebot3_ws/src/turtlebot3_simulations/install/turtlebot3_gazebo/share/turtlebot3_gazebo//worlds/turtlebot3_houses/burger.model
[11.447s] -- Installing: /home/user1/turtlebot3_ws/src/turtlebot3_simulations/install/turtlebot3_gazebo/share/turtlebot3_gazebo//worlds/turtlebot3_houses/waffle_pi.model
[11.447s] -- Installing: /home/user1/turtlebot3_ws/src/turtlebot3_simulations/install/turtlebot3_gazebo/share/turtlebot3_gazebo//worlds/turtlebot3_worlds
[11.447s] -- Installing: /home/user1/turtlebot3_ws/src/turtlebot3_simulations/install/turtlebot3_gazebo/share/turtlebot3_gazebo//worlds/turtlebot3_worlds/waffle.model
[11.449s] -- Installing: /home/user1/turtlebot3_ws/src/turtlebot3_simulations/install/turtlebot3_gazebo/share/turtlebot3_gazebo//worlds/turtlebot3_worlds/burger.model
[11.449s] -- Installing: /home/user1/turtlebot3_ws/src/turtlebot3_simulations/install/turtlebot3_gazebo/share/turtlebot3_gazebo//worlds/turtlebot3_worlds/waffle_pi.model
[11.449s] -- Installing: /home/user1/turtlebot3_ws/src/turtlebot3_simulations/install/turtlebot3_gazebo/share/turtlebot3_gazebo//worlds/turtlebot3_autoraces
[11.449s] -- Installing: /home/user1/turtlebot3_ws/src/turtlebot3_simulations/install/turtlebot3_gazebo/share/turtlebot3_gazebo//worlds/turtlebot3_autoraces/waffle.model
[11.449s] -- Installing: /home/user1/turtlebot3_ws/src/turtlebot3_simulations/install/turtlebot3_gazebo/share/turtlebot3_gazebo//worlds/turtlebot3_autoraces/burger.model
[11.450s] -- Installing: /home/user1/turtlebot3_ws/src/turtlebot3_simulations/install/turtlebot3_gazebo/share/turtlebot3_gazebo//worlds/turtlebot3_autoraces/waffle_pi.model
[11.450s] -- Installing: /home/user1/turtlebot3_ws/src/turtlebot3_simulations/install/turtlebot3_gazebo/share/turtlebot3_gazebo//worlds/turtlebot3_dqn_stage1
[11.450s] -- Installing: /home/user1/turtlebot3_ws/src/turtlebot3_simulations/install/turtlebot3_gazebo/share/turtlebot3_gazebo//worlds/turtlebot3_dqn_stage1/waffle.model
[11.450s] -- Installing: /home/user1/turtlebot3_ws/src/turtlebot3_simulations/install/turtlebot3_gazebo/share/turtlebot3_gazebo//worlds/turtlebot3_dqn_stage1/burger.model
[11.450s] -- Installing: /home/user1/turtlebot3_ws/src/turtlebot3_simulations/install/turtlebot3_gazebo/share/turtlebot3_gazebo//worlds/turtlebot3_dqn_stage1/waffle_pi.model
[11.451s] -- Installing: /home/user1/turtlebot3_ws/src/turtlebot3_simulations/install/turtlebot3_gazebo/include/
[11.451s] -- Installing: /home/user1/turtlebot3_ws/src/turtlebot3_simulations/install/turtlebot3_gazebo/include//turtlebot3_gazebo
[11.451s] -- Installing: /home/user1/turtlebot3_ws/src/turtlebot3_simulations/install/turtlebot3_gazebo/include//turtlebot3_gazebo/turtlebot3_drive.hpp
[11.451s] -- Installing: /home/user1/turtlebot3_ws/src/turtlebot3_simulations/install/turtlebot3_gazebo/share/ament_index/resource_index/package_run_dependencies/turtlebot3_gazebo
[11.453s] -- Installing: /home/user1/turtlebot3_ws/src/turtlebot3_simulations/install/turtlebot3_gazebo/share/ament_index/resource_index/parent_prefix_path/turtlebot3_gazebo
[11.453s] -- Installing: /home/user1/turtlebot3_ws/src/turtlebot3_simulations/install/turtlebot3_gazebo/share/turtlebot3_gazebo/environment/ament_prefix_path.sh
[11.453s] -- Installing: /home/user1/turtlebot3_ws/src/turtlebot3_simulations/install/turtlebot3_gazebo/share/turtlebot3_gazebo/environment/ament_prefix_path.dsv
[11.453s] -- Installing: /home/user1/turtlebot3_ws/src/turtlebot3_simulations/install/turtlebot3_gazebo/share/turtlebot3_gazebo/environment/path.sh
[11.453s] -- Installing: /home/user1/turtlebot3_ws/src/turtlebot3_simulations/install/turtlebot3_gazebo/share/turtlebot3_gazebo/environment/path.dsv
[11.454s] -- Installing: /home/user1/turtlebot3_ws/src/turtlebot3_simulations/install/turtlebot3_gazebo/share/turtlebot3_gazebo/local_setup.bash
[11.454s] -- Installing: /home/user1/turtlebot3_ws/src/turtlebot3_simulations/install/turtlebot3_gazebo/share/turtlebot3_gazebo/local_setup.sh
[11.454s] -- Installing: /home/user1/turtlebot3_ws/src/turtlebot3_simulations/install/turtlebot3_gazebo/share/turtlebot3_gazebo/local_setup.zsh
[11.454s] -- Installing: /home/user1/turtlebot3_ws/src/turtlebot3_simulations/install/turtlebot3_gazebo/share/turtlebot3_gazebo/local_setup.dsv
[11.454s] -- Installing: /home/user1/turtlebot3_ws/src/turtlebot3_simulations/install/turtlebot3_gazebo/share/turtlebot3_gazebo/package.dsv
[11.454s] -- Installing: /home/user1/turtlebot3_ws/src/turtlebot3_simulations/install/turtlebot3_gazebo/share/ament_index/resource_index/packages/turtlebot3_gazebo
[11.454s] -- Installing: /home/user1/turtlebot3_ws/src/turtlebot3_simulations/install/turtlebot3_gazebo/share/turtlebot3_gazebo/cmake/ament_cmake_export_include_directories-extras.cmake
[11.454s] -- Installing: /home/user1/turtlebot3_ws/src/turtlebot3_simulations/install/turtlebot3_gazebo/share/turtlebot3_gazebo/cmake/ament_cmake_export_dependencies-extras.cmake
[11.454s] -- Installing: /home/user1/turtlebot3_ws/src/turtlebot3_simulations/install/turtlebot3_gazebo/share/turtlebot3_gazebo/cmake/turtlebot3_gazeboConfig.cmake
[11.454s] -- Installing: /home/user1/turtlebot3_ws/src/turtlebot3_simulations/install/turtlebot3_gazebo/share/turtlebot3_gazebo/cmake/turtlebot3_gazeboConfig-version.cmake
[11.454s] -- Installing: /home/user1/turtlebot3_ws/src/turtlebot3_simulations/install/turtlebot3_gazebo/share/turtlebot3_gazebo/package.xml
[11.455s] Invoked command in '/home/user1/turtlebot3_ws/src/turtlebot3_simulations/build/turtlebot3_gazebo' returned '0': CMAKE_PREFIX_PATH=/opt/ros/foxy /usr/bin/cmake --install /home/user1/turtlebot3_ws/src/turtlebot3_simulations/build/turtlebot3_gazebo
