[0.015s] Invoking command in '/home/user1/turtlebot3_ws/src/turtlebot3_simulations/build/turtlebot3_gazebo': CMAKE_PREFIX_PATH=${CMAKE_PREFIX_PATH}:/home/user1/turtlebot3_ws/install/turtlebot3_teleop:/home/user1/turtlebot3_ws/install/turtlebot3_example:/opt/ros/foxy /usr/bin/cmake --build /home/user1/turtlebot3_ws/src/turtlebot3_simulations/build/turtlebot3_gazebo -- -j12 -l12
[0.069s] [ 25%] Built target turtlebot3_drive
[0.071s] [ 50%] Built target obstacles
[0.075s] [ 75%] Built target obstacle2
[0.078s] [100%] Built target obstacle1
[0.085s] Invoked command in '/home/user1/turtlebot3_ws/src/turtlebot3_simulations/build/turtlebot3_gazebo' returned '0': CMAKE_PREFIX_PATH=${CMAKE_PREFIX_PATH}:/home/user1/turtlebot3_ws/install/turtlebot3_teleop:/home/user1/turtlebot3_ws/install/turtlebot3_example:/opt/ros/foxy /usr/bin/cmake --build /home/user1/turtlebot3_ws/src/turtlebot3_simulations/build/turtlebot3_gazebo -- -j12 -l12
[0.108s] Invoking command in '/home/user1/turtlebot3_ws/src/turtlebot3_simulations/build/turtlebot3_gazebo': CMAKE_PREFIX_PATH=${CMAKE_PREFIX_PATH}:/home/user1/turtlebot3_ws/install/turtlebot3_teleop:/home/user1/turtlebot3_ws/install/turtlebot3_example:/opt/ros/foxy /usr/bin/cmake --install /home/user1/turtlebot3_ws/src/turtlebot3_simulations/build/turtlebot3_gazebo
[0.115s] -- Install configuration: ""
[0.115s] -- Up-to-date: /home/user1/turtlebot3_ws/src/turtlebot3_simulations/install/turtlebot3_gazebo/lib/turtlebot3_gazebo/turtlebot3_drive
[0.115s] -- Up-to-date: /home/user1/turtlebot3_ws/src/turtlebot3_simulations/install/turtlebot3_gazebo/share/turtlebot3_gazebo//launch
[0.116s] -- Up-to-date: /home/user1/turtlebot3_ws/src/turtlebot3_simulations/install/turtlebot3_gazebo/share/turtlebot3_gazebo//launch/turtlebot3_autorace.launch.py
[0.116s] -- Up-to-date: /home/user1/turtlebot3_ws/src/turtlebot3_simulations/install/turtlebot3_gazebo/share/turtlebot3_gazebo//launch/turtlebot3_dqn_stage3.launch.py
[0.116s] -- Up-to-date: /home/user1/turtlebot3_ws/src/turtlebot3_simulations/install/turtlebot3_gazebo/share/turtlebot3_gazebo//launch/turtlebot3_world.launch.py
[0.116s] -- Up-to-date: /home/user1/turtlebot3_ws/src/turtlebot3_simulations/install/turtlebot3_gazebo/share/turtlebot3_gazebo//launch/empty_world.launch.py
[0.116s] -- Up-to-date: /home/user1/turtlebot3_ws/src/turtlebot3_simulations/install/turtlebot3_gazebo/share/turtlebot3_gazebo//launch/turtlebot3_dqn_stage4.launch.py
[0.117s] -- Up-to-date: /home/user1/turtlebot3_ws/src/turtlebot3_simulations/install/turtlebot3_gazebo/share/turtlebot3_gazebo//launch/turtlebot3_dqn_stage1.launch.py
[0.117s] -- Up-to-date: /home/user1/turtlebot3_ws/src/turtlebot3_simulations/install/turtlebot3_gazebo/share/turtlebot3_gazebo//launch/robot_state_publisher.launch.py
[0.117s] -- Up-to-date: /home/user1/turtlebot3_ws/src/turtlebot3_simulations/install/turtlebot3_gazebo/share/turtlebot3_gazebo//launch/turtlebot3_house.launch.py
[0.118s] -- Up-to-date: /home/user1/turtlebot3_ws/src/turtlebot3_simulations/install/turtlebot3_gazebo/share/turtlebot3_gazebo//launch/turtlebot3_dqn_stage2.launch.py
[0.118s] -- Up-to-date: /home/user1/turtlebot3_ws/src/turtlebot3_simulations/install/turtlebot3_gazebo/share/turtlebot3_gazebo//models
[0.118s] -- Up-to-date: /home/user1/turtlebot3_ws/src/turtlebot3_simulations/install/turtlebot3_gazebo/share/turtlebot3_gazebo//models/turtlebot3_dqn_world
[0.119s] -- Up-to-date: /home/user1/turtlebot3_ws/src/turtlebot3_simulations/install/turtlebot3_gazebo/share/turtlebot3_gazebo//models/turtlebot3_dqn_world/obstacles
[0.119s] -- Up-to-date: /home/user1/turtlebot3_ws/src/turtlebot3_simulations/install/turtlebot3_gazebo/share/turtlebot3_gazebo//models/turtlebot3_dqn_world/obstacles/model.sdf
[0.119s] -- Up-to-date: /home/user1/turtlebot3_ws/src/turtlebot3_simulations/install/turtlebot3_gazebo/share/turtlebot3_gazebo//models/turtlebot3_dqn_world/obstacles/model.config
[0.120s] -- Up-to-date: /home/user1/turtlebot3_ws/src/turtlebot3_simulations/install/turtlebot3_gazebo/share/turtlebot3_gazebo//models/turtlebot3_dqn_world/model.sdf
[0.120s] -- Up-to-date: /home/user1/turtlebot3_ws/src/turtlebot3_simulations/install/turtlebot3_gazebo/share/turtlebot3_gazebo//models/turtlebot3_dqn_world/obstacle1
[0.120s] -- Up-to-date: /home/user1/turtlebot3_ws/src/turtlebot3_simulations/install/turtlebot3_gazebo/share/turtlebot3_gazebo//models/turtlebot3_dqn_world/obstacle1/model.sdf
[0.121s] -- Up-to-date: /home/user1/turtlebot3_ws/src/turtlebot3_simulations/install/turtlebot3_gazebo/share/turtlebot3_gazebo//models/turtlebot3_dqn_world/obstacle1/model.config
[0.121s] -- Up-to-date: /home/user1/turtlebot3_ws/src/turtlebot3_simulations/install/turtlebot3_gazebo/share/turtlebot3_gazebo//models/turtlebot3_dqn_world/model.config
[0.121s] -- Up-to-date: /home/user1/turtlebot3_ws/src/turtlebot3_simulations/install/turtlebot3_gazebo/share/turtlebot3_gazebo//models/turtlebot3_dqn_world/goal_box
[0.121s] -- Up-to-date: /home/user1/turtlebot3_ws/src/turtlebot3_simulations/install/turtlebot3_gazebo/share/turtlebot3_gazebo//models/turtlebot3_dqn_world/goal_box/model.sdf
[0.121s] -- Up-to-date: /home/user1/turtlebot3_ws/src/turtlebot3_simulations/install/turtlebot3_gazebo/share/turtlebot3_gazebo//models/turtlebot3_dqn_world/goal_box/model.config
[0.121s] -- Up-to-date: /home/user1/turtlebot3_ws/src/turtlebot3_simulations/install/turtlebot3_gazebo/share/turtlebot3_gazebo//models/turtlebot3_dqn_world/inner_walls
[0.122s] -- Up-to-date: /home/user1/turtlebot3_ws/src/turtlebot3_simulations/install/turtlebot3_gazebo/share/turtlebot3_gazebo//models/turtlebot3_dqn_world/inner_walls/model.sdf
[0.122s] -- Up-to-date: /home/user1/turtlebot3_ws/src/turtlebot3_simulations/install/turtlebot3_gazebo/share/turtlebot3_gazebo//models/turtlebot3_dqn_world/inner_walls/model.config
[0.122s] -- Up-to-date: /home/user1/turtlebot3_ws/src/turtlebot3_simulations/install/turtlebot3_gazebo/share/turtlebot3_gazebo//models/turtlebot3_dqn_world/obstacle2
[0.122s] -- Up-to-date: /home/user1/turtlebot3_ws/src/turtlebot3_simulations/install/turtlebot3_gazebo/share/turtlebot3_gazebo//models/turtlebot3_dqn_world/obstacle2/model.sdf
[0.122s] -- Up-to-date: /home/user1/turtlebot3_ws/src/turtlebot3_simulations/install/turtlebot3_gazebo/share/turtlebot3_gazebo//models/turtlebot3_dqn_world/obstacle2/model.config
[0.122s] -- Up-to-date: /home/user1/turtlebot3_ws/src/turtlebot3_simulations/install/turtlebot3_gazebo/share/turtlebot3_gazebo//models/turtlebot3_dqn_world/obstacle_plugin
[0.122s] -- Up-to-date: /home/user1/turtlebot3_ws/src/turtlebot3_simulations/install/turtlebot3_gazebo/share/turtlebot3_gazebo//models/turtlebot3_dqn_world/obstacle_plugin/obstacle1.cc
[0.122s] -- Up-to-date: /home/user1/turtlebot3_ws/src/turtlebot3_simulations/install/turtlebot3_gazebo/share/turtlebot3_gazebo//models/turtlebot3_dqn_world/obstacle_plugin/obstacles.cc
[0.122s] -- Up-to-date: /home/user1/turtlebot3_ws/src/turtlebot3_simulations/install/turtlebot3_gazebo/share/turtlebot3_gazebo//models/turtlebot3_dqn_world/obstacle_plugin/CMakeLists.txt
[0.122s] -- Up-to-date: /home/user1/turtlebot3_ws/src/turtlebot3_simulations/install/turtlebot3_gazebo/share/turtlebot3_gazebo//models/turtlebot3_dqn_world/obstacle_plugin/obstacle2.cc
[0.123s] -- Up-to-date: /home/user1/turtlebot3_ws/src/turtlebot3_simulations/install/turtlebot3_gazebo/share/turtlebot3_gazebo//models/turtlebot3_waffle_pi
[0.123s] -- Up-to-date: /home/user1/turtlebot3_ws/src/turtlebot3_simulations/install/turtlebot3_gazebo/share/turtlebot3_gazebo//models/turtlebot3_waffle_pi/meshes
[0.123s] -- Up-to-date: /home/user1/turtlebot3_ws/src/turtlebot3_simulations/install/turtlebot3_gazebo/share/turtlebot3_gazebo//models/turtlebot3_waffle_pi/meshes/tire.dae
[0.123s] -- Up-to-date: /home/user1/turtlebot3_ws/src/turtlebot3_simulations/install/turtlebot3_gazebo/share/turtlebot3_gazebo//models/turtlebot3_waffle_pi/meshes/lds.dae
[0.123s] -- Up-to-date: /home/user1/turtlebot3_ws/src/turtlebot3_simulations/install/turtlebot3_gazebo/share/turtlebot3_gazebo//models/turtlebot3_waffle_pi/meshes/waffle_pi_base.dae
[0.123s] -- Up-to-date: /home/user1/turtlebot3_ws/src/turtlebot3_simulations/install/turtlebot3_gazebo/share/turtlebot3_gazebo//models/turtlebot3_waffle_pi/model.sdf
[0.123s] -- Up-to-date: /home/user1/turtlebot3_ws/src/turtlebot3_simulations/install/turtlebot3_gazebo/share/turtlebot3_gazebo//models/turtlebot3_waffle_pi/model.config
[0.123s] -- Up-to-date: /home/user1/turtlebot3_ws/src/turtlebot3_simulations/install/turtlebot3_gazebo/share/turtlebot3_gazebo//models/turtlebot3_waffle_pi/model-1_4_.sdf
[0.123s] -- Up-to-date: /home/user1/turtlebot3_ws/src/turtlebot3_simulations/install/turtlebot3_gazebo/share/turtlebot3_gazebo//models/turtlebot3_house
[0.123s] -- Up-to-date: /home/user1/turtlebot3_ws/src/turtlebot3_simulations/install/turtlebot3_gazebo/share/turtlebot3_gazebo//models/turtlebot3_house/model.sdf
[0.123s] -- Up-to-date: /home/user1/turtlebot3_ws/src/turtlebot3_simulations/install/turtlebot3_gazebo/share/turtlebot3_gazebo//models/turtlebot3_house/model.config
[0.124s] -- Up-to-date: /home/user1/turtlebot3_ws/src/turtlebot3_simulations/install/turtlebot3_gazebo/share/turtlebot3_gazebo//models/turtlebot3_waffle
[0.125s] -- Up-to-date: /home/user1/turtlebot3_ws/src/turtlebot3_simulations/install/turtlebot3_gazebo/share/turtlebot3_gazebo//models/turtlebot3_waffle/meshes
[0.125s] -- Up-to-date: /home/user1/turtlebot3_ws/src/turtlebot3_simulations/install/turtlebot3_gazebo/share/turtlebot3_gazebo//models/turtlebot3_waffle/meshes/tire.dae
[0.125s] -- Up-to-date: /home/user1/turtlebot3_ws/src/turtlebot3_simulations/install/turtlebot3_gazebo/share/turtlebot3_gazebo//models/turtlebot3_waffle/meshes/waffle_base.dae
[0.126s] -- Up-to-date: /home/user1/turtlebot3_ws/src/turtlebot3_simulations/install/turtlebot3_gazebo/share/turtlebot3_gazebo//models/turtlebot3_waffle/meshes/lds.dae
[0.126s] -- Up-to-date: /home/user1/turtlebot3_ws/src/turtlebot3_simulations/install/turtlebot3_gazebo/share/turtlebot3_gazebo//models/turtlebot3_waffle/meshes/r200.dae
[0.126s] -- Installing: /home/user1/turtlebot3_ws/src/turtlebot3_simulations/install/turtlebot3_gazebo/share/turtlebot3_gazebo//models/turtlebot3_waffle/model.sdf
[0.126s] -- Up-to-date: /home/user1/turtlebot3_ws/src/turtlebot3_simulations/install/turtlebot3_gazebo/share/turtlebot3_gazebo//models/turtlebot3_waffle/model.config
[0.127s] -- Up-to-date: /home/user1/turtlebot3_ws/src/turtlebot3_simulations/install/turtlebot3_gazebo/share/turtlebot3_gazebo//models/turtlebot3_waffle/model-1_4.sdf
[0.127s] -- Up-to-date: /home/user1/turtlebot3_ws/src/turtlebot3_simulations/install/turtlebot3_gazebo/share/turtlebot3_gazebo//models/turtlebot3_burger
[0.127s] -- Up-to-date: /home/user1/turtlebot3_ws/src/turtlebot3_simulations/install/turtlebot3_gazebo/share/turtlebot3_gazebo//models/turtlebot3_burger/meshes
[0.127s] -- Up-to-date: /home/user1/turtlebot3_ws/src/turtlebot3_simulations/install/turtlebot3_gazebo/share/turtlebot3_gazebo//models/turtlebot3_burger/meshes/tire.dae
[0.127s] -- Up-to-date: /home/user1/turtlebot3_ws/src/turtlebot3_simulations/install/turtlebot3_gazebo/share/turtlebot3_gazebo//models/turtlebot3_burger/meshes/lds.dae
[0.128s] -- Up-to-date: /home/user1/turtlebot3_ws/src/turtlebot3_simulations/install/turtlebot3_gazebo/share/turtlebot3_gazebo//models/turtlebot3_burger/meshes/burger_base.dae
[0.128s] -- Up-to-date: /home/user1/turtlebot3_ws/src/turtlebot3_simulations/install/turtlebot3_gazebo/share/turtlebot3_gazebo//models/turtlebot3_burger/model.sdf
[0.129s] -- Up-to-date: /home/user1/turtlebot3_ws/src/turtlebot3_simulations/install/turtlebot3_gazebo/share/turtlebot3_gazebo//models/turtlebot3_burger/model.config
[0.130s] -- Up-to-date: /home/user1/turtlebot3_ws/src/turtlebot3_simulations/install/turtlebot3_gazebo/share/turtlebot3_gazebo//models/turtlebot3_burger/model-1_4.sdf
[0.130s] -- Up-to-date: /home/user1/turtlebot3_ws/src/turtlebot3_simulations/install/turtlebot3_gazebo/share/turtlebot3_gazebo//models/turtlebot3_autorace
[0.130s] -- Up-to-date: /home/user1/turtlebot3_ws/src/turtlebot3_simulations/install/turtlebot3_gazebo/share/turtlebot3_gazebo//models/turtlebot3_autorace/lights
[0.131s] -- Up-to-date: /home/user1/turtlebot3_ws/src/turtlebot3_simulations/install/turtlebot3_gazebo/share/turtlebot3_gazebo//models/turtlebot3_autorace/lights/model.sdf
[0.131s] -- Up-to-date: /home/user1/turtlebot3_ws/src/turtlebot3_simulations/install/turtlebot3_gazebo/share/turtlebot3_gazebo//models/turtlebot3_autorace/lights/model.config
[0.131s] -- Up-to-date: /home/user1/turtlebot3_ws/src/turtlebot3_simulations/install/turtlebot3_gazebo/share/turtlebot3_gazebo//models/turtlebot3_autorace/traffic_bar_down
[0.131s] -- Up-to-date: /home/user1/turtlebot3_ws/src/turtlebot3_simulations/install/turtlebot3_gazebo/share/turtlebot3_gazebo//models/turtlebot3_autorace/traffic_bar_down/model.sdf
[0.132s] -- Up-to-date: /home/user1/turtlebot3_ws/src/turtlebot3_simulations/install/turtlebot3_gazebo/share/turtlebot3_gazebo//models/turtlebot3_autorace/traffic_bar_down/materials
[0.132s] -- Up-to-date: /home/user1/turtlebot3_ws/src/turtlebot3_simulations/install/turtlebot3_gazebo/share/turtlebot3_gazebo//models/turtlebot3_autorace/traffic_bar_down/materials/textures
[0.132s] -- Up-to-date: /home/user1/turtlebot3_ws/src/turtlebot3_simulations/install/turtlebot3_gazebo/share/turtlebot3_gazebo//models/turtlebot3_autorace/traffic_bar_down/materials/textures/traffic_bar.png
[0.132s] -- Up-to-date: /home/user1/turtlebot3_ws/src/turtlebot3_simulations/install/turtlebot3_gazebo/share/turtlebot3_gazebo//models/turtlebot3_autorace/traffic_bar_down/materials/scripts
[0.133s] -- Up-to-date: /home/user1/turtlebot3_ws/src/turtlebot3_simulations/install/turtlebot3_gazebo/share/turtlebot3_gazebo//models/turtlebot3_autorace/traffic_bar_down/materials/scripts/traffic_bar.material
[0.133s] -- Up-to-date: /home/user1/turtlebot3_ws/src/turtlebot3_simulations/install/turtlebot3_gazebo/share/turtlebot3_gazebo//models/turtlebot3_autorace/traffic_bar_down/model.config
[0.133s] -- Up-to-date: /home/user1/turtlebot3_ws/src/turtlebot3_simulations/install/turtlebot3_gazebo/share/turtlebot3_gazebo//models/turtlebot3_autorace/tunnel_wall
[0.133s] -- Up-to-date: /home/user1/turtlebot3_ws/src/turtlebot3_simulations/install/turtlebot3_gazebo/share/turtlebot3_gazebo//models/turtlebot3_autorace/tunnel_wall/model.sdf
[0.134s] -- Up-to-date: /home/user1/turtlebot3_ws/src/turtlebot3_simulations/install/turtlebot3_gazebo/share/turtlebot3_gazebo//models/turtlebot3_autorace/tunnel_wall/model.config
[0.134s] -- Up-to-date: /home/user1/turtlebot3_ws/src/turtlebot3_simulations/install/turtlebot3_gazebo/share/turtlebot3_gazebo//models/turtlebot3_autorace/traffic_parking
[0.134s] -- Up-to-date: /home/user1/turtlebot3_ws/src/turtlebot3_simulations/install/turtlebot3_gazebo/share/turtlebot3_gazebo//models/turtlebot3_autorace/traffic_parking/model.sdf
[0.135s] -- Up-to-date: /home/user1/turtlebot3_ws/src/turtlebot3_simulations/install/turtlebot3_gazebo/share/turtlebot3_gazebo//models/turtlebot3_autorace/traffic_parking/materials
[0.135s] -- Up-to-date: /home/user1/turtlebot3_ws/src/turtlebot3_simulations/install/turtlebot3_gazebo/share/turtlebot3_gazebo//models/turtlebot3_autorace/traffic_parking/materials/textures
[0.135s] -- Up-to-date: /home/user1/turtlebot3_ws/src/turtlebot3_simulations/install/turtlebot3_gazebo/share/turtlebot3_gazebo//models/turtlebot3_autorace/traffic_parking/materials/textures/traffic_parking.png
[0.135s] -- Up-to-date: /home/user1/turtlebot3_ws/src/turtlebot3_simulations/install/turtlebot3_gazebo/share/turtlebot3_gazebo//models/turtlebot3_autorace/traffic_parking/materials/scripts
[0.136s] -- Up-to-date: /home/user1/turtlebot3_ws/src/turtlebot3_simulations/install/turtlebot3_gazebo/share/turtlebot3_gazebo//models/turtlebot3_autorace/traffic_parking/materials/scripts/traffic_parking.material
[0.136s] -- Up-to-date: /home/user1/turtlebot3_ws/src/turtlebot3_simulations/install/turtlebot3_gazebo/share/turtlebot3_gazebo//models/turtlebot3_autorace/traffic_parking/model.config
[0.136s] -- Up-to-date: /home/user1/turtlebot3_ws/src/turtlebot3_simulations/install/turtlebot3_gazebo/share/turtlebot3_gazebo//models/turtlebot3_autorace/ground
[0.139s] -- Up-to-date: /home/user1/turtlebot3_ws/src/turtlebot3_simulations/install/turtlebot3_gazebo/share/turtlebot3_gazebo//models/turtlebot3_autorace/ground/model.sdf
[0.139s] -- Up-to-date: /home/user1/turtlebot3_ws/src/turtlebot3_simulations/install/turtlebot3_gazebo/share/turtlebot3_gazebo//models/turtlebot3_autorace/ground/model.config
[0.139s] -- Up-to-date: /home/user1/turtlebot3_ws/src/turtlebot3_simulations/install/turtlebot3_gazebo/share/turtlebot3_gazebo//models/turtlebot3_autorace/tunnel_obstacles
[0.139s] -- Up-to-date: /home/user1/turtlebot3_ws/src/turtlebot3_simulations/install/turtlebot3_gazebo/share/turtlebot3_gazebo//models/turtlebot3_autorace/tunnel_obstacles/model.sdf
[0.139s] -- Up-to-date: /home/user1/turtlebot3_ws/src/turtlebot3_simulations/install/turtlebot3_gazebo/share/turtlebot3_gazebo//models/turtlebot3_autorace/tunnel_obstacles/model.config
[0.139s] -- Up-to-date: /home/user1/turtlebot3_ws/src/turtlebot3_simulations/install/turtlebot3_gazebo/share/turtlebot3_gazebo//models/turtlebot3_autorace/model.config
[0.140s] -- Up-to-date: /home/user1/turtlebot3_ws/src/turtlebot3_simulations/install/turtlebot3_gazebo/share/turtlebot3_gazebo//models/turtlebot3_autorace/traffic_light_red
[0.140s] -- Up-to-date: /home/user1/turtlebot3_ws/src/turtlebot3_simulations/install/turtlebot3_gazebo/share/turtlebot3_gazebo//models/turtlebot3_autorace/traffic_light_red/model.sdf
[0.140s] -- Up-to-date: /home/user1/turtlebot3_ws/src/turtlebot3_simulations/install/turtlebot3_gazebo/share/turtlebot3_gazebo//models/turtlebot3_autorace/traffic_light_red/model.config
[0.140s] -- Up-to-date: /home/user1/turtlebot3_ws/src/turtlebot3_simulations/install/turtlebot3_gazebo/share/turtlebot3_gazebo//models/turtlebot3_autorace/course
[0.140s] -- Up-to-date: /home/user1/turtlebot3_ws/src/turtlebot3_simulations/install/turtlebot3_gazebo/share/turtlebot3_gazebo//models/turtlebot3_autorace/course/model.sdf
[0.140s] -- Up-to-date: /home/user1/turtlebot3_ws/src/turtlebot3_simulations/install/turtlebot3_gazebo/share/turtlebot3_gazebo//models/turtlebot3_autorace/course/materials
[0.140s] -- Up-to-date: /home/user1/turtlebot3_ws/src/turtlebot3_simulations/install/turtlebot3_gazebo/share/turtlebot3_gazebo//models/turtlebot3_autorace/course/materials/textures
[0.140s] -- Up-to-date: /home/user1/turtlebot3_ws/src/turtlebot3_simulations/install/turtlebot3_gazebo/share/turtlebot3_gazebo//models/turtlebot3_autorace/course/materials/textures/course.png
[0.140s] -- Up-to-date: /home/user1/turtlebot3_ws/src/turtlebot3_simulations/install/turtlebot3_gazebo/share/turtlebot3_gazebo//models/turtlebot3_autorace/course/materials/scripts
[0.141s] -- Up-to-date: /home/user1/turtlebot3_ws/src/turtlebot3_simulations/install/turtlebot3_gazebo/share/turtlebot3_gazebo//models/turtlebot3_autorace/course/materials/scripts/course.material
[0.141s] -- Up-to-date: /home/user1/turtlebot3_ws/src/turtlebot3_simulations/install/turtlebot3_gazebo/share/turtlebot3_gazebo//models/turtlebot3_autorace/course/model.config
[0.141s] -- Up-to-date: /home/user1/turtlebot3_ws/src/turtlebot3_simulations/install/turtlebot3_gazebo/share/turtlebot3_gazebo//models/turtlebot3_autorace/traffic_light_yellow
[0.141s] -- Up-to-date: /home/user1/turtlebot3_ws/src/turtlebot3_simulations/install/turtlebot3_gazebo/share/turtlebot3_gazebo//models/turtlebot3_autorace/traffic_light_yellow/model.sdf
[0.141s] -- Up-to-date: /home/user1/turtlebot3_ws/src/turtlebot3_simulations/install/turtlebot3_gazebo/share/turtlebot3_gazebo//models/turtlebot3_autorace/traffic_light_yellow/model.config
[0.141s] -- Up-to-date: /home/user1/turtlebot3_ws/src/turtlebot3_simulations/install/turtlebot3_gazebo/share/turtlebot3_gazebo//models/turtlebot3_autorace/traffic_tunnel
[0.141s] -- Up-to-date: /home/user1/turtlebot3_ws/src/turtlebot3_simulations/install/turtlebot3_gazebo/share/turtlebot3_gazebo//models/turtlebot3_autorace/traffic_tunnel/model.sdf
[0.141s] -- Up-to-date: /home/user1/turtlebot3_ws/src/turtlebot3_simulations/install/turtlebot3_gazebo/share/turtlebot3_gazebo//models/turtlebot3_autorace/traffic_tunnel/materials
[0.141s] -- Up-to-date: /home/user1/turtlebot3_ws/src/turtlebot3_simulations/install/turtlebot3_gazebo/share/turtlebot3_gazebo//models/turtlebot3_autorace/traffic_tunnel/materials/textures
[0.141s] -- Up-to-date: /home/user1/turtlebot3_ws/src/turtlebot3_simulations/install/turtlebot3_gazebo/share/turtlebot3_gazebo//models/turtlebot3_autorace/traffic_tunnel/materials/textures/tunnel.png
[0.141s] -- Up-to-date: /home/user1/turtlebot3_ws/src/turtlebot3_simulations/install/turtlebot3_gazebo/share/turtlebot3_gazebo//models/turtlebot3_autorace/traffic_tunnel/materials/scripts
[0.142s] -- Up-to-date: /home/user1/turtlebot3_ws/src/turtlebot3_simulations/install/turtlebot3_gazebo/share/turtlebot3_gazebo//models/turtlebot3_autorace/traffic_tunnel/materials/scripts/tunnel.material
[0.142s] -- Up-to-date: /home/user1/turtlebot3_ws/src/turtlebot3_simulations/install/turtlebot3_gazebo/share/turtlebot3_gazebo//models/turtlebot3_autorace/traffic_tunnel/model.config
[0.142s] -- Up-to-date: /home/user1/turtlebot3_ws/src/turtlebot3_simulations/install/turtlebot3_gazebo/share/turtlebot3_gazebo//models/turtlebot3_autorace/traffic_bar_up
[0.143s] -- Up-to-date: /home/user1/turtlebot3_ws/src/turtlebot3_simulations/install/turtlebot3_gazebo/share/turtlebot3_gazebo//models/turtlebot3_autorace/traffic_bar_up/model.sdf
[0.144s] -- Up-to-date: /home/user1/turtlebot3_ws/src/turtlebot3_simulations/install/turtlebot3_gazebo/share/turtlebot3_gazebo//models/turtlebot3_autorace/traffic_bar_up/materials
[0.144s] -- Up-to-date: /home/user1/turtlebot3_ws/src/turtlebot3_simulations/install/turtlebot3_gazebo/share/turtlebot3_gazebo//models/turtlebot3_autorace/traffic_bar_up/materials/textures
[0.144s] -- Up-to-date: /home/user1/turtlebot3_ws/src/turtlebot3_simulations/install/turtlebot3_gazebo/share/turtlebot3_gazebo//models/turtlebot3_autorace/traffic_bar_up/materials/textures/traffic_bar.png
[0.144s] -- Up-to-date: /home/user1/turtlebot3_ws/src/turtlebot3_simulations/install/turtlebot3_gazebo/share/turtlebot3_gazebo//models/turtlebot3_autorace/traffic_bar_up/materials/scripts
[0.144s] -- Up-to-date: /home/user1/turtlebot3_ws/src/turtlebot3_simulations/install/turtlebot3_gazebo/share/turtlebot3_gazebo//models/turtlebot3_autorace/traffic_bar_up/materials/scripts/traffic_bar.material
[0.145s] -- Up-to-date: /home/user1/turtlebot3_ws/src/turtlebot3_simulations/install/turtlebot3_gazebo/share/turtlebot3_gazebo//models/turtlebot3_autorace/traffic_bar_up/model.config
[0.145s] -- Up-to-date: /home/user1/turtlebot3_ws/src/turtlebot3_simulations/install/turtlebot3_gazebo/share/turtlebot3_gazebo//models/turtlebot3_autorace/traffic_light_green
[0.145s] -- Up-to-date: /home/user1/turtlebot3_ws/src/turtlebot3_simulations/install/turtlebot3_gazebo/share/turtlebot3_gazebo//models/turtlebot3_autorace/traffic_light_green/model.sdf
[0.146s] -- Up-to-date: /home/user1/turtlebot3_ws/src/turtlebot3_simulations/install/turtlebot3_gazebo/share/turtlebot3_gazebo//models/turtlebot3_autorace/traffic_light_green/model.config
[0.146s] -- Up-to-date: /home/user1/turtlebot3_ws/src/turtlebot3_simulations/install/turtlebot3_gazebo/share/turtlebot3_gazebo//models/turtlebot3_autorace/traffic_stop
[0.148s] -- Up-to-date: /home/user1/turtlebot3_ws/src/turtlebot3_simulations/install/turtlebot3_gazebo/share/turtlebot3_gazebo//models/turtlebot3_autorace/traffic_stop/model.sdf
[0.148s] -- Up-to-date: /home/user1/turtlebot3_ws/src/turtlebot3_simulations/install/turtlebot3_gazebo/share/turtlebot3_gazebo//models/turtlebot3_autorace/traffic_stop/materials
[0.148s] -- Up-to-date: /home/user1/turtlebot3_ws/src/turtlebot3_simulations/install/turtlebot3_gazebo/share/turtlebot3_gazebo//models/turtlebot3_autorace/traffic_stop/materials/textures
[0.149s] -- Up-to-date: /home/user1/turtlebot3_ws/src/turtlebot3_simulations/install/turtlebot3_gazebo/share/turtlebot3_gazebo//models/turtlebot3_autorace/traffic_stop/materials/textures/traffic_stop.png
[0.149s] -- Up-to-date: /home/user1/turtlebot3_ws/src/turtlebot3_simulations/install/turtlebot3_gazebo/share/turtlebot3_gazebo//models/turtlebot3_autorace/traffic_stop/materials/scripts
[0.149s] -- Up-to-date: /home/user1/turtlebot3_ws/src/turtlebot3_simulations/install/turtlebot3_gazebo/share/turtlebot3_gazebo//models/turtlebot3_autorace/traffic_stop/materials/scripts/traffic_stop.material
[0.149s] -- Up-to-date: /home/user1/turtlebot3_ws/src/turtlebot3_simulations/install/turtlebot3_gazebo/share/turtlebot3_gazebo//models/turtlebot3_autorace/traffic_stop/model.config
[0.150s] -- Up-to-date: /home/user1/turtlebot3_ws/src/turtlebot3_simulations/install/turtlebot3_gazebo/share/turtlebot3_gazebo//models/turtlebot3_world
[0.150s] -- Up-to-date: /home/user1/turtlebot3_ws/src/turtlebot3_simulations/install/turtlebot3_gazebo/share/turtlebot3_gazebo//models/turtlebot3_world/meshes
[0.150s] -- Up-to-date: /home/user1/turtlebot3_ws/src/turtlebot3_simulations/install/turtlebot3_gazebo/share/turtlebot3_gazebo//models/turtlebot3_world/meshes/wall.dae
[0.150s] -- Up-to-date: /home/user1/turtlebot3_ws/src/turtlebot3_simulations/install/turtlebot3_gazebo/share/turtlebot3_gazebo//models/turtlebot3_world/meshes/hexagon.dae
[0.150s] -- Up-to-date: /home/user1/turtlebot3_ws/src/turtlebot3_simulations/install/turtlebot3_gazebo/share/turtlebot3_gazebo//models/turtlebot3_world/model.sdf
[0.150s] -- Up-to-date: /home/user1/turtlebot3_ws/src/turtlebot3_simulations/install/turtlebot3_gazebo/share/turtlebot3_gazebo//models/turtlebot3_world/model.config
[0.151s] -- Up-to-date: /home/user1/turtlebot3_ws/src/turtlebot3_simulations/install/turtlebot3_gazebo/share/turtlebot3_gazebo//models/turtlebot3_world/model-1_4.sdf
[0.151s] -- Up-to-date: /home/user1/turtlebot3_ws/src/turtlebot3_simulations/install/turtlebot3_gazebo/share/turtlebot3_gazebo//rviz
[0.152s] -- Up-to-date: /home/user1/turtlebot3_ws/src/turtlebot3_simulations/install/turtlebot3_gazebo/share/turtlebot3_gazebo//rviz/tb3_gazebo.rviz
[0.152s] -- Up-to-date: /home/user1/turtlebot3_ws/src/turtlebot3_simulations/install/turtlebot3_gazebo/share/turtlebot3_gazebo//worlds
[0.152s] -- Up-to-date: /home/user1/turtlebot3_ws/src/turtlebot3_simulations/install/turtlebot3_gazebo/share/turtlebot3_gazebo//worlds/turtlebot3_dqn_stage4
[0.152s] -- Up-to-date: /home/user1/turtlebot3_ws/src/turtlebot3_simulations/install/turtlebot3_gazebo/share/turtlebot3_gazebo//worlds/turtlebot3_dqn_stage4/waffle.model
[0.153s] -- Up-to-date: /home/user1/turtlebot3_ws/src/turtlebot3_simulations/install/turtlebot3_gazebo/share/turtlebot3_gazebo//worlds/turtlebot3_dqn_stage4/burger.model
[0.153s] -- Up-to-date: /home/user1/turtlebot3_ws/src/turtlebot3_simulations/install/turtlebot3_gazebo/share/turtlebot3_gazebo//worlds/turtlebot3_dqn_stage4/waffle_pi.model
[0.157s] -- Up-to-date: /home/user1/turtlebot3_ws/src/turtlebot3_simulations/install/turtlebot3_gazebo/share/turtlebot3_gazebo//worlds/turtlebot3_dqn_stage3
[0.157s] -- Up-to-date: /home/user1/turtlebot3_ws/src/turtlebot3_simulations/install/turtlebot3_gazebo/share/turtlebot3_gazebo//worlds/turtlebot3_dqn_stage3/waffle.model
[0.157s] -- Up-to-date: /home/user1/turtlebot3_ws/src/turtlebot3_simulations/install/turtlebot3_gazebo/share/turtlebot3_gazebo//worlds/turtlebot3_dqn_stage3/burger.model
[0.157s] -- Up-to-date: /home/user1/turtlebot3_ws/src/turtlebot3_simulations/install/turtlebot3_gazebo/share/turtlebot3_gazebo//worlds/turtlebot3_dqn_stage3/waffle_pi.model
[0.157s] -- Up-to-date: /home/user1/turtlebot3_ws/src/turtlebot3_simulations/install/turtlebot3_gazebo/share/turtlebot3_gazebo//worlds/empty_worlds
[0.157s] -- Up-to-date: /home/user1/turtlebot3_ws/src/turtlebot3_simulations/install/turtlebot3_gazebo/share/turtlebot3_gazebo//worlds/empty_worlds/waffle.model
[0.157s] -- Up-to-date: /home/user1/turtlebot3_ws/src/turtlebot3_simulations/install/turtlebot3_gazebo/share/turtlebot3_gazebo//worlds/empty_worlds/burger.model
[0.157s] -- Up-to-date: /home/user1/turtlebot3_ws/src/turtlebot3_simulations/install/turtlebot3_gazebo/share/turtlebot3_gazebo//worlds/empty_worlds/waffle_pi.model
[0.158s] -- Up-to-date: /home/user1/turtlebot3_ws/src/turtlebot3_simulations/install/turtlebot3_gazebo/share/turtlebot3_gazebo//worlds/turtlebot3_dqn_stage2
[0.158s] -- Up-to-date: /home/user1/turtlebot3_ws/src/turtlebot3_simulations/install/turtlebot3_gazebo/share/turtlebot3_gazebo//worlds/turtlebot3_dqn_stage2/waffle.model
[0.158s] -- Up-to-date: /home/user1/turtlebot3_ws/src/turtlebot3_simulations/install/turtlebot3_gazebo/share/turtlebot3_gazebo//worlds/turtlebot3_dqn_stage2/burger.model
[0.158s] -- Up-to-date: /home/user1/turtlebot3_ws/src/turtlebot3_simulations/install/turtlebot3_gazebo/share/turtlebot3_gazebo//worlds/turtlebot3_dqn_stage2/waffle_pi.model
[0.158s] -- Up-to-date: /home/user1/turtlebot3_ws/src/turtlebot3_simulations/install/turtlebot3_gazebo/share/turtlebot3_gazebo//worlds/turtlebot3_houses
[0.158s] -- Up-to-date: /home/user1/turtlebot3_ws/src/turtlebot3_simulations/install/turtlebot3_gazebo/share/turtlebot3_gazebo//worlds/turtlebot3_houses/waffle.model
[0.158s] -- Up-to-date: /home/user1/turtlebot3_ws/src/turtlebot3_simulations/install/turtlebot3_gazebo/share/turtlebot3_gazebo//worlds/turtlebot3_houses/burger.model
[0.158s] -- Up-to-date: /home/user1/turtlebot3_ws/src/turtlebot3_simulations/install/turtlebot3_gazebo/share/turtlebot3_gazebo//worlds/turtlebot3_houses/waffle_pi.model
[0.158s] -- Up-to-date: /home/user1/turtlebot3_ws/src/turtlebot3_simulations/install/turtlebot3_gazebo/share/turtlebot3_gazebo//worlds/turtlebot3_worlds
[0.159s] -- Up-to-date: /home/user1/turtlebot3_ws/src/turtlebot3_simulations/install/turtlebot3_gazebo/share/turtlebot3_gazebo//worlds/turtlebot3_worlds/waffle.model
[0.159s] -- Up-to-date: /home/user1/turtlebot3_ws/src/turtlebot3_simulations/install/turtlebot3_gazebo/share/turtlebot3_gazebo//worlds/turtlebot3_worlds/burger.model
[0.159s] -- Up-to-date: /home/user1/turtlebot3_ws/src/turtlebot3_simulations/install/turtlebot3_gazebo/share/turtlebot3_gazebo//worlds/turtlebot3_worlds/waffle_pi.model
[0.159s] -- Up-to-date: /home/user1/turtlebot3_ws/src/turtlebot3_simulations/install/turtlebot3_gazebo/share/turtlebot3_gazebo//worlds/turtlebot3_autoraces
[0.159s] -- Up-to-date: /home/user1/turtlebot3_ws/src/turtlebot3_simulations/install/turtlebot3_gazebo/share/turtlebot3_gazebo//worlds/turtlebot3_autoraces/waffle.model
[0.159s] -- Up-to-date: /home/user1/turtlebot3_ws/src/turtlebot3_simulations/install/turtlebot3_gazebo/share/turtlebot3_gazebo//worlds/turtlebot3_autoraces/burger.model
[0.159s] -- Up-to-date: /home/user1/turtlebot3_ws/src/turtlebot3_simulations/install/turtlebot3_gazebo/share/turtlebot3_gazebo//worlds/turtlebot3_autoraces/waffle_pi.model
[0.159s] -- Up-to-date: /home/user1/turtlebot3_ws/src/turtlebot3_simulations/install/turtlebot3_gazebo/share/turtlebot3_gazebo//worlds/turtlebot3_dqn_stage1
[0.159s] -- Up-to-date: /home/user1/turtlebot3_ws/src/turtlebot3_simulations/install/turtlebot3_gazebo/share/turtlebot3_gazebo//worlds/turtlebot3_dqn_stage1/waffle.model
[0.161s] -- Up-to-date: /home/user1/turtlebot3_ws/src/turtlebot3_simulations/install/turtlebot3_gazebo/share/turtlebot3_gazebo//worlds/turtlebot3_dqn_stage1/burger.model
[0.161s] -- Up-to-date: /home/user1/turtlebot3_ws/src/turtlebot3_simulations/install/turtlebot3_gazebo/share/turtlebot3_gazebo//worlds/turtlebot3_dqn_stage1/waffle_pi.model
[0.161s] -- Up-to-date: /home/user1/turtlebot3_ws/src/turtlebot3_simulations/install/turtlebot3_gazebo/include/
[0.162s] -- Up-to-date: /home/user1/turtlebot3_ws/src/turtlebot3_simulations/install/turtlebot3_gazebo/include//turtlebot3_gazebo
[0.162s] -- Up-to-date: /home/user1/turtlebot3_ws/src/turtlebot3_simulations/install/turtlebot3_gazebo/include//turtlebot3_gazebo/turtlebot3_drive.hpp
[0.162s] -- Up-to-date: /home/user1/turtlebot3_ws/src/turtlebot3_simulations/install/turtlebot3_gazebo/share/ament_index/resource_index/package_run_dependencies/turtlebot3_gazebo
[0.162s] -- Up-to-date: /home/user1/turtlebot3_ws/src/turtlebot3_simulations/install/turtlebot3_gazebo/share/ament_index/resource_index/parent_prefix_path/turtlebot3_gazebo
[0.163s] -- Up-to-date: /home/user1/turtlebot3_ws/src/turtlebot3_simulations/install/turtlebot3_gazebo/share/turtlebot3_gazebo/environment/ament_prefix_path.sh
[0.163s] -- Up-to-date: /home/user1/turtlebot3_ws/src/turtlebot3_simulations/install/turtlebot3_gazebo/share/turtlebot3_gazebo/environment/ament_prefix_path.dsv
[0.164s] -- Up-to-date: /home/user1/turtlebot3_ws/src/turtlebot3_simulations/install/turtlebot3_gazebo/share/turtlebot3_gazebo/environment/path.sh
[0.165s] -- Up-to-date: /home/user1/turtlebot3_ws/src/turtlebot3_simulations/install/turtlebot3_gazebo/share/turtlebot3_gazebo/environment/path.dsv
[0.165s] -- Up-to-date: /home/user1/turtlebot3_ws/src/turtlebot3_simulations/install/turtlebot3_gazebo/share/turtlebot3_gazebo/local_setup.bash
[0.166s] -- Up-to-date: /home/user1/turtlebot3_ws/src/turtlebot3_simulations/install/turtlebot3_gazebo/share/turtlebot3_gazebo/local_setup.sh
[0.166s] -- Up-to-date: /home/user1/turtlebot3_ws/src/turtlebot3_simulations/install/turtlebot3_gazebo/share/turtlebot3_gazebo/local_setup.zsh
[0.166s] -- Up-to-date: /home/user1/turtlebot3_ws/src/turtlebot3_simulations/install/turtlebot3_gazebo/share/turtlebot3_gazebo/local_setup.dsv
[0.167s] -- Installing: /home/user1/turtlebot3_ws/src/turtlebot3_simulations/install/turtlebot3_gazebo/share/turtlebot3_gazebo/package.dsv
[0.167s] -- Up-to-date: /home/user1/turtlebot3_ws/src/turtlebot3_simulations/install/turtlebot3_gazebo/share/ament_index/resource_index/packages/turtlebot3_gazebo
[0.167s] -- Up-to-date: /home/user1/turtlebot3_ws/src/turtlebot3_simulations/install/turtlebot3_gazebo/share/turtlebot3_gazebo/cmake/ament_cmake_export_include_directories-extras.cmake
[0.168s] -- Up-to-date: /home/user1/turtlebot3_ws/src/turtlebot3_simulations/install/turtlebot3_gazebo/share/turtlebot3_gazebo/cmake/ament_cmake_export_dependencies-extras.cmake
[0.168s] -- Up-to-date: /home/user1/turtlebot3_ws/src/turtlebot3_simulations/install/turtlebot3_gazebo/share/turtlebot3_gazebo/cmake/turtlebot3_gazeboConfig.cmake
[0.168s] -- Up-to-date: /home/user1/turtlebot3_ws/src/turtlebot3_simulations/install/turtlebot3_gazebo/share/turtlebot3_gazebo/cmake/turtlebot3_gazeboConfig-version.cmake
[0.168s] -- Up-to-date: /home/user1/turtlebot3_ws/src/turtlebot3_simulations/install/turtlebot3_gazebo/share/turtlebot3_gazebo/package.xml
[0.169s] Invoked command in '/home/user1/turtlebot3_ws/src/turtlebot3_simulations/build/turtlebot3_gazebo' returned '0': CMAKE_PREFIX_PATH=${CMAKE_PREFIX_PATH}:/home/user1/turtlebot3_ws/install/turtlebot3_teleop:/home/user1/turtlebot3_ws/install/turtlebot3_example:/opt/ros/foxy /usr/bin/cmake --install /home/user1/turtlebot3_ws/src/turtlebot3_simulations/build/turtlebot3_gazebo
