[0.218s] Invoking command in '/home/user1/turtlebot3_ws/src/build/turtlebot3_fake_node': CMAKE_PREFIX_PATH=${CMAKE_PREFIX_PATH}:/home/user1/turtlebot3_ws/install/turtlebot3_teleop:/home/user1/turtlebot3_ws/install/turtlebot3_example:/opt/ros/foxy /usr/bin/cmake --build /home/user1/turtlebot3_ws/src/build/turtlebot3_fake_node -- -j12 -l12
[0.414s] [100%] Built target turtlebot3_fake_node
[0.419s] Invoked command in '/home/user1/turtlebot3_ws/src/build/turtlebot3_fake_node' returned '0': CMAKE_PREFIX_PATH=${CMAKE_PREFIX_PATH}:/home/user1/turtlebot3_ws/install/turtlebot3_teleop:/home/user1/turtlebot3_ws/install/turtlebot3_example:/opt/ros/foxy /usr/bin/cmake --build /home/user1/turtlebot3_ws/src/build/turtlebot3_fake_node -- -j12 -l12
[0.441s] Invoking command in '/home/user1/turtlebot3_ws/src/build/turtlebot3_fake_node': CMAKE_PREFIX_PATH=${CMAKE_PREFIX_PATH}:/home/user1/turtlebot3_ws/install/turtlebot3_teleop:/home/user1/turtlebot3_ws/install/turtlebot3_example:/opt/ros/foxy /usr/bin/cmake --install /home/user1/turtlebot3_ws/src/build/turtlebot3_fake_node
[0.458s] -- Install configuration: ""
[0.458s] -- Up-to-date: /home/user1/turtlebot3_ws/src/install/turtlebot3_fake_node/lib/turtlebot3_fake_node/turtlebot3_fake_node
[0.459s] -- Up-to-date: /home/user1/turtlebot3_ws/src/install/turtlebot3_fake_node/share/turtlebot3_fake_node/launch
[0.459s] -- Up-to-date: /home/user1/turtlebot3_ws/src/install/turtlebot3_fake_node/share/turtlebot3_fake_node/launch/rviz2.launch.py
[0.459s] -- Up-to-date: /home/user1/turtlebot3_ws/src/install/turtlebot3_fake_node/share/turtlebot3_fake_node/launch/turtlebot3_fake_node.launch.py
[0.460s] -- Up-to-date: /home/user1/turtlebot3_ws/src/install/turtlebot3_fake_node/share/turtlebot3_fake_node/param
[0.460s] -- Up-to-date: /home/user1/turtlebot3_ws/src/install/turtlebot3_fake_node/share/turtlebot3_fake_node/param/waffle_pi.yaml
[0.460s] -- Up-to-date: /home/user1/turtlebot3_ws/src/install/turtlebot3_fake_node/share/turtlebot3_fake_node/param/burger.yaml
[0.460s] -- Up-to-date: /home/user1/turtlebot3_ws/src/install/turtlebot3_fake_node/share/turtlebot3_fake_node/param/waffle.yaml
[0.460s] -- Up-to-date: /home/user1/turtlebot3_ws/src/install/turtlebot3_fake_node/share/turtlebot3_fake_node/rviz
[0.460s] -- Up-to-date: /home/user1/turtlebot3_ws/src/install/turtlebot3_fake_node/share/turtlebot3_fake_node/rviz/model.rviz
[0.460s] -- Up-to-date: /home/user1/turtlebot3_ws/src/install/turtlebot3_fake_node/include/
[0.461s] -- Up-to-date: /home/user1/turtlebot3_ws/src/install/turtlebot3_fake_node/include//turtlebot3_fake_node
[0.461s] -- Up-to-date: /home/user1/turtlebot3_ws/src/install/turtlebot3_fake_node/include//turtlebot3_fake_node/turtlebot3_fake_node.hpp
[0.461s] -- Up-to-date: /home/user1/turtlebot3_ws/src/install/turtlebot3_fake_node/share/ament_index/resource_index/package_run_dependencies/turtlebot3_fake_node
[0.461s] -- Up-to-date: /home/user1/turtlebot3_ws/src/install/turtlebot3_fake_node/share/ament_index/resource_index/parent_prefix_path/turtlebot3_fake_node
[0.461s] -- Up-to-date: /home/user1/turtlebot3_ws/src/install/turtlebot3_fake_node/share/turtlebot3_fake_node/environment/ament_prefix_path.sh
[0.461s] -- Up-to-date: /home/user1/turtlebot3_ws/src/install/turtlebot3_fake_node/share/turtlebot3_fake_node/environment/ament_prefix_path.dsv
[0.461s] -- Up-to-date: /home/user1/turtlebot3_ws/src/install/turtlebot3_fake_node/share/turtlebot3_fake_node/environment/path.sh
[0.462s] -- Up-to-date: /home/user1/turtlebot3_ws/src/install/turtlebot3_fake_node/share/turtlebot3_fake_node/environment/path.dsv
[0.462s] -- Up-to-date: /home/user1/turtlebot3_ws/src/install/turtlebot3_fake_node/share/turtlebot3_fake_node/local_setup.bash
[0.462s] -- Up-to-date: /home/user1/turtlebot3_ws/src/install/turtlebot3_fake_node/share/turtlebot3_fake_node/local_setup.sh
[0.462s] -- Up-to-date: /home/user1/turtlebot3_ws/src/install/turtlebot3_fake_node/share/turtlebot3_fake_node/local_setup.zsh
[0.462s] -- Up-to-date: /home/user1/turtlebot3_ws/src/install/turtlebot3_fake_node/share/turtlebot3_fake_node/local_setup.dsv
[0.462s] -- Installing: /home/user1/turtlebot3_ws/src/install/turtlebot3_fake_node/share/turtlebot3_fake_node/package.dsv
[0.462s] -- Up-to-date: /home/user1/turtlebot3_ws/src/install/turtlebot3_fake_node/share/ament_index/resource_index/packages/turtlebot3_fake_node
[0.462s] -- Up-to-date: /home/user1/turtlebot3_ws/src/install/turtlebot3_fake_node/share/turtlebot3_fake_node/cmake/ament_cmake_export_include_directories-extras.cmake
[0.462s] -- Up-to-date: /home/user1/turtlebot3_ws/src/install/turtlebot3_fake_node/share/turtlebot3_fake_node/cmake/ament_cmake_export_dependencies-extras.cmake
[0.463s] -- Up-to-date: /home/user1/turtlebot3_ws/src/install/turtlebot3_fake_node/share/turtlebot3_fake_node/cmake/turtlebot3_fake_nodeConfig.cmake
[0.463s] -- Up-to-date: /home/user1/turtlebot3_ws/src/install/turtlebot3_fake_node/share/turtlebot3_fake_node/cmake/turtlebot3_fake_nodeConfig-version.cmake
[0.463s] -- Up-to-date: /home/user1/turtlebot3_ws/src/install/turtlebot3_fake_node/share/turtlebot3_fake_node/package.xml
[0.508s] Invoked command in '/home/user1/turtlebot3_ws/src/build/turtlebot3_fake_node' returned '0': CMAKE_PREFIX_PATH=${CMAKE_PREFIX_PATH}:/home/user1/turtlebot3_ws/install/turtlebot3_teleop:/home/user1/turtlebot3_ws/install/turtlebot3_example:/opt/ros/foxy /usr/bin/cmake --install /home/user1/turtlebot3_ws/src/build/turtlebot3_fake_node
