[0.082s] Invoking command in '/home/user1/robotfusion/turtlebot3_ws/src/build/turtlebot3_description': CMAKE_PREFIX_PATH=${CMAKE_PREFIX_PATH}:/home/user1/robotfusion/turtlebot3_ws/install/turtlebot3_teleop:/home/user1/robotfusion/turtlebot3_ws/install/turtlebot3_example:/home/user1/turtlebot3_ws/src/turtlebot3_simulations/turtlebot3_gazebo/install/turtlebot3_gazebo:/opt/ros/foxy /usr/bin/cmake --build /home/user1/robotfusion/turtlebot3_ws/src/build/turtlebot3_description -- -j12 -l12
[0.546s] CMake Error: The current CMakeCache.txt directory /home/user1/robotfusion/turtlebot3_ws/src/build/turtlebot3_description/CMakeCache.txt is different than the directory /home/user1/turtlebot3_ws/src/build/turtlebot3_description where CMakeCache.txt was created. This may result in binaries being created in the wrong place. If you are not sure, reedit the CMakeCache.txt
[0.550s] Invoked command in '/home/user1/robotfusion/turtlebot3_ws/src/build/turtlebot3_description' returned '0': CMAKE_PREFIX_PATH=${CMAKE_PREFIX_PATH}:/home/user1/robotfusion/turtlebot3_ws/install/turtlebot3_teleop:/home/user1/robotfusion/turtlebot3_ws/install/turtlebot3_example:/home/user1/turtlebot3_ws/src/turtlebot3_simulations/turtlebot3_gazebo/install/turtlebot3_gazebo:/opt/ros/foxy /usr/bin/cmake --build /home/user1/robotfusion/turtlebot3_ws/src/build/turtlebot3_description -- -j12 -l12
[0.580s] Invoking command in '/home/user1/robotfusion/turtlebot3_ws/src/build/turtlebot3_description': CMAKE_PREFIX_PATH=${CMAKE_PREFIX_PATH}:/home/user1/robotfusion/turtlebot3_ws/install/turtlebot3_teleop:/home/user1/robotfusion/turtlebot3_ws/install/turtlebot3_example:/home/user1/turtlebot3_ws/src/turtlebot3_simulations/turtlebot3_gazebo/install/turtlebot3_gazebo:/opt/ros/foxy /usr/bin/cmake --install /home/user1/robotfusion/turtlebot3_ws/src/build/turtlebot3_description
[0.589s] -- Install configuration: ""
[0.589s] -- Up-to-date: /home/user1/turtlebot3_ws/src/install/turtlebot3_description/share/turtlebot3_description/meshes
[0.590s] -- Up-to-date: /home/user1/turtlebot3_ws/src/install/turtlebot3_description/share/turtlebot3_description/meshes/sensors
[0.591s] -- Up-to-date: /home/user1/turtlebot3_ws/src/install/turtlebot3_description/share/turtlebot3_description/meshes/sensors/astra.jpg
[0.591s] -- Up-to-date: /home/user1/turtlebot3_ws/src/install/turtlebot3_description/share/turtlebot3_description/meshes/sensors/r200.dae
[0.591s] -- Up-to-date: /home/user1/turtlebot3_ws/src/install/turtlebot3_description/share/turtlebot3_description/meshes/sensors/r200.jpg
[0.593s] -- Up-to-date: /home/user1/turtlebot3_ws/src/install/turtlebot3_description/share/turtlebot3_description/meshes/sensors/lds.stl
[0.593s] -- Up-to-date: /home/user1/turtlebot3_ws/src/install/turtlebot3_description/share/turtlebot3_description/meshes/sensors/astra.dae
[0.593s] -- Up-to-date: /home/user1/turtlebot3_ws/src/install/turtlebot3_description/share/turtlebot3_description/meshes/wheels
[0.593s] -- Up-to-date: /home/user1/turtlebot3_ws/src/install/turtlebot3_description/share/turtlebot3_description/meshes/wheels/left_tire.stl
[0.594s] -- Up-to-date: /home/user1/turtlebot3_ws/src/install/turtlebot3_description/share/turtlebot3_description/meshes/wheels/right_tire.stl
[0.594s] -- Up-to-date: /home/user1/turtlebot3_ws/src/install/turtlebot3_description/share/turtlebot3_description/meshes/bases
[0.594s] -- Up-to-date: /home/user1/turtlebot3_ws/src/install/turtlebot3_description/share/turtlebot3_description/meshes/bases/waffle_pi_base.stl
[0.594s] -- Up-to-date: /home/user1/turtlebot3_ws/src/install/turtlebot3_description/share/turtlebot3_description/meshes/bases/burger_base.stl
[0.595s] -- Up-to-date: /home/user1/turtlebot3_ws/src/install/turtlebot3_description/share/turtlebot3_description/meshes/bases/waffle_base.stl
[0.595s] -- Up-to-date: /home/user1/turtlebot3_ws/src/install/turtlebot3_description/share/turtlebot3_description/rviz
[0.596s] -- Up-to-date: /home/user1/turtlebot3_ws/src/install/turtlebot3_description/share/turtlebot3_description/rviz/model.rviz
[0.597s] -- Up-to-date: /home/user1/turtlebot3_ws/src/install/turtlebot3_description/share/turtlebot3_description/urdf
[0.597s] -- Up-to-date: /home/user1/turtlebot3_ws/src/install/turtlebot3_description/share/turtlebot3_description/urdf/turtlebot3_waffle.urdf
[0.598s] -- Up-to-date: /home/user1/turtlebot3_ws/src/install/turtlebot3_description/share/turtlebot3_description/urdf/turtlebot3_burger.urdf
[0.598s] -- Up-to-date: /home/user1/turtlebot3_ws/src/install/turtlebot3_description/share/turtlebot3_description/urdf/common_properties.urdf
[0.598s] -- Up-to-date: /home/user1/turtlebot3_ws/src/install/turtlebot3_description/share/turtlebot3_description/urdf/turtlebot3_waffle_pi.urdf
[0.598s] -- Up-to-date: /home/user1/turtlebot3_ws/src/install/turtlebot3_description/share/ament_index/resource_index/package_run_dependencies/turtlebot3_description
[0.598s] -- Up-to-date: /home/user1/turtlebot3_ws/src/install/turtlebot3_description/share/ament_index/resource_index/parent_prefix_path/turtlebot3_description
[0.598s] -- Up-to-date: /home/user1/turtlebot3_ws/src/install/turtlebot3_description/share/turtlebot3_description/environment/ament_prefix_path.sh
[0.599s] -- Up-to-date: /home/user1/turtlebot3_ws/src/install/turtlebot3_description/share/turtlebot3_description/environment/ament_prefix_path.dsv
[0.599s] -- Up-to-date: /home/user1/turtlebot3_ws/src/install/turtlebot3_description/share/turtlebot3_description/environment/path.sh
[0.599s] -- Up-to-date: /home/user1/turtlebot3_ws/src/install/turtlebot3_description/share/turtlebot3_description/environment/path.dsv
[0.600s] -- Up-to-date: /home/user1/turtlebot3_ws/src/install/turtlebot3_description/share/turtlebot3_description/local_setup.bash
[0.600s] -- Up-to-date: /home/user1/turtlebot3_ws/src/install/turtlebot3_description/share/turtlebot3_description/local_setup.sh
[0.600s] -- Up-to-date: /home/user1/turtlebot3_ws/src/install/turtlebot3_description/share/turtlebot3_description/local_setup.zsh
[0.601s] -- Up-to-date: /home/user1/turtlebot3_ws/src/install/turtlebot3_description/share/turtlebot3_description/local_setup.dsv
[0.601s] -- Installing: /home/user1/turtlebot3_ws/src/install/turtlebot3_description/share/turtlebot3_description/package.dsv
[0.603s] -- Up-to-date: /home/user1/turtlebot3_ws/src/install/turtlebot3_description/share/ament_index/resource_index/packages/turtlebot3_description
[0.605s] -- Up-to-date: /home/user1/turtlebot3_ws/src/install/turtlebot3_description/share/turtlebot3_description/cmake/turtlebot3_descriptionConfig.cmake
[0.605s] -- Up-to-date: /home/user1/turtlebot3_ws/src/install/turtlebot3_description/share/turtlebot3_description/cmake/turtlebot3_descriptionConfig-version.cmake
[0.605s] -- Up-to-date: /home/user1/turtlebot3_ws/src/install/turtlebot3_description/share/turtlebot3_description/package.xml
[0.609s] Invoked command in '/home/user1/robotfusion/turtlebot3_ws/src/build/turtlebot3_description' returned '0': CMAKE_PREFIX_PATH=${CMAKE_PREFIX_PATH}:/home/user1/robotfusion/turtlebot3_ws/install/turtlebot3_teleop:/home/user1/robotfusion/turtlebot3_ws/install/turtlebot3_example:/home/user1/turtlebot3_ws/src/turtlebot3_simulations/turtlebot3_gazebo/install/turtlebot3_gazebo:/opt/ros/foxy /usr/bin/cmake --install /home/user1/robotfusion/turtlebot3_ws/src/build/turtlebot3_description
