[0.044s] Invoking command in '/home/user1/turtlebot3_ws/src/build/turtlebot3_cartographer': CMAKE_PREFIX_PATH=/opt/ros/foxy /usr/bin/cmake --build /home/user1/turtlebot3_ws/src/build/turtlebot3_cartographer -- -j12 -l12
[0.481s] Invoked command in '/home/user1/turtlebot3_ws/src/build/turtlebot3_cartographer' returned '0': CMAKE_PREFIX_PATH=/opt/ros/foxy /usr/bin/cmake --build /home/user1/turtlebot3_ws/src/build/turtlebot3_cartographer -- -j12 -l12
[0.513s] Invoking command in '/home/user1/turtlebot3_ws/src/build/turtlebot3_cartographer': CMAKE_PREFIX_PATH=/opt/ros/foxy /usr/bin/cmake --install /home/user1/turtlebot3_ws/src/build/turtlebot3_cartographer
[0.537s] -- Install configuration: ""
[0.537s] -- Up-to-date: /home/user1/turtlebot3_ws/src/install/turtlebot3_cartographer/share/turtlebot3_cartographer/config
[0.537s] -- Up-to-date: /home/user1/turtlebot3_ws/src/install/turtlebot3_cartographer/share/turtlebot3_cartographer/config/turtlebot3_lds_2d.lua
[0.537s] -- Up-to-date: /home/user1/turtlebot3_ws/src/install/turtlebot3_cartographer/share/turtlebot3_cartographer/launch
[0.538s] -- Up-to-date: /home/user1/turtlebot3_ws/src/install/turtlebot3_cartographer/share/turtlebot3_cartographer/launch/cartographer.launch.py
[0.538s] -- Up-to-date: /home/user1/turtlebot3_ws/src/install/turtlebot3_cartographer/share/turtlebot3_cartographer/launch/occupancy_grid.launch.py
[0.538s] -- Up-to-date: /home/user1/turtlebot3_ws/src/install/turtlebot3_cartographer/share/turtlebot3_cartographer/rviz
[0.538s] -- Up-to-date: /home/user1/turtlebot3_ws/src/install/turtlebot3_cartographer/share/turtlebot3_cartographer/rviz/tb3_cartographer.rviz
[0.538s] -- Up-to-date: /home/user1/turtlebot3_ws/src/install/turtlebot3_cartographer/share/ament_index/resource_index/package_run_dependencies/turtlebot3_cartographer
[0.538s] -- Up-to-date: /home/user1/turtlebot3_ws/src/install/turtlebot3_cartographer/share/ament_index/resource_index/parent_prefix_path/turtlebot3_cartographer
[0.538s] -- Up-to-date: /home/user1/turtlebot3_ws/src/install/turtlebot3_cartographer/share/turtlebot3_cartographer/environment/ament_prefix_path.sh
[0.538s] -- Up-to-date: /home/user1/turtlebot3_ws/src/install/turtlebot3_cartographer/share/turtlebot3_cartographer/environment/ament_prefix_path.dsv
[0.538s] -- Up-to-date: /home/user1/turtlebot3_ws/src/install/turtlebot3_cartographer/share/turtlebot3_cartographer/environment/path.sh
[0.539s] -- Up-to-date: /home/user1/turtlebot3_ws/src/install/turtlebot3_cartographer/share/turtlebot3_cartographer/environment/path.dsv
[0.539s] -- Up-to-date: /home/user1/turtlebot3_ws/src/install/turtlebot3_cartographer/share/turtlebot3_cartographer/local_setup.bash
[0.539s] -- Up-to-date: /home/user1/turtlebot3_ws/src/install/turtlebot3_cartographer/share/turtlebot3_cartographer/local_setup.sh
[0.539s] -- Up-to-date: /home/user1/turtlebot3_ws/src/install/turtlebot3_cartographer/share/turtlebot3_cartographer/local_setup.zsh
[0.539s] -- Up-to-date: /home/user1/turtlebot3_ws/src/install/turtlebot3_cartographer/share/turtlebot3_cartographer/local_setup.dsv
[0.539s] -- Installing: /home/user1/turtlebot3_ws/src/install/turtlebot3_cartographer/share/turtlebot3_cartographer/package.dsv
[0.539s] -- Up-to-date: /home/user1/turtlebot3_ws/src/install/turtlebot3_cartographer/share/ament_index/resource_index/packages/turtlebot3_cartographer
[0.539s] -- Up-to-date: /home/user1/turtlebot3_ws/src/install/turtlebot3_cartographer/share/turtlebot3_cartographer/cmake/turtlebot3_cartographerConfig.cmake
[0.539s] -- Up-to-date: /home/user1/turtlebot3_ws/src/install/turtlebot3_cartographer/share/turtlebot3_cartographer/cmake/turtlebot3_cartographerConfig-version.cmake
[0.539s] -- Up-to-date: /home/user1/turtlebot3_ws/src/install/turtlebot3_cartographer/share/turtlebot3_cartographer/package.xml
[0.564s] Invoked command in '/home/user1/turtlebot3_ws/src/build/turtlebot3_cartographer' returned '0': CMAKE_PREFIX_PATH=/opt/ros/foxy /usr/bin/cmake --install /home/user1/turtlebot3_ws/src/build/turtlebot3_cartographer
