[0.899s] Invoking command in '/home/user1/turtlebot3_ws/src/turtlebot3/turtlebot3_example': PYTHONPATH=/home/user1/turtlebot3_ws/src/install/turtlebot3_example/lib/python3.8/site-packages:${PYTHONPATH} /usr/bin/python3 setup.py egg_info --egg-base ../../build/turtlebot3_example build --build-base /home/user1/turtlebot3_ws/src/build/turtlebot3_example/build install --prefix /home/user1/turtlebot3_ws/src/install/turtlebot3_example --record /home/user1/turtlebot3_ws/src/build/turtlebot3_example/install.log --single-version-externally-managed
[1.107s] running egg_info
[1.107s] writing ../../build/turtlebot3_example/turtlebot3_example.egg-info/PKG-INFO
[1.107s] writing dependency_links to ../../build/turtlebot3_example/turtlebot3_example.egg-info/dependency_links.txt
[1.108s] writing entry points to ../../build/turtlebot3_example/turtlebot3_example.egg-info/entry_points.txt
[1.108s] writing requirements to ../../build/turtlebot3_example/turtlebot3_example.egg-info/requires.txt
[1.108s] writing top-level names to ../../build/turtlebot3_example/turtlebot3_example.egg-info/top_level.txt
[1.138s] reading manifest file '../../build/turtlebot3_example/turtlebot3_example.egg-info/SOURCES.txt'
[1.139s] writing manifest file '../../build/turtlebot3_example/turtlebot3_example.egg-info/SOURCES.txt'
[1.139s] running build
[1.139s] running build_py
[1.140s] running install
[1.140s] running install_lib
[1.142s] running install_data
[1.142s] running install_egg_info
[1.144s] removing '/home/user1/turtlebot3_ws/src/install/turtlebot3_example/lib/python3.8/site-packages/turtlebot3_example-2.1.4-py3.8.egg-info' (and everything under it)
[1.144s] Copying ../../build/turtlebot3_example/turtlebot3_example.egg-info to /home/user1/turtlebot3_ws/src/install/turtlebot3_example/lib/python3.8/site-packages/turtlebot3_example-2.1.4-py3.8.egg-info
[1.145s] running install_scripts
[1.159s] Installing turtlebot3_obstacle_detection script to /home/user1/turtlebot3_ws/src/install/turtlebot3_example/lib/turtlebot3_example
[1.159s] Installing turtlebot3_patrol_client script to /home/user1/turtlebot3_ws/src/install/turtlebot3_example/lib/turtlebot3_example
[1.159s] Installing turtlebot3_patrol_server script to /home/user1/turtlebot3_ws/src/install/turtlebot3_example/lib/turtlebot3_example
[1.159s] Installing turtlebot3_position_control script to /home/user1/turtlebot3_ws/src/install/turtlebot3_example/lib/turtlebot3_example
[1.160s] writing list of installed files to '/home/user1/turtlebot3_ws/src/build/turtlebot3_example/install.log'
[1.181s] Invoked command in '/home/user1/turtlebot3_ws/src/turtlebot3/turtlebot3_example' returned '0': PYTHONPATH=/home/user1/turtlebot3_ws/src/install/turtlebot3_example/lib/python3.8/site-packages:${PYTHONPATH} /usr/bin/python3 setup.py egg_info --egg-base ../../build/turtlebot3_example build --build-base /home/user1/turtlebot3_ws/src/build/turtlebot3_example/build install --prefix /home/user1/turtlebot3_ws/src/install/turtlebot3_example --record /home/user1/turtlebot3_ws/src/build/turtlebot3_example/install.log --single-version-externally-managed
