[0.073s] Invoking command in '/home/user1/turtlebot3_ws/src/build/turtlebot3_node': CMAKE_PREFIX_PATH=${CMAKE_PREFIX_PATH}:/home/user1/turtlebot3_ws/src/install/turtlebot3_teleop:/home/user1/turtlebot3_ws/src/install/turtlebot3_example:/home/user1/turtlebot3_ws/install/turtlebot3_teleop:/home/user1/turtlebot3_ws/install/turtlebot3_example:/opt/ros/foxy /usr/bin/cmake --build /home/user1/turtlebot3_ws/src/build/turtlebot3_node -- -j12 -l12
[0.536s] [ 85%] Built target turtlebot3_node_lib
[0.536s] [100%] Built target turtlebot3_ros
[0.539s] Invoked command in '/home/user1/turtlebot3_ws/src/build/turtlebot3_node' returned '0': CMAKE_PREFIX_PATH=${CMAKE_PREFIX_PATH}:/home/user1/turtlebot3_ws/src/install/turtlebot3_teleop:/home/user1/turtlebot3_ws/src/install/turtlebot3_example:/home/user1/turtlebot3_ws/install/turtlebot3_teleop:/home/user1/turtlebot3_ws/install/turtlebot3_example:/opt/ros/foxy /usr/bin/cmake --build /home/user1/turtlebot3_ws/src/build/turtlebot3_node -- -j12 -l12
[0.610s] Invoking command in '/home/user1/turtlebot3_ws/src/build/turtlebot3_node': CMAKE_PREFIX_PATH=${CMAKE_PREFIX_PATH}:/home/user1/turtlebot3_ws/src/install/turtlebot3_teleop:/home/user1/turtlebot3_ws/src/install/turtlebot3_example:/home/user1/turtlebot3_ws/install/turtlebot3_teleop:/home/user1/turtlebot3_ws/install/turtlebot3_example:/opt/ros/foxy /usr/bin/cmake --install /home/user1/turtlebot3_ws/src/build/turtlebot3_node
[0.612s] -- Install configuration: ""
[0.613s] -- Up-to-date: /home/user1/turtlebot3_ws/src/install/turtlebot3_node/share/turtlebot3_node/param
[0.613s] -- Up-to-date: /home/user1/turtlebot3_ws/src/install/turtlebot3_node/share/turtlebot3_node/param/waffle_pi.yaml
[0.613s] -- Up-to-date: /home/user1/turtlebot3_ws/src/install/turtlebot3_node/share/turtlebot3_node/param/burger.yaml
[0.613s] -- Up-to-date: /home/user1/turtlebot3_ws/src/install/turtlebot3_node/share/turtlebot3_node/param/waffle.yaml
[0.614s] -- Up-to-date: /home/user1/turtlebot3_ws/src/install/turtlebot3_node/lib/turtlebot3_node/turtlebot3_ros
[0.614s] -- Up-to-date: /home/user1/turtlebot3_ws/src/install/turtlebot3_node/share/ament_index/resource_index/package_run_dependencies/turtlebot3_node
[0.614s] -- Up-to-date: /home/user1/turtlebot3_ws/src/install/turtlebot3_node/share/ament_index/resource_index/parent_prefix_path/turtlebot3_node
[0.614s] -- Up-to-date: /home/user1/turtlebot3_ws/src/install/turtlebot3_node/share/turtlebot3_node/environment/ament_prefix_path.sh
[0.614s] -- Up-to-date: /home/user1/turtlebot3_ws/src/install/turtlebot3_node/share/turtlebot3_node/environment/ament_prefix_path.dsv
[0.615s] -- Up-to-date: /home/user1/turtlebot3_ws/src/install/turtlebot3_node/share/turtlebot3_node/environment/path.sh
[0.616s] -- Up-to-date: /home/user1/turtlebot3_ws/src/install/turtlebot3_node/share/turtlebot3_node/environment/path.dsv
[0.617s] -- Up-to-date: /home/user1/turtlebot3_ws/src/install/turtlebot3_node/share/turtlebot3_node/local_setup.bash
[0.617s] -- Up-to-date: /home/user1/turtlebot3_ws/src/install/turtlebot3_node/share/turtlebot3_node/local_setup.sh
[0.617s] -- Up-to-date: /home/user1/turtlebot3_ws/src/install/turtlebot3_node/share/turtlebot3_node/local_setup.zsh
[0.617s] -- Up-to-date: /home/user1/turtlebot3_ws/src/install/turtlebot3_node/share/turtlebot3_node/local_setup.dsv
[0.618s] -- Installing: /home/user1/turtlebot3_ws/src/install/turtlebot3_node/share/turtlebot3_node/package.dsv
[0.618s] -- Up-to-date: /home/user1/turtlebot3_ws/src/install/turtlebot3_node/share/ament_index/resource_index/packages/turtlebot3_node
[0.618s] -- Up-to-date: /home/user1/turtlebot3_ws/src/install/turtlebot3_node/share/turtlebot3_node/cmake/ament_cmake_export_include_directories-extras.cmake
[0.618s] -- Up-to-date: /home/user1/turtlebot3_ws/src/install/turtlebot3_node/share/turtlebot3_node/cmake/turtlebot3_nodeConfig.cmake
[0.618s] -- Up-to-date: /home/user1/turtlebot3_ws/src/install/turtlebot3_node/share/turtlebot3_node/cmake/turtlebot3_nodeConfig-version.cmake
[0.618s] -- Up-to-date: /home/user1/turtlebot3_ws/src/install/turtlebot3_node/share/turtlebot3_node/package.xml
[0.650s] Invoked command in '/home/user1/turtlebot3_ws/src/build/turtlebot3_node' returned '0': CMAKE_PREFIX_PATH=${CMAKE_PREFIX_PATH}:/home/user1/turtlebot3_ws/src/install/turtlebot3_teleop:/home/user1/turtlebot3_ws/src/install/turtlebot3_example:/home/user1/turtlebot3_ws/install/turtlebot3_teleop:/home/user1/turtlebot3_ws/install/turtlebot3_example:/opt/ros/foxy /usr/bin/cmake --install /home/user1/turtlebot3_ws/src/build/turtlebot3_node
