[0.129s] DEBUG:colcon:Command line arguments: ['/usr/bin/colcon', 'build']
[0.129s] DEBUG:colcon:Parsed command line arguments: Namespace(allow_overriding=[], ament_cmake_args=None, base_paths=['.'], build_base='build', catkin_cmake_args=None, catkin_skip_building_tests=False, cmake_args=None, cmake_clean_cache=False, cmake_clean_first=False, cmake_force_configure=False, cmake_target=None, cmake_target_skip_unavailable=False, continue_on_error=False, event_handlers=None, executor='parallel', ignore_user_meta=False, install_base='install', log_base=None, log_level=None, main=<bound method BuildVerb.main of <colcon_core.verb.build.BuildVerb object at 0x7f390f104df0>>, merge_install=False, metas=['./colcon.meta'], packages_above=None, packages_above_and_dependencies=None, packages_above_depth=None, packages_end=None, packages_ignore=None, packages_ignore_regex=None, packages_select=None, packages_select_build_failed=False, packages_select_by_dep=None, packages_select_regex=None, packages_select_test_failures=False, packages_skip=None, packages_skip_build_finished=False, packages_skip_by_dep=None, packages_skip_regex=None, packages_skip_test_passed=False, packages_skip_up_to=None, packages_start=None, packages_up_to=None, packages_up_to_regex=None, parallel_workers=12, paths=None, symlink_install=False, test_result_base=None, verb_extension=<colcon_core.verb.build.BuildVerb object at 0x7f390f104df0>, verb_name='build', verb_parser=<colcon_defaults.argument_parser.defaults.DefaultArgumentsDecorator object at 0x7f390f10f3a0>)
[0.147s] Level 1:colcon.colcon_core.package_discovery:discover_packages(colcon_meta) check parameters
[0.147s] Level 1:colcon.colcon_core.package_discovery:discover_packages(recursive) check parameters
[0.147s] Level 1:colcon.colcon_core.package_discovery:discover_packages(ignore) check parameters
[0.147s] Level 1:colcon.colcon_core.package_discovery:discover_packages(path) check parameters
[0.147s] Level 1:colcon.colcon_core.package_discovery:discover_packages(colcon_meta) discover
[0.148s] Level 1:colcon.colcon_core.package_discovery:discover_packages(recursive) discover
[0.148s] INFO:colcon.colcon_core.package_discovery:Crawling recursively for packages in '/home/user1/robotfusion/turtlebot3_ws/src/turtlebot3_simulations'
[0.148s] Level 1:colcon.colcon_core.package_identification:_identify(.) by extensions ['ignore', 'ignore_ament_install']
[0.148s] Level 1:colcon.colcon_core.package_identification:_identify(.) by extension 'ignore'
[0.148s] Level 1:colcon.colcon_core.package_identification:_identify(.) by extension 'ignore_ament_install'
[0.148s] Level 1:colcon.colcon_core.package_identification:_identify(.) by extensions ['colcon_pkg']
[0.148s] Level 1:colcon.colcon_core.package_identification:_identify(.) by extension 'colcon_pkg'
[0.148s] Level 1:colcon.colcon_core.package_identification:_identify(.) by extensions ['colcon_meta']
[0.148s] Level 1:colcon.colcon_core.package_identification:_identify(.) by extension 'colcon_meta'
[0.148s] Level 1:colcon.colcon_core.package_identification:_identify(.) by extensions ['ros']
[0.148s] Level 1:colcon.colcon_core.package_identification:_identify(.) by extension 'ros'
[0.159s] Level 1:colcon.colcon_core.package_identification:_identify(.) by extensions ['cmake', 'python']
[0.159s] Level 1:colcon.colcon_core.package_identification:_identify(.) by extension 'cmake'
[0.159s] Level 1:colcon.colcon_core.package_identification:_identify(.) by extension 'python'
[0.159s] Level 1:colcon.colcon_core.package_identification:_identify(.) by extensions ['python_setup_py']
[0.159s] Level 1:colcon.colcon_core.package_identification:_identify(.) by extension 'python_setup_py'
[0.159s] Level 1:colcon.colcon_core.package_identification:_identify(build) by extensions ['ignore', 'ignore_ament_install']
[0.160s] Level 1:colcon.colcon_core.package_identification:_identify(build) by extension 'ignore'
[0.160s] Level 1:colcon.colcon_core.package_identification:_identify(build) ignored
[0.160s] Level 1:colcon.colcon_core.package_identification:_identify(install) by extensions ['ignore', 'ignore_ament_install']
[0.160s] Level 1:colcon.colcon_core.package_identification:_identify(install) by extension 'ignore'
[0.160s] Level 1:colcon.colcon_core.package_identification:_identify(install) ignored
[0.160s] Level 1:colcon.colcon_core.package_identification:_identify(log) by extensions ['ignore', 'ignore_ament_install']
[0.160s] Level 1:colcon.colcon_core.package_identification:_identify(log) by extension 'ignore'
[0.160s] Level 1:colcon.colcon_core.package_identification:_identify(log) ignored
[0.160s] Level 1:colcon.colcon_core.package_identification:_identify(turtlebot3_fake_node) by extensions ['ignore', 'ignore_ament_install']
[0.160s] Level 1:colcon.colcon_core.package_identification:_identify(turtlebot3_fake_node) by extension 'ignore'
[0.160s] Level 1:colcon.colcon_core.package_identification:_identify(turtlebot3_fake_node) by extension 'ignore_ament_install'
[0.160s] Level 1:colcon.colcon_core.package_identification:_identify(turtlebot3_fake_node) by extensions ['colcon_pkg']
[0.160s] Level 1:colcon.colcon_core.package_identification:_identify(turtlebot3_fake_node) by extension 'colcon_pkg'
[0.160s] Level 1:colcon.colcon_core.package_identification:_identify(turtlebot3_fake_node) by extensions ['colcon_meta']
[0.160s] Level 1:colcon.colcon_core.package_identification:_identify(turtlebot3_fake_node) by extension 'colcon_meta'
[0.160s] Level 1:colcon.colcon_core.package_identification:_identify(turtlebot3_fake_node) by extensions ['ros']
[0.160s] Level 1:colcon.colcon_core.package_identification:_identify(turtlebot3_fake_node) by extension 'ros'
[0.168s] DEBUG:colcon.colcon_core.package_identification:Package 'turtlebot3_fake_node' with type 'ros.ament_cmake' and name 'turtlebot3_fake_node'
[0.168s] Level 1:colcon.colcon_core.package_identification:_identify(turtlebot3_gazebo) by extensions ['ignore', 'ignore_ament_install']
[0.168s] Level 1:colcon.colcon_core.package_identification:_identify(turtlebot3_gazebo) by extension 'ignore'
[0.168s] Level 1:colcon.colcon_core.package_identification:_identify(turtlebot3_gazebo) by extension 'ignore_ament_install'
[0.168s] Level 1:colcon.colcon_core.package_identification:_identify(turtlebot3_gazebo) by extensions ['colcon_pkg']
[0.169s] Level 1:colcon.colcon_core.package_identification:_identify(turtlebot3_gazebo) by extension 'colcon_pkg'
[0.169s] Level 1:colcon.colcon_core.package_identification:_identify(turtlebot3_gazebo) by extensions ['colcon_meta']
[0.169s] Level 1:colcon.colcon_core.package_identification:_identify(turtlebot3_gazebo) by extension 'colcon_meta'
[0.169s] Level 1:colcon.colcon_core.package_identification:_identify(turtlebot3_gazebo) by extensions ['ros']
[0.169s] Level 1:colcon.colcon_core.package_identification:_identify(turtlebot3_gazebo) by extension 'ros'
[0.169s] DEBUG:colcon.colcon_core.package_identification:Package 'turtlebot3_gazebo' with type 'ros.ament_cmake' and name 'turtlebot3_gazebo'
[0.169s] Level 1:colcon.colcon_core.package_identification:_identify(turtlebot3_simulations) by extensions ['ignore', 'ignore_ament_install']
[0.170s] Level 1:colcon.colcon_core.package_identification:_identify(turtlebot3_simulations) by extension 'ignore'
[0.170s] Level 1:colcon.colcon_core.package_identification:_identify(turtlebot3_simulations) by extension 'ignore_ament_install'
[0.170s] Level 1:colcon.colcon_core.package_identification:_identify(turtlebot3_simulations) by extensions ['colcon_pkg']
[0.170s] Level 1:colcon.colcon_core.package_identification:_identify(turtlebot3_simulations) by extension 'colcon_pkg'
[0.170s] Level 1:colcon.colcon_core.package_identification:_identify(turtlebot3_simulations) by extensions ['colcon_meta']
[0.170s] Level 1:colcon.colcon_core.package_identification:_identify(turtlebot3_simulations) by extension 'colcon_meta'
[0.170s] Level 1:colcon.colcon_core.package_identification:_identify(turtlebot3_simulations) by extensions ['ros']
[0.170s] Level 1:colcon.colcon_core.package_identification:_identify(turtlebot3_simulations) by extension 'ros'
[0.170s] DEBUG:colcon.colcon_core.package_identification:Package 'turtlebot3_simulations' with type 'ros.ament_cmake' and name 'turtlebot3_simulations'
[0.170s] Level 1:colcon.colcon_core.package_discovery:discover_packages(recursive) using defaults
[0.170s] Level 1:colcon.colcon_core.package_discovery:discover_packages(ignore) discover
[0.170s] Level 1:colcon.colcon_core.package_discovery:discover_packages(ignore) using defaults
[0.170s] Level 1:colcon.colcon_core.package_discovery:discover_packages(path) discover
[0.170s] Level 1:colcon.colcon_core.package_discovery:discover_packages(path) using defaults
[0.185s] Level 1:colcon.colcon_core.package_discovery:discover_packages(prefix_path) check parameters
[0.185s] Level 1:colcon.colcon_core.package_discovery:discover_packages(prefix_path) discover
[0.187s] DEBUG:colcon.colcon_installed_package_information.package_discovery:Found 1 installed packages in /home/user1/robotfusion/turtlebot3_ws/src/turtlebot3_simulations/turtlebot3_gazebo/install
[0.188s] DEBUG:colcon.colcon_installed_package_information.package_discovery:Found 3 installed packages in /home/user1/robotfusion/turtlebot3_ws/src/turtlebot3_simulations/install
[0.189s] DEBUG:colcon.colcon_installed_package_information.package_discovery:Found 1 installed packages in /home/user1/turtlebot3_ws/src/turtlebot3_simulations/turtlebot3_gazebo/install
[0.190s] DEBUG:colcon.colcon_installed_package_information.package_discovery:Found 12 installed packages in /home/user1/robotfusion/turtlebot3_ws/install
[0.191s] DEBUG:colcon.colcon_installed_package_information.package_discovery:Found 336 installed packages in /opt/ros/foxy
[0.193s] Level 1:colcon.colcon_core.package_discovery:discover_packages(prefix_path) using defaults
[0.250s] Level 5:colcon.colcon_core.verb:set package 'turtlebot3_fake_node' build argument 'cmake_args' from command line to 'None'
[0.250s] Level 5:colcon.colcon_core.verb:set package 'turtlebot3_fake_node' build argument 'cmake_target' from command line to 'None'
[0.250s] Level 5:colcon.colcon_core.verb:set package 'turtlebot3_fake_node' build argument 'cmake_target_skip_unavailable' from command line to 'False'
[0.250s] Level 5:colcon.colcon_core.verb:set package 'turtlebot3_fake_node' build argument 'cmake_clean_cache' from command line to 'False'
[0.250s] Level 5:colcon.colcon_core.verb:set package 'turtlebot3_fake_node' build argument 'cmake_clean_first' from command line to 'False'
[0.250s] Level 5:colcon.colcon_core.verb:set package 'turtlebot3_fake_node' build argument 'cmake_force_configure' from command line to 'False'
[0.250s] Level 5:colcon.colcon_core.verb:set package 'turtlebot3_fake_node' build argument 'ament_cmake_args' from command line to 'None'
[0.250s] Level 5:colcon.colcon_core.verb:set package 'turtlebot3_fake_node' build argument 'catkin_cmake_args' from command line to 'None'
[0.250s] Level 5:colcon.colcon_core.verb:set package 'turtlebot3_fake_node' build argument 'catkin_skip_building_tests' from command line to 'False'
[0.250s] DEBUG:colcon.colcon_core.verb:Building package 'turtlebot3_fake_node' with the following arguments: {'ament_cmake_args': None, 'build_base': '/home/user1/robotfusion/turtlebot3_ws/src/turtlebot3_simulations/build/turtlebot3_fake_node', 'catkin_cmake_args': None, 'catkin_skip_building_tests': False, 'cmake_args': None, 'cmake_clean_cache': False, 'cmake_clean_first': False, 'cmake_force_configure': False, 'cmake_target': None, 'cmake_target_skip_unavailable': False, 'install_base': '/home/user1/robotfusion/turtlebot3_ws/src/turtlebot3_simulations/install/turtlebot3_fake_node', 'merge_install': False, 'path': '/home/user1/robotfusion/turtlebot3_ws/src/turtlebot3_simulations/turtlebot3_fake_node', 'symlink_install': False, 'test_result_base': None}
[0.251s] Level 5:colcon.colcon_core.verb:set package 'turtlebot3_gazebo' build argument 'cmake_args' from command line to 'None'
[0.251s] Level 5:colcon.colcon_core.verb:set package 'turtlebot3_gazebo' build argument 'cmake_target' from command line to 'None'
[0.251s] Level 5:colcon.colcon_core.verb:set package 'turtlebot3_gazebo' build argument 'cmake_target_skip_unavailable' from command line to 'False'
[0.251s] Level 5:colcon.colcon_core.verb:set package 'turtlebot3_gazebo' build argument 'cmake_clean_cache' from command line to 'False'
[0.251s] Level 5:colcon.colcon_core.verb:set package 'turtlebot3_gazebo' build argument 'cmake_clean_first' from command line to 'False'
[0.251s] Level 5:colcon.colcon_core.verb:set package 'turtlebot3_gazebo' build argument 'cmake_force_configure' from command line to 'False'
[0.251s] Level 5:colcon.colcon_core.verb:set package 'turtlebot3_gazebo' build argument 'ament_cmake_args' from command line to 'None'
[0.251s] Level 5:colcon.colcon_core.verb:set package 'turtlebot3_gazebo' build argument 'catkin_cmake_args' from command line to 'None'
[0.251s] Level 5:colcon.colcon_core.verb:set package 'turtlebot3_gazebo' build argument 'catkin_skip_building_tests' from command line to 'False'
[0.251s] DEBUG:colcon.colcon_core.verb:Building package 'turtlebot3_gazebo' with the following arguments: {'ament_cmake_args': None, 'build_base': '/home/user1/robotfusion/turtlebot3_ws/src/turtlebot3_simulations/build/turtlebot3_gazebo', 'catkin_cmake_args': None, 'catkin_skip_building_tests': False, 'cmake_args': None, 'cmake_clean_cache': False, 'cmake_clean_first': False, 'cmake_force_configure': False, 'cmake_target': None, 'cmake_target_skip_unavailable': False, 'install_base': '/home/user1/robotfusion/turtlebot3_ws/src/turtlebot3_simulations/install/turtlebot3_gazebo', 'merge_install': False, 'path': '/home/user1/robotfusion/turtlebot3_ws/src/turtlebot3_simulations/turtlebot3_gazebo', 'symlink_install': False, 'test_result_base': None}
[0.252s] Level 5:colcon.colcon_core.verb:set package 'turtlebot3_simulations' build argument 'cmake_args' from command line to 'None'
[0.252s] Level 5:colcon.colcon_core.verb:set package 'turtlebot3_simulations' build argument 'cmake_target' from command line to 'None'
[0.252s] Level 5:colcon.colcon_core.verb:set package 'turtlebot3_simulations' build argument 'cmake_target_skip_unavailable' from command line to 'False'
[0.252s] Level 5:colcon.colcon_core.verb:set package 'turtlebot3_simulations' build argument 'cmake_clean_cache' from command line to 'False'
[0.252s] Level 5:colcon.colcon_core.verb:set package 'turtlebot3_simulations' build argument 'cmake_clean_first' from command line to 'False'
[0.252s] Level 5:colcon.colcon_core.verb:set package 'turtlebot3_simulations' build argument 'cmake_force_configure' from command line to 'False'
[0.252s] Level 5:colcon.colcon_core.verb:set package 'turtlebot3_simulations' build argument 'ament_cmake_args' from command line to 'None'
[0.252s] Level 5:colcon.colcon_core.verb:set package 'turtlebot3_simulations' build argument 'catkin_cmake_args' from command line to 'None'
[0.252s] Level 5:colcon.colcon_core.verb:set package 'turtlebot3_simulations' build argument 'catkin_skip_building_tests' from command line to 'False'
[0.252s] DEBUG:colcon.colcon_core.verb:Building package 'turtlebot3_simulations' with the following arguments: {'ament_cmake_args': None, 'build_base': '/home/user1/robotfusion/turtlebot3_ws/src/turtlebot3_simulations/build/turtlebot3_simulations', 'catkin_cmake_args': None, 'catkin_skip_building_tests': False, 'cmake_args': None, 'cmake_clean_cache': False, 'cmake_clean_first': False, 'cmake_force_configure': False, 'cmake_target': None, 'cmake_target_skip_unavailable': False, 'install_base': '/home/user1/robotfusion/turtlebot3_ws/src/turtlebot3_simulations/install/turtlebot3_simulations', 'merge_install': False, 'path': '/home/user1/robotfusion/turtlebot3_ws/src/turtlebot3_simulations/turtlebot3_simulations', 'symlink_install': False, 'test_result_base': None}
[0.253s] INFO:colcon.colcon_core.executor:Executing jobs using 'parallel' executor
[0.256s] DEBUG:colcon.colcon_parallel_executor.executor.parallel:run_until_complete
[0.256s] INFO:colcon.colcon_ros.task.ament_cmake.build:Building ROS package in '/home/user1/robotfusion/turtlebot3_ws/src/turtlebot3_simulations/turtlebot3_fake_node' with build type 'ament_cmake'
[0.256s] INFO:colcon.colcon_cmake.task.cmake.build:Building CMake package in '/home/user1/robotfusion/turtlebot3_ws/src/turtlebot3_simulations/turtlebot3_fake_node'
[0.260s] INFO:colcon.colcon_core.plugin_system:Skipping extension 'colcon_core.shell.bat': Not used on non-Windows systems
[0.260s] INFO:colcon.colcon_core.shell:Skip shell extension 'powershell' for command environment: Not usable outside of PowerShell
[0.260s] DEBUG:colcon.colcon_core.shell:Skip shell extension 'dsv' for command environment
[0.266s] INFO:colcon.colcon_ros.task.ament_cmake.build:Building ROS package in '/home/user1/robotfusion/turtlebot3_ws/src/turtlebot3_simulations/turtlebot3_gazebo' with build type 'ament_cmake'
[0.267s] INFO:colcon.colcon_cmake.task.cmake.build:Building CMake package in '/home/user1/robotfusion/turtlebot3_ws/src/turtlebot3_simulations/turtlebot3_gazebo'
[0.268s] INFO:colcon.colcon_core.shell:Skip shell extension 'powershell' for command environment: Not usable outside of PowerShell
[0.268s] DEBUG:colcon.colcon_core.shell:Skip shell extension 'dsv' for command environment
[0.278s] DEBUG:colcon.colcon_core.event_handler.log_command:Invoking command in '/home/user1/robotfusion/turtlebot3_ws/src/turtlebot3_simulations/build/turtlebot3_fake_node': CMAKE_PREFIX_PATH=${CMAKE_PREFIX_PATH}:/home/user1/robotfusion/turtlebot3_ws/install/turtlebot3_teleop:/home/user1/robotfusion/turtlebot3_ws/install/turtlebot3_example:/home/user1/turtlebot3_ws/src/turtlebot3_simulations/turtlebot3_gazebo/install/turtlebot3_gazebo:/opt/ros/foxy /usr/bin/cmake --build /home/user1/robotfusion/turtlebot3_ws/src/turtlebot3_simulations/build/turtlebot3_fake_node -- -j12 -l12
[0.284s] DEBUG:colcon.colcon_core.event_handler.log_command:Invoking command in '/home/user1/robotfusion/turtlebot3_ws/src/turtlebot3_simulations/build/turtlebot3_gazebo': CMAKE_PREFIX_PATH=${CMAKE_PREFIX_PATH}:/home/user1/robotfusion/turtlebot3_ws/install/turtlebot3_teleop:/home/user1/robotfusion/turtlebot3_ws/install/turtlebot3_example:/home/user1/turtlebot3_ws/src/turtlebot3_simulations/turtlebot3_gazebo/install/turtlebot3_gazebo:/opt/ros/foxy /usr/bin/cmake --build /home/user1/robotfusion/turtlebot3_ws/src/turtlebot3_simulations/build/turtlebot3_gazebo -- -j12 -l12
[0.334s] DEBUG:colcon.colcon_core.event_handler.log_command:Invoked command in '/home/user1/robotfusion/turtlebot3_ws/src/turtlebot3_simulations/build/turtlebot3_fake_node' returned '0': CMAKE_PREFIX_PATH=${CMAKE_PREFIX_PATH}:/home/user1/robotfusion/turtlebot3_ws/install/turtlebot3_teleop:/home/user1/robotfusion/turtlebot3_ws/install/turtlebot3_example:/home/user1/turtlebot3_ws/src/turtlebot3_simulations/turtlebot3_gazebo/install/turtlebot3_gazebo:/opt/ros/foxy /usr/bin/cmake --build /home/user1/robotfusion/turtlebot3_ws/src/turtlebot3_simulations/build/turtlebot3_fake_node -- -j12 -l12
[0.340s] DEBUG:colcon.colcon_core.event_handler.log_command:Invoked command in '/home/user1/robotfusion/turtlebot3_ws/src/turtlebot3_simulations/build/turtlebot3_gazebo' returned '0': CMAKE_PREFIX_PATH=${CMAKE_PREFIX_PATH}:/home/user1/robotfusion/turtlebot3_ws/install/turtlebot3_teleop:/home/user1/robotfusion/turtlebot3_ws/install/turtlebot3_example:/home/user1/turtlebot3_ws/src/turtlebot3_simulations/turtlebot3_gazebo/install/turtlebot3_gazebo:/opt/ros/foxy /usr/bin/cmake --build /home/user1/robotfusion/turtlebot3_ws/src/turtlebot3_simulations/build/turtlebot3_gazebo -- -j12 -l12
[0.355s] DEBUG:colcon.colcon_core.event_handler.log_command:Invoking command in '/home/user1/robotfusion/turtlebot3_ws/src/turtlebot3_simulations/build/turtlebot3_fake_node': CMAKE_PREFIX_PATH=${CMAKE_PREFIX_PATH}:/home/user1/robotfusion/turtlebot3_ws/install/turtlebot3_teleop:/home/user1/robotfusion/turtlebot3_ws/install/turtlebot3_example:/home/user1/turtlebot3_ws/src/turtlebot3_simulations/turtlebot3_gazebo/install/turtlebot3_gazebo:/opt/ros/foxy /usr/bin/cmake --install /home/user1/robotfusion/turtlebot3_ws/src/turtlebot3_simulations/build/turtlebot3_fake_node
[0.358s] DEBUG:colcon.colcon_core.event_handler.log_command:Invoking command in '/home/user1/robotfusion/turtlebot3_ws/src/turtlebot3_simulations/build/turtlebot3_gazebo': CMAKE_PREFIX_PATH=${CMAKE_PREFIX_PATH}:/home/user1/robotfusion/turtlebot3_ws/install/turtlebot3_teleop:/home/user1/robotfusion/turtlebot3_ws/install/turtlebot3_example:/home/user1/turtlebot3_ws/src/turtlebot3_simulations/turtlebot3_gazebo/install/turtlebot3_gazebo:/opt/ros/foxy /usr/bin/cmake --install /home/user1/robotfusion/turtlebot3_ws/src/turtlebot3_simulations/build/turtlebot3_gazebo
[0.362s] Level 1:colcon.colcon_core.environment:create_environment_scripts_only(turtlebot3_fake_node)
[0.365s] DEBUG:colcon.colcon_core.event_handler.log_command:Invoked command in '/home/user1/robotfusion/turtlebot3_ws/src/turtlebot3_simulations/build/turtlebot3_fake_node' returned '0': CMAKE_PREFIX_PATH=${CMAKE_PREFIX_PATH}:/home/user1/robotfusion/turtlebot3_ws/install/turtlebot3_teleop:/home/user1/robotfusion/turtlebot3_ws/install/turtlebot3_example:/home/user1/turtlebot3_ws/src/turtlebot3_simulations/turtlebot3_gazebo/install/turtlebot3_gazebo:/opt/ros/foxy /usr/bin/cmake --install /home/user1/robotfusion/turtlebot3_ws/src/turtlebot3_simulations/build/turtlebot3_fake_node
[0.370s] Level 1:colcon.colcon_core.environment:checking '/home/user1/robotfusion/turtlebot3_ws/src/turtlebot3_simulations/install/turtlebot3_fake_node' for CMake module files
[0.371s] Level 1:colcon.colcon_core.environment:checking '/home/user1/robotfusion/turtlebot3_ws/src/turtlebot3_simulations/install/turtlebot3_fake_node' for CMake config files
[0.372s] Level 1:colcon.colcon_core.shell:create_environment_hook('turtlebot3_fake_node', 'cmake_prefix_path')
[0.373s] INFO:colcon.colcon_core.shell:Creating environment hook '/home/user1/robotfusion/turtlebot3_ws/src/turtlebot3_simulations/install/turtlebot3_fake_node/share/turtlebot3_fake_node/hook/cmake_prefix_path.ps1'
[0.374s] INFO:colcon.colcon_core.shell:Creating environment descriptor '/home/user1/robotfusion/turtlebot3_ws/src/turtlebot3_simulations/install/turtlebot3_fake_node/share/turtlebot3_fake_node/hook/cmake_prefix_path.dsv'
[0.374s] INFO:colcon.colcon_core.shell:Creating environment hook '/home/user1/robotfusion/turtlebot3_ws/src/turtlebot3_simulations/install/turtlebot3_fake_node/share/turtlebot3_fake_node/hook/cmake_prefix_path.sh'
[0.375s] Level 1:colcon.colcon_core.environment:checking '/home/user1/robotfusion/turtlebot3_ws/src/turtlebot3_simulations/install/turtlebot3_fake_node/lib'
[0.375s] Level 1:colcon.colcon_core.environment:checking '/home/user1/robotfusion/turtlebot3_ws/src/turtlebot3_simulations/install/turtlebot3_fake_node/bin'
[0.375s] Level 1:colcon.colcon_core.environment:checking '/home/user1/robotfusion/turtlebot3_ws/src/turtlebot3_simulations/install/turtlebot3_fake_node/lib/pkgconfig/turtlebot3_fake_node.pc'
[0.375s] Level 1:colcon.colcon_core.environment:checking '/home/user1/robotfusion/turtlebot3_ws/src/turtlebot3_simulations/install/turtlebot3_fake_node/lib/python3.8/site-packages'
[0.376s] Level 1:colcon.colcon_core.environment:checking '/home/user1/robotfusion/turtlebot3_ws/src/turtlebot3_simulations/install/turtlebot3_fake_node/bin'
[0.377s] INFO:colcon.colcon_core.shell:Creating package script '/home/user1/robotfusion/turtlebot3_ws/src/turtlebot3_simulations/install/turtlebot3_fake_node/share/turtlebot3_fake_node/package.ps1'
[0.378s] INFO:colcon.colcon_core.shell:Creating package descriptor '/home/user1/robotfusion/turtlebot3_ws/src/turtlebot3_simulations/install/turtlebot3_fake_node/share/turtlebot3_fake_node/package.dsv'
[0.378s] INFO:colcon.colcon_core.shell:Creating package script '/home/user1/robotfusion/turtlebot3_ws/src/turtlebot3_simulations/install/turtlebot3_fake_node/share/turtlebot3_fake_node/package.sh'
[0.379s] INFO:colcon.colcon_core.shell:Creating package script '/home/user1/robotfusion/turtlebot3_ws/src/turtlebot3_simulations/install/turtlebot3_fake_node/share/turtlebot3_fake_node/package.bash'
[0.380s] INFO:colcon.colcon_core.shell:Creating package script '/home/user1/robotfusion/turtlebot3_ws/src/turtlebot3_simulations/install/turtlebot3_fake_node/share/turtlebot3_fake_node/package.zsh'
[0.380s] Level 1:colcon.colcon_core.environment:create_file_with_runtime_dependencies(/home/user1/robotfusion/turtlebot3_ws/src/turtlebot3_simulations/install/turtlebot3_fake_node/share/colcon-core/packages/turtlebot3_fake_node)
[0.383s] Level 1:colcon.colcon_core.environment:create_environment_scripts_only(turtlebot3_gazebo)
[0.385s] Level 1:colcon.colcon_core.environment:checking '/home/user1/robotfusion/turtlebot3_ws/src/turtlebot3_simulations/install/turtlebot3_gazebo' for CMake module files
[0.386s] Level 1:colcon.colcon_core.environment:checking '/home/user1/robotfusion/turtlebot3_ws/src/turtlebot3_simulations/install/turtlebot3_gazebo' for CMake config files
[0.387s] Level 1:colcon.colcon_core.shell:create_environment_hook('turtlebot3_gazebo', 'cmake_prefix_path')
[0.388s] INFO:colcon.colcon_core.shell:Creating environment hook '/home/user1/robotfusion/turtlebot3_ws/src/turtlebot3_simulations/install/turtlebot3_gazebo/share/turtlebot3_gazebo/hook/cmake_prefix_path.ps1'
[0.389s] INFO:colcon.colcon_core.shell:Creating environment descriptor '/home/user1/robotfusion/turtlebot3_ws/src/turtlebot3_simulations/install/turtlebot3_gazebo/share/turtlebot3_gazebo/hook/cmake_prefix_path.dsv'
[0.389s] INFO:colcon.colcon_core.shell:Creating environment hook '/home/user1/robotfusion/turtlebot3_ws/src/turtlebot3_simulations/install/turtlebot3_gazebo/share/turtlebot3_gazebo/hook/cmake_prefix_path.sh'
[0.390s] Level 1:colcon.colcon_core.environment:checking '/home/user1/robotfusion/turtlebot3_ws/src/turtlebot3_simulations/install/turtlebot3_gazebo/lib'
[0.390s] Level 1:colcon.colcon_core.environment:checking '/home/user1/robotfusion/turtlebot3_ws/src/turtlebot3_simulations/install/turtlebot3_gazebo/bin'
[0.390s] Level 1:colcon.colcon_core.environment:checking '/home/user1/robotfusion/turtlebot3_ws/src/turtlebot3_simulations/install/turtlebot3_gazebo/lib/pkgconfig/turtlebot3_gazebo.pc'
[0.390s] Level 1:colcon.colcon_core.environment:checking '/home/user1/robotfusion/turtlebot3_ws/src/turtlebot3_simulations/install/turtlebot3_gazebo/lib/python3.8/site-packages'
[0.391s] Level 1:colcon.colcon_core.environment:checking '/home/user1/robotfusion/turtlebot3_ws/src/turtlebot3_simulations/install/turtlebot3_gazebo/bin'
[0.392s] INFO:colcon.colcon_core.shell:Creating package script '/home/user1/robotfusion/turtlebot3_ws/src/turtlebot3_simulations/install/turtlebot3_gazebo/share/turtlebot3_gazebo/package.ps1'
[0.392s] INFO:colcon.colcon_core.shell:Creating package descriptor '/home/user1/robotfusion/turtlebot3_ws/src/turtlebot3_simulations/install/turtlebot3_gazebo/share/turtlebot3_gazebo/package.dsv'
[0.393s] INFO:colcon.colcon_core.shell:Creating package script '/home/user1/robotfusion/turtlebot3_ws/src/turtlebot3_simulations/install/turtlebot3_gazebo/share/turtlebot3_gazebo/package.sh'
[0.393s] INFO:colcon.colcon_core.shell:Creating package script '/home/user1/robotfusion/turtlebot3_ws/src/turtlebot3_simulations/install/turtlebot3_gazebo/share/turtlebot3_gazebo/package.bash'
[0.393s] INFO:colcon.colcon_core.shell:Creating package script '/home/user1/robotfusion/turtlebot3_ws/src/turtlebot3_simulations/install/turtlebot3_gazebo/share/turtlebot3_gazebo/package.zsh'
[0.394s] Level 1:colcon.colcon_core.environment:create_file_with_runtime_dependencies(/home/user1/robotfusion/turtlebot3_ws/src/turtlebot3_simulations/install/turtlebot3_gazebo/share/colcon-core/packages/turtlebot3_gazebo)
[0.398s] Level 1:colcon.colcon_core.environment:create_environment_scripts_only(turtlebot3_fake_node)
[0.400s] Level 1:colcon.colcon_core.environment:checking '/home/user1/robotfusion/turtlebot3_ws/src/turtlebot3_simulations/install/turtlebot3_fake_node' for CMake module files
[0.401s] Level 1:colcon.colcon_core.environment:checking '/home/user1/robotfusion/turtlebot3_ws/src/turtlebot3_simulations/install/turtlebot3_fake_node' for CMake config files
[0.402s] Level 1:colcon.colcon_core.shell:create_environment_hook('turtlebot3_fake_node', 'cmake_prefix_path')
[0.403s] INFO:colcon.colcon_core.shell:Creating environment hook '/home/user1/robotfusion/turtlebot3_ws/src/turtlebot3_simulations/install/turtlebot3_fake_node/share/turtlebot3_fake_node/hook/cmake_prefix_path.ps1'
[0.404s] INFO:colcon.colcon_core.shell:Creating environment descriptor '/home/user1/robotfusion/turtlebot3_ws/src/turtlebot3_simulations/install/turtlebot3_fake_node/share/turtlebot3_fake_node/hook/cmake_prefix_path.dsv'
[0.404s] INFO:colcon.colcon_core.shell:Creating environment hook '/home/user1/robotfusion/turtlebot3_ws/src/turtlebot3_simulations/install/turtlebot3_fake_node/share/turtlebot3_fake_node/hook/cmake_prefix_path.sh'
[0.404s] Level 1:colcon.colcon_core.environment:checking '/home/user1/robotfusion/turtlebot3_ws/src/turtlebot3_simulations/install/turtlebot3_fake_node/lib'
[0.405s] Level 1:colcon.colcon_core.environment:checking '/home/user1/robotfusion/turtlebot3_ws/src/turtlebot3_simulations/install/turtlebot3_fake_node/bin'
[0.405s] Level 1:colcon.colcon_core.environment:checking '/home/user1/robotfusion/turtlebot3_ws/src/turtlebot3_simulations/install/turtlebot3_fake_node/lib/pkgconfig/turtlebot3_fake_node.pc'
[0.405s] Level 1:colcon.colcon_core.environment:checking '/home/user1/robotfusion/turtlebot3_ws/src/turtlebot3_simulations/install/turtlebot3_fake_node/lib/python3.8/site-packages'
[0.405s] Level 1:colcon.colcon_core.environment:checking '/home/user1/robotfusion/turtlebot3_ws/src/turtlebot3_simulations/install/turtlebot3_fake_node/bin'
[0.406s] INFO:colcon.colcon_core.shell:Creating package script '/home/user1/robotfusion/turtlebot3_ws/src/turtlebot3_simulations/install/turtlebot3_fake_node/share/turtlebot3_fake_node/package.ps1'
[0.407s] INFO:colcon.colcon_core.shell:Creating package descriptor '/home/user1/robotfusion/turtlebot3_ws/src/turtlebot3_simulations/install/turtlebot3_fake_node/share/turtlebot3_fake_node/package.dsv'
[0.407s] INFO:colcon.colcon_core.shell:Creating package script '/home/user1/robotfusion/turtlebot3_ws/src/turtlebot3_simulations/install/turtlebot3_fake_node/share/turtlebot3_fake_node/package.sh'
[0.408s] INFO:colcon.colcon_core.shell:Creating package script '/home/user1/robotfusion/turtlebot3_ws/src/turtlebot3_simulations/install/turtlebot3_fake_node/share/turtlebot3_fake_node/package.bash'
[0.408s] INFO:colcon.colcon_core.shell:Creating package script '/home/user1/robotfusion/turtlebot3_ws/src/turtlebot3_simulations/install/turtlebot3_fake_node/share/turtlebot3_fake_node/package.zsh'
[0.409s] Level 1:colcon.colcon_core.environment:create_file_with_runtime_dependencies(/home/user1/robotfusion/turtlebot3_ws/src/turtlebot3_simulations/install/turtlebot3_fake_node/share/colcon-core/packages/turtlebot3_fake_node)
[0.410s] DEBUG:colcon.colcon_core.event_handler.log_command:Invoked command in '/home/user1/robotfusion/turtlebot3_ws/src/turtlebot3_simulations/build/turtlebot3_gazebo' returned '0': CMAKE_PREFIX_PATH=${CMAKE_PREFIX_PATH}:/home/user1/robotfusion/turtlebot3_ws/install/turtlebot3_teleop:/home/user1/robotfusion/turtlebot3_ws/install/turtlebot3_example:/home/user1/turtlebot3_ws/src/turtlebot3_simulations/turtlebot3_gazebo/install/turtlebot3_gazebo:/opt/ros/foxy /usr/bin/cmake --install /home/user1/robotfusion/turtlebot3_ws/src/turtlebot3_simulations/build/turtlebot3_gazebo
[0.413s] Level 1:colcon.colcon_core.environment:create_environment_scripts_only(turtlebot3_gazebo)
[0.414s] Level 1:colcon.colcon_core.environment:checking '/home/user1/robotfusion/turtlebot3_ws/src/turtlebot3_simulations/install/turtlebot3_gazebo' for CMake module files
[0.414s] Level 1:colcon.colcon_core.environment:checking '/home/user1/robotfusion/turtlebot3_ws/src/turtlebot3_simulations/install/turtlebot3_gazebo' for CMake config files
[0.415s] Level 1:colcon.colcon_core.shell:create_environment_hook('turtlebot3_gazebo', 'cmake_prefix_path')
[0.416s] INFO:colcon.colcon_core.shell:Creating environment hook '/home/user1/robotfusion/turtlebot3_ws/src/turtlebot3_simulations/install/turtlebot3_gazebo/share/turtlebot3_gazebo/hook/cmake_prefix_path.ps1'
[0.416s] INFO:colcon.colcon_core.shell:Creating environment descriptor '/home/user1/robotfusion/turtlebot3_ws/src/turtlebot3_simulations/install/turtlebot3_gazebo/share/turtlebot3_gazebo/hook/cmake_prefix_path.dsv'
[0.416s] INFO:colcon.colcon_core.shell:Creating environment hook '/home/user1/robotfusion/turtlebot3_ws/src/turtlebot3_simulations/install/turtlebot3_gazebo/share/turtlebot3_gazebo/hook/cmake_prefix_path.sh'
[0.417s] Level 1:colcon.colcon_core.environment:checking '/home/user1/robotfusion/turtlebot3_ws/src/turtlebot3_simulations/install/turtlebot3_gazebo/lib'
[0.417s] Level 1:colcon.colcon_core.environment:checking '/home/user1/robotfusion/turtlebot3_ws/src/turtlebot3_simulations/install/turtlebot3_gazebo/bin'
[0.417s] Level 1:colcon.colcon_core.environment:checking '/home/user1/robotfusion/turtlebot3_ws/src/turtlebot3_simulations/install/turtlebot3_gazebo/lib/pkgconfig/turtlebot3_gazebo.pc'
[0.417s] Level 1:colcon.colcon_core.environment:checking '/home/user1/robotfusion/turtlebot3_ws/src/turtlebot3_simulations/install/turtlebot3_gazebo/lib/python3.8/site-packages'
[0.417s] Level 1:colcon.colcon_core.environment:checking '/home/user1/robotfusion/turtlebot3_ws/src/turtlebot3_simulations/install/turtlebot3_gazebo/bin'
[0.418s] INFO:colcon.colcon_core.shell:Creating package script '/home/user1/robotfusion/turtlebot3_ws/src/turtlebot3_simulations/install/turtlebot3_gazebo/share/turtlebot3_gazebo/package.ps1'
[0.418s] INFO:colcon.colcon_core.shell:Creating package descriptor '/home/user1/robotfusion/turtlebot3_ws/src/turtlebot3_simulations/install/turtlebot3_gazebo/share/turtlebot3_gazebo/package.dsv'
[0.419s] INFO:colcon.colcon_core.shell:Creating package script '/home/user1/robotfusion/turtlebot3_ws/src/turtlebot3_simulations/install/turtlebot3_gazebo/share/turtlebot3_gazebo/package.sh'
[0.419s] INFO:colcon.colcon_core.shell:Creating package script '/home/user1/robotfusion/turtlebot3_ws/src/turtlebot3_simulations/install/turtlebot3_gazebo/share/turtlebot3_gazebo/package.bash'
[0.419s] INFO:colcon.colcon_core.shell:Creating package script '/home/user1/robotfusion/turtlebot3_ws/src/turtlebot3_simulations/install/turtlebot3_gazebo/share/turtlebot3_gazebo/package.zsh'
[0.419s] Level 1:colcon.colcon_core.environment:create_file_with_runtime_dependencies(/home/user1/robotfusion/turtlebot3_ws/src/turtlebot3_simulations/install/turtlebot3_gazebo/share/colcon-core/packages/turtlebot3_gazebo)
[0.420s] INFO:colcon.colcon_ros.task.ament_cmake.build:Building ROS package in '/home/user1/robotfusion/turtlebot3_ws/src/turtlebot3_simulations/turtlebot3_simulations' with build type 'ament_cmake'
[0.420s] INFO:colcon.colcon_cmake.task.cmake.build:Building CMake package in '/home/user1/robotfusion/turtlebot3_ws/src/turtlebot3_simulations/turtlebot3_simulations'
[0.421s] INFO:colcon.colcon_core.shell:Skip shell extension 'powershell' for command environment: Not usable outside of PowerShell
[0.421s] DEBUG:colcon.colcon_core.shell:Skip shell extension 'dsv' for command environment
[0.432s] DEBUG:colcon.colcon_core.event_handler.log_command:Invoking command in '/home/user1/robotfusion/turtlebot3_ws/src/turtlebot3_simulations/build/turtlebot3_simulations': AMENT_PREFIX_PATH=/home/user1/turtlebot3_ws/src/turtlebot3_simulations/install/turtlebot3_gazebo:/home/user1/turtlebot3_ws/src/turtlebot3_simulations/install/turtlebot3_fake_node:${AMENT_PREFIX_PATH} CMAKE_PREFIX_PATH=/home/user1/robotfusion/turtlebot3_ws/src/turtlebot3_simulations/install/turtlebot3_gazebo:/home/user1/robotfusion/turtlebot3_ws/src/turtlebot3_simulations/install/turtlebot3_fake_node:/home/user1/robotfusion/turtlebot3_ws/install/yolobot_recognition:/home/user1/robotfusion/turtlebot3_ws/install/turtlebot3:/home/user1/robotfusion/turtlebot3_ws/install/turtlebot3_simulations:/home/user1/robotfusion/turtlebot3_ws/install/turtlebot3_bringup:/home/user1/robotfusion/turtlebot3_ws/install/turtlebot3_node:/home/user1/robotfusion/turtlebot3_ws/install/turtlebot3_navigation2:/home/user1/robotfusion/turtlebot3_ws/install/turtlebot3_gazebo:/home/user1/robotfusion/turtlebot3_ws/install/turtlebot3_fake_node:/home/user1/robotfusion/turtlebot3_ws/install/turtlebot3_description:/home/user1/robotfusion/turtlebot3_ws/install/turtlebot3_cartographer:/home/user1/robotfusion/turtlebot3_ws/src/turtlebot3_simulations/install/turtlebot3_simulations:/home/user1/robotfusion/turtlebot3_ws/src/turtlebot3_simulations/turtlebot3_gazebo/install/turtlebot3_gazebo:/home/user1/robotfusion/turtlebot3_ws/install/turtlebot3_teleop:/home/user1/robotfusion/turtlebot3_ws/install/turtlebot3_example:/home/user1/turtlebot3_ws/src/turtlebot3_simulations/turtlebot3_gazebo/install/turtlebot3_gazebo:/opt/ros/foxy /usr/bin/cmake --build /home/user1/robotfusion/turtlebot3_ws/src/turtlebot3_simulations/build/turtlebot3_simulations -- -j12 -l12
[0.457s] DEBUG:colcon.colcon_core.event_handler.log_command:Invoked command in '/home/user1/robotfusion/turtlebot3_ws/src/turtlebot3_simulations/build/turtlebot3_simulations' returned '0': AMENT_PREFIX_PATH=/home/user1/turtlebot3_ws/src/turtlebot3_simulations/install/turtlebot3_gazebo:/home/user1/turtlebot3_ws/src/turtlebot3_simulations/install/turtlebot3_fake_node:${AMENT_PREFIX_PATH} CMAKE_PREFIX_PATH=/home/user1/robotfusion/turtlebot3_ws/src/turtlebot3_simulations/install/turtlebot3_gazebo:/home/user1/robotfusion/turtlebot3_ws/src/turtlebot3_simulations/install/turtlebot3_fake_node:/home/user1/robotfusion/turtlebot3_ws/install/yolobot_recognition:/home/user1/robotfusion/turtlebot3_ws/install/turtlebot3:/home/user1/robotfusion/turtlebot3_ws/install/turtlebot3_simulations:/home/user1/robotfusion/turtlebot3_ws/install/turtlebot3_bringup:/home/user1/robotfusion/turtlebot3_ws/install/turtlebot3_node:/home/user1/robotfusion/turtlebot3_ws/install/turtlebot3_navigation2:/home/user1/robotfusion/turtlebot3_ws/install/turtlebot3_gazebo:/home/user1/robotfusion/turtlebot3_ws/install/turtlebot3_fake_node:/home/user1/robotfusion/turtlebot3_ws/install/turtlebot3_description:/home/user1/robotfusion/turtlebot3_ws/install/turtlebot3_cartographer:/home/user1/robotfusion/turtlebot3_ws/src/turtlebot3_simulations/install/turtlebot3_simulations:/home/user1/robotfusion/turtlebot3_ws/src/turtlebot3_simulations/turtlebot3_gazebo/install/turtlebot3_gazebo:/home/user1/robotfusion/turtlebot3_ws/install/turtlebot3_teleop:/home/user1/robotfusion/turtlebot3_ws/install/turtlebot3_example:/home/user1/turtlebot3_ws/src/turtlebot3_simulations/turtlebot3_gazebo/install/turtlebot3_gazebo:/opt/ros/foxy /usr/bin/cmake --build /home/user1/robotfusion/turtlebot3_ws/src/turtlebot3_simulations/build/turtlebot3_simulations -- -j12 -l12
[0.473s] DEBUG:colcon.colcon_core.event_handler.log_command:Invoking command in '/home/user1/robotfusion/turtlebot3_ws/src/turtlebot3_simulations/build/turtlebot3_simulations': AMENT_PREFIX_PATH=/home/user1/turtlebot3_ws/src/turtlebot3_simulations/install/turtlebot3_gazebo:/home/user1/turtlebot3_ws/src/turtlebot3_simulations/install/turtlebot3_fake_node:${AMENT_PREFIX_PATH} CMAKE_PREFIX_PATH=/home/user1/robotfusion/turtlebot3_ws/src/turtlebot3_simulations/install/turtlebot3_gazebo:/home/user1/robotfusion/turtlebot3_ws/src/turtlebot3_simulations/install/turtlebot3_fake_node:/home/user1/robotfusion/turtlebot3_ws/install/yolobot_recognition:/home/user1/robotfusion/turtlebot3_ws/install/turtlebot3:/home/user1/robotfusion/turtlebot3_ws/install/turtlebot3_simulations:/home/user1/robotfusion/turtlebot3_ws/install/turtlebot3_bringup:/home/user1/robotfusion/turtlebot3_ws/install/turtlebot3_node:/home/user1/robotfusion/turtlebot3_ws/install/turtlebot3_navigation2:/home/user1/robotfusion/turtlebot3_ws/install/turtlebot3_gazebo:/home/user1/robotfusion/turtlebot3_ws/install/turtlebot3_fake_node:/home/user1/robotfusion/turtlebot3_ws/install/turtlebot3_description:/home/user1/robotfusion/turtlebot3_ws/install/turtlebot3_cartographer:/home/user1/robotfusion/turtlebot3_ws/src/turtlebot3_simulations/install/turtlebot3_simulations:/home/user1/robotfusion/turtlebot3_ws/src/turtlebot3_simulations/turtlebot3_gazebo/install/turtlebot3_gazebo:/home/user1/robotfusion/turtlebot3_ws/install/turtlebot3_teleop:/home/user1/robotfusion/turtlebot3_ws/install/turtlebot3_example:/home/user1/turtlebot3_ws/src/turtlebot3_simulations/turtlebot3_gazebo/install/turtlebot3_gazebo:/opt/ros/foxy /usr/bin/cmake --install /home/user1/robotfusion/turtlebot3_ws/src/turtlebot3_simulations/build/turtlebot3_simulations
[0.482s] Level 1:colcon.colcon_core.environment:create_environment_scripts_only(turtlebot3_simulations)
[0.484s] Level 1:colcon.colcon_core.environment:checking '/home/user1/robotfusion/turtlebot3_ws/src/turtlebot3_simulations/install/turtlebot3_simulations' for CMake module files
[0.485s] DEBUG:colcon.colcon_core.event_handler.log_command:Invoked command in '/home/user1/robotfusion/turtlebot3_ws/src/turtlebot3_simulations/build/turtlebot3_simulations' returned '0': AMENT_PREFIX_PATH=/home/user1/turtlebot3_ws/src/turtlebot3_simulations/install/turtlebot3_gazebo:/home/user1/turtlebot3_ws/src/turtlebot3_simulations/install/turtlebot3_fake_node:${AMENT_PREFIX_PATH} CMAKE_PREFIX_PATH=/home/user1/robotfusion/turtlebot3_ws/src/turtlebot3_simulations/install/turtlebot3_gazebo:/home/user1/robotfusion/turtlebot3_ws/src/turtlebot3_simulations/install/turtlebot3_fake_node:/home/user1/robotfusion/turtlebot3_ws/install/yolobot_recognition:/home/user1/robotfusion/turtlebot3_ws/install/turtlebot3:/home/user1/robotfusion/turtlebot3_ws/install/turtlebot3_simulations:/home/user1/robotfusion/turtlebot3_ws/install/turtlebot3_bringup:/home/user1/robotfusion/turtlebot3_ws/install/turtlebot3_node:/home/user1/robotfusion/turtlebot3_ws/install/turtlebot3_navigation2:/home/user1/robotfusion/turtlebot3_ws/install/turtlebot3_gazebo:/home/user1/robotfusion/turtlebot3_ws/install/turtlebot3_fake_node:/home/user1/robotfusion/turtlebot3_ws/install/turtlebot3_description:/home/user1/robotfusion/turtlebot3_ws/install/turtlebot3_cartographer:/home/user1/robotfusion/turtlebot3_ws/src/turtlebot3_simulations/install/turtlebot3_simulations:/home/user1/robotfusion/turtlebot3_ws/src/turtlebot3_simulations/turtlebot3_gazebo/install/turtlebot3_gazebo:/home/user1/robotfusion/turtlebot3_ws/install/turtlebot3_teleop:/home/user1/robotfusion/turtlebot3_ws/install/turtlebot3_example:/home/user1/turtlebot3_ws/src/turtlebot3_simulations/turtlebot3_gazebo/install/turtlebot3_gazebo:/opt/ros/foxy /usr/bin/cmake --install /home/user1/robotfusion/turtlebot3_ws/src/turtlebot3_simulations/build/turtlebot3_simulations
[0.485s] Level 1:colcon.colcon_core.environment:checking '/home/user1/robotfusion/turtlebot3_ws/src/turtlebot3_simulations/install/turtlebot3_simulations' for CMake config files
[0.485s] Level 1:colcon.colcon_core.shell:create_environment_hook('turtlebot3_simulations', 'cmake_prefix_path')
[0.486s] INFO:colcon.colcon_core.shell:Creating environment hook '/home/user1/robotfusion/turtlebot3_ws/src/turtlebot3_simulations/install/turtlebot3_simulations/share/turtlebot3_simulations/hook/cmake_prefix_path.ps1'
[0.487s] INFO:colcon.colcon_core.shell:Creating environment descriptor '/home/user1/robotfusion/turtlebot3_ws/src/turtlebot3_simulations/install/turtlebot3_simulations/share/turtlebot3_simulations/hook/cmake_prefix_path.dsv'
[0.487s] INFO:colcon.colcon_core.shell:Creating environment hook '/home/user1/robotfusion/turtlebot3_ws/src/turtlebot3_simulations/install/turtlebot3_simulations/share/turtlebot3_simulations/hook/cmake_prefix_path.sh'
[0.488s] Level 1:colcon.colcon_core.environment:checking '/home/user1/robotfusion/turtlebot3_ws/src/turtlebot3_simulations/install/turtlebot3_simulations/bin'
[0.488s] Level 1:colcon.colcon_core.environment:checking '/home/user1/robotfusion/turtlebot3_ws/src/turtlebot3_simulations/install/turtlebot3_simulations/lib/pkgconfig/turtlebot3_simulations.pc'
[0.488s] Level 1:colcon.colcon_core.environment:checking '/home/user1/robotfusion/turtlebot3_ws/src/turtlebot3_simulations/install/turtlebot3_simulations/lib/python3.8/site-packages'
[0.488s] Level 1:colcon.colcon_core.environment:checking '/home/user1/robotfusion/turtlebot3_ws/src/turtlebot3_simulations/install/turtlebot3_simulations/bin'
[0.490s] INFO:colcon.colcon_core.shell:Creating package script '/home/user1/robotfusion/turtlebot3_ws/src/turtlebot3_simulations/install/turtlebot3_simulations/share/turtlebot3_simulations/package.ps1'
[0.490s] INFO:colcon.colcon_core.shell:Creating package descriptor '/home/user1/robotfusion/turtlebot3_ws/src/turtlebot3_simulations/install/turtlebot3_simulations/share/turtlebot3_simulations/package.dsv'
[0.490s] INFO:colcon.colcon_core.shell:Creating package script '/home/user1/robotfusion/turtlebot3_ws/src/turtlebot3_simulations/install/turtlebot3_simulations/share/turtlebot3_simulations/package.sh'
[0.491s] INFO:colcon.colcon_core.shell:Creating package script '/home/user1/robotfusion/turtlebot3_ws/src/turtlebot3_simulations/install/turtlebot3_simulations/share/turtlebot3_simulations/package.bash'
[0.491s] INFO:colcon.colcon_core.shell:Creating package script '/home/user1/robotfusion/turtlebot3_ws/src/turtlebot3_simulations/install/turtlebot3_simulations/share/turtlebot3_simulations/package.zsh'
[0.491s] Level 1:colcon.colcon_core.environment:create_file_with_runtime_dependencies(/home/user1/robotfusion/turtlebot3_ws/src/turtlebot3_simulations/install/turtlebot3_simulations/share/colcon-core/packages/turtlebot3_simulations)
[0.507s] Level 1:colcon.colcon_core.environment:create_environment_scripts_only(turtlebot3_simulations)
[0.509s] Level 1:colcon.colcon_core.environment:checking '/home/user1/robotfusion/turtlebot3_ws/src/turtlebot3_simulations/install/turtlebot3_simulations' for CMake module files
[0.509s] Level 1:colcon.colcon_core.environment:checking '/home/user1/robotfusion/turtlebot3_ws/src/turtlebot3_simulations/install/turtlebot3_simulations' for CMake config files
[0.509s] Level 1:colcon.colcon_core.shell:create_environment_hook('turtlebot3_simulations', 'cmake_prefix_path')
[0.511s] INFO:colcon.colcon_core.shell:Creating environment hook '/home/user1/robotfusion/turtlebot3_ws/src/turtlebot3_simulations/install/turtlebot3_simulations/share/turtlebot3_simulations/hook/cmake_prefix_path.ps1'
[0.511s] INFO:colcon.colcon_core.shell:Creating environment descriptor '/home/user1/robotfusion/turtlebot3_ws/src/turtlebot3_simulations/install/turtlebot3_simulations/share/turtlebot3_simulations/hook/cmake_prefix_path.dsv'
[0.511s] INFO:colcon.colcon_core.shell:Creating environment hook '/home/user1/robotfusion/turtlebot3_ws/src/turtlebot3_simulations/install/turtlebot3_simulations/share/turtlebot3_simulations/hook/cmake_prefix_path.sh'
[0.512s] Level 1:colcon.colcon_core.environment:checking '/home/user1/robotfusion/turtlebot3_ws/src/turtlebot3_simulations/install/turtlebot3_simulations/bin'
[0.512s] Level 1:colcon.colcon_core.environment:checking '/home/user1/robotfusion/turtlebot3_ws/src/turtlebot3_simulations/install/turtlebot3_simulations/lib/pkgconfig/turtlebot3_simulations.pc'
[0.512s] Level 1:colcon.colcon_core.environment:checking '/home/user1/robotfusion/turtlebot3_ws/src/turtlebot3_simulations/install/turtlebot3_simulations/lib/python3.8/site-packages'
[0.512s] Level 1:colcon.colcon_core.environment:checking '/home/user1/robotfusion/turtlebot3_ws/src/turtlebot3_simulations/install/turtlebot3_simulations/bin'
[0.513s] INFO:colcon.colcon_core.shell:Creating package script '/home/user1/robotfusion/turtlebot3_ws/src/turtlebot3_simulations/install/turtlebot3_simulations/share/turtlebot3_simulations/package.ps1'
[0.514s] INFO:colcon.colcon_core.shell:Creating package descriptor '/home/user1/robotfusion/turtlebot3_ws/src/turtlebot3_simulations/install/turtlebot3_simulations/share/turtlebot3_simulations/package.dsv'
[0.514s] INFO:colcon.colcon_core.shell:Creating package script '/home/user1/robotfusion/turtlebot3_ws/src/turtlebot3_simulations/install/turtlebot3_simulations/share/turtlebot3_simulations/package.sh'
[0.515s] INFO:colcon.colcon_core.shell:Creating package script '/home/user1/robotfusion/turtlebot3_ws/src/turtlebot3_simulations/install/turtlebot3_simulations/share/turtlebot3_simulations/package.bash'
[0.515s] INFO:colcon.colcon_core.shell:Creating package script '/home/user1/robotfusion/turtlebot3_ws/src/turtlebot3_simulations/install/turtlebot3_simulations/share/turtlebot3_simulations/package.zsh'
[0.515s] Level 1:colcon.colcon_core.environment:create_file_with_runtime_dependencies(/home/user1/robotfusion/turtlebot3_ws/src/turtlebot3_simulations/install/turtlebot3_simulations/share/colcon-core/packages/turtlebot3_simulations)
[0.515s] DEBUG:colcon.colcon_parallel_executor.executor.parallel:closing loop
[0.516s] DEBUG:colcon.colcon_parallel_executor.executor.parallel:loop closed
[0.516s] DEBUG:colcon.colcon_parallel_executor.executor.parallel:run_until_complete finished with '0'
[0.516s] DEBUG:colcon.colcon_core.event_reactor:joining thread
[0.521s] INFO:colcon.colcon_core.plugin_system:Skipping extension 'colcon_notification.desktop_notification.terminal_notifier': Not used on non-Darwin systems
[0.521s] INFO:colcon.colcon_core.plugin_system:Skipping extension 'colcon_notification.desktop_notification.win32': Not used on non-Windows systems
[0.521s] INFO:colcon.colcon_notification.desktop_notification:Sending desktop notification using 'notify2'
[0.533s] DEBUG:colcon.colcon_core.event_reactor:joined thread
[0.534s] INFO:colcon.colcon_core.shell:Creating prefix script '/home/user1/robotfusion/turtlebot3_ws/src/turtlebot3_simulations/install/local_setup.ps1'
[0.535s] INFO:colcon.colcon_core.shell:Creating prefix util module '/home/user1/robotfusion/turtlebot3_ws/src/turtlebot3_simulations/install/_local_setup_util_ps1.py'
[0.536s] INFO:colcon.colcon_core.shell:Creating prefix chain script '/home/user1/robotfusion/turtlebot3_ws/src/turtlebot3_simulations/install/setup.ps1'
[0.538s] INFO:colcon.colcon_core.shell:Creating prefix script '/home/user1/robotfusion/turtlebot3_ws/src/turtlebot3_simulations/install/local_setup.sh'
[0.539s] INFO:colcon.colcon_core.shell:Creating prefix util module '/home/user1/robotfusion/turtlebot3_ws/src/turtlebot3_simulations/install/_local_setup_util_sh.py'
[0.540s] INFO:colcon.colcon_core.shell:Creating prefix chain script '/home/user1/robotfusion/turtlebot3_ws/src/turtlebot3_simulations/install/setup.sh'
[0.542s] INFO:colcon.colcon_core.shell:Creating prefix script '/home/user1/robotfusion/turtlebot3_ws/src/turtlebot3_simulations/install/local_setup.bash'
[0.542s] INFO:colcon.colcon_core.shell:Creating prefix chain script '/home/user1/robotfusion/turtlebot3_ws/src/turtlebot3_simulations/install/setup.bash'
[0.544s] INFO:colcon.colcon_core.shell:Creating prefix script '/home/user1/robotfusion/turtlebot3_ws/src/turtlebot3_simulations/install/local_setup.zsh'
[0.545s] INFO:colcon.colcon_core.shell:Creating prefix chain script '/home/user1/robotfusion/turtlebot3_ws/src/turtlebot3_simulations/install/setup.zsh'
