[0.010s] Invoking command in '/home/user1/turtlebot3_ws/build/turtlebot3': AMENT_PREFIX_PATH=/home/user1/turtlebot3_ws/install/turtlebot3_bringup:/home/user1/turtlebot3_ws/install/turtlebot3_teleop:/home/user1/turtlebot3_ws/install/turtlebot3_node:/home/user1/turtlebot3_ws/install/turtlebot3_navigation2:/home/user1/turtlebot3_ws/install/turtlebot3_example:/home/user1/turtlebot3_ws/install/turtlebot3_description:/home/user1/turtlebot3_ws/install/turtlebot3_cartographer:${AMENT_PREFIX_PATH} CMAKE_PREFIX_PATH=/home/user1/turtlebot3_ws/install/turtlebot3_bringup:/home/user1/turtlebot3_ws/install/turtlebot3_node:/home/user1/turtlebot3_ws/install/turtlebot3_navigation2:/home/user1/turtlebot3_ws/install/turtlebot3_description:/home/user1/turtlebot3_ws/install/turtlebot3_cartographer:/opt/ros/foxy PYTHONPATH=/home/user1/turtlebot3_ws/build/turtlebot3_teleop:/home/user1/turtlebot3_ws/install/turtlebot3_teleop/lib/python3.8/site-packages:/home/user1/turtlebot3_ws/build/turtlebot3_example:/home/user1/turtlebot3_ws/install/turtlebot3_example/lib/python3.8/site-packages:${PYTHONPATH} /usr/bin/cmake /home/user1/turtlebot3_ws/src/turtlebot3/turtlebot3 -DAMENT_CMAKE_SYMLINK_INSTALL=1 -DCMAKE_INSTALL_PREFIX=/home/user1/turtlebot3_ws/install/turtlebot3
[0.051s] -- The C compiler identification is GNU 9.4.0
[0.094s] -- The CXX compiler identification is GNU 9.4.0
[0.097s] -- Check for working C compiler: /usr/bin/cc
[0.151s] -- Check for working C compiler: /usr/bin/cc -- works
[0.152s] -- Detecting C compiler ABI info
[0.230s] -- Detecting C compiler ABI info - done
[0.251s] -- Detecting C compile features
[0.252s] -- Detecting C compile features - done
[0.256s] -- Check for working CXX compiler: /usr/bin/c++
[0.341s] -- Check for working CXX compiler: /usr/bin/c++ -- works
[0.343s] -- Detecting CXX compiler ABI info
[0.412s] -- Detecting CXX compiler ABI info - done
[0.423s] -- Detecting CXX compile features
[0.423s] -- Detecting CXX compile features - done
[0.425s] -- Found ament_cmake: 0.9.11 (/opt/ros/foxy/share/ament_cmake/cmake)
[0.450s] -- Found PythonInterp: /usr/bin/python3 (found suitable version "3.8.10", minimum required is "3") 
[0.450s] -- Using PYTHON_EXECUTABLE: /usr/bin/python3
[0.596s] -- Override CMake install command with custom implementation using symlinks instead of copying resources
[0.674s] -- Configuring done
[0.675s] -- Generating done
[0.675s] -- Build files have been written to: /home/user1/turtlebot3_ws/build/turtlebot3
[0.678s] Invoked command in '/home/user1/turtlebot3_ws/build/turtlebot3' returned '0': AMENT_PREFIX_PATH=/home/user1/turtlebot3_ws/install/turtlebot3_bringup:/home/user1/turtlebot3_ws/install/turtlebot3_teleop:/home/user1/turtlebot3_ws/install/turtlebot3_node:/home/user1/turtlebot3_ws/install/turtlebot3_navigation2:/home/user1/turtlebot3_ws/install/turtlebot3_example:/home/user1/turtlebot3_ws/install/turtlebot3_description:/home/user1/turtlebot3_ws/install/turtlebot3_cartographer:${AMENT_PREFIX_PATH} CMAKE_PREFIX_PATH=/home/user1/turtlebot3_ws/install/turtlebot3_bringup:/home/user1/turtlebot3_ws/install/turtlebot3_node:/home/user1/turtlebot3_ws/install/turtlebot3_navigation2:/home/user1/turtlebot3_ws/install/turtlebot3_description:/home/user1/turtlebot3_ws/install/turtlebot3_cartographer:/opt/ros/foxy PYTHONPATH=/home/user1/turtlebot3_ws/build/turtlebot3_teleop:/home/user1/turtlebot3_ws/install/turtlebot3_teleop/lib/python3.8/site-packages:/home/user1/turtlebot3_ws/build/turtlebot3_example:/home/user1/turtlebot3_ws/install/turtlebot3_example/lib/python3.8/site-packages:${PYTHONPATH} /usr/bin/cmake /home/user1/turtlebot3_ws/src/turtlebot3/turtlebot3 -DAMENT_CMAKE_SYMLINK_INSTALL=1 -DCMAKE_INSTALL_PREFIX=/home/user1/turtlebot3_ws/install/turtlebot3
[0.680s] Invoking command in '/home/user1/turtlebot3_ws/build/turtlebot3': AMENT_PREFIX_PATH=/home/user1/turtlebot3_ws/install/turtlebot3_bringup:/home/user1/turtlebot3_ws/install/turtlebot3_teleop:/home/user1/turtlebot3_ws/install/turtlebot3_node:/home/user1/turtlebot3_ws/install/turtlebot3_navigation2:/home/user1/turtlebot3_ws/install/turtlebot3_example:/home/user1/turtlebot3_ws/install/turtlebot3_description:/home/user1/turtlebot3_ws/install/turtlebot3_cartographer:${AMENT_PREFIX_PATH} CMAKE_PREFIX_PATH=/home/user1/turtlebot3_ws/install/turtlebot3_bringup:/home/user1/turtlebot3_ws/install/turtlebot3_node:/home/user1/turtlebot3_ws/install/turtlebot3_navigation2:/home/user1/turtlebot3_ws/install/turtlebot3_description:/home/user1/turtlebot3_ws/install/turtlebot3_cartographer:/opt/ros/foxy PYTHONPATH=/home/user1/turtlebot3_ws/build/turtlebot3_teleop:/home/user1/turtlebot3_ws/install/turtlebot3_teleop/lib/python3.8/site-packages:/home/user1/turtlebot3_ws/build/turtlebot3_example:/home/user1/turtlebot3_ws/install/turtlebot3_example/lib/python3.8/site-packages:${PYTHONPATH} /usr/bin/cmake --build /home/user1/turtlebot3_ws/build/turtlebot3 -- -j12 -l12
[0.708s] Invoked command in '/home/user1/turtlebot3_ws/build/turtlebot3' returned '0': AMENT_PREFIX_PATH=/home/user1/turtlebot3_ws/install/turtlebot3_bringup:/home/user1/turtlebot3_ws/install/turtlebot3_teleop:/home/user1/turtlebot3_ws/install/turtlebot3_node:/home/user1/turtlebot3_ws/install/turtlebot3_navigation2:/home/user1/turtlebot3_ws/install/turtlebot3_example:/home/user1/turtlebot3_ws/install/turtlebot3_description:/home/user1/turtlebot3_ws/install/turtlebot3_cartographer:${AMENT_PREFIX_PATH} CMAKE_PREFIX_PATH=/home/user1/turtlebot3_ws/install/turtlebot3_bringup:/home/user1/turtlebot3_ws/install/turtlebot3_node:/home/user1/turtlebot3_ws/install/turtlebot3_navigation2:/home/user1/turtlebot3_ws/install/turtlebot3_description:/home/user1/turtlebot3_ws/install/turtlebot3_cartographer:/opt/ros/foxy PYTHONPATH=/home/user1/turtlebot3_ws/build/turtlebot3_teleop:/home/user1/turtlebot3_ws/install/turtlebot3_teleop/lib/python3.8/site-packages:/home/user1/turtlebot3_ws/build/turtlebot3_example:/home/user1/turtlebot3_ws/install/turtlebot3_example/lib/python3.8/site-packages:${PYTHONPATH} /usr/bin/cmake --build /home/user1/turtlebot3_ws/build/turtlebot3 -- -j12 -l12
[0.724s] Invoking command in '/home/user1/turtlebot3_ws/build/turtlebot3': AMENT_PREFIX_PATH=/home/user1/turtlebot3_ws/install/turtlebot3_bringup:/home/user1/turtlebot3_ws/install/turtlebot3_teleop:/home/user1/turtlebot3_ws/install/turtlebot3_node:/home/user1/turtlebot3_ws/install/turtlebot3_navigation2:/home/user1/turtlebot3_ws/install/turtlebot3_example:/home/user1/turtlebot3_ws/install/turtlebot3_description:/home/user1/turtlebot3_ws/install/turtlebot3_cartographer:${AMENT_PREFIX_PATH} CMAKE_PREFIX_PATH=/home/user1/turtlebot3_ws/install/turtlebot3_bringup:/home/user1/turtlebot3_ws/install/turtlebot3_node:/home/user1/turtlebot3_ws/install/turtlebot3_navigation2:/home/user1/turtlebot3_ws/install/turtlebot3_description:/home/user1/turtlebot3_ws/install/turtlebot3_cartographer:/opt/ros/foxy PYTHONPATH=/home/user1/turtlebot3_ws/build/turtlebot3_teleop:/home/user1/turtlebot3_ws/install/turtlebot3_teleop/lib/python3.8/site-packages:/home/user1/turtlebot3_ws/build/turtlebot3_example:/home/user1/turtlebot3_ws/install/turtlebot3_example/lib/python3.8/site-packages:${PYTHONPATH} /usr/bin/cmake --install /home/user1/turtlebot3_ws/build/turtlebot3
[0.730s] -- Install configuration: ""
[0.730s] -- Execute custom install script
[0.731s] -- Symlinking: /home/user1/turtlebot3_ws/install/turtlebot3/share/ament_index/resource_index/package_run_dependencies/turtlebot3
[0.737s] -- Symlinking: /home/user1/turtlebot3_ws/install/turtlebot3/share/ament_index/resource_index/parent_prefix_path/turtlebot3
[0.743s] -- Symlinking: /home/user1/turtlebot3_ws/install/turtlebot3/share/turtlebot3/environment/ament_prefix_path.sh
[0.750s] -- Symlinking: /home/user1/turtlebot3_ws/install/turtlebot3/share/turtlebot3/environment/ament_prefix_path.dsv
[0.756s] -- Symlinking: /home/user1/turtlebot3_ws/install/turtlebot3/share/turtlebot3/environment/path.sh
[0.762s] -- Symlinking: /home/user1/turtlebot3_ws/install/turtlebot3/share/turtlebot3/environment/path.dsv
[0.769s] -- Symlinking: /home/user1/turtlebot3_ws/install/turtlebot3/share/turtlebot3/local_setup.bash
[0.775s] -- Symlinking: /home/user1/turtlebot3_ws/install/turtlebot3/share/turtlebot3/local_setup.sh
[0.781s] -- Symlinking: /home/user1/turtlebot3_ws/install/turtlebot3/share/turtlebot3/local_setup.zsh
[0.787s] -- Symlinking: /home/user1/turtlebot3_ws/install/turtlebot3/share/turtlebot3/local_setup.dsv
[0.794s] -- Symlinking: /home/user1/turtlebot3_ws/install/turtlebot3/share/turtlebot3/package.dsv
[0.800s] -- Symlinking: /home/user1/turtlebot3_ws/install/turtlebot3/share/ament_index/resource_index/packages/turtlebot3
[0.806s] -- Symlinking: /home/user1/turtlebot3_ws/install/turtlebot3/share/turtlebot3/cmake/turtlebot3Config.cmake
[0.813s] -- Symlinking: /home/user1/turtlebot3_ws/install/turtlebot3/share/turtlebot3/cmake/turtlebot3Config-version.cmake
[0.819s] -- Symlinking: /home/user1/turtlebot3_ws/install/turtlebot3/share/turtlebot3/package.xml
[0.828s] Invoked command in '/home/user1/turtlebot3_ws/build/turtlebot3' returned '0': AMENT_PREFIX_PATH=/home/user1/turtlebot3_ws/install/turtlebot3_bringup:/home/user1/turtlebot3_ws/install/turtlebot3_teleop:/home/user1/turtlebot3_ws/install/turtlebot3_node:/home/user1/turtlebot3_ws/install/turtlebot3_navigation2:/home/user1/turtlebot3_ws/install/turtlebot3_example:/home/user1/turtlebot3_ws/install/turtlebot3_description:/home/user1/turtlebot3_ws/install/turtlebot3_cartographer:${AMENT_PREFIX_PATH} CMAKE_PREFIX_PATH=/home/user1/turtlebot3_ws/install/turtlebot3_bringup:/home/user1/turtlebot3_ws/install/turtlebot3_node:/home/user1/turtlebot3_ws/install/turtlebot3_navigation2:/home/user1/turtlebot3_ws/install/turtlebot3_description:/home/user1/turtlebot3_ws/install/turtlebot3_cartographer:/opt/ros/foxy PYTHONPATH=/home/user1/turtlebot3_ws/build/turtlebot3_teleop:/home/user1/turtlebot3_ws/install/turtlebot3_teleop/lib/python3.8/site-packages:/home/user1/turtlebot3_ws/build/turtlebot3_example:/home/user1/turtlebot3_ws/install/turtlebot3_example/lib/python3.8/site-packages:${PYTHONPATH} /usr/bin/cmake --install /home/user1/turtlebot3_ws/build/turtlebot3
