[1.035s] Invoking command in '/home/user1/turtlebot3_ws/src/turtlebot3/turtlebot3_example': PYTHONPATH=/home/user1/turtlebot3_ws/src/install/turtlebot3_example/lib/python3.8/site-packages:${PYTHONPATH} /usr/bin/python3 setup.py egg_info --egg-base ../../build/turtlebot3_example build --build-base /home/user1/turtlebot3_ws/src/build/turtlebot3_example/build install --prefix /home/user1/turtlebot3_ws/src/install/turtlebot3_example --record /home/user1/turtlebot3_ws/src/build/turtlebot3_example/install.log --single-version-externally-managed
[1.253s] running egg_info
[1.253s] creating ../../build/turtlebot3_example/turtlebot3_example.egg-info
[1.254s] writing ../../build/turtlebot3_example/turtlebot3_example.egg-info/PKG-INFO
[1.254s] writing dependency_links to ../../build/turtlebot3_example/turtlebot3_example.egg-info/dependency_links.txt
[1.254s] writing entry points to ../../build/turtlebot3_example/turtlebot3_example.egg-info/entry_points.txt
[1.254s] writing requirements to ../../build/turtlebot3_example/turtlebot3_example.egg-info/requires.txt
[1.254s] writing top-level names to ../../build/turtlebot3_example/turtlebot3_example.egg-info/top_level.txt
[1.256s] writing manifest file '../../build/turtlebot3_example/turtlebot3_example.egg-info/SOURCES.txt'
[1.292s] reading manifest file '../../build/turtlebot3_example/turtlebot3_example.egg-info/SOURCES.txt'
[1.293s] writing manifest file '../../build/turtlebot3_example/turtlebot3_example.egg-info/SOURCES.txt'
[1.294s] running build
[1.294s] running build_py
[1.294s] creating /home/user1/turtlebot3_ws/src/build/turtlebot3_example/build
[1.294s] creating /home/user1/turtlebot3_ws/src/build/turtlebot3_example/build/lib
[1.294s] creating /home/user1/turtlebot3_ws/src/build/turtlebot3_example/build/lib/turtlebot3_example
[1.294s] copying turtlebot3_example/__init__.py -> /home/user1/turtlebot3_ws/src/build/turtlebot3_example/build/lib/turtlebot3_example
[1.294s] creating /home/user1/turtlebot3_ws/src/build/turtlebot3_example/build/lib/turtlebot3_example/turtlebot3_position_control
[1.294s] copying turtlebot3_example/turtlebot3_position_control/main.py -> /home/user1/turtlebot3_ws/src/build/turtlebot3_example/build/lib/turtlebot3_example/turtlebot3_position_control
[1.294s] copying turtlebot3_example/turtlebot3_position_control/turtlebot3_path.py -> /home/user1/turtlebot3_ws/src/build/turtlebot3_example/build/lib/turtlebot3_example/turtlebot3_position_control
[1.295s] copying turtlebot3_example/turtlebot3_position_control/__init__.py -> /home/user1/turtlebot3_ws/src/build/turtlebot3_example/build/lib/turtlebot3_example/turtlebot3_position_control
[1.295s] copying turtlebot3_example/turtlebot3_position_control/turtlebot3_position_control.py -> /home/user1/turtlebot3_ws/src/build/turtlebot3_example/build/lib/turtlebot3_example/turtlebot3_position_control
[1.295s] creating /home/user1/turtlebot3_ws/src/build/turtlebot3_example/build/lib/turtlebot3_example/turtlebot3_obstacle_detection
[1.295s] copying turtlebot3_example/turtlebot3_obstacle_detection/main.py -> /home/user1/turtlebot3_ws/src/build/turtlebot3_example/build/lib/turtlebot3_example/turtlebot3_obstacle_detection
[1.295s] copying turtlebot3_example/turtlebot3_obstacle_detection/__init__.py -> /home/user1/turtlebot3_ws/src/build/turtlebot3_example/build/lib/turtlebot3_example/turtlebot3_obstacle_detection
[1.296s] copying turtlebot3_example/turtlebot3_obstacle_detection/turtlebot3_obstacle_detection.py -> /home/user1/turtlebot3_ws/src/build/turtlebot3_example/build/lib/turtlebot3_example/turtlebot3_obstacle_detection
[1.296s] creating /home/user1/turtlebot3_ws/src/build/turtlebot3_example/build/lib/turtlebot3_example/turtlebot3_patrol_server
[1.296s] copying turtlebot3_example/turtlebot3_patrol_server/main.py -> /home/user1/turtlebot3_ws/src/build/turtlebot3_example/build/lib/turtlebot3_example/turtlebot3_patrol_server
[1.296s] copying turtlebot3_example/turtlebot3_patrol_server/turtlebot3_path.py -> /home/user1/turtlebot3_ws/src/build/turtlebot3_example/build/lib/turtlebot3_example/turtlebot3_patrol_server
[1.296s] copying turtlebot3_example/turtlebot3_patrol_server/__init__.py -> /home/user1/turtlebot3_ws/src/build/turtlebot3_example/build/lib/turtlebot3_example/turtlebot3_patrol_server
[1.297s] copying turtlebot3_example/turtlebot3_patrol_server/turtlebot3_patrol_server.py -> /home/user1/turtlebot3_ws/src/build/turtlebot3_example/build/lib/turtlebot3_example/turtlebot3_patrol_server
[1.297s] creating /home/user1/turtlebot3_ws/src/build/turtlebot3_example/build/lib/turtlebot3_example/turtlebot3_patrol_client
[1.297s] copying turtlebot3_example/turtlebot3_patrol_client/main.py -> /home/user1/turtlebot3_ws/src/build/turtlebot3_example/build/lib/turtlebot3_example/turtlebot3_patrol_client
[1.297s] copying turtlebot3_example/turtlebot3_patrol_client/turtlebot3_patrol_client.py -> /home/user1/turtlebot3_ws/src/build/turtlebot3_example/build/lib/turtlebot3_example/turtlebot3_patrol_client
[1.297s] copying turtlebot3_example/turtlebot3_patrol_client/__init__.py -> /home/user1/turtlebot3_ws/src/build/turtlebot3_example/build/lib/turtlebot3_example/turtlebot3_patrol_client
[1.298s] running install
[1.299s] running install_lib
[1.300s] creating /home/user1/turtlebot3_ws/src/install/turtlebot3_example/lib/python3.8/site-packages/turtlebot3_example
[1.301s] creating /home/user1/turtlebot3_ws/src/install/turtlebot3_example/lib/python3.8/site-packages/turtlebot3_example/turtlebot3_position_control
[1.301s] copying /home/user1/turtlebot3_ws/src/build/turtlebot3_example/build/lib/turtlebot3_example/turtlebot3_position_control/main.py -> /home/user1/turtlebot3_ws/src/install/turtlebot3_example/lib/python3.8/site-packages/turtlebot3_example/turtlebot3_position_control
[1.301s] copying /home/user1/turtlebot3_ws/src/build/turtlebot3_example/build/lib/turtlebot3_example/turtlebot3_position_control/turtlebot3_path.py -> /home/user1/turtlebot3_ws/src/install/turtlebot3_example/lib/python3.8/site-packages/turtlebot3_example/turtlebot3_position_control
[1.301s] copying /home/user1/turtlebot3_ws/src/build/turtlebot3_example/build/lib/turtlebot3_example/turtlebot3_position_control/__init__.py -> /home/user1/turtlebot3_ws/src/install/turtlebot3_example/lib/python3.8/site-packages/turtlebot3_example/turtlebot3_position_control
[1.301s] copying /home/user1/turtlebot3_ws/src/build/turtlebot3_example/build/lib/turtlebot3_example/turtlebot3_position_control/turtlebot3_position_control.py -> /home/user1/turtlebot3_ws/src/install/turtlebot3_example/lib/python3.8/site-packages/turtlebot3_example/turtlebot3_position_control
[1.301s] copying /home/user1/turtlebot3_ws/src/build/turtlebot3_example/build/lib/turtlebot3_example/__init__.py -> /home/user1/turtlebot3_ws/src/install/turtlebot3_example/lib/python3.8/site-packages/turtlebot3_example
[1.301s] creating /home/user1/turtlebot3_ws/src/install/turtlebot3_example/lib/python3.8/site-packages/turtlebot3_example/turtlebot3_obstacle_detection
[1.301s] copying /home/user1/turtlebot3_ws/src/build/turtlebot3_example/build/lib/turtlebot3_example/turtlebot3_obstacle_detection/main.py -> /home/user1/turtlebot3_ws/src/install/turtlebot3_example/lib/python3.8/site-packages/turtlebot3_example/turtlebot3_obstacle_detection
[1.301s] copying /home/user1/turtlebot3_ws/src/build/turtlebot3_example/build/lib/turtlebot3_example/turtlebot3_obstacle_detection/__init__.py -> /home/user1/turtlebot3_ws/src/install/turtlebot3_example/lib/python3.8/site-packages/turtlebot3_example/turtlebot3_obstacle_detection
[1.301s] copying /home/user1/turtlebot3_ws/src/build/turtlebot3_example/build/lib/turtlebot3_example/turtlebot3_obstacle_detection/turtlebot3_obstacle_detection.py -> /home/user1/turtlebot3_ws/src/install/turtlebot3_example/lib/python3.8/site-packages/turtlebot3_example/turtlebot3_obstacle_detection
[1.301s] creating /home/user1/turtlebot3_ws/src/install/turtlebot3_example/lib/python3.8/site-packages/turtlebot3_example/turtlebot3_patrol_server
[1.302s] copying /home/user1/turtlebot3_ws/src/build/turtlebot3_example/build/lib/turtlebot3_example/turtlebot3_patrol_server/main.py -> /home/user1/turtlebot3_ws/src/install/turtlebot3_example/lib/python3.8/site-packages/turtlebot3_example/turtlebot3_patrol_server
[1.302s] copying /home/user1/turtlebot3_ws/src/build/turtlebot3_example/build/lib/turtlebot3_example/turtlebot3_patrol_server/turtlebot3_path.py -> /home/user1/turtlebot3_ws/src/install/turtlebot3_example/lib/python3.8/site-packages/turtlebot3_example/turtlebot3_patrol_server
[1.302s] copying /home/user1/turtlebot3_ws/src/build/turtlebot3_example/build/lib/turtlebot3_example/turtlebot3_patrol_server/__init__.py -> /home/user1/turtlebot3_ws/src/install/turtlebot3_example/lib/python3.8/site-packages/turtlebot3_example/turtlebot3_patrol_server
[1.302s] copying /home/user1/turtlebot3_ws/src/build/turtlebot3_example/build/lib/turtlebot3_example/turtlebot3_patrol_server/turtlebot3_patrol_server.py -> /home/user1/turtlebot3_ws/src/install/turtlebot3_example/lib/python3.8/site-packages/turtlebot3_example/turtlebot3_patrol_server
[1.302s] creating /home/user1/turtlebot3_ws/src/install/turtlebot3_example/lib/python3.8/site-packages/turtlebot3_example/turtlebot3_patrol_client
[1.302s] copying /home/user1/turtlebot3_ws/src/build/turtlebot3_example/build/lib/turtlebot3_example/turtlebot3_patrol_client/main.py -> /home/user1/turtlebot3_ws/src/install/turtlebot3_example/lib/python3.8/site-packages/turtlebot3_example/turtlebot3_patrol_client
[1.302s] copying /home/user1/turtlebot3_ws/src/build/turtlebot3_example/build/lib/turtlebot3_example/turtlebot3_patrol_client/turtlebot3_patrol_client.py -> /home/user1/turtlebot3_ws/src/install/turtlebot3_example/lib/python3.8/site-packages/turtlebot3_example/turtlebot3_patrol_client
[1.302s] copying /home/user1/turtlebot3_ws/src/build/turtlebot3_example/build/lib/turtlebot3_example/turtlebot3_patrol_client/__init__.py -> /home/user1/turtlebot3_ws/src/install/turtlebot3_example/lib/python3.8/site-packages/turtlebot3_example/turtlebot3_patrol_client
[1.303s] byte-compiling /home/user1/turtlebot3_ws/src/install/turtlebot3_example/lib/python3.8/site-packages/turtlebot3_example/turtlebot3_position_control/main.py to main.cpython-38.pyc
[1.304s] byte-compiling /home/user1/turtlebot3_ws/src/install/turtlebot3_example/lib/python3.8/site-packages/turtlebot3_example/turtlebot3_position_control/turtlebot3_path.py to turtlebot3_path.cpython-38.pyc
[1.304s] byte-compiling /home/user1/turtlebot3_ws/src/install/turtlebot3_example/lib/python3.8/site-packages/turtlebot3_example/turtlebot3_position_control/__init__.py to __init__.cpython-38.pyc
[1.304s] byte-compiling /home/user1/turtlebot3_ws/src/install/turtlebot3_example/lib/python3.8/site-packages/turtlebot3_example/turtlebot3_position_control/turtlebot3_position_control.py to turtlebot3_position_control.cpython-38.pyc
[1.305s] byte-compiling /home/user1/turtlebot3_ws/src/install/turtlebot3_example/lib/python3.8/site-packages/turtlebot3_example/__init__.py to __init__.cpython-38.pyc
[1.305s] byte-compiling /home/user1/turtlebot3_ws/src/install/turtlebot3_example/lib/python3.8/site-packages/turtlebot3_example/turtlebot3_obstacle_detection/main.py to main.cpython-38.pyc
[1.305s] byte-compiling /home/user1/turtlebot3_ws/src/install/turtlebot3_example/lib/python3.8/site-packages/turtlebot3_example/turtlebot3_obstacle_detection/__init__.py to __init__.cpython-38.pyc
[1.305s] byte-compiling /home/user1/turtlebot3_ws/src/install/turtlebot3_example/lib/python3.8/site-packages/turtlebot3_example/turtlebot3_obstacle_detection/turtlebot3_obstacle_detection.py to turtlebot3_obstacle_detection.cpython-38.pyc
[1.306s] byte-compiling /home/user1/turtlebot3_ws/src/install/turtlebot3_example/lib/python3.8/site-packages/turtlebot3_example/turtlebot3_patrol_server/main.py to main.cpython-38.pyc
[1.306s] byte-compiling /home/user1/turtlebot3_ws/src/install/turtlebot3_example/lib/python3.8/site-packages/turtlebot3_example/turtlebot3_patrol_server/turtlebot3_path.py to turtlebot3_path.cpython-38.pyc
[1.307s] byte-compiling /home/user1/turtlebot3_ws/src/install/turtlebot3_example/lib/python3.8/site-packages/turtlebot3_example/turtlebot3_patrol_server/__init__.py to __init__.cpython-38.pyc
[1.307s] byte-compiling /home/user1/turtlebot3_ws/src/install/turtlebot3_example/lib/python3.8/site-packages/turtlebot3_example/turtlebot3_patrol_server/turtlebot3_patrol_server.py to turtlebot3_patrol_server.cpython-38.pyc
[1.307s] byte-compiling /home/user1/turtlebot3_ws/src/install/turtlebot3_example/lib/python3.8/site-packages/turtlebot3_example/turtlebot3_patrol_client/main.py to main.cpython-38.pyc
[1.307s] byte-compiling /home/user1/turtlebot3_ws/src/install/turtlebot3_example/lib/python3.8/site-packages/turtlebot3_example/turtlebot3_patrol_client/turtlebot3_patrol_client.py to turtlebot3_patrol_client.cpython-38.pyc
[1.308s] byte-compiling /home/user1/turtlebot3_ws/src/install/turtlebot3_example/lib/python3.8/site-packages/turtlebot3_example/turtlebot3_patrol_client/__init__.py to __init__.cpython-38.pyc
[1.308s] running install_data
[1.308s] creating /home/user1/turtlebot3_ws/src/install/turtlebot3_example/share/ament_index
[1.308s] creating /home/user1/turtlebot3_ws/src/install/turtlebot3_example/share/ament_index/resource_index
[1.309s] creating /home/user1/turtlebot3_ws/src/install/turtlebot3_example/share/ament_index/resource_index/packages
[1.309s] copying resource/turtlebot3_example -> /home/user1/turtlebot3_ws/src/install/turtlebot3_example/share/ament_index/resource_index/packages
[1.309s] copying package.xml -> /home/user1/turtlebot3_ws/src/install/turtlebot3_example/share/turtlebot3_example
[1.309s] running install_egg_info
[1.310s] Copying ../../build/turtlebot3_example/turtlebot3_example.egg-info to /home/user1/turtlebot3_ws/src/install/turtlebot3_example/lib/python3.8/site-packages/turtlebot3_example-2.1.4-py3.8.egg-info
[1.310s] running install_scripts
[1.326s] Installing turtlebot3_obstacle_detection script to /home/user1/turtlebot3_ws/src/install/turtlebot3_example/lib/turtlebot3_example
[1.326s] Installing turtlebot3_patrol_client script to /home/user1/turtlebot3_ws/src/install/turtlebot3_example/lib/turtlebot3_example
[1.326s] Installing turtlebot3_patrol_server script to /home/user1/turtlebot3_ws/src/install/turtlebot3_example/lib/turtlebot3_example
[1.326s] Installing turtlebot3_position_control script to /home/user1/turtlebot3_ws/src/install/turtlebot3_example/lib/turtlebot3_example
[1.326s] writing list of installed files to '/home/user1/turtlebot3_ws/src/build/turtlebot3_example/install.log'
[1.349s] Invoked command in '/home/user1/turtlebot3_ws/src/turtlebot3/turtlebot3_example' returned '0': PYTHONPATH=/home/user1/turtlebot3_ws/src/install/turtlebot3_example/lib/python3.8/site-packages:${PYTHONPATH} /usr/bin/python3 setup.py egg_info --egg-base ../../build/turtlebot3_example build --build-base /home/user1/turtlebot3_ws/src/build/turtlebot3_example/build install --prefix /home/user1/turtlebot3_ws/src/install/turtlebot3_example --record /home/user1/turtlebot3_ws/src/build/turtlebot3_example/install.log --single-version-externally-managed
