[0.047s] Invoking command in '/home/user1/turtlebot3_ws/build/turtlebot3_node': CMAKE_PREFIX_PATH=/opt/ros/foxy /usr/bin/cmake /home/user1/turtlebot3_ws/src/turtlebot3/turtlebot3_node -DCMAKE_INSTALL_PREFIX=/home/user1/turtlebot3_ws/install/turtlebot3_node
[0.517s] -- Found ament_cmake: 0.9.11 (/opt/ros/foxy/share/ament_cmake/cmake)
[0.517s] -- Using PYTHON_EXECUTABLE: /usr/bin/python3
[0.517s] -- Override CMake install command with custom implementation using symlinks instead of copying resources
[0.517s] -- Found dynamixel_sdk: 3.7.40 (/opt/ros/foxy/share/dynamixel_sdk/cmake)
[0.517s] -- Found geometry_msgs: 2.0.5 (/opt/ros/foxy/share/geometry_msgs/cmake)
[0.519s] -- Using all available rosidl_typesupport_c: rosidl_typesupport_fastrtps_c;rosidl_typesupport_introspection_c
[0.519s] -- Found rosidl_adapter: 1.3.0 (/opt/ros/foxy/share/rosidl_adapter/cmake)
[0.519s] -- Using all available rosidl_typesupport_cpp: rosidl_typesupport_fastrtps_cpp;rosidl_typesupport_introspection_cpp
[0.520s] -- Found message_filters: 3.2.5 (/opt/ros/foxy/share/message_filters/cmake)
[0.521s] -- Found nav_msgs: 2.0.5 (/opt/ros/foxy/share/nav_msgs/cmake)
[0.548s] -- Found rclcpp: 2.4.2 (/opt/ros/foxy/share/rclcpp/cmake)
[0.606s] -- Found rmw_implementation_cmake: 1.0.3 (/opt/ros/foxy/share/rmw_implementation_cmake/cmake)
[0.609s] -- Using RMW implementation 'rmw_fastrtps_cpp' as default
[0.779s] -- Found sensor_msgs: 2.0.5 (/opt/ros/foxy/share/sensor_msgs/cmake)
[0.846s] -- Found std_srvs: 2.0.5 (/opt/ros/foxy/share/std_srvs/cmake)
[0.857s] -- Found tf2: 0.13.13 (/opt/ros/foxy/share/tf2/cmake)
[0.866s] -- Found tf2_ros: 0.13.13 (/opt/ros/foxy/share/tf2_ros/cmake)
[1.182s] -- Found turtlebot3_msgs: 2.2.1 (/opt/ros/foxy/share/turtlebot3_msgs/cmake)
[1.338s] -- Configuring done
[1.358s] -- Generating done
[1.360s] -- Build files have been written to: /home/user1/turtlebot3_ws/build/turtlebot3_node
[1.366s] Invoked command in '/home/user1/turtlebot3_ws/build/turtlebot3_node' returned '0': CMAKE_PREFIX_PATH=/opt/ros/foxy /usr/bin/cmake /home/user1/turtlebot3_ws/src/turtlebot3/turtlebot3_node -DCMAKE_INSTALL_PREFIX=/home/user1/turtlebot3_ws/install/turtlebot3_node
[1.368s] Invoking command in '/home/user1/turtlebot3_ws/build/turtlebot3_node': CMAKE_PREFIX_PATH=/opt/ros/foxy /usr/bin/cmake --build /home/user1/turtlebot3_ws/build/turtlebot3_node -- -j12 -l12
[1.453s] [ 85%] Built target turtlebot3_node_lib
[1.486s] [100%] Built target turtlebot3_ros
[1.495s] Invoked command in '/home/user1/turtlebot3_ws/build/turtlebot3_node' returned '0': CMAKE_PREFIX_PATH=/opt/ros/foxy /usr/bin/cmake --build /home/user1/turtlebot3_ws/build/turtlebot3_node -- -j12 -l12
[1.525s] Invoking command in '/home/user1/turtlebot3_ws/build/turtlebot3_node': CMAKE_PREFIX_PATH=/opt/ros/foxy /usr/bin/cmake --install /home/user1/turtlebot3_ws/build/turtlebot3_node
[1.536s] -- Install configuration: ""
[1.536s] -- Execute custom install script
[1.537s] -- Up-to-date symlink: /home/user1/turtlebot3_ws/install/turtlebot3_node/share/turtlebot3_node/param/burger.yaml
[1.537s] -- Up-to-date symlink: /home/user1/turtlebot3_ws/install/turtlebot3_node/share/turtlebot3_node/param/waffle.yaml
[1.537s] -- Up-to-date symlink: /home/user1/turtlebot3_ws/install/turtlebot3_node/share/turtlebot3_node/param/waffle_pi.yaml
[1.537s] -- Up-to-date symlink: /home/user1/turtlebot3_ws/install/turtlebot3_node/lib/turtlebot3_node/turtlebot3_ros
[1.537s] -- Up-to-date symlink: /home/user1/turtlebot3_ws/install/turtlebot3_node/share/ament_index/resource_index/package_run_dependencies/turtlebot3_node
[1.537s] -- Up-to-date symlink: /home/user1/turtlebot3_ws/install/turtlebot3_node/share/ament_index/resource_index/parent_prefix_path/turtlebot3_node
[1.538s] -- Up-to-date symlink: /home/user1/turtlebot3_ws/install/turtlebot3_node/share/turtlebot3_node/environment/ament_prefix_path.sh
[1.538s] -- Up-to-date symlink: /home/user1/turtlebot3_ws/install/turtlebot3_node/share/turtlebot3_node/environment/ament_prefix_path.dsv
[1.538s] -- Up-to-date symlink: /home/user1/turtlebot3_ws/install/turtlebot3_node/share/turtlebot3_node/environment/path.sh
[1.538s] -- Up-to-date symlink: /home/user1/turtlebot3_ws/install/turtlebot3_node/share/turtlebot3_node/environment/path.dsv
[1.538s] -- Up-to-date symlink: /home/user1/turtlebot3_ws/install/turtlebot3_node/share/turtlebot3_node/local_setup.bash
[1.538s] -- Up-to-date symlink: /home/user1/turtlebot3_ws/install/turtlebot3_node/share/turtlebot3_node/local_setup.sh
[1.539s] -- Up-to-date symlink: /home/user1/turtlebot3_ws/install/turtlebot3_node/share/turtlebot3_node/local_setup.zsh
[1.539s] -- Up-to-date symlink: /home/user1/turtlebot3_ws/install/turtlebot3_node/share/turtlebot3_node/local_setup.dsv
[1.539s] -- Symlinking: /home/user1/turtlebot3_ws/install/turtlebot3_node/share/turtlebot3_node/package.dsv
[1.547s] -- Up-to-date symlink: /home/user1/turtlebot3_ws/install/turtlebot3_node/share/ament_index/resource_index/packages/turtlebot3_node
[1.547s] -- Up-to-date symlink: /home/user1/turtlebot3_ws/install/turtlebot3_node/share/turtlebot3_node/cmake/ament_cmake_export_include_directories-extras.cmake
[1.547s] -- Up-to-date symlink: /home/user1/turtlebot3_ws/install/turtlebot3_node/share/turtlebot3_node/cmake/turtlebot3_nodeConfig.cmake
[1.548s] -- Up-to-date symlink: /home/user1/turtlebot3_ws/install/turtlebot3_node/share/turtlebot3_node/cmake/turtlebot3_nodeConfig-version.cmake
[1.548s] -- Up-to-date symlink: /home/user1/turtlebot3_ws/install/turtlebot3_node/share/turtlebot3_node/package.xml
[1.558s] Invoked command in '/home/user1/turtlebot3_ws/build/turtlebot3_node' returned '0': CMAKE_PREFIX_PATH=/opt/ros/foxy /usr/bin/cmake --install /home/user1/turtlebot3_ws/build/turtlebot3_node
