[0.016s] Invoking command in '/home/user1/robotfusion/turtlebot3_ws/src/turtlebot3_simulations/build/turtlebot3_gazebo': CMAKE_PREFIX_PATH=${CMAKE_PREFIX_PATH}:/home/user1/robotfusion/turtlebot3_ws/install/turtlebot3_teleop:/home/user1/robotfusion/turtlebot3_ws/install/turtlebot3_example:/home/user1/turtlebot3_ws/src/turtlebot3_simulations/turtlebot3_gazebo/install/turtlebot3_gazebo:/opt/ros/foxy /usr/bin/cmake --build /home/user1/robotfusion/turtlebot3_ws/src/turtlebot3_simulations/build/turtlebot3_gazebo -- -j12 -l12
[0.022s] CMake Error: The current CMakeCache.txt directory /home/user1/robotfusion/turtlebot3_ws/src/turtlebot3_simulations/build/turtlebot3_gazebo/CMakeCache.txt is different than the directory /home/user1/turtlebot3_ws/src/turtlebot3_simulations/build/turtlebot3_gazebo where CMakeCache.txt was created. This may result in binaries being created in the wrong place. If you are not sure, reedit the CMakeCache.txt
[0.060s] [ 25%] Built target obstacle1
[0.062s] [ 50%] Built target obstacles
[0.062s] [ 75%] Built target obstacle2
[0.064s] [100%] Built target turtlebot3_drive
[0.072s] Invoked command in '/home/user1/robotfusion/turtlebot3_ws/src/turtlebot3_simulations/build/turtlebot3_gazebo' returned '0': CMAKE_PREFIX_PATH=${CMAKE_PREFIX_PATH}:/home/user1/robotfusion/turtlebot3_ws/install/turtlebot3_teleop:/home/user1/robotfusion/turtlebot3_ws/install/turtlebot3_example:/home/user1/turtlebot3_ws/src/turtlebot3_simulations/turtlebot3_gazebo/install/turtlebot3_gazebo:/opt/ros/foxy /usr/bin/cmake --build /home/user1/robotfusion/turtlebot3_ws/src/turtlebot3_simulations/build/turtlebot3_gazebo -- -j12 -l12
[0.090s] Invoking command in '/home/user1/robotfusion/turtlebot3_ws/src/turtlebot3_simulations/build/turtlebot3_gazebo': CMAKE_PREFIX_PATH=${CMAKE_PREFIX_PATH}:/home/user1/robotfusion/turtlebot3_ws/install/turtlebot3_teleop:/home/user1/robotfusion/turtlebot3_ws/install/turtlebot3_example:/home/user1/turtlebot3_ws/src/turtlebot3_simulations/turtlebot3_gazebo/install/turtlebot3_gazebo:/opt/ros/foxy /usr/bin/cmake --install /home/user1/robotfusion/turtlebot3_ws/src/turtlebot3_simulations/build/turtlebot3_gazebo
[0.097s] -- Install configuration: ""
[0.097s] -- Up-to-date: /home/user1/turtlebot3_ws/src/turtlebot3_simulations/install/turtlebot3_gazebo/lib/turtlebot3_gazebo/turtlebot3_drive
[0.098s] -- Up-to-date: /home/user1/turtlebot3_ws/src/turtlebot3_simulations/install/turtlebot3_gazebo/share/turtlebot3_gazebo//launch
[0.098s] -- Up-to-date: /home/user1/turtlebot3_ws/src/turtlebot3_simulations/install/turtlebot3_gazebo/share/turtlebot3_gazebo//launch/turtlebot3_autorace.launch.py
[0.098s] -- Up-to-date: /home/user1/turtlebot3_ws/src/turtlebot3_simulations/install/turtlebot3_gazebo/share/turtlebot3_gazebo//launch/turtlebot3_dqn_stage3.launch.py
[0.098s] -- Up-to-date: /home/user1/turtlebot3_ws/src/turtlebot3_simulations/install/turtlebot3_gazebo/share/turtlebot3_gazebo//launch/log
[0.098s] -- Up-to-date: /home/user1/turtlebot3_ws/src/turtlebot3_simulations/install/turtlebot3_gazebo/share/turtlebot3_gazebo//launch/log/build_2023-01-15_17-02-20
[0.099s] -- Up-to-date: /home/user1/turtlebot3_ws/src/turtlebot3_simulations/install/turtlebot3_gazebo/share/turtlebot3_gazebo//launch/log/build_2023-01-15_17-02-20/logger_all.log
[0.099s] -- Up-to-date: /home/user1/turtlebot3_ws/src/turtlebot3_simulations/install/turtlebot3_gazebo/share/turtlebot3_gazebo//launch/log/build_2023-01-15_17-02-20/events.log
[0.099s] -- Up-to-date: /home/user1/turtlebot3_ws/src/turtlebot3_simulations/install/turtlebot3_gazebo/share/turtlebot3_gazebo//launch/log/latest_build
[0.099s] -- Up-to-date: /home/user1/turtlebot3_ws/src/turtlebot3_simulations/install/turtlebot3_gazebo/share/turtlebot3_gazebo//launch/log/latest
[0.099s] -- Up-to-date: /home/user1/turtlebot3_ws/src/turtlebot3_simulations/install/turtlebot3_gazebo/share/turtlebot3_gazebo//launch/log/COLCON_IGNORE
[0.100s] -- Up-to-date: /home/user1/turtlebot3_ws/src/turtlebot3_simulations/install/turtlebot3_gazebo/share/turtlebot3_gazebo//launch/turtlebot3_world.launch.py
[0.100s] -- Up-to-date: /home/user1/turtlebot3_ws/src/turtlebot3_simulations/install/turtlebot3_gazebo/share/turtlebot3_gazebo//launch/build
[0.100s] -- Up-to-date: /home/user1/turtlebot3_ws/src/turtlebot3_simulations/install/turtlebot3_gazebo/share/turtlebot3_gazebo//launch/build/.built_by
[0.100s] -- Up-to-date: /home/user1/turtlebot3_ws/src/turtlebot3_simulations/install/turtlebot3_gazebo/share/turtlebot3_gazebo//launch/build/COLCON_IGNORE
[0.101s] -- Up-to-date: /home/user1/turtlebot3_ws/src/turtlebot3_simulations/install/turtlebot3_gazebo/share/turtlebot3_gazebo//launch/empty_world.launch.py
[0.101s] -- Up-to-date: /home/user1/turtlebot3_ws/src/turtlebot3_simulations/install/turtlebot3_gazebo/share/turtlebot3_gazebo//launch/install
[0.101s] -- Up-to-date: /home/user1/turtlebot3_ws/src/turtlebot3_simulations/install/turtlebot3_gazebo/share/turtlebot3_gazebo//launch/install/local_setup.sh
[0.102s] -- Up-to-date: /home/user1/turtlebot3_ws/src/turtlebot3_simulations/install/turtlebot3_gazebo/share/turtlebot3_gazebo//launch/install/_local_setup_util_ps1.py
[0.102s] -- Up-to-date: /home/user1/turtlebot3_ws/src/turtlebot3_simulations/install/turtlebot3_gazebo/share/turtlebot3_gazebo//launch/install/setup.bash
[0.102s] -- Up-to-date: /home/user1/turtlebot3_ws/src/turtlebot3_simulations/install/turtlebot3_gazebo/share/turtlebot3_gazebo//launch/install/.colcon_install_layout
[0.102s] -- Up-to-date: /home/user1/turtlebot3_ws/src/turtlebot3_simulations/install/turtlebot3_gazebo/share/turtlebot3_gazebo//launch/install/local_setup.ps1
[0.102s] -- Up-to-date: /home/user1/turtlebot3_ws/src/turtlebot3_simulations/install/turtlebot3_gazebo/share/turtlebot3_gazebo//launch/install/local_setup.zsh
[0.102s] -- Up-to-date: /home/user1/turtlebot3_ws/src/turtlebot3_simulations/install/turtlebot3_gazebo/share/turtlebot3_gazebo//launch/install/setup.zsh
[0.102s] -- Up-to-date: /home/user1/turtlebot3_ws/src/turtlebot3_simulations/install/turtlebot3_gazebo/share/turtlebot3_gazebo//launch/install/_local_setup_util_sh.py
[0.102s] -- Up-to-date: /home/user1/turtlebot3_ws/src/turtlebot3_simulations/install/turtlebot3_gazebo/share/turtlebot3_gazebo//launch/install/setup.sh
[0.102s] -- Up-to-date: /home/user1/turtlebot3_ws/src/turtlebot3_simulations/install/turtlebot3_gazebo/share/turtlebot3_gazebo//launch/install/COLCON_IGNORE
[0.102s] -- Up-to-date: /home/user1/turtlebot3_ws/src/turtlebot3_simulations/install/turtlebot3_gazebo/share/turtlebot3_gazebo//launch/install/setup.ps1
[0.102s] -- Up-to-date: /home/user1/turtlebot3_ws/src/turtlebot3_simulations/install/turtlebot3_gazebo/share/turtlebot3_gazebo//launch/install/local_setup.bash
[0.103s] -- Up-to-date: /home/user1/turtlebot3_ws/src/turtlebot3_simulations/install/turtlebot3_gazebo/share/turtlebot3_gazebo//launch/turtlebot3_dqn_stage4.launch.py
[0.103s] -- Up-to-date: /home/user1/turtlebot3_ws/src/turtlebot3_simulations/install/turtlebot3_gazebo/share/turtlebot3_gazebo//launch/turtlebot3_dqn_stage1.launch.py
[0.103s] -- Up-to-date: /home/user1/turtlebot3_ws/src/turtlebot3_simulations/install/turtlebot3_gazebo/share/turtlebot3_gazebo//launch/robot_state_publisher.launch.py
[0.103s] -- Up-to-date: /home/user1/turtlebot3_ws/src/turtlebot3_simulations/install/turtlebot3_gazebo/share/turtlebot3_gazebo//launch/turtlebot3_house.launch.py
[0.103s] -- Up-to-date: /home/user1/turtlebot3_ws/src/turtlebot3_simulations/install/turtlebot3_gazebo/share/turtlebot3_gazebo//launch/turtlebot3_dqn_stage2.launch.py
[0.103s] -- Up-to-date: /home/user1/turtlebot3_ws/src/turtlebot3_simulations/install/turtlebot3_gazebo/share/turtlebot3_gazebo//models
[0.103s] -- Up-to-date: /home/user1/turtlebot3_ws/src/turtlebot3_simulations/install/turtlebot3_gazebo/share/turtlebot3_gazebo//models/turtlebot3_dqn_world
[0.103s] -- Up-to-date: /home/user1/turtlebot3_ws/src/turtlebot3_simulations/install/turtlebot3_gazebo/share/turtlebot3_gazebo//models/turtlebot3_dqn_world/obstacles
[0.103s] -- Up-to-date: /home/user1/turtlebot3_ws/src/turtlebot3_simulations/install/turtlebot3_gazebo/share/turtlebot3_gazebo//models/turtlebot3_dqn_world/obstacles/model.sdf
[0.103s] -- Up-to-date: /home/user1/turtlebot3_ws/src/turtlebot3_simulations/install/turtlebot3_gazebo/share/turtlebot3_gazebo//models/turtlebot3_dqn_world/obstacles/model.config
[0.103s] -- Up-to-date: /home/user1/turtlebot3_ws/src/turtlebot3_simulations/install/turtlebot3_gazebo/share/turtlebot3_gazebo//models/turtlebot3_dqn_world/model.sdf
[0.103s] -- Up-to-date: /home/user1/turtlebot3_ws/src/turtlebot3_simulations/install/turtlebot3_gazebo/share/turtlebot3_gazebo//models/turtlebot3_dqn_world/obstacle1
[0.103s] -- Up-to-date: /home/user1/turtlebot3_ws/src/turtlebot3_simulations/install/turtlebot3_gazebo/share/turtlebot3_gazebo//models/turtlebot3_dqn_world/obstacle1/model.sdf
[0.104s] -- Up-to-date: /home/user1/turtlebot3_ws/src/turtlebot3_simulations/install/turtlebot3_gazebo/share/turtlebot3_gazebo//models/turtlebot3_dqn_world/obstacle1/model.config
[0.105s] -- Up-to-date: /home/user1/turtlebot3_ws/src/turtlebot3_simulations/install/turtlebot3_gazebo/share/turtlebot3_gazebo//models/turtlebot3_dqn_world/model.config
[0.105s] -- Up-to-date: /home/user1/turtlebot3_ws/src/turtlebot3_simulations/install/turtlebot3_gazebo/share/turtlebot3_gazebo//models/turtlebot3_dqn_world/goal_box
[0.105s] -- Up-to-date: /home/user1/turtlebot3_ws/src/turtlebot3_simulations/install/turtlebot3_gazebo/share/turtlebot3_gazebo//models/turtlebot3_dqn_world/goal_box/model.sdf
[0.105s] -- Up-to-date: /home/user1/turtlebot3_ws/src/turtlebot3_simulations/install/turtlebot3_gazebo/share/turtlebot3_gazebo//models/turtlebot3_dqn_world/goal_box/model.config
[0.105s] -- Up-to-date: /home/user1/turtlebot3_ws/src/turtlebot3_simulations/install/turtlebot3_gazebo/share/turtlebot3_gazebo//models/turtlebot3_dqn_world/inner_walls
[0.106s] -- Up-to-date: /home/user1/turtlebot3_ws/src/turtlebot3_simulations/install/turtlebot3_gazebo/share/turtlebot3_gazebo//models/turtlebot3_dqn_world/inner_walls/model.sdf
[0.106s] -- Up-to-date: /home/user1/turtlebot3_ws/src/turtlebot3_simulations/install/turtlebot3_gazebo/share/turtlebot3_gazebo//models/turtlebot3_dqn_world/inner_walls/model.config
[0.106s] -- Up-to-date: /home/user1/turtlebot3_ws/src/turtlebot3_simulations/install/turtlebot3_gazebo/share/turtlebot3_gazebo//models/turtlebot3_dqn_world/obstacle2
[0.106s] -- Up-to-date: /home/user1/turtlebot3_ws/src/turtlebot3_simulations/install/turtlebot3_gazebo/share/turtlebot3_gazebo//models/turtlebot3_dqn_world/obstacle2/model.sdf
[0.106s] -- Up-to-date: /home/user1/turtlebot3_ws/src/turtlebot3_simulations/install/turtlebot3_gazebo/share/turtlebot3_gazebo//models/turtlebot3_dqn_world/obstacle2/model.config
[0.107s] -- Up-to-date: /home/user1/turtlebot3_ws/src/turtlebot3_simulations/install/turtlebot3_gazebo/share/turtlebot3_gazebo//models/turtlebot3_dqn_world/obstacle_plugin
[0.107s] -- Up-to-date: /home/user1/turtlebot3_ws/src/turtlebot3_simulations/install/turtlebot3_gazebo/share/turtlebot3_gazebo//models/turtlebot3_dqn_world/obstacle_plugin/obstacle1.cc
[0.107s] -- Up-to-date: /home/user1/turtlebot3_ws/src/turtlebot3_simulations/install/turtlebot3_gazebo/share/turtlebot3_gazebo//models/turtlebot3_dqn_world/obstacle_plugin/obstacles.cc
[0.107s] -- Up-to-date: /home/user1/turtlebot3_ws/src/turtlebot3_simulations/install/turtlebot3_gazebo/share/turtlebot3_gazebo//models/turtlebot3_dqn_world/obstacle_plugin/CMakeLists.txt
[0.109s] -- Up-to-date: /home/user1/turtlebot3_ws/src/turtlebot3_simulations/install/turtlebot3_gazebo/share/turtlebot3_gazebo//models/turtlebot3_dqn_world/obstacle_plugin/obstacle2.cc
[0.109s] -- Up-to-date: /home/user1/turtlebot3_ws/src/turtlebot3_simulations/install/turtlebot3_gazebo/share/turtlebot3_gazebo//models/turtlebot3_waffle_pi
[0.109s] -- Up-to-date: /home/user1/turtlebot3_ws/src/turtlebot3_simulations/install/turtlebot3_gazebo/share/turtlebot3_gazebo//models/turtlebot3_waffle_pi/meshes
[0.109s] -- Up-to-date: /home/user1/turtlebot3_ws/src/turtlebot3_simulations/install/turtlebot3_gazebo/share/turtlebot3_gazebo//models/turtlebot3_waffle_pi/meshes/tire.dae
[0.110s] -- Up-to-date: /home/user1/turtlebot3_ws/src/turtlebot3_simulations/install/turtlebot3_gazebo/share/turtlebot3_gazebo//models/turtlebot3_waffle_pi/meshes/lds.dae
[0.110s] -- Up-to-date: /home/user1/turtlebot3_ws/src/turtlebot3_simulations/install/turtlebot3_gazebo/share/turtlebot3_gazebo//models/turtlebot3_waffle_pi/meshes/waffle_pi_base.dae
[0.110s] -- Up-to-date: /home/user1/turtlebot3_ws/src/turtlebot3_simulations/install/turtlebot3_gazebo/share/turtlebot3_gazebo//models/turtlebot3_waffle_pi/model.sdf
[0.111s] -- Up-to-date: /home/user1/turtlebot3_ws/src/turtlebot3_simulations/install/turtlebot3_gazebo/share/turtlebot3_gazebo//models/turtlebot3_waffle_pi/model.config
[0.111s] -- Up-to-date: /home/user1/turtlebot3_ws/src/turtlebot3_simulations/install/turtlebot3_gazebo/share/turtlebot3_gazebo//models/turtlebot3_waffle_pi/model-1_4_.sdf
[0.111s] -- Up-to-date: /home/user1/turtlebot3_ws/src/turtlebot3_simulations/install/turtlebot3_gazebo/share/turtlebot3_gazebo//models/turtlebot3_house
[0.111s] -- Up-to-date: /home/user1/turtlebot3_ws/src/turtlebot3_simulations/install/turtlebot3_gazebo/share/turtlebot3_gazebo//models/turtlebot3_house/model.sdf
[0.111s] -- Up-to-date: /home/user1/turtlebot3_ws/src/turtlebot3_simulations/install/turtlebot3_gazebo/share/turtlebot3_gazebo//models/turtlebot3_house/model.config
[0.111s] -- Up-to-date: /home/user1/turtlebot3_ws/src/turtlebot3_simulations/install/turtlebot3_gazebo/share/turtlebot3_gazebo//models/turtlebot3_waffle
[0.112s] -- Up-to-date: /home/user1/turtlebot3_ws/src/turtlebot3_simulations/install/turtlebot3_gazebo/share/turtlebot3_gazebo//models/turtlebot3_waffle/meshes
[0.112s] -- Up-to-date: /home/user1/turtlebot3_ws/src/turtlebot3_simulations/install/turtlebot3_gazebo/share/turtlebot3_gazebo//models/turtlebot3_waffle/meshes/tire.dae
[0.112s] -- Up-to-date: /home/user1/turtlebot3_ws/src/turtlebot3_simulations/install/turtlebot3_gazebo/share/turtlebot3_gazebo//models/turtlebot3_waffle/meshes/waffle_base.dae
[0.112s] -- Up-to-date: /home/user1/turtlebot3_ws/src/turtlebot3_simulations/install/turtlebot3_gazebo/share/turtlebot3_gazebo//models/turtlebot3_waffle/meshes/lds.dae
[0.112s] -- Up-to-date: /home/user1/turtlebot3_ws/src/turtlebot3_simulations/install/turtlebot3_gazebo/share/turtlebot3_gazebo//models/turtlebot3_waffle/meshes/r200.dae
[0.112s] -- Up-to-date: /home/user1/turtlebot3_ws/src/turtlebot3_simulations/install/turtlebot3_gazebo/share/turtlebot3_gazebo//models/turtlebot3_waffle/model.sdf
[0.113s] -- Up-to-date: /home/user1/turtlebot3_ws/src/turtlebot3_simulations/install/turtlebot3_gazebo/share/turtlebot3_gazebo//models/turtlebot3_waffle/model.config
[0.113s] -- Up-to-date: /home/user1/turtlebot3_ws/src/turtlebot3_simulations/install/turtlebot3_gazebo/share/turtlebot3_gazebo//models/turtlebot3_waffle/model-1_4.sdf
[0.114s] -- Up-to-date: /home/user1/turtlebot3_ws/src/turtlebot3_simulations/install/turtlebot3_gazebo/share/turtlebot3_gazebo//models/turtlebot3_burger
[0.114s] -- Up-to-date: /home/user1/turtlebot3_ws/src/turtlebot3_simulations/install/turtlebot3_gazebo/share/turtlebot3_gazebo//models/turtlebot3_burger/meshes
[0.114s] -- Up-to-date: /home/user1/turtlebot3_ws/src/turtlebot3_simulations/install/turtlebot3_gazebo/share/turtlebot3_gazebo//models/turtlebot3_burger/meshes/tire.dae
[0.114s] -- Up-to-date: /home/user1/turtlebot3_ws/src/turtlebot3_simulations/install/turtlebot3_gazebo/share/turtlebot3_gazebo//models/turtlebot3_burger/meshes/lds.dae
[0.117s] -- Up-to-date: /home/user1/turtlebot3_ws/src/turtlebot3_simulations/install/turtlebot3_gazebo/share/turtlebot3_gazebo//models/turtlebot3_burger/meshes/burger_base.dae
[0.117s] -- Up-to-date: /home/user1/turtlebot3_ws/src/turtlebot3_simulations/install/turtlebot3_gazebo/share/turtlebot3_gazebo//models/turtlebot3_burger/model.sdf
[0.117s] -- Up-to-date: /home/user1/turtlebot3_ws/src/turtlebot3_simulations/install/turtlebot3_gazebo/share/turtlebot3_gazebo//models/turtlebot3_burger/model.config
[0.117s] -- Up-to-date: /home/user1/turtlebot3_ws/src/turtlebot3_simulations/install/turtlebot3_gazebo/share/turtlebot3_gazebo//models/turtlebot3_burger/model-1_4.sdf
[0.117s] -- Up-to-date: /home/user1/turtlebot3_ws/src/turtlebot3_simulations/install/turtlebot3_gazebo/share/turtlebot3_gazebo//models/turtlebot3_autorace
[0.117s] -- Up-to-date: /home/user1/turtlebot3_ws/src/turtlebot3_simulations/install/turtlebot3_gazebo/share/turtlebot3_gazebo//models/turtlebot3_autorace/lights
[0.118s] -- Up-to-date: /home/user1/turtlebot3_ws/src/turtlebot3_simulations/install/turtlebot3_gazebo/share/turtlebot3_gazebo//models/turtlebot3_autorace/lights/model.sdf
[0.118s] -- Up-to-date: /home/user1/turtlebot3_ws/src/turtlebot3_simulations/install/turtlebot3_gazebo/share/turtlebot3_gazebo//models/turtlebot3_autorace/lights/model.config
[0.118s] -- Up-to-date: /home/user1/turtlebot3_ws/src/turtlebot3_simulations/install/turtlebot3_gazebo/share/turtlebot3_gazebo//models/turtlebot3_autorace/traffic_bar_down
[0.118s] -- Up-to-date: /home/user1/turtlebot3_ws/src/turtlebot3_simulations/install/turtlebot3_gazebo/share/turtlebot3_gazebo//models/turtlebot3_autorace/traffic_bar_down/model.sdf
[0.118s] -- Up-to-date: /home/user1/turtlebot3_ws/src/turtlebot3_simulations/install/turtlebot3_gazebo/share/turtlebot3_gazebo//models/turtlebot3_autorace/traffic_bar_down/materials
[0.118s] -- Up-to-date: /home/user1/turtlebot3_ws/src/turtlebot3_simulations/install/turtlebot3_gazebo/share/turtlebot3_gazebo//models/turtlebot3_autorace/traffic_bar_down/materials/textures
[0.118s] -- Up-to-date: /home/user1/turtlebot3_ws/src/turtlebot3_simulations/install/turtlebot3_gazebo/share/turtlebot3_gazebo//models/turtlebot3_autorace/traffic_bar_down/materials/textures/traffic_bar.png
[0.118s] -- Up-to-date: /home/user1/turtlebot3_ws/src/turtlebot3_simulations/install/turtlebot3_gazebo/share/turtlebot3_gazebo//models/turtlebot3_autorace/traffic_bar_down/materials/scripts
[0.118s] -- Up-to-date: /home/user1/turtlebot3_ws/src/turtlebot3_simulations/install/turtlebot3_gazebo/share/turtlebot3_gazebo//models/turtlebot3_autorace/traffic_bar_down/materials/scripts/traffic_bar.material
[0.118s] -- Up-to-date: /home/user1/turtlebot3_ws/src/turtlebot3_simulations/install/turtlebot3_gazebo/share/turtlebot3_gazebo//models/turtlebot3_autorace/traffic_bar_down/model.config
[0.118s] -- Up-to-date: /home/user1/turtlebot3_ws/src/turtlebot3_simulations/install/turtlebot3_gazebo/share/turtlebot3_gazebo//models/turtlebot3_autorace/tunnel_wall
[0.118s] -- Up-to-date: /home/user1/turtlebot3_ws/src/turtlebot3_simulations/install/turtlebot3_gazebo/share/turtlebot3_gazebo//models/turtlebot3_autorace/tunnel_wall/model.sdf
[0.118s] -- Up-to-date: /home/user1/turtlebot3_ws/src/turtlebot3_simulations/install/turtlebot3_gazebo/share/turtlebot3_gazebo//models/turtlebot3_autorace/tunnel_wall/model.config
[0.119s] -- Up-to-date: /home/user1/turtlebot3_ws/src/turtlebot3_simulations/install/turtlebot3_gazebo/share/turtlebot3_gazebo//models/turtlebot3_autorace/traffic_parking
[0.119s] -- Up-to-date: /home/user1/turtlebot3_ws/src/turtlebot3_simulations/install/turtlebot3_gazebo/share/turtlebot3_gazebo//models/turtlebot3_autorace/traffic_parking/model.sdf
[0.119s] -- Up-to-date: /home/user1/turtlebot3_ws/src/turtlebot3_simulations/install/turtlebot3_gazebo/share/turtlebot3_gazebo//models/turtlebot3_autorace/traffic_parking/materials
[0.119s] -- Up-to-date: /home/user1/turtlebot3_ws/src/turtlebot3_simulations/install/turtlebot3_gazebo/share/turtlebot3_gazebo//models/turtlebot3_autorace/traffic_parking/materials/textures
[0.119s] -- Up-to-date: /home/user1/turtlebot3_ws/src/turtlebot3_simulations/install/turtlebot3_gazebo/share/turtlebot3_gazebo//models/turtlebot3_autorace/traffic_parking/materials/textures/traffic_parking.png
[0.119s] -- Up-to-date: /home/user1/turtlebot3_ws/src/turtlebot3_simulations/install/turtlebot3_gazebo/share/turtlebot3_gazebo//models/turtlebot3_autorace/traffic_parking/materials/scripts
[0.119s] -- Up-to-date: /home/user1/turtlebot3_ws/src/turtlebot3_simulations/install/turtlebot3_gazebo/share/turtlebot3_gazebo//models/turtlebot3_autorace/traffic_parking/materials/scripts/traffic_parking.material
[0.119s] -- Up-to-date: /home/user1/turtlebot3_ws/src/turtlebot3_simulations/install/turtlebot3_gazebo/share/turtlebot3_gazebo//models/turtlebot3_autorace/traffic_parking/model.config
[0.120s] -- Up-to-date: /home/user1/turtlebot3_ws/src/turtlebot3_simulations/install/turtlebot3_gazebo/share/turtlebot3_gazebo//models/turtlebot3_autorace/ground
[0.121s] -- Up-to-date: /home/user1/turtlebot3_ws/src/turtlebot3_simulations/install/turtlebot3_gazebo/share/turtlebot3_gazebo//models/turtlebot3_autorace/ground/model.sdf
[0.121s] -- Up-to-date: /home/user1/turtlebot3_ws/src/turtlebot3_simulations/install/turtlebot3_gazebo/share/turtlebot3_gazebo//models/turtlebot3_autorace/ground/model.config
[0.121s] -- Up-to-date: /home/user1/turtlebot3_ws/src/turtlebot3_simulations/install/turtlebot3_gazebo/share/turtlebot3_gazebo//models/turtlebot3_autorace/tunnel_obstacles
[0.121s] -- Up-to-date: /home/user1/turtlebot3_ws/src/turtlebot3_simulations/install/turtlebot3_gazebo/share/turtlebot3_gazebo//models/turtlebot3_autorace/tunnel_obstacles/model.sdf
[0.121s] -- Up-to-date: /home/user1/turtlebot3_ws/src/turtlebot3_simulations/install/turtlebot3_gazebo/share/turtlebot3_gazebo//models/turtlebot3_autorace/tunnel_obstacles/model.config
[0.121s] -- Up-to-date: /home/user1/turtlebot3_ws/src/turtlebot3_simulations/install/turtlebot3_gazebo/share/turtlebot3_gazebo//models/turtlebot3_autorace/model.config
[0.121s] -- Up-to-date: /home/user1/turtlebot3_ws/src/turtlebot3_simulations/install/turtlebot3_gazebo/share/turtlebot3_gazebo//models/turtlebot3_autorace/traffic_light_red
[0.122s] -- Up-to-date: /home/user1/turtlebot3_ws/src/turtlebot3_simulations/install/turtlebot3_gazebo/share/turtlebot3_gazebo//models/turtlebot3_autorace/traffic_light_red/model.sdf
[0.122s] -- Up-to-date: /home/user1/turtlebot3_ws/src/turtlebot3_simulations/install/turtlebot3_gazebo/share/turtlebot3_gazebo//models/turtlebot3_autorace/traffic_light_red/model.config
[0.122s] -- Up-to-date: /home/user1/turtlebot3_ws/src/turtlebot3_simulations/install/turtlebot3_gazebo/share/turtlebot3_gazebo//models/turtlebot3_autorace/course
[0.122s] -- Up-to-date: /home/user1/turtlebot3_ws/src/turtlebot3_simulations/install/turtlebot3_gazebo/share/turtlebot3_gazebo//models/turtlebot3_autorace/course/model.sdf
[0.122s] -- Up-to-date: /home/user1/turtlebot3_ws/src/turtlebot3_simulations/install/turtlebot3_gazebo/share/turtlebot3_gazebo//models/turtlebot3_autorace/course/materials
[0.124s] -- Up-to-date: /home/user1/turtlebot3_ws/src/turtlebot3_simulations/install/turtlebot3_gazebo/share/turtlebot3_gazebo//models/turtlebot3_autorace/course/materials/textures
[0.124s] -- Up-to-date: /home/user1/turtlebot3_ws/src/turtlebot3_simulations/install/turtlebot3_gazebo/share/turtlebot3_gazebo//models/turtlebot3_autorace/course/materials/textures/course.png
[0.124s] -- Up-to-date: /home/user1/turtlebot3_ws/src/turtlebot3_simulations/install/turtlebot3_gazebo/share/turtlebot3_gazebo//models/turtlebot3_autorace/course/materials/scripts
[0.124s] -- Up-to-date: /home/user1/turtlebot3_ws/src/turtlebot3_simulations/install/turtlebot3_gazebo/share/turtlebot3_gazebo//models/turtlebot3_autorace/course/materials/scripts/course.material
[0.124s] -- Up-to-date: /home/user1/turtlebot3_ws/src/turtlebot3_simulations/install/turtlebot3_gazebo/share/turtlebot3_gazebo//models/turtlebot3_autorace/course/model.config
[0.124s] -- Up-to-date: /home/user1/turtlebot3_ws/src/turtlebot3_simulations/install/turtlebot3_gazebo/share/turtlebot3_gazebo//models/turtlebot3_autorace/traffic_light_yellow
[0.125s] -- Up-to-date: /home/user1/turtlebot3_ws/src/turtlebot3_simulations/install/turtlebot3_gazebo/share/turtlebot3_gazebo//models/turtlebot3_autorace/traffic_light_yellow/model.sdf
[0.125s] -- Up-to-date: /home/user1/turtlebot3_ws/src/turtlebot3_simulations/install/turtlebot3_gazebo/share/turtlebot3_gazebo//models/turtlebot3_autorace/traffic_light_yellow/model.config
[0.125s] -- Up-to-date: /home/user1/turtlebot3_ws/src/turtlebot3_simulations/install/turtlebot3_gazebo/share/turtlebot3_gazebo//models/turtlebot3_autorace/traffic_tunnel
[0.125s] -- Up-to-date: /home/user1/turtlebot3_ws/src/turtlebot3_simulations/install/turtlebot3_gazebo/share/turtlebot3_gazebo//models/turtlebot3_autorace/traffic_tunnel/model.sdf
[0.125s] -- Up-to-date: /home/user1/turtlebot3_ws/src/turtlebot3_simulations/install/turtlebot3_gazebo/share/turtlebot3_gazebo//models/turtlebot3_autorace/traffic_tunnel/materials
[0.125s] -- Up-to-date: /home/user1/turtlebot3_ws/src/turtlebot3_simulations/install/turtlebot3_gazebo/share/turtlebot3_gazebo//models/turtlebot3_autorace/traffic_tunnel/materials/textures
[0.126s] -- Up-to-date: /home/user1/turtlebot3_ws/src/turtlebot3_simulations/install/turtlebot3_gazebo/share/turtlebot3_gazebo//models/turtlebot3_autorace/traffic_tunnel/materials/textures/tunnel.png
[0.126s] -- Up-to-date: /home/user1/turtlebot3_ws/src/turtlebot3_simulations/install/turtlebot3_gazebo/share/turtlebot3_gazebo//models/turtlebot3_autorace/traffic_tunnel/materials/scripts
[0.126s] -- Up-to-date: /home/user1/turtlebot3_ws/src/turtlebot3_simulations/install/turtlebot3_gazebo/share/turtlebot3_gazebo//models/turtlebot3_autorace/traffic_tunnel/materials/scripts/tunnel.material
[0.126s] -- Up-to-date: /home/user1/turtlebot3_ws/src/turtlebot3_simulations/install/turtlebot3_gazebo/share/turtlebot3_gazebo//models/turtlebot3_autorace/traffic_tunnel/model.config
[0.126s] -- Up-to-date: /home/user1/turtlebot3_ws/src/turtlebot3_simulations/install/turtlebot3_gazebo/share/turtlebot3_gazebo//models/turtlebot3_autorace/traffic_bar_up
[0.126s] -- Up-to-date: /home/user1/turtlebot3_ws/src/turtlebot3_simulations/install/turtlebot3_gazebo/share/turtlebot3_gazebo//models/turtlebot3_autorace/traffic_bar_up/model.sdf
[0.127s] -- Up-to-date: /home/user1/turtlebot3_ws/src/turtlebot3_simulations/install/turtlebot3_gazebo/share/turtlebot3_gazebo//models/turtlebot3_autorace/traffic_bar_up/materials
[0.127s] -- Up-to-date: /home/user1/turtlebot3_ws/src/turtlebot3_simulations/install/turtlebot3_gazebo/share/turtlebot3_gazebo//models/turtlebot3_autorace/traffic_bar_up/materials/textures
[0.128s] -- Up-to-date: /home/user1/turtlebot3_ws/src/turtlebot3_simulations/install/turtlebot3_gazebo/share/turtlebot3_gazebo//models/turtlebot3_autorace/traffic_bar_up/materials/textures/traffic_bar.png
[0.128s] -- Up-to-date: /home/user1/turtlebot3_ws/src/turtlebot3_simulations/install/turtlebot3_gazebo/share/turtlebot3_gazebo//models/turtlebot3_autorace/traffic_bar_up/materials/scripts
[0.128s] -- Up-to-date: /home/user1/turtlebot3_ws/src/turtlebot3_simulations/install/turtlebot3_gazebo/share/turtlebot3_gazebo//models/turtlebot3_autorace/traffic_bar_up/materials/scripts/traffic_bar.material
[0.128s] -- Up-to-date: /home/user1/turtlebot3_ws/src/turtlebot3_simulations/install/turtlebot3_gazebo/share/turtlebot3_gazebo//models/turtlebot3_autorace/traffic_bar_up/model.config
[0.128s] -- Up-to-date: /home/user1/turtlebot3_ws/src/turtlebot3_simulations/install/turtlebot3_gazebo/share/turtlebot3_gazebo//models/turtlebot3_autorace/traffic_light_green
[0.131s] -- Up-to-date: /home/user1/turtlebot3_ws/src/turtlebot3_simulations/install/turtlebot3_gazebo/share/turtlebot3_gazebo//models/turtlebot3_autorace/traffic_light_green/model.sdf
[0.132s] -- Up-to-date: /home/user1/turtlebot3_ws/src/turtlebot3_simulations/install/turtlebot3_gazebo/share/turtlebot3_gazebo//models/turtlebot3_autorace/traffic_light_green/model.config
[0.132s] -- Up-to-date: /home/user1/turtlebot3_ws/src/turtlebot3_simulations/install/turtlebot3_gazebo/share/turtlebot3_gazebo//models/turtlebot3_autorace/traffic_stop
[0.132s] -- Up-to-date: /home/user1/turtlebot3_ws/src/turtlebot3_simulations/install/turtlebot3_gazebo/share/turtlebot3_gazebo//models/turtlebot3_autorace/traffic_stop/model.sdf
[0.132s] -- Up-to-date: /home/user1/turtlebot3_ws/src/turtlebot3_simulations/install/turtlebot3_gazebo/share/turtlebot3_gazebo//models/turtlebot3_autorace/traffic_stop/materials
[0.132s] -- Up-to-date: /home/user1/turtlebot3_ws/src/turtlebot3_simulations/install/turtlebot3_gazebo/share/turtlebot3_gazebo//models/turtlebot3_autorace/traffic_stop/materials/textures
[0.132s] -- Up-to-date: /home/user1/turtlebot3_ws/src/turtlebot3_simulations/install/turtlebot3_gazebo/share/turtlebot3_gazebo//models/turtlebot3_autorace/traffic_stop/materials/textures/traffic_stop.png
[0.132s] -- Up-to-date: /home/user1/turtlebot3_ws/src/turtlebot3_simulations/install/turtlebot3_gazebo/share/turtlebot3_gazebo//models/turtlebot3_autorace/traffic_stop/materials/scripts
[0.132s] -- Up-to-date: /home/user1/turtlebot3_ws/src/turtlebot3_simulations/install/turtlebot3_gazebo/share/turtlebot3_gazebo//models/turtlebot3_autorace/traffic_stop/materials/scripts/traffic_stop.material
[0.132s] -- Up-to-date: /home/user1/turtlebot3_ws/src/turtlebot3_simulations/install/turtlebot3_gazebo/share/turtlebot3_gazebo//models/turtlebot3_autorace/traffic_stop/model.config
[0.133s] -- Up-to-date: /home/user1/turtlebot3_ws/src/turtlebot3_simulations/install/turtlebot3_gazebo/share/turtlebot3_gazebo//models/turtlebot3_world
[0.133s] -- Up-to-date: /home/user1/turtlebot3_ws/src/turtlebot3_simulations/install/turtlebot3_gazebo/share/turtlebot3_gazebo//models/turtlebot3_world/meshes
[0.133s] -- Up-to-date: /home/user1/turtlebot3_ws/src/turtlebot3_simulations/install/turtlebot3_gazebo/share/turtlebot3_gazebo//models/turtlebot3_world/meshes/wall.dae
[0.133s] -- Up-to-date: /home/user1/turtlebot3_ws/src/turtlebot3_simulations/install/turtlebot3_gazebo/share/turtlebot3_gazebo//models/turtlebot3_world/meshes/hexagon.dae
[0.133s] -- Up-to-date: /home/user1/turtlebot3_ws/src/turtlebot3_simulations/install/turtlebot3_gazebo/share/turtlebot3_gazebo//models/turtlebot3_world/model.sdf
[0.133s] -- Up-to-date: /home/user1/turtlebot3_ws/src/turtlebot3_simulations/install/turtlebot3_gazebo/share/turtlebot3_gazebo//models/turtlebot3_world/model.config
[0.133s] -- Up-to-date: /home/user1/turtlebot3_ws/src/turtlebot3_simulations/install/turtlebot3_gazebo/share/turtlebot3_gazebo//models/turtlebot3_world/model-1_4.sdf
[0.133s] -- Up-to-date: /home/user1/turtlebot3_ws/src/turtlebot3_simulations/install/turtlebot3_gazebo/share/turtlebot3_gazebo//rviz
[0.133s] -- Up-to-date: /home/user1/turtlebot3_ws/src/turtlebot3_simulations/install/turtlebot3_gazebo/share/turtlebot3_gazebo//rviz/tb3_gazebo.rviz
[0.133s] -- Up-to-date: /home/user1/turtlebot3_ws/src/turtlebot3_simulations/install/turtlebot3_gazebo/share/turtlebot3_gazebo//worlds
[0.133s] -- Up-to-date: /home/user1/turtlebot3_ws/src/turtlebot3_simulations/install/turtlebot3_gazebo/share/turtlebot3_gazebo//worlds/turtlebot3_dqn_stage4
[0.133s] -- Up-to-date: /home/user1/turtlebot3_ws/src/turtlebot3_simulations/install/turtlebot3_gazebo/share/turtlebot3_gazebo//worlds/turtlebot3_dqn_stage4/waffle.model
[0.133s] -- Up-to-date: /home/user1/turtlebot3_ws/src/turtlebot3_simulations/install/turtlebot3_gazebo/share/turtlebot3_gazebo//worlds/turtlebot3_dqn_stage4/burger.model
[0.133s] -- Up-to-date: /home/user1/turtlebot3_ws/src/turtlebot3_simulations/install/turtlebot3_gazebo/share/turtlebot3_gazebo//worlds/turtlebot3_dqn_stage4/waffle_pi.model
[0.134s] -- Up-to-date: /home/user1/turtlebot3_ws/src/turtlebot3_simulations/install/turtlebot3_gazebo/share/turtlebot3_gazebo//worlds/turtlebot3_dqn_stage3
[0.134s] -- Up-to-date: /home/user1/turtlebot3_ws/src/turtlebot3_simulations/install/turtlebot3_gazebo/share/turtlebot3_gazebo//worlds/turtlebot3_dqn_stage3/waffle.model
[0.135s] -- Up-to-date: /home/user1/turtlebot3_ws/src/turtlebot3_simulations/install/turtlebot3_gazebo/share/turtlebot3_gazebo//worlds/turtlebot3_dqn_stage3/burger.model
[0.135s] -- Up-to-date: /home/user1/turtlebot3_ws/src/turtlebot3_simulations/install/turtlebot3_gazebo/share/turtlebot3_gazebo//worlds/turtlebot3_dqn_stage3/waffle_pi.model
[0.136s] -- Up-to-date: /home/user1/turtlebot3_ws/src/turtlebot3_simulations/install/turtlebot3_gazebo/share/turtlebot3_gazebo//worlds/empty_worlds
[0.136s] -- Up-to-date: /home/user1/turtlebot3_ws/src/turtlebot3_simulations/install/turtlebot3_gazebo/share/turtlebot3_gazebo//worlds/empty_worlds/old_models
[0.136s] -- Up-to-date: /home/user1/turtlebot3_ws/src/turtlebot3_simulations/install/turtlebot3_gazebo/share/turtlebot3_gazebo//worlds/empty_worlds/old_models/waffle.model
[0.136s] -- Up-to-date: /home/user1/turtlebot3_ws/src/turtlebot3_simulations/install/turtlebot3_gazebo/share/turtlebot3_gazebo//worlds/empty_worlds/waffle.model
[0.136s] -- Up-to-date: /home/user1/turtlebot3_ws/src/turtlebot3_simulations/install/turtlebot3_gazebo/share/turtlebot3_gazebo//worlds/empty_worlds/burger.model
[0.136s] -- Up-to-date: /home/user1/turtlebot3_ws/src/turtlebot3_simulations/install/turtlebot3_gazebo/share/turtlebot3_gazebo//worlds/empty_worlds/waffle_pi.model
[0.136s] -- Up-to-date: /home/user1/turtlebot3_ws/src/turtlebot3_simulations/install/turtlebot3_gazebo/share/turtlebot3_gazebo//worlds/turtlebot3_dqn_stage2
[0.137s] -- Up-to-date: /home/user1/turtlebot3_ws/src/turtlebot3_simulations/install/turtlebot3_gazebo/share/turtlebot3_gazebo//worlds/turtlebot3_dqn_stage2/waffle.model
[0.138s] -- Up-to-date: /home/user1/turtlebot3_ws/src/turtlebot3_simulations/install/turtlebot3_gazebo/share/turtlebot3_gazebo//worlds/turtlebot3_dqn_stage2/burger.model
[0.138s] -- Up-to-date: /home/user1/turtlebot3_ws/src/turtlebot3_simulations/install/turtlebot3_gazebo/share/turtlebot3_gazebo//worlds/turtlebot3_dqn_stage2/waffle_pi.model
[0.138s] -- Up-to-date: /home/user1/turtlebot3_ws/src/turtlebot3_simulations/install/turtlebot3_gazebo/share/turtlebot3_gazebo//worlds/turtlebot3_houses
[0.139s] -- Up-to-date: /home/user1/turtlebot3_ws/src/turtlebot3_simulations/install/turtlebot3_gazebo/share/turtlebot3_gazebo//worlds/turtlebot3_houses/waffle.model
[0.139s] -- Up-to-date: /home/user1/turtlebot3_ws/src/turtlebot3_simulations/install/turtlebot3_gazebo/share/turtlebot3_gazebo//worlds/turtlebot3_houses/burger.model
[0.139s] -- Up-to-date: /home/user1/turtlebot3_ws/src/turtlebot3_simulations/install/turtlebot3_gazebo/share/turtlebot3_gazebo//worlds/turtlebot3_houses/waffle_pi.model
[0.139s] -- Up-to-date: /home/user1/turtlebot3_ws/src/turtlebot3_simulations/install/turtlebot3_gazebo/share/turtlebot3_gazebo//worlds/turtlebot3_worlds
[0.139s] -- Up-to-date: /home/user1/turtlebot3_ws/src/turtlebot3_simulations/install/turtlebot3_gazebo/share/turtlebot3_gazebo//worlds/turtlebot3_worlds/waffle.model
[0.139s] -- Up-to-date: /home/user1/turtlebot3_ws/src/turtlebot3_simulations/install/turtlebot3_gazebo/share/turtlebot3_gazebo//worlds/turtlebot3_worlds/burger.model
[0.139s] -- Up-to-date: /home/user1/turtlebot3_ws/src/turtlebot3_simulations/install/turtlebot3_gazebo/share/turtlebot3_gazebo//worlds/turtlebot3_worlds/waffle_pi.model
[0.140s] -- Up-to-date: /home/user1/turtlebot3_ws/src/turtlebot3_simulations/install/turtlebot3_gazebo/share/turtlebot3_gazebo//worlds/turtlebot3_autoraces
[0.140s] -- Up-to-date: /home/user1/turtlebot3_ws/src/turtlebot3_simulations/install/turtlebot3_gazebo/share/turtlebot3_gazebo//worlds/turtlebot3_autoraces/waffle.model
[0.140s] -- Up-to-date: /home/user1/turtlebot3_ws/src/turtlebot3_simulations/install/turtlebot3_gazebo/share/turtlebot3_gazebo//worlds/turtlebot3_autoraces/burger.model
[0.140s] -- Up-to-date: /home/user1/turtlebot3_ws/src/turtlebot3_simulations/install/turtlebot3_gazebo/share/turtlebot3_gazebo//worlds/turtlebot3_autoraces/waffle_pi.model
[0.140s] -- Up-to-date: /home/user1/turtlebot3_ws/src/turtlebot3_simulations/install/turtlebot3_gazebo/share/turtlebot3_gazebo//worlds/turtlebot3_dqn_stage1
[0.140s] -- Up-to-date: /home/user1/turtlebot3_ws/src/turtlebot3_simulations/install/turtlebot3_gazebo/share/turtlebot3_gazebo//worlds/turtlebot3_dqn_stage1/waffle.model
[0.140s] -- Up-to-date: /home/user1/turtlebot3_ws/src/turtlebot3_simulations/install/turtlebot3_gazebo/share/turtlebot3_gazebo//worlds/turtlebot3_dqn_stage1/burger.model
[0.141s] -- Up-to-date: /home/user1/turtlebot3_ws/src/turtlebot3_simulations/install/turtlebot3_gazebo/share/turtlebot3_gazebo//worlds/turtlebot3_dqn_stage1/waffle_pi.model
[0.141s] -- Up-to-date: /home/user1/turtlebot3_ws/src/turtlebot3_simulations/install/turtlebot3_gazebo/include/
[0.141s] -- Up-to-date: /home/user1/turtlebot3_ws/src/turtlebot3_simulations/install/turtlebot3_gazebo/include//turtlebot3_gazebo
[0.141s] -- Up-to-date: /home/user1/turtlebot3_ws/src/turtlebot3_simulations/install/turtlebot3_gazebo/include//turtlebot3_gazebo/turtlebot3_drive.hpp
[0.141s] -- Up-to-date: /home/user1/turtlebot3_ws/src/turtlebot3_simulations/install/turtlebot3_gazebo/share/ament_index/resource_index/package_run_dependencies/turtlebot3_gazebo
[0.141s] -- Up-to-date: /home/user1/turtlebot3_ws/src/turtlebot3_simulations/install/turtlebot3_gazebo/share/ament_index/resource_index/parent_prefix_path/turtlebot3_gazebo
[0.141s] -- Up-to-date: /home/user1/turtlebot3_ws/src/turtlebot3_simulations/install/turtlebot3_gazebo/share/turtlebot3_gazebo/environment/ament_prefix_path.sh
[0.141s] -- Up-to-date: /home/user1/turtlebot3_ws/src/turtlebot3_simulations/install/turtlebot3_gazebo/share/turtlebot3_gazebo/environment/ament_prefix_path.dsv
[0.141s] -- Up-to-date: /home/user1/turtlebot3_ws/src/turtlebot3_simulations/install/turtlebot3_gazebo/share/turtlebot3_gazebo/environment/path.sh
[0.141s] -- Up-to-date: /home/user1/turtlebot3_ws/src/turtlebot3_simulations/install/turtlebot3_gazebo/share/turtlebot3_gazebo/environment/path.dsv
[0.141s] -- Up-to-date: /home/user1/turtlebot3_ws/src/turtlebot3_simulations/install/turtlebot3_gazebo/share/turtlebot3_gazebo/local_setup.bash
[0.141s] -- Up-to-date: /home/user1/turtlebot3_ws/src/turtlebot3_simulations/install/turtlebot3_gazebo/share/turtlebot3_gazebo/local_setup.sh
[0.141s] -- Up-to-date: /home/user1/turtlebot3_ws/src/turtlebot3_simulations/install/turtlebot3_gazebo/share/turtlebot3_gazebo/local_setup.zsh
[0.142s] -- Up-to-date: /home/user1/turtlebot3_ws/src/turtlebot3_simulations/install/turtlebot3_gazebo/share/turtlebot3_gazebo/local_setup.dsv
[0.142s] -- Up-to-date: /home/user1/turtlebot3_ws/src/turtlebot3_simulations/install/turtlebot3_gazebo/share/turtlebot3_gazebo/package.dsv
[0.142s] -- Up-to-date: /home/user1/turtlebot3_ws/src/turtlebot3_simulations/install/turtlebot3_gazebo/share/ament_index/resource_index/packages/turtlebot3_gazebo
[0.142s] -- Up-to-date: /home/user1/turtlebot3_ws/src/turtlebot3_simulations/install/turtlebot3_gazebo/share/turtlebot3_gazebo/cmake/ament_cmake_export_include_directories-extras.cmake
[0.142s] -- Up-to-date: /home/user1/turtlebot3_ws/src/turtlebot3_simulations/install/turtlebot3_gazebo/share/turtlebot3_gazebo/cmake/ament_cmake_export_dependencies-extras.cmake
[0.142s] -- Up-to-date: /home/user1/turtlebot3_ws/src/turtlebot3_simulations/install/turtlebot3_gazebo/share/turtlebot3_gazebo/cmake/turtlebot3_gazeboConfig.cmake
[0.142s] -- Up-to-date: /home/user1/turtlebot3_ws/src/turtlebot3_simulations/install/turtlebot3_gazebo/share/turtlebot3_gazebo/cmake/turtlebot3_gazeboConfig-version.cmake
[0.142s] -- Up-to-date: /home/user1/turtlebot3_ws/src/turtlebot3_simulations/install/turtlebot3_gazebo/share/turtlebot3_gazebo/package.xml
[0.142s] Invoked command in '/home/user1/robotfusion/turtlebot3_ws/src/turtlebot3_simulations/build/turtlebot3_gazebo' returned '0': CMAKE_PREFIX_PATH=${CMAKE_PREFIX_PATH}:/home/user1/robotfusion/turtlebot3_ws/install/turtlebot3_teleop:/home/user1/robotfusion/turtlebot3_ws/install/turtlebot3_example:/home/user1/turtlebot3_ws/src/turtlebot3_simulations/turtlebot3_gazebo/install/turtlebot3_gazebo:/opt/ros/foxy /usr/bin/cmake --install /home/user1/robotfusion/turtlebot3_ws/src/turtlebot3_simulations/build/turtlebot3_gazebo
