[0.048s] Invoking command in '/home/user1/robotfusion/turtlebot3_ws/build/turtlebot3_gazebo': AMENT_PREFIX_PATH=/home/user1/turtlebot3_ws/install/turtlebot3_description:${AMENT_PREFIX_PATH} CMAKE_PREFIX_PATH=/home/user1/robotfusion/turtlebot3_ws/install/turtlebot3_description:/home/user1/robotfusion/turtlebot3_ws/src/turtlebot3_simulations/turtlebot3_gazebo/install/turtlebot3_gazebo:/home/user1/robotfusion/turtlebot3_ws/src/turtlebot3_simulations/install/turtlebot3_simulations:/home/user1/robotfusion/turtlebot3_ws/src/turtlebot3_simulations/install/turtlebot3_gazebo:/home/user1/robotfusion/turtlebot3_ws/src/turtlebot3_simulations/install/turtlebot3_fake_node:/home/user1/turtlebot3_ws/src/turtlebot3_simulations/turtlebot3_gazebo/install/turtlebot3_gazebo:/opt/ros/foxy /usr/bin/cmake --build /home/user1/robotfusion/turtlebot3_ws/build/turtlebot3_gazebo -- -j12 -l12
[0.059s] CMake Error: The current CMakeCache.txt directory /home/user1/robotfusion/turtlebot3_ws/build/turtlebot3_gazebo/CMakeCache.txt is different than the directory /home/user1/turtlebot3_ws/build/turtlebot3_gazebo where CMakeCache.txt was created. This may result in binaries being created in the wrong place. If you are not sure, reedit the CMakeCache.txt
[0.124s] [ 25%] Built target obstacle1
[0.125s] [ 50%] Built target obstacles
[0.127s] [ 75%] Built target turtlebot3_drive
[0.127s] [100%] Built target obstacle2
[0.136s] Invoked command in '/home/user1/robotfusion/turtlebot3_ws/build/turtlebot3_gazebo' returned '0': AMENT_PREFIX_PATH=/home/user1/turtlebot3_ws/install/turtlebot3_description:${AMENT_PREFIX_PATH} CMAKE_PREFIX_PATH=/home/user1/robotfusion/turtlebot3_ws/install/turtlebot3_description:/home/user1/robotfusion/turtlebot3_ws/src/turtlebot3_simulations/turtlebot3_gazebo/install/turtlebot3_gazebo:/home/user1/robotfusion/turtlebot3_ws/src/turtlebot3_simulations/install/turtlebot3_simulations:/home/user1/robotfusion/turtlebot3_ws/src/turtlebot3_simulations/install/turtlebot3_gazebo:/home/user1/robotfusion/turtlebot3_ws/src/turtlebot3_simulations/install/turtlebot3_fake_node:/home/user1/turtlebot3_ws/src/turtlebot3_simulations/turtlebot3_gazebo/install/turtlebot3_gazebo:/opt/ros/foxy /usr/bin/cmake --build /home/user1/robotfusion/turtlebot3_ws/build/turtlebot3_gazebo -- -j12 -l12
[0.162s] Invoking command in '/home/user1/robotfusion/turtlebot3_ws/build/turtlebot3_gazebo': AMENT_PREFIX_PATH=/home/user1/turtlebot3_ws/install/turtlebot3_description:${AMENT_PREFIX_PATH} CMAKE_PREFIX_PATH=/home/user1/robotfusion/turtlebot3_ws/install/turtlebot3_description:/home/user1/robotfusion/turtlebot3_ws/src/turtlebot3_simulations/turtlebot3_gazebo/install/turtlebot3_gazebo:/home/user1/robotfusion/turtlebot3_ws/src/turtlebot3_simulations/install/turtlebot3_simulations:/home/user1/robotfusion/turtlebot3_ws/src/turtlebot3_simulations/install/turtlebot3_gazebo:/home/user1/robotfusion/turtlebot3_ws/src/turtlebot3_simulations/install/turtlebot3_fake_node:/home/user1/turtlebot3_ws/src/turtlebot3_simulations/turtlebot3_gazebo/install/turtlebot3_gazebo:/opt/ros/foxy /usr/bin/cmake --install /home/user1/robotfusion/turtlebot3_ws/build/turtlebot3_gazebo
[0.170s] -- Install configuration: ""
[0.171s] -- Execute custom install script
[0.171s] -- Up-to-date symlink: /home/user1/turtlebot3_ws/install/turtlebot3_gazebo/lib/turtlebot3_gazebo/turtlebot3_drive
[0.172s] CMake Warning (dev) at /home/user1/turtlebot3_ws/build/turtlebot3_gazebo/ament_cmake_symlink_install/ament_cmake_symlink_install.cmake:62 (file):
[0.172s]   Policy CMP0009 is not set: FILE GLOB_RECURSE calls should not follow
[0.172s]   symlinks by default.  Run "cmake --help-policy CMP0009" for policy details.
[0.172s]   Use the cmake_policy command to set the policy and suppress this warning.
[0.172s] Call Stack (most recent call first):
[0.173s]   /home/user1/turtlebot3_ws/build/turtlebot3_gazebo/ament_cmake_symlink_install/ament_cmake_symlink_install.cmake:317 (ament_cmake_symlink_install_directory)
[0.173s]   cmake_install.cmake:41 (include)
[0.173s] This warning is for project developers.  Use -Wno-dev to suppress it.
[0.173s] 
[0.173s] -- Symlinking: /home/user1/turtlebot3_ws/install/turtlebot3_gazebo/share/turtlebot3_gazebo//launch/build/.built_by
[0.179s] -- Symlinking: /home/user1/turtlebot3_ws/install/turtlebot3_gazebo/share/turtlebot3_gazebo//launch/build/COLCON_IGNORE
[0.187s] -- Up-to-date symlink: /home/user1/turtlebot3_ws/install/turtlebot3_gazebo/share/turtlebot3_gazebo//launch/empty_world.launch.py
[0.187s] -- Symlinking: /home/user1/turtlebot3_ws/install/turtlebot3_gazebo/share/turtlebot3_gazebo//launch/install/.colcon_install_layout
[0.194s] -- Symlinking: /home/user1/turtlebot3_ws/install/turtlebot3_gazebo/share/turtlebot3_gazebo//launch/install/COLCON_IGNORE
[0.202s] -- Symlinking: /home/user1/turtlebot3_ws/install/turtlebot3_gazebo/share/turtlebot3_gazebo//launch/install/_local_setup_util_ps1.py
[0.209s] -- Symlinking: /home/user1/turtlebot3_ws/install/turtlebot3_gazebo/share/turtlebot3_gazebo//launch/install/_local_setup_util_sh.py
[0.216s] -- Symlinking: /home/user1/turtlebot3_ws/install/turtlebot3_gazebo/share/turtlebot3_gazebo//launch/install/local_setup.bash
[0.225s] -- Symlinking: /home/user1/turtlebot3_ws/install/turtlebot3_gazebo/share/turtlebot3_gazebo//launch/install/local_setup.ps1
[0.236s] -- Symlinking: /home/user1/turtlebot3_ws/install/turtlebot3_gazebo/share/turtlebot3_gazebo//launch/install/local_setup.sh
[0.244s] -- Symlinking: /home/user1/turtlebot3_ws/install/turtlebot3_gazebo/share/turtlebot3_gazebo//launch/install/local_setup.zsh
[0.249s] -- Symlinking: /home/user1/turtlebot3_ws/install/turtlebot3_gazebo/share/turtlebot3_gazebo//launch/install/setup.bash
[0.256s] -- Symlinking: /home/user1/turtlebot3_ws/install/turtlebot3_gazebo/share/turtlebot3_gazebo//launch/install/setup.ps1
[0.263s] -- Symlinking: /home/user1/turtlebot3_ws/install/turtlebot3_gazebo/share/turtlebot3_gazebo//launch/install/setup.sh
[0.271s] -- Symlinking: /home/user1/turtlebot3_ws/install/turtlebot3_gazebo/share/turtlebot3_gazebo//launch/install/setup.zsh
[0.278s] -- Symlinking: /home/user1/turtlebot3_ws/install/turtlebot3_gazebo/share/turtlebot3_gazebo//launch/log/COLCON_IGNORE
[0.286s] -- Symlinking: /home/user1/turtlebot3_ws/install/turtlebot3_gazebo/share/turtlebot3_gazebo//launch/log/build_2023-01-15_17-02-20/events.log
[0.294s] -- Symlinking: /home/user1/turtlebot3_ws/install/turtlebot3_gazebo/share/turtlebot3_gazebo//launch/log/build_2023-01-15_17-02-20/logger_all.log
[0.301s] -- Symlinking: /home/user1/turtlebot3_ws/install/turtlebot3_gazebo/share/turtlebot3_gazebo//launch/log/latest/events.log
[0.308s] -- Symlinking: /home/user1/turtlebot3_ws/install/turtlebot3_gazebo/share/turtlebot3_gazebo//launch/log/latest/logger_all.log
[0.315s] -- Symlinking: /home/user1/turtlebot3_ws/install/turtlebot3_gazebo/share/turtlebot3_gazebo//launch/log/latest_build/events.log
[0.322s] -- Symlinking: /home/user1/turtlebot3_ws/install/turtlebot3_gazebo/share/turtlebot3_gazebo//launch/log/latest_build/logger_all.log
[0.329s] -- Up-to-date symlink: /home/user1/turtlebot3_ws/install/turtlebot3_gazebo/share/turtlebot3_gazebo//launch/robot_state_publisher.launch.py
[0.329s] -- Up-to-date symlink: /home/user1/turtlebot3_ws/install/turtlebot3_gazebo/share/turtlebot3_gazebo//launch/turtlebot3_autorace.launch.py
[0.330s] -- Up-to-date symlink: /home/user1/turtlebot3_ws/install/turtlebot3_gazebo/share/turtlebot3_gazebo//launch/turtlebot3_dqn_stage1.launch.py
[0.330s] -- Up-to-date symlink: /home/user1/turtlebot3_ws/install/turtlebot3_gazebo/share/turtlebot3_gazebo//launch/turtlebot3_dqn_stage2.launch.py
[0.330s] -- Up-to-date symlink: /home/user1/turtlebot3_ws/install/turtlebot3_gazebo/share/turtlebot3_gazebo//launch/turtlebot3_dqn_stage3.launch.py
[0.330s] -- Up-to-date symlink: /home/user1/turtlebot3_ws/install/turtlebot3_gazebo/share/turtlebot3_gazebo//launch/turtlebot3_dqn_stage4.launch.py
[0.331s] -- Up-to-date symlink: /home/user1/turtlebot3_ws/install/turtlebot3_gazebo/share/turtlebot3_gazebo//launch/turtlebot3_house.launch.py
[0.331s] -- Up-to-date symlink: /home/user1/turtlebot3_ws/install/turtlebot3_gazebo/share/turtlebot3_gazebo//launch/turtlebot3_world.launch.py
[0.332s] -- Up-to-date symlink: /home/user1/turtlebot3_ws/install/turtlebot3_gazebo/share/turtlebot3_gazebo//models/turtlebot3_autorace/course/materials/scripts/course.material
[0.333s] -- Up-to-date symlink: /home/user1/turtlebot3_ws/install/turtlebot3_gazebo/share/turtlebot3_gazebo//models/turtlebot3_autorace/course/materials/textures/course.png
[0.333s] -- Up-to-date symlink: /home/user1/turtlebot3_ws/install/turtlebot3_gazebo/share/turtlebot3_gazebo//models/turtlebot3_autorace/course/model.config
[0.333s] -- Up-to-date symlink: /home/user1/turtlebot3_ws/install/turtlebot3_gazebo/share/turtlebot3_gazebo//models/turtlebot3_autorace/course/model.sdf
[0.334s] -- Up-to-date symlink: /home/user1/turtlebot3_ws/install/turtlebot3_gazebo/share/turtlebot3_gazebo//models/turtlebot3_autorace/ground/model.config
[0.334s] -- Up-to-date symlink: /home/user1/turtlebot3_ws/install/turtlebot3_gazebo/share/turtlebot3_gazebo//models/turtlebot3_autorace/ground/model.sdf
[0.334s] -- Up-to-date symlink: /home/user1/turtlebot3_ws/install/turtlebot3_gazebo/share/turtlebot3_gazebo//models/turtlebot3_autorace/lights/model.config
[0.334s] -- Up-to-date symlink: /home/user1/turtlebot3_ws/install/turtlebot3_gazebo/share/turtlebot3_gazebo//models/turtlebot3_autorace/lights/model.sdf
[0.335s] -- Up-to-date symlink: /home/user1/turtlebot3_ws/install/turtlebot3_gazebo/share/turtlebot3_gazebo//models/turtlebot3_autorace/model.config
[0.335s] -- Up-to-date symlink: /home/user1/turtlebot3_ws/install/turtlebot3_gazebo/share/turtlebot3_gazebo//models/turtlebot3_autorace/traffic_bar_down/materials/scripts/traffic_bar.material
[0.335s] -- Up-to-date symlink: /home/user1/turtlebot3_ws/install/turtlebot3_gazebo/share/turtlebot3_gazebo//models/turtlebot3_autorace/traffic_bar_down/materials/textures/traffic_bar.png
[0.336s] -- Up-to-date symlink: /home/user1/turtlebot3_ws/install/turtlebot3_gazebo/share/turtlebot3_gazebo//models/turtlebot3_autorace/traffic_bar_down/model.config
[0.336s] -- Up-to-date symlink: /home/user1/turtlebot3_ws/install/turtlebot3_gazebo/share/turtlebot3_gazebo//models/turtlebot3_autorace/traffic_bar_down/model.sdf
[0.336s] -- Up-to-date symlink: /home/user1/turtlebot3_ws/install/turtlebot3_gazebo/share/turtlebot3_gazebo//models/turtlebot3_autorace/traffic_bar_up/materials/scripts/traffic_bar.material
[0.337s] -- Up-to-date symlink: /home/user1/turtlebot3_ws/install/turtlebot3_gazebo/share/turtlebot3_gazebo//models/turtlebot3_autorace/traffic_bar_up/materials/textures/traffic_bar.png
[0.337s] -- Up-to-date symlink: /home/user1/turtlebot3_ws/install/turtlebot3_gazebo/share/turtlebot3_gazebo//models/turtlebot3_autorace/traffic_bar_up/model.config
[0.337s] -- Up-to-date symlink: /home/user1/turtlebot3_ws/install/turtlebot3_gazebo/share/turtlebot3_gazebo//models/turtlebot3_autorace/traffic_bar_up/model.sdf
[0.338s] -- Up-to-date symlink: /home/user1/turtlebot3_ws/install/turtlebot3_gazebo/share/turtlebot3_gazebo//models/turtlebot3_autorace/traffic_light_green/model.config
[0.338s] -- Up-to-date symlink: /home/user1/turtlebot3_ws/install/turtlebot3_gazebo/share/turtlebot3_gazebo//models/turtlebot3_autorace/traffic_light_green/model.sdf
[0.338s] -- Up-to-date symlink: /home/user1/turtlebot3_ws/install/turtlebot3_gazebo/share/turtlebot3_gazebo//models/turtlebot3_autorace/traffic_light_red/model.config
[0.338s] -- Up-to-date symlink: /home/user1/turtlebot3_ws/install/turtlebot3_gazebo/share/turtlebot3_gazebo//models/turtlebot3_autorace/traffic_light_red/model.sdf
[0.339s] -- Up-to-date symlink: /home/user1/turtlebot3_ws/install/turtlebot3_gazebo/share/turtlebot3_gazebo//models/turtlebot3_autorace/traffic_light_yellow/model.config
[0.339s] -- Up-to-date symlink: /home/user1/turtlebot3_ws/install/turtlebot3_gazebo/share/turtlebot3_gazebo//models/turtlebot3_autorace/traffic_light_yellow/model.sdf
[0.339s] -- Up-to-date symlink: /home/user1/turtlebot3_ws/install/turtlebot3_gazebo/share/turtlebot3_gazebo//models/turtlebot3_autorace/traffic_parking/materials/scripts/traffic_parking.material
[0.339s] -- Up-to-date symlink: /home/user1/turtlebot3_ws/install/turtlebot3_gazebo/share/turtlebot3_gazebo//models/turtlebot3_autorace/traffic_parking/materials/textures/traffic_parking.png
[0.339s] -- Up-to-date symlink: /home/user1/turtlebot3_ws/install/turtlebot3_gazebo/share/turtlebot3_gazebo//models/turtlebot3_autorace/traffic_parking/model.config
[0.340s] -- Up-to-date symlink: /home/user1/turtlebot3_ws/install/turtlebot3_gazebo/share/turtlebot3_gazebo//models/turtlebot3_autorace/traffic_parking/model.sdf
[0.340s] -- Up-to-date symlink: /home/user1/turtlebot3_ws/install/turtlebot3_gazebo/share/turtlebot3_gazebo//models/turtlebot3_autorace/traffic_stop/materials/scripts/traffic_stop.material
[0.340s] -- Up-to-date symlink: /home/user1/turtlebot3_ws/install/turtlebot3_gazebo/share/turtlebot3_gazebo//models/turtlebot3_autorace/traffic_stop/materials/textures/traffic_stop.png
[0.340s] -- Up-to-date symlink: /home/user1/turtlebot3_ws/install/turtlebot3_gazebo/share/turtlebot3_gazebo//models/turtlebot3_autorace/traffic_stop/model.config
[0.340s] -- Up-to-date symlink: /home/user1/turtlebot3_ws/install/turtlebot3_gazebo/share/turtlebot3_gazebo//models/turtlebot3_autorace/traffic_stop/model.sdf
[0.341s] -- Up-to-date symlink: /home/user1/turtlebot3_ws/install/turtlebot3_gazebo/share/turtlebot3_gazebo//models/turtlebot3_autorace/traffic_tunnel/materials/scripts/tunnel.material
[0.341s] -- Up-to-date symlink: /home/user1/turtlebot3_ws/install/turtlebot3_gazebo/share/turtlebot3_gazebo//models/turtlebot3_autorace/traffic_tunnel/materials/textures/tunnel.png
[0.341s] -- Up-to-date symlink: /home/user1/turtlebot3_ws/install/turtlebot3_gazebo/share/turtlebot3_gazebo//models/turtlebot3_autorace/traffic_tunnel/model.config
[0.341s] -- Up-to-date symlink: /home/user1/turtlebot3_ws/install/turtlebot3_gazebo/share/turtlebot3_gazebo//models/turtlebot3_autorace/traffic_tunnel/model.sdf
[0.341s] -- Up-to-date symlink: /home/user1/turtlebot3_ws/install/turtlebot3_gazebo/share/turtlebot3_gazebo//models/turtlebot3_autorace/tunnel_obstacles/model.config
[0.342s] -- Up-to-date symlink: /home/user1/turtlebot3_ws/install/turtlebot3_gazebo/share/turtlebot3_gazebo//models/turtlebot3_autorace/tunnel_obstacles/model.sdf
[0.342s] -- Up-to-date symlink: /home/user1/turtlebot3_ws/install/turtlebot3_gazebo/share/turtlebot3_gazebo//models/turtlebot3_autorace/tunnel_wall/model.config
[0.342s] -- Up-to-date symlink: /home/user1/turtlebot3_ws/install/turtlebot3_gazebo/share/turtlebot3_gazebo//models/turtlebot3_autorace/tunnel_wall/model.sdf
[0.343s] -- Up-to-date symlink: /home/user1/turtlebot3_ws/install/turtlebot3_gazebo/share/turtlebot3_gazebo//models/turtlebot3_burger/meshes/burger_base.dae
[0.343s] -- Up-to-date symlink: /home/user1/turtlebot3_ws/install/turtlebot3_gazebo/share/turtlebot3_gazebo//models/turtlebot3_burger/meshes/lds.dae
[0.343s] -- Up-to-date symlink: /home/user1/turtlebot3_ws/install/turtlebot3_gazebo/share/turtlebot3_gazebo//models/turtlebot3_burger/meshes/tire.dae
[0.343s] -- Up-to-date symlink: /home/user1/turtlebot3_ws/install/turtlebot3_gazebo/share/turtlebot3_gazebo//models/turtlebot3_burger/model-1_4.sdf
[0.344s] -- Up-to-date symlink: /home/user1/turtlebot3_ws/install/turtlebot3_gazebo/share/turtlebot3_gazebo//models/turtlebot3_burger/model.config
[0.344s] -- Up-to-date symlink: /home/user1/turtlebot3_ws/install/turtlebot3_gazebo/share/turtlebot3_gazebo//models/turtlebot3_burger/model.sdf
[0.344s] -- Up-to-date symlink: /home/user1/turtlebot3_ws/install/turtlebot3_gazebo/share/turtlebot3_gazebo//models/turtlebot3_dqn_world/goal_box/model.config
[0.344s] -- Up-to-date symlink: /home/user1/turtlebot3_ws/install/turtlebot3_gazebo/share/turtlebot3_gazebo//models/turtlebot3_dqn_world/goal_box/model.sdf
[0.345s] -- Up-to-date symlink: /home/user1/turtlebot3_ws/install/turtlebot3_gazebo/share/turtlebot3_gazebo//models/turtlebot3_dqn_world/inner_walls/model.config
[0.345s] -- Up-to-date symlink: /home/user1/turtlebot3_ws/install/turtlebot3_gazebo/share/turtlebot3_gazebo//models/turtlebot3_dqn_world/inner_walls/model.sdf
[0.345s] -- Up-to-date symlink: /home/user1/turtlebot3_ws/install/turtlebot3_gazebo/share/turtlebot3_gazebo//models/turtlebot3_dqn_world/model.config
[0.346s] -- Up-to-date symlink: /home/user1/turtlebot3_ws/install/turtlebot3_gazebo/share/turtlebot3_gazebo//models/turtlebot3_dqn_world/model.sdf
[0.346s] -- Up-to-date symlink: /home/user1/turtlebot3_ws/install/turtlebot3_gazebo/share/turtlebot3_gazebo//models/turtlebot3_dqn_world/obstacle1/model.config
[0.346s] -- Up-to-date symlink: /home/user1/turtlebot3_ws/install/turtlebot3_gazebo/share/turtlebot3_gazebo//models/turtlebot3_dqn_world/obstacle1/model.sdf
[0.347s] -- Up-to-date symlink: /home/user1/turtlebot3_ws/install/turtlebot3_gazebo/share/turtlebot3_gazebo//models/turtlebot3_dqn_world/obstacle2/model.config
[0.347s] -- Up-to-date symlink: /home/user1/turtlebot3_ws/install/turtlebot3_gazebo/share/turtlebot3_gazebo//models/turtlebot3_dqn_world/obstacle2/model.sdf
[0.347s] -- Up-to-date symlink: /home/user1/turtlebot3_ws/install/turtlebot3_gazebo/share/turtlebot3_gazebo//models/turtlebot3_dqn_world/obstacle_plugin/CMakeLists.txt
[0.348s] -- Up-to-date symlink: /home/user1/turtlebot3_ws/install/turtlebot3_gazebo/share/turtlebot3_gazebo//models/turtlebot3_dqn_world/obstacle_plugin/obstacle1.cc
[0.348s] -- Up-to-date symlink: /home/user1/turtlebot3_ws/install/turtlebot3_gazebo/share/turtlebot3_gazebo//models/turtlebot3_dqn_world/obstacle_plugin/obstacle2.cc
[0.348s] -- Up-to-date symlink: /home/user1/turtlebot3_ws/install/turtlebot3_gazebo/share/turtlebot3_gazebo//models/turtlebot3_dqn_world/obstacle_plugin/obstacles.cc
[0.348s] -- Up-to-date symlink: /home/user1/turtlebot3_ws/install/turtlebot3_gazebo/share/turtlebot3_gazebo//models/turtlebot3_dqn_world/obstacles/model.config
[0.349s] -- Up-to-date symlink: /home/user1/turtlebot3_ws/install/turtlebot3_gazebo/share/turtlebot3_gazebo//models/turtlebot3_dqn_world/obstacles/model.sdf
[0.349s] -- Up-to-date symlink: /home/user1/turtlebot3_ws/install/turtlebot3_gazebo/share/turtlebot3_gazebo//models/turtlebot3_house/model.config
[0.349s] -- Up-to-date symlink: /home/user1/turtlebot3_ws/install/turtlebot3_gazebo/share/turtlebot3_gazebo//models/turtlebot3_house/model.sdf
[0.350s] -- Up-to-date symlink: /home/user1/turtlebot3_ws/install/turtlebot3_gazebo/share/turtlebot3_gazebo//models/turtlebot3_waffle/meshes/lds.dae
[0.350s] -- Up-to-date symlink: /home/user1/turtlebot3_ws/install/turtlebot3_gazebo/share/turtlebot3_gazebo//models/turtlebot3_waffle/meshes/r200.dae
[0.350s] -- Up-to-date symlink: /home/user1/turtlebot3_ws/install/turtlebot3_gazebo/share/turtlebot3_gazebo//models/turtlebot3_waffle/meshes/tire.dae
[0.351s] -- Up-to-date symlink: /home/user1/turtlebot3_ws/install/turtlebot3_gazebo/share/turtlebot3_gazebo//models/turtlebot3_waffle/meshes/waffle_base.dae
[0.351s] -- Up-to-date symlink: /home/user1/turtlebot3_ws/install/turtlebot3_gazebo/share/turtlebot3_gazebo//models/turtlebot3_waffle/model-1_4.sdf
[0.351s] -- Up-to-date symlink: /home/user1/turtlebot3_ws/install/turtlebot3_gazebo/share/turtlebot3_gazebo//models/turtlebot3_waffle/model.config
[0.351s] -- Up-to-date symlink: /home/user1/turtlebot3_ws/install/turtlebot3_gazebo/share/turtlebot3_gazebo//models/turtlebot3_waffle/model.sdf
[0.352s] -- Up-to-date symlink: /home/user1/turtlebot3_ws/install/turtlebot3_gazebo/share/turtlebot3_gazebo//models/turtlebot3_waffle_pi/meshes/lds.dae
[0.352s] -- Up-to-date symlink: /home/user1/turtlebot3_ws/install/turtlebot3_gazebo/share/turtlebot3_gazebo//models/turtlebot3_waffle_pi/meshes/tire.dae
[0.352s] -- Up-to-date symlink: /home/user1/turtlebot3_ws/install/turtlebot3_gazebo/share/turtlebot3_gazebo//models/turtlebot3_waffle_pi/meshes/waffle_pi_base.dae
[0.352s] -- Up-to-date symlink: /home/user1/turtlebot3_ws/install/turtlebot3_gazebo/share/turtlebot3_gazebo//models/turtlebot3_waffle_pi/model-1_4_.sdf
[0.353s] -- Up-to-date symlink: /home/user1/turtlebot3_ws/install/turtlebot3_gazebo/share/turtlebot3_gazebo//models/turtlebot3_waffle_pi/model.config
[0.353s] -- Up-to-date symlink: /home/user1/turtlebot3_ws/install/turtlebot3_gazebo/share/turtlebot3_gazebo//models/turtlebot3_waffle_pi/model.sdf
[0.353s] -- Up-to-date symlink: /home/user1/turtlebot3_ws/install/turtlebot3_gazebo/share/turtlebot3_gazebo//models/turtlebot3_world/meshes/hexagon.dae
[0.354s] -- Up-to-date symlink: /home/user1/turtlebot3_ws/install/turtlebot3_gazebo/share/turtlebot3_gazebo//models/turtlebot3_world/meshes/wall.dae
[0.354s] -- Up-to-date symlink: /home/user1/turtlebot3_ws/install/turtlebot3_gazebo/share/turtlebot3_gazebo//models/turtlebot3_world/model-1_4.sdf
[0.354s] -- Up-to-date symlink: /home/user1/turtlebot3_ws/install/turtlebot3_gazebo/share/turtlebot3_gazebo//models/turtlebot3_world/model.config
[0.354s] -- Up-to-date symlink: /home/user1/turtlebot3_ws/install/turtlebot3_gazebo/share/turtlebot3_gazebo//models/turtlebot3_world/model.sdf
[0.355s] -- Up-to-date symlink: /home/user1/turtlebot3_ws/install/turtlebot3_gazebo/share/turtlebot3_gazebo//rviz/tb3_gazebo.rviz
[0.356s] -- Up-to-date symlink: /home/user1/turtlebot3_ws/install/turtlebot3_gazebo/share/turtlebot3_gazebo//worlds/empty_worlds/burger.model
[0.356s] -- Symlinking: /home/user1/turtlebot3_ws/install/turtlebot3_gazebo/share/turtlebot3_gazebo//worlds/empty_worlds/old_models/waffle.model
[0.364s] -- Up-to-date symlink: /home/user1/turtlebot3_ws/install/turtlebot3_gazebo/share/turtlebot3_gazebo//worlds/empty_worlds/waffle.model
[0.364s] -- Up-to-date symlink: /home/user1/turtlebot3_ws/install/turtlebot3_gazebo/share/turtlebot3_gazebo//worlds/empty_worlds/waffle_pi.model
[0.365s] -- Up-to-date symlink: /home/user1/turtlebot3_ws/install/turtlebot3_gazebo/share/turtlebot3_gazebo//worlds/turtlebot3_autoraces/burger.model
[0.365s] -- Up-to-date symlink: /home/user1/turtlebot3_ws/install/turtlebot3_gazebo/share/turtlebot3_gazebo//worlds/turtlebot3_autoraces/waffle.model
[0.366s] -- Up-to-date symlink: /home/user1/turtlebot3_ws/install/turtlebot3_gazebo/share/turtlebot3_gazebo//worlds/turtlebot3_autoraces/waffle_pi.model
[0.366s] -- Up-to-date symlink: /home/user1/turtlebot3_ws/install/turtlebot3_gazebo/share/turtlebot3_gazebo//worlds/turtlebot3_dqn_stage1/burger.model
[0.367s] -- Up-to-date symlink: /home/user1/turtlebot3_ws/install/turtlebot3_gazebo/share/turtlebot3_gazebo//worlds/turtlebot3_dqn_stage1/waffle.model
[0.367s] -- Up-to-date symlink: /home/user1/turtlebot3_ws/install/turtlebot3_gazebo/share/turtlebot3_gazebo//worlds/turtlebot3_dqn_stage1/waffle_pi.model
[0.367s] -- Up-to-date symlink: /home/user1/turtlebot3_ws/install/turtlebot3_gazebo/share/turtlebot3_gazebo//worlds/turtlebot3_dqn_stage2/burger.model
[0.368s] -- Up-to-date symlink: /home/user1/turtlebot3_ws/install/turtlebot3_gazebo/share/turtlebot3_gazebo//worlds/turtlebot3_dqn_stage2/waffle.model
[0.368s] -- Up-to-date symlink: /home/user1/turtlebot3_ws/install/turtlebot3_gazebo/share/turtlebot3_gazebo//worlds/turtlebot3_dqn_stage2/waffle_pi.model
[0.368s] -- Up-to-date symlink: /home/user1/turtlebot3_ws/install/turtlebot3_gazebo/share/turtlebot3_gazebo//worlds/turtlebot3_dqn_stage3/burger.model
[0.369s] -- Up-to-date symlink: /home/user1/turtlebot3_ws/install/turtlebot3_gazebo/share/turtlebot3_gazebo//worlds/turtlebot3_dqn_stage3/waffle.model
[0.369s] -- Up-to-date symlink: /home/user1/turtlebot3_ws/install/turtlebot3_gazebo/share/turtlebot3_gazebo//worlds/turtlebot3_dqn_stage3/waffle_pi.model
[0.370s] -- Up-to-date symlink: /home/user1/turtlebot3_ws/install/turtlebot3_gazebo/share/turtlebot3_gazebo//worlds/turtlebot3_dqn_stage4/burger.model
[0.370s] -- Up-to-date symlink: /home/user1/turtlebot3_ws/install/turtlebot3_gazebo/share/turtlebot3_gazebo//worlds/turtlebot3_dqn_stage4/waffle.model
[0.370s] -- Up-to-date symlink: /home/user1/turtlebot3_ws/install/turtlebot3_gazebo/share/turtlebot3_gazebo//worlds/turtlebot3_dqn_stage4/waffle_pi.model
[0.371s] -- Up-to-date symlink: /home/user1/turtlebot3_ws/install/turtlebot3_gazebo/share/turtlebot3_gazebo//worlds/turtlebot3_houses/burger.model
[0.371s] -- Up-to-date symlink: /home/user1/turtlebot3_ws/install/turtlebot3_gazebo/share/turtlebot3_gazebo//worlds/turtlebot3_houses/waffle.model
[0.372s] -- Up-to-date symlink: /home/user1/turtlebot3_ws/install/turtlebot3_gazebo/share/turtlebot3_gazebo//worlds/turtlebot3_houses/waffle_pi.model
[0.372s] -- Up-to-date symlink: /home/user1/turtlebot3_ws/install/turtlebot3_gazebo/share/turtlebot3_gazebo//worlds/turtlebot3_worlds/burger.model
[0.372s] -- Up-to-date symlink: /home/user1/turtlebot3_ws/install/turtlebot3_gazebo/share/turtlebot3_gazebo//worlds/turtlebot3_worlds/waffle.model
[0.373s] -- Up-to-date symlink: /home/user1/turtlebot3_ws/install/turtlebot3_gazebo/share/turtlebot3_gazebo//worlds/turtlebot3_worlds/waffle_pi.model
[0.374s] -- Up-to-date symlink: /home/user1/turtlebot3_ws/install/turtlebot3_gazebo/include//turtlebot3_gazebo/turtlebot3_drive.hpp
[0.374s] -- Up-to-date symlink: /home/user1/turtlebot3_ws/install/turtlebot3_gazebo/share/ament_index/resource_index/package_run_dependencies/turtlebot3_gazebo
[0.375s] -- Up-to-date symlink: /home/user1/turtlebot3_ws/install/turtlebot3_gazebo/share/ament_index/resource_index/parent_prefix_path/turtlebot3_gazebo
[0.376s] -- Up-to-date symlink: /home/user1/turtlebot3_ws/install/turtlebot3_gazebo/share/turtlebot3_gazebo/environment/ament_prefix_path.sh
[0.376s] -- Up-to-date symlink: /home/user1/turtlebot3_ws/install/turtlebot3_gazebo/share/turtlebot3_gazebo/environment/ament_prefix_path.dsv
[0.377s] -- Up-to-date symlink: /home/user1/turtlebot3_ws/install/turtlebot3_gazebo/share/turtlebot3_gazebo/environment/path.sh
[0.377s] -- Up-to-date symlink: /home/user1/turtlebot3_ws/install/turtlebot3_gazebo/share/turtlebot3_gazebo/environment/path.dsv
[0.378s] -- Up-to-date symlink: /home/user1/turtlebot3_ws/install/turtlebot3_gazebo/share/turtlebot3_gazebo/local_setup.bash
[0.378s] -- Up-to-date symlink: /home/user1/turtlebot3_ws/install/turtlebot3_gazebo/share/turtlebot3_gazebo/local_setup.sh
[0.379s] -- Up-to-date symlink: /home/user1/turtlebot3_ws/install/turtlebot3_gazebo/share/turtlebot3_gazebo/local_setup.zsh
[0.379s] -- Up-to-date symlink: /home/user1/turtlebot3_ws/install/turtlebot3_gazebo/share/turtlebot3_gazebo/local_setup.dsv
[0.380s] -- Symlinking: /home/user1/turtlebot3_ws/install/turtlebot3_gazebo/share/turtlebot3_gazebo/package.dsv
[0.387s] -- Up-to-date symlink: /home/user1/turtlebot3_ws/install/turtlebot3_gazebo/share/ament_index/resource_index/packages/turtlebot3_gazebo
[0.388s] -- Up-to-date symlink: /home/user1/turtlebot3_ws/install/turtlebot3_gazebo/share/turtlebot3_gazebo/cmake/ament_cmake_export_include_directories-extras.cmake
[0.389s] -- Up-to-date symlink: /home/user1/turtlebot3_ws/install/turtlebot3_gazebo/share/turtlebot3_gazebo/cmake/ament_cmake_export_dependencies-extras.cmake
[0.389s] -- Up-to-date symlink: /home/user1/turtlebot3_ws/install/turtlebot3_gazebo/share/turtlebot3_gazebo/cmake/turtlebot3_gazeboConfig.cmake
[0.390s] -- Up-to-date symlink: /home/user1/turtlebot3_ws/install/turtlebot3_gazebo/share/turtlebot3_gazebo/cmake/turtlebot3_gazeboConfig-version.cmake
[0.390s] -- Up-to-date symlink: /home/user1/turtlebot3_ws/install/turtlebot3_gazebo/share/turtlebot3_gazebo/package.xml
[0.395s] Invoked command in '/home/user1/robotfusion/turtlebot3_ws/build/turtlebot3_gazebo' returned '0': AMENT_PREFIX_PATH=/home/user1/turtlebot3_ws/install/turtlebot3_description:${AMENT_PREFIX_PATH} CMAKE_PREFIX_PATH=/home/user1/robotfusion/turtlebot3_ws/install/turtlebot3_description:/home/user1/robotfusion/turtlebot3_ws/src/turtlebot3_simulations/turtlebot3_gazebo/install/turtlebot3_gazebo:/home/user1/robotfusion/turtlebot3_ws/src/turtlebot3_simulations/install/turtlebot3_simulations:/home/user1/robotfusion/turtlebot3_ws/src/turtlebot3_simulations/install/turtlebot3_gazebo:/home/user1/robotfusion/turtlebot3_ws/src/turtlebot3_simulations/install/turtlebot3_fake_node:/home/user1/turtlebot3_ws/src/turtlebot3_simulations/turtlebot3_gazebo/install/turtlebot3_gazebo:/opt/ros/foxy /usr/bin/cmake --install /home/user1/robotfusion/turtlebot3_ws/build/turtlebot3_gazebo
