[0.129s] DEBUG:colcon:Command line arguments: ['/usr/bin/colcon', 'build']
[0.129s] DEBUG:colcon:Parsed command line arguments: Namespace(allow_overriding=[], ament_cmake_args=None, base_paths=['.'], build_base='build', catkin_cmake_args=None, catkin_skip_building_tests=False, cmake_args=None, cmake_clean_cache=False, cmake_clean_first=False, cmake_force_configure=False, cmake_target=None, cmake_target_skip_unavailable=False, continue_on_error=False, event_handlers=None, executor='parallel', ignore_user_meta=False, install_base='install', log_base=None, log_level=None, main=<bound method BuildVerb.main of <colcon_core.verb.build.BuildVerb object at 0x7efca71c87c0>>, merge_install=False, metas=['./colcon.meta'], packages_above=None, packages_above_and_dependencies=None, packages_above_depth=None, packages_end=None, packages_ignore=None, packages_ignore_regex=None, packages_select=None, packages_select_build_failed=False, packages_select_by_dep=None, packages_select_regex=None, packages_select_test_failures=False, packages_skip=None, packages_skip_build_finished=False, packages_skip_by_dep=None, packages_skip_regex=None, packages_skip_test_passed=False, packages_skip_up_to=None, packages_start=None, packages_up_to=None, packages_up_to_regex=None, parallel_workers=12, paths=None, symlink_install=False, test_result_base=None, verb_extension=<colcon_core.verb.build.BuildVerb object at 0x7efca71c87c0>, verb_name='build', verb_parser=<colcon_defaults.argument_parser.defaults.DefaultArgumentsDecorator object at 0x7efca71d14c0>)
[0.150s] Level 1:colcon.colcon_core.package_discovery:discover_packages(colcon_meta) check parameters
[0.150s] Level 1:colcon.colcon_core.package_discovery:discover_packages(recursive) check parameters
[0.150s] Level 1:colcon.colcon_core.package_discovery:discover_packages(ignore) check parameters
[0.150s] Level 1:colcon.colcon_core.package_discovery:discover_packages(path) check parameters
[0.150s] Level 1:colcon.colcon_core.package_discovery:discover_packages(colcon_meta) discover
[0.150s] Level 1:colcon.colcon_core.package_discovery:discover_packages(recursive) discover
[0.151s] INFO:colcon.colcon_core.package_discovery:Crawling recursively for packages in '/home/user1/turtlebot3_ws/src/turtlebot3_simulations/turtlebot3_gazebo/src'
[0.151s] Level 1:colcon.colcon_core.package_identification:_identify(.) by extensions ['ignore', 'ignore_ament_install']
[0.151s] Level 1:colcon.colcon_core.package_identification:_identify(.) by extension 'ignore'
[0.151s] Level 1:colcon.colcon_core.package_identification:_identify(.) by extension 'ignore_ament_install'
[0.151s] Level 1:colcon.colcon_core.package_identification:_identify(.) by extensions ['colcon_pkg']
[0.151s] Level 1:colcon.colcon_core.package_identification:_identify(.) by extension 'colcon_pkg'
[0.151s] Level 1:colcon.colcon_core.package_identification:_identify(.) by extensions ['colcon_meta']
[0.151s] Level 1:colcon.colcon_core.package_identification:_identify(.) by extension 'colcon_meta'
[0.151s] Level 1:colcon.colcon_core.package_identification:_identify(.) by extensions ['ros']
[0.151s] Level 1:colcon.colcon_core.package_identification:_identify(.) by extension 'ros'
[0.164s] Level 1:colcon.colcon_core.package_identification:_identify(.) by extensions ['cmake', 'python']
[0.164s] Level 1:colcon.colcon_core.package_identification:_identify(.) by extension 'cmake'
[0.164s] Level 1:colcon.colcon_core.package_identification:_identify(.) by extension 'python'
[0.164s] Level 1:colcon.colcon_core.package_identification:_identify(.) by extensions ['python_setup_py']
[0.164s] Level 1:colcon.colcon_core.package_identification:_identify(.) by extension 'python_setup_py'
[0.164s] Level 1:colcon.colcon_core.package_identification:_identify(Groot) by extensions ['ignore', 'ignore_ament_install']
[0.164s] Level 1:colcon.colcon_core.package_identification:_identify(Groot) by extension 'ignore'
[0.164s] Level 1:colcon.colcon_core.package_identification:_identify(Groot) by extension 'ignore_ament_install'
[0.164s] Level 1:colcon.colcon_core.package_identification:_identify(Groot) by extensions ['colcon_pkg']
[0.164s] Level 1:colcon.colcon_core.package_identification:_identify(Groot) by extension 'colcon_pkg'
[0.164s] Level 1:colcon.colcon_core.package_identification:_identify(Groot) by extensions ['colcon_meta']
[0.164s] Level 1:colcon.colcon_core.package_identification:_identify(Groot) by extension 'colcon_meta'
[0.164s] Level 1:colcon.colcon_core.package_identification:_identify(Groot) by extensions ['ros']
[0.164s] Level 1:colcon.colcon_core.package_identification:_identify(Groot) by extension 'ros'
[0.176s] DEBUG:colcon.colcon_core.package_identification:Package 'Groot' with type 'ros.ament_cmake' and name 'groot'
[0.176s] Level 1:colcon.colcon_core.package_identification:_identify(build) by extensions ['ignore', 'ignore_ament_install']
[0.176s] Level 1:colcon.colcon_core.package_identification:_identify(build) by extension 'ignore'
[0.176s] Level 1:colcon.colcon_core.package_identification:_identify(build) ignored
[0.176s] Level 1:colcon.colcon_core.package_identification:_identify(install) by extensions ['ignore', 'ignore_ament_install']
[0.176s] Level 1:colcon.colcon_core.package_identification:_identify(install) by extension 'ignore'
[0.176s] Level 1:colcon.colcon_core.package_identification:_identify(install) ignored
[0.176s] Level 1:colcon.colcon_core.package_identification:_identify(log) by extensions ['ignore', 'ignore_ament_install']
[0.176s] Level 1:colcon.colcon_core.package_identification:_identify(log) by extension 'ignore'
[0.177s] Level 1:colcon.colcon_core.package_identification:_identify(log) ignored
[0.177s] Level 1:colcon.colcon_core.package_discovery:discover_packages(recursive) using defaults
[0.177s] Level 1:colcon.colcon_core.package_discovery:discover_packages(ignore) discover
[0.177s] Level 1:colcon.colcon_core.package_discovery:discover_packages(ignore) using defaults
[0.177s] Level 1:colcon.colcon_core.package_discovery:discover_packages(path) discover
[0.177s] Level 1:colcon.colcon_core.package_discovery:discover_packages(path) using defaults
[0.194s] Level 1:colcon.colcon_core.package_discovery:discover_packages(prefix_path) check parameters
[0.194s] Level 1:colcon.colcon_core.package_discovery:discover_packages(prefix_path) discover
[0.197s] DEBUG:colcon.colcon_installed_package_information.package_discovery:Found 336 installed packages in /opt/ros/foxy
[0.198s] Level 1:colcon.colcon_core.package_discovery:discover_packages(prefix_path) using defaults
[0.265s] Level 5:colcon.colcon_core.verb:set package 'groot' build argument 'cmake_args' from command line to 'None'
[0.265s] Level 5:colcon.colcon_core.verb:set package 'groot' build argument 'cmake_target' from command line to 'None'
[0.265s] Level 5:colcon.colcon_core.verb:set package 'groot' build argument 'cmake_target_skip_unavailable' from command line to 'False'
[0.265s] Level 5:colcon.colcon_core.verb:set package 'groot' build argument 'cmake_clean_cache' from command line to 'False'
[0.266s] Level 5:colcon.colcon_core.verb:set package 'groot' build argument 'cmake_clean_first' from command line to 'False'
[0.266s] Level 5:colcon.colcon_core.verb:set package 'groot' build argument 'cmake_force_configure' from command line to 'False'
[0.266s] Level 5:colcon.colcon_core.verb:set package 'groot' build argument 'ament_cmake_args' from command line to 'None'
[0.266s] Level 5:colcon.colcon_core.verb:set package 'groot' build argument 'catkin_cmake_args' from command line to 'None'
[0.266s] Level 5:colcon.colcon_core.verb:set package 'groot' build argument 'catkin_skip_building_tests' from command line to 'False'
[0.266s] DEBUG:colcon.colcon_core.verb:Building package 'groot' with the following arguments: {'ament_cmake_args': None, 'build_base': '/home/user1/turtlebot3_ws/src/turtlebot3_simulations/turtlebot3_gazebo/src/build/groot', 'catkin_cmake_args': None, 'catkin_skip_building_tests': False, 'cmake_args': None, 'cmake_clean_cache': False, 'cmake_clean_first': False, 'cmake_force_configure': False, 'cmake_target': None, 'cmake_target_skip_unavailable': False, 'install_base': '/home/user1/turtlebot3_ws/src/turtlebot3_simulations/turtlebot3_gazebo/src/install/groot', 'merge_install': False, 'path': '/home/user1/turtlebot3_ws/src/turtlebot3_simulations/turtlebot3_gazebo/src/Groot', 'symlink_install': False, 'test_result_base': None}
[0.266s] INFO:colcon.colcon_core.executor:Executing jobs using 'parallel' executor
[0.270s] DEBUG:colcon.colcon_parallel_executor.executor.parallel:run_until_complete
[0.270s] INFO:colcon.colcon_ros.task.ament_cmake.build:Building ROS package in '/home/user1/turtlebot3_ws/src/turtlebot3_simulations/turtlebot3_gazebo/src/Groot' with build type 'ament_cmake'
[0.270s] INFO:colcon.colcon_cmake.task.cmake.build:Building CMake package in '/home/user1/turtlebot3_ws/src/turtlebot3_simulations/turtlebot3_gazebo/src/Groot'
[0.274s] INFO:colcon.colcon_core.plugin_system:Skipping extension 'colcon_core.shell.bat': Not used on non-Windows systems
[0.274s] INFO:colcon.colcon_core.shell:Skip shell extension 'powershell' for command environment: Not usable outside of PowerShell
[0.274s] DEBUG:colcon.colcon_core.shell:Skip shell extension 'dsv' for command environment
[0.283s] DEBUG:colcon.colcon_core.event_handler.log_command:Invoking command in '/home/user1/turtlebot3_ws/src/turtlebot3_simulations/turtlebot3_gazebo/src/build/groot': CMAKE_PREFIX_PATH=/opt/ros/foxy /usr/bin/cmake --build /home/user1/turtlebot3_ws/src/turtlebot3_simulations/turtlebot3_gazebo/src/build/groot -- -j12 -l12
[0.525s] DEBUG:colcon.colcon_core.event_handler.log_command:Invoked command in '/home/user1/turtlebot3_ws/src/turtlebot3_simulations/turtlebot3_gazebo/src/build/groot' returned '0': CMAKE_PREFIX_PATH=/opt/ros/foxy /usr/bin/cmake --build /home/user1/turtlebot3_ws/src/turtlebot3_simulations/turtlebot3_gazebo/src/build/groot -- -j12 -l12
[0.569s] DEBUG:colcon.colcon_core.event_handler.log_command:Invoking command in '/home/user1/turtlebot3_ws/src/turtlebot3_simulations/turtlebot3_gazebo/src/build/groot': CMAKE_PREFIX_PATH=/opt/ros/foxy /usr/bin/cmake --install /home/user1/turtlebot3_ws/src/turtlebot3_simulations/turtlebot3_gazebo/src/build/groot
[0.578s] Level 1:colcon.colcon_core.environment:create_environment_scripts_only(groot)
[0.579s] DEBUG:colcon.colcon_core.event_handler.log_command:Invoked command in '/home/user1/turtlebot3_ws/src/turtlebot3_simulations/turtlebot3_gazebo/src/build/groot' returned '0': CMAKE_PREFIX_PATH=/opt/ros/foxy /usr/bin/cmake --install /home/user1/turtlebot3_ws/src/turtlebot3_simulations/turtlebot3_gazebo/src/build/groot
[0.583s] Level 1:colcon.colcon_core.environment:checking '/home/user1/turtlebot3_ws/src/turtlebot3_simulations/turtlebot3_gazebo/src/install/groot' for CMake module files
[0.583s] Level 1:colcon.colcon_core.environment:checking '/home/user1/turtlebot3_ws/src/turtlebot3_simulations/turtlebot3_gazebo/src/install/groot' for CMake config files
[0.583s] Level 1:colcon.colcon_core.shell:create_environment_hook('groot', 'cmake_prefix_path')
[0.585s] INFO:colcon.colcon_core.shell:Creating environment hook '/home/user1/turtlebot3_ws/src/turtlebot3_simulations/turtlebot3_gazebo/src/install/groot/share/groot/hook/cmake_prefix_path.ps1'
[0.585s] INFO:colcon.colcon_core.shell:Creating environment descriptor '/home/user1/turtlebot3_ws/src/turtlebot3_simulations/turtlebot3_gazebo/src/install/groot/share/groot/hook/cmake_prefix_path.dsv'
[0.585s] INFO:colcon.colcon_core.shell:Creating environment hook '/home/user1/turtlebot3_ws/src/turtlebot3_simulations/turtlebot3_gazebo/src/install/groot/share/groot/hook/cmake_prefix_path.sh'
[0.586s] Level 1:colcon.colcon_core.environment:checking '/home/user1/turtlebot3_ws/src/turtlebot3_simulations/turtlebot3_gazebo/src/install/groot/lib'
[0.586s] Level 1:colcon.colcon_core.shell:create_environment_hook('groot', 'ld_library_path_lib')
[0.587s] INFO:colcon.colcon_core.shell:Creating environment hook '/home/user1/turtlebot3_ws/src/turtlebot3_simulations/turtlebot3_gazebo/src/install/groot/share/groot/hook/ld_library_path_lib.ps1'
[0.588s] INFO:colcon.colcon_core.shell:Creating environment descriptor '/home/user1/turtlebot3_ws/src/turtlebot3_simulations/turtlebot3_gazebo/src/install/groot/share/groot/hook/ld_library_path_lib.dsv'
[0.588s] INFO:colcon.colcon_core.shell:Creating environment hook '/home/user1/turtlebot3_ws/src/turtlebot3_simulations/turtlebot3_gazebo/src/install/groot/share/groot/hook/ld_library_path_lib.sh'
[0.588s] Level 1:colcon.colcon_core.environment:checking '/home/user1/turtlebot3_ws/src/turtlebot3_simulations/turtlebot3_gazebo/src/install/groot/bin'
[0.588s] Level 1:colcon.colcon_core.environment:checking '/home/user1/turtlebot3_ws/src/turtlebot3_simulations/turtlebot3_gazebo/src/install/groot/lib/pkgconfig/groot.pc'
[0.589s] Level 1:colcon.colcon_core.environment:checking '/home/user1/turtlebot3_ws/src/turtlebot3_simulations/turtlebot3_gazebo/src/install/groot/lib/python3.8/site-packages'
[0.589s] Level 1:colcon.colcon_core.environment:checking '/home/user1/turtlebot3_ws/src/turtlebot3_simulations/turtlebot3_gazebo/src/install/groot/bin'
[0.590s] INFO:colcon.colcon_core.shell:Creating package script '/home/user1/turtlebot3_ws/src/turtlebot3_simulations/turtlebot3_gazebo/src/install/groot/share/groot/package.ps1'
[0.591s] INFO:colcon.colcon_core.shell:Creating package descriptor '/home/user1/turtlebot3_ws/src/turtlebot3_simulations/turtlebot3_gazebo/src/install/groot/share/groot/package.dsv'
[0.591s] INFO:colcon.colcon_core.shell:Creating package script '/home/user1/turtlebot3_ws/src/turtlebot3_simulations/turtlebot3_gazebo/src/install/groot/share/groot/package.sh'
[0.592s] INFO:colcon.colcon_core.shell:Creating package script '/home/user1/turtlebot3_ws/src/turtlebot3_simulations/turtlebot3_gazebo/src/install/groot/share/groot/package.bash'
[0.592s] INFO:colcon.colcon_core.shell:Creating package script '/home/user1/turtlebot3_ws/src/turtlebot3_simulations/turtlebot3_gazebo/src/install/groot/share/groot/package.zsh'
[0.593s] Level 1:colcon.colcon_core.environment:create_file_with_runtime_dependencies(/home/user1/turtlebot3_ws/src/turtlebot3_simulations/turtlebot3_gazebo/src/install/groot/share/colcon-core/packages/groot)
[0.630s] Level 1:colcon.colcon_core.environment:create_environment_scripts_only(groot)
[0.632s] Level 1:colcon.colcon_core.environment:checking '/home/user1/turtlebot3_ws/src/turtlebot3_simulations/turtlebot3_gazebo/src/install/groot' for CMake module files
[0.633s] Level 1:colcon.colcon_core.environment:checking '/home/user1/turtlebot3_ws/src/turtlebot3_simulations/turtlebot3_gazebo/src/install/groot' for CMake config files
[0.633s] Level 1:colcon.colcon_core.shell:create_environment_hook('groot', 'cmake_prefix_path')
[0.634s] INFO:colcon.colcon_core.shell:Creating environment hook '/home/user1/turtlebot3_ws/src/turtlebot3_simulations/turtlebot3_gazebo/src/install/groot/share/groot/hook/cmake_prefix_path.ps1'
[0.635s] INFO:colcon.colcon_core.shell:Creating environment descriptor '/home/user1/turtlebot3_ws/src/turtlebot3_simulations/turtlebot3_gazebo/src/install/groot/share/groot/hook/cmake_prefix_path.dsv'
[0.635s] INFO:colcon.colcon_core.shell:Creating environment hook '/home/user1/turtlebot3_ws/src/turtlebot3_simulations/turtlebot3_gazebo/src/install/groot/share/groot/hook/cmake_prefix_path.sh'
[0.635s] Level 1:colcon.colcon_core.environment:checking '/home/user1/turtlebot3_ws/src/turtlebot3_simulations/turtlebot3_gazebo/src/install/groot/lib'
[0.635s] Level 1:colcon.colcon_core.shell:create_environment_hook('groot', 'ld_library_path_lib')
[0.637s] INFO:colcon.colcon_core.shell:Creating environment hook '/home/user1/turtlebot3_ws/src/turtlebot3_simulations/turtlebot3_gazebo/src/install/groot/share/groot/hook/ld_library_path_lib.ps1'
[0.637s] INFO:colcon.colcon_core.shell:Creating environment descriptor '/home/user1/turtlebot3_ws/src/turtlebot3_simulations/turtlebot3_gazebo/src/install/groot/share/groot/hook/ld_library_path_lib.dsv'
[0.637s] INFO:colcon.colcon_core.shell:Creating environment hook '/home/user1/turtlebot3_ws/src/turtlebot3_simulations/turtlebot3_gazebo/src/install/groot/share/groot/hook/ld_library_path_lib.sh'
[0.637s] Level 1:colcon.colcon_core.environment:checking '/home/user1/turtlebot3_ws/src/turtlebot3_simulations/turtlebot3_gazebo/src/install/groot/bin'
[0.637s] Level 1:colcon.colcon_core.environment:checking '/home/user1/turtlebot3_ws/src/turtlebot3_simulations/turtlebot3_gazebo/src/install/groot/lib/pkgconfig/groot.pc'
[0.638s] Level 1:colcon.colcon_core.environment:checking '/home/user1/turtlebot3_ws/src/turtlebot3_simulations/turtlebot3_gazebo/src/install/groot/lib/python3.8/site-packages'
[0.638s] Level 1:colcon.colcon_core.environment:checking '/home/user1/turtlebot3_ws/src/turtlebot3_simulations/turtlebot3_gazebo/src/install/groot/bin'
[0.639s] INFO:colcon.colcon_core.shell:Creating package script '/home/user1/turtlebot3_ws/src/turtlebot3_simulations/turtlebot3_gazebo/src/install/groot/share/groot/package.ps1'
[0.639s] INFO:colcon.colcon_core.shell:Creating package descriptor '/home/user1/turtlebot3_ws/src/turtlebot3_simulations/turtlebot3_gazebo/src/install/groot/share/groot/package.dsv'
[0.640s] INFO:colcon.colcon_core.shell:Creating package script '/home/user1/turtlebot3_ws/src/turtlebot3_simulations/turtlebot3_gazebo/src/install/groot/share/groot/package.sh'
[0.640s] INFO:colcon.colcon_core.shell:Creating package script '/home/user1/turtlebot3_ws/src/turtlebot3_simulations/turtlebot3_gazebo/src/install/groot/share/groot/package.bash'
[0.641s] INFO:colcon.colcon_core.shell:Creating package script '/home/user1/turtlebot3_ws/src/turtlebot3_simulations/turtlebot3_gazebo/src/install/groot/share/groot/package.zsh'
[0.641s] Level 1:colcon.colcon_core.environment:create_file_with_runtime_dependencies(/home/user1/turtlebot3_ws/src/turtlebot3_simulations/turtlebot3_gazebo/src/install/groot/share/colcon-core/packages/groot)
[0.641s] DEBUG:colcon.colcon_parallel_executor.executor.parallel:closing loop
[0.641s] DEBUG:colcon.colcon_parallel_executor.executor.parallel:loop closed
[0.641s] DEBUG:colcon.colcon_parallel_executor.executor.parallel:run_until_complete finished with '0'
[0.642s] DEBUG:colcon.colcon_core.event_reactor:joining thread
[0.647s] INFO:colcon.colcon_core.plugin_system:Skipping extension 'colcon_notification.desktop_notification.terminal_notifier': Not used on non-Darwin systems
[0.647s] INFO:colcon.colcon_core.plugin_system:Skipping extension 'colcon_notification.desktop_notification.win32': Not used on non-Windows systems
[0.647s] INFO:colcon.colcon_notification.desktop_notification:Sending desktop notification using 'notify2'
[0.659s] DEBUG:colcon.colcon_core.event_reactor:joined thread
[0.660s] INFO:colcon.colcon_core.shell:Creating prefix script '/home/user1/turtlebot3_ws/src/turtlebot3_simulations/turtlebot3_gazebo/src/install/local_setup.ps1'
[0.661s] INFO:colcon.colcon_core.shell:Creating prefix util module '/home/user1/turtlebot3_ws/src/turtlebot3_simulations/turtlebot3_gazebo/src/install/_local_setup_util_ps1.py'
[0.662s] INFO:colcon.colcon_core.shell:Creating prefix chain script '/home/user1/turtlebot3_ws/src/turtlebot3_simulations/turtlebot3_gazebo/src/install/setup.ps1'
[0.663s] INFO:colcon.colcon_core.shell:Creating prefix script '/home/user1/turtlebot3_ws/src/turtlebot3_simulations/turtlebot3_gazebo/src/install/local_setup.sh'
[0.664s] INFO:colcon.colcon_core.shell:Creating prefix util module '/home/user1/turtlebot3_ws/src/turtlebot3_simulations/turtlebot3_gazebo/src/install/_local_setup_util_sh.py'
[0.664s] INFO:colcon.colcon_core.shell:Creating prefix chain script '/home/user1/turtlebot3_ws/src/turtlebot3_simulations/turtlebot3_gazebo/src/install/setup.sh'
[0.665s] INFO:colcon.colcon_core.shell:Creating prefix script '/home/user1/turtlebot3_ws/src/turtlebot3_simulations/turtlebot3_gazebo/src/install/local_setup.bash'
[0.666s] INFO:colcon.colcon_core.shell:Creating prefix chain script '/home/user1/turtlebot3_ws/src/turtlebot3_simulations/turtlebot3_gazebo/src/install/setup.bash'
[0.667s] INFO:colcon.colcon_core.shell:Creating prefix script '/home/user1/turtlebot3_ws/src/turtlebot3_simulations/turtlebot3_gazebo/src/install/local_setup.zsh'
[0.667s] INFO:colcon.colcon_core.shell:Creating prefix chain script '/home/user1/turtlebot3_ws/src/turtlebot3_simulations/turtlebot3_gazebo/src/install/setup.zsh'
