[0.247s] Invoking command in '/home/user1/turtlebot3_ws/src/build/turtlebot3_fake_node': CMAKE_PREFIX_PATH=/opt/ros/foxy /usr/bin/cmake --build /home/user1/turtlebot3_ws/src/build/turtlebot3_fake_node -- -j12 -l12
[0.461s] [100%] Built target turtlebot3_fake_node
[0.468s] Invoked command in '/home/user1/turtlebot3_ws/src/build/turtlebot3_fake_node' returned '0': CMAKE_PREFIX_PATH=/opt/ros/foxy /usr/bin/cmake --build /home/user1/turtlebot3_ws/src/build/turtlebot3_fake_node -- -j12 -l12
[0.502s] Invoking command in '/home/user1/turtlebot3_ws/src/build/turtlebot3_fake_node': CMAKE_PREFIX_PATH=/opt/ros/foxy /usr/bin/cmake --install /home/user1/turtlebot3_ws/src/build/turtlebot3_fake_node
[0.528s] -- Install configuration: ""
[0.528s] -- Up-to-date: /home/user1/turtlebot3_ws/src/install/turtlebot3_fake_node/lib/turtlebot3_fake_node/turtlebot3_fake_node
[0.530s] -- Up-to-date: /home/user1/turtlebot3_ws/src/install/turtlebot3_fake_node/share/turtlebot3_fake_node/launch
[0.533s] -- Up-to-date: /home/user1/turtlebot3_ws/src/install/turtlebot3_fake_node/share/turtlebot3_fake_node/launch/rviz2.launch.py
[0.533s] -- Up-to-date: /home/user1/turtlebot3_ws/src/install/turtlebot3_fake_node/share/turtlebot3_fake_node/launch/turtlebot3_fake_node.launch.py
[0.533s] -- Up-to-date: /home/user1/turtlebot3_ws/src/install/turtlebot3_fake_node/share/turtlebot3_fake_node/param
[0.534s] -- Up-to-date: /home/user1/turtlebot3_ws/src/install/turtlebot3_fake_node/share/turtlebot3_fake_node/param/waffle_pi.yaml
[0.534s] -- Up-to-date: /home/user1/turtlebot3_ws/src/install/turtlebot3_fake_node/share/turtlebot3_fake_node/param/burger.yaml
[0.534s] -- Up-to-date: /home/user1/turtlebot3_ws/src/install/turtlebot3_fake_node/share/turtlebot3_fake_node/param/waffle.yaml
[0.534s] -- Up-to-date: /home/user1/turtlebot3_ws/src/install/turtlebot3_fake_node/share/turtlebot3_fake_node/rviz
[0.534s] -- Up-to-date: /home/user1/turtlebot3_ws/src/install/turtlebot3_fake_node/share/turtlebot3_fake_node/rviz/model.rviz
[0.535s] -- Up-to-date: /home/user1/turtlebot3_ws/src/install/turtlebot3_fake_node/include/
[0.536s] -- Up-to-date: /home/user1/turtlebot3_ws/src/install/turtlebot3_fake_node/include//turtlebot3_fake_node
[0.536s] -- Up-to-date: /home/user1/turtlebot3_ws/src/install/turtlebot3_fake_node/include//turtlebot3_fake_node/turtlebot3_fake_node.hpp
[0.537s] -- Up-to-date: /home/user1/turtlebot3_ws/src/install/turtlebot3_fake_node/share/ament_index/resource_index/package_run_dependencies/turtlebot3_fake_node
[0.537s] -- Up-to-date: /home/user1/turtlebot3_ws/src/install/turtlebot3_fake_node/share/ament_index/resource_index/parent_prefix_path/turtlebot3_fake_node
[0.538s] -- Up-to-date: /home/user1/turtlebot3_ws/src/install/turtlebot3_fake_node/share/turtlebot3_fake_node/environment/ament_prefix_path.sh
[0.540s] -- Up-to-date: /home/user1/turtlebot3_ws/src/install/turtlebot3_fake_node/share/turtlebot3_fake_node/environment/ament_prefix_path.dsv
[0.540s] -- Up-to-date: /home/user1/turtlebot3_ws/src/install/turtlebot3_fake_node/share/turtlebot3_fake_node/environment/path.sh
[0.540s] -- Up-to-date: /home/user1/turtlebot3_ws/src/install/turtlebot3_fake_node/share/turtlebot3_fake_node/environment/path.dsv
[0.540s] -- Up-to-date: /home/user1/turtlebot3_ws/src/install/turtlebot3_fake_node/share/turtlebot3_fake_node/local_setup.bash
[0.541s] -- Up-to-date: /home/user1/turtlebot3_ws/src/install/turtlebot3_fake_node/share/turtlebot3_fake_node/local_setup.sh
[0.541s] -- Up-to-date: /home/user1/turtlebot3_ws/src/install/turtlebot3_fake_node/share/turtlebot3_fake_node/local_setup.zsh
[0.541s] -- Up-to-date: /home/user1/turtlebot3_ws/src/install/turtlebot3_fake_node/share/turtlebot3_fake_node/local_setup.dsv
[0.541s] -- Installing: /home/user1/turtlebot3_ws/src/install/turtlebot3_fake_node/share/turtlebot3_fake_node/package.dsv
[0.541s] -- Up-to-date: /home/user1/turtlebot3_ws/src/install/turtlebot3_fake_node/share/ament_index/resource_index/packages/turtlebot3_fake_node
[0.541s] -- Up-to-date: /home/user1/turtlebot3_ws/src/install/turtlebot3_fake_node/share/turtlebot3_fake_node/cmake/ament_cmake_export_include_directories-extras.cmake
[0.541s] -- Up-to-date: /home/user1/turtlebot3_ws/src/install/turtlebot3_fake_node/share/turtlebot3_fake_node/cmake/ament_cmake_export_dependencies-extras.cmake
[0.541s] -- Up-to-date: /home/user1/turtlebot3_ws/src/install/turtlebot3_fake_node/share/turtlebot3_fake_node/cmake/turtlebot3_fake_nodeConfig.cmake
[0.541s] -- Up-to-date: /home/user1/turtlebot3_ws/src/install/turtlebot3_fake_node/share/turtlebot3_fake_node/cmake/turtlebot3_fake_nodeConfig-version.cmake
[0.542s] -- Up-to-date: /home/user1/turtlebot3_ws/src/install/turtlebot3_fake_node/share/turtlebot3_fake_node/package.xml
[0.565s] Invoked command in '/home/user1/turtlebot3_ws/src/build/turtlebot3_fake_node' returned '0': CMAKE_PREFIX_PATH=/opt/ros/foxy /usr/bin/cmake --install /home/user1/turtlebot3_ws/src/build/turtlebot3_fake_node
