[0.241s] Invoking command in '/home/user1/turtlebot3_ws/src/build/turtlebot3_navigation2': CMAKE_PREFIX_PATH=/opt/ros/foxy /usr/bin/cmake --build /home/user1/turtlebot3_ws/src/build/turtlebot3_navigation2 -- -j12 -l12
[0.463s] Invoked command in '/home/user1/turtlebot3_ws/src/build/turtlebot3_navigation2' returned '0': CMAKE_PREFIX_PATH=/opt/ros/foxy /usr/bin/cmake --build /home/user1/turtlebot3_ws/src/build/turtlebot3_navigation2 -- -j12 -l12
[0.514s] Invoking command in '/home/user1/turtlebot3_ws/src/build/turtlebot3_navigation2': CMAKE_PREFIX_PATH=/opt/ros/foxy /usr/bin/cmake --install /home/user1/turtlebot3_ws/src/build/turtlebot3_navigation2
[0.517s] -- Install configuration: ""
[0.518s] -- Up-to-date: /home/user1/turtlebot3_ws/src/install/turtlebot3_navigation2/share/turtlebot3_navigation2/launch
[0.518s] -- Up-to-date: /home/user1/turtlebot3_ws/src/install/turtlebot3_navigation2/share/turtlebot3_navigation2/launch/navigation2.launch.py
[0.519s] -- Up-to-date: /home/user1/turtlebot3_ws/src/install/turtlebot3_navigation2/share/turtlebot3_navigation2/map
[0.519s] -- Up-to-date: /home/user1/turtlebot3_ws/src/install/turtlebot3_navigation2/share/turtlebot3_navigation2/map/turtlebot3_world.pgm
[0.520s] -- Up-to-date: /home/user1/turtlebot3_ws/src/install/turtlebot3_navigation2/share/turtlebot3_navigation2/map/turtlebot3_world.yaml
[0.520s] -- Up-to-date: /home/user1/turtlebot3_ws/src/install/turtlebot3_navigation2/share/turtlebot3_navigation2/param
[0.520s] -- Up-to-date: /home/user1/turtlebot3_ws/src/install/turtlebot3_navigation2/share/turtlebot3_navigation2/param/waffle_pi.yaml
[0.520s] -- Up-to-date: /home/user1/turtlebot3_ws/src/install/turtlebot3_navigation2/share/turtlebot3_navigation2/param/burger.yaml
[0.520s] -- Up-to-date: /home/user1/turtlebot3_ws/src/install/turtlebot3_navigation2/share/turtlebot3_navigation2/param/waffle.yaml
[0.520s] -- Up-to-date: /home/user1/turtlebot3_ws/src/install/turtlebot3_navigation2/share/turtlebot3_navigation2/rviz
[0.521s] -- Up-to-date: /home/user1/turtlebot3_ws/src/install/turtlebot3_navigation2/share/turtlebot3_navigation2/rviz/tb3_navigation2.rviz
[0.521s] -- Up-to-date: /home/user1/turtlebot3_ws/src/install/turtlebot3_navigation2/share/ament_index/resource_index/package_run_dependencies/turtlebot3_navigation2
[0.524s] -- Up-to-date: /home/user1/turtlebot3_ws/src/install/turtlebot3_navigation2/share/ament_index/resource_index/parent_prefix_path/turtlebot3_navigation2
[0.524s] -- Up-to-date: /home/user1/turtlebot3_ws/src/install/turtlebot3_navigation2/share/turtlebot3_navigation2/environment/ament_prefix_path.sh
[0.524s] -- Up-to-date: /home/user1/turtlebot3_ws/src/install/turtlebot3_navigation2/share/turtlebot3_navigation2/environment/ament_prefix_path.dsv
[0.524s] -- Up-to-date: /home/user1/turtlebot3_ws/src/install/turtlebot3_navigation2/share/turtlebot3_navigation2/environment/path.sh
[0.524s] -- Up-to-date: /home/user1/turtlebot3_ws/src/install/turtlebot3_navigation2/share/turtlebot3_navigation2/environment/path.dsv
[0.524s] -- Up-to-date: /home/user1/turtlebot3_ws/src/install/turtlebot3_navigation2/share/turtlebot3_navigation2/local_setup.bash
[0.525s] -- Up-to-date: /home/user1/turtlebot3_ws/src/install/turtlebot3_navigation2/share/turtlebot3_navigation2/local_setup.sh
[0.525s] -- Up-to-date: /home/user1/turtlebot3_ws/src/install/turtlebot3_navigation2/share/turtlebot3_navigation2/local_setup.zsh
[0.525s] -- Up-to-date: /home/user1/turtlebot3_ws/src/install/turtlebot3_navigation2/share/turtlebot3_navigation2/local_setup.dsv
[0.525s] -- Installing: /home/user1/turtlebot3_ws/src/install/turtlebot3_navigation2/share/turtlebot3_navigation2/package.dsv
[0.529s] -- Up-to-date: /home/user1/turtlebot3_ws/src/install/turtlebot3_navigation2/share/ament_index/resource_index/packages/turtlebot3_navigation2
[0.529s] -- Up-to-date: /home/user1/turtlebot3_ws/src/install/turtlebot3_navigation2/share/turtlebot3_navigation2/cmake/turtlebot3_navigation2Config.cmake
[0.529s] -- Up-to-date: /home/user1/turtlebot3_ws/src/install/turtlebot3_navigation2/share/turtlebot3_navigation2/cmake/turtlebot3_navigation2Config-version.cmake
[0.529s] -- Up-to-date: /home/user1/turtlebot3_ws/src/install/turtlebot3_navigation2/share/turtlebot3_navigation2/package.xml
[0.547s] Invoked command in '/home/user1/turtlebot3_ws/src/build/turtlebot3_navigation2' returned '0': CMAKE_PREFIX_PATH=/opt/ros/foxy /usr/bin/cmake --install /home/user1/turtlebot3_ws/src/build/turtlebot3_navigation2
