[0.010s] Invoking command in '/home/user1/turtlebot3_ws/src/turtlebot3_simulations/build/turtlebot3_simulations': AMENT_PREFIX_PATH=/home/user1/turtlebot3_ws/src/turtlebot3_simulations/install/turtlebot3_gazebo:/home/user1/turtlebot3_ws/src/turtlebot3_simulations/install/turtlebot3_fake_node:${AMENT_PREFIX_PATH} CMAKE_PREFIX_PATH=/home/user1/turtlebot3_ws/src/turtlebot3_simulations/install/turtlebot3_gazebo:/home/user1/turtlebot3_ws/src/turtlebot3_simulations/install/turtlebot3_fake_node:/home/user1/turtlebot3_ws/src/turtlebot3_simulations/turtlebot3_gazebo/install/turtlebot3_gazebo:/opt/ros/foxy /usr/bin/cmake --build /home/user1/turtlebot3_ws/src/turtlebot3_simulations/build/turtlebot3_simulations -- -j12 -l12
[0.041s] Invoked command in '/home/user1/turtlebot3_ws/src/turtlebot3_simulations/build/turtlebot3_simulations' returned '0': AMENT_PREFIX_PATH=/home/user1/turtlebot3_ws/src/turtlebot3_simulations/install/turtlebot3_gazebo:/home/user1/turtlebot3_ws/src/turtlebot3_simulations/install/turtlebot3_fake_node:${AMENT_PREFIX_PATH} CMAKE_PREFIX_PATH=/home/user1/turtlebot3_ws/src/turtlebot3_simulations/install/turtlebot3_gazebo:/home/user1/turtlebot3_ws/src/turtlebot3_simulations/install/turtlebot3_fake_node:/home/user1/turtlebot3_ws/src/turtlebot3_simulations/turtlebot3_gazebo/install/turtlebot3_gazebo:/opt/ros/foxy /usr/bin/cmake --build /home/user1/turtlebot3_ws/src/turtlebot3_simulations/build/turtlebot3_simulations -- -j12 -l12
[0.055s] Invoking command in '/home/user1/turtlebot3_ws/src/turtlebot3_simulations/build/turtlebot3_simulations': AMENT_PREFIX_PATH=/home/user1/turtlebot3_ws/src/turtlebot3_simulations/install/turtlebot3_gazebo:/home/user1/turtlebot3_ws/src/turtlebot3_simulations/install/turtlebot3_fake_node:${AMENT_PREFIX_PATH} CMAKE_PREFIX_PATH=/home/user1/turtlebot3_ws/src/turtlebot3_simulations/install/turtlebot3_gazebo:/home/user1/turtlebot3_ws/src/turtlebot3_simulations/install/turtlebot3_fake_node:/home/user1/turtlebot3_ws/src/turtlebot3_simulations/turtlebot3_gazebo/install/turtlebot3_gazebo:/opt/ros/foxy /usr/bin/cmake --install /home/user1/turtlebot3_ws/src/turtlebot3_simulations/build/turtlebot3_simulations
[0.063s] -- Install configuration: ""
[0.063s] -- Up-to-date: /home/user1/turtlebot3_ws/src/turtlebot3_simulations/install/turtlebot3_simulations/share/ament_index/resource_index/package_run_dependencies/turtlebot3_simulations
[0.063s] -- Up-to-date: /home/user1/turtlebot3_ws/src/turtlebot3_simulations/install/turtlebot3_simulations/share/ament_index/resource_index/parent_prefix_path/turtlebot3_simulations
[0.063s] -- Up-to-date: /home/user1/turtlebot3_ws/src/turtlebot3_simulations/install/turtlebot3_simulations/share/turtlebot3_simulations/environment/ament_prefix_path.sh
[0.063s] -- Up-to-date: /home/user1/turtlebot3_ws/src/turtlebot3_simulations/install/turtlebot3_simulations/share/turtlebot3_simulations/environment/ament_prefix_path.dsv
[0.063s] -- Up-to-date: /home/user1/turtlebot3_ws/src/turtlebot3_simulations/install/turtlebot3_simulations/share/turtlebot3_simulations/environment/path.sh
[0.063s] -- Up-to-date: /home/user1/turtlebot3_ws/src/turtlebot3_simulations/install/turtlebot3_simulations/share/turtlebot3_simulations/environment/path.dsv
[0.063s] -- Up-to-date: /home/user1/turtlebot3_ws/src/turtlebot3_simulations/install/turtlebot3_simulations/share/turtlebot3_simulations/local_setup.bash
[0.064s] -- Up-to-date: /home/user1/turtlebot3_ws/src/turtlebot3_simulations/install/turtlebot3_simulations/share/turtlebot3_simulations/local_setup.sh
[0.064s] -- Up-to-date: /home/user1/turtlebot3_ws/src/turtlebot3_simulations/install/turtlebot3_simulations/share/turtlebot3_simulations/local_setup.zsh
[0.064s] -- Up-to-date: /home/user1/turtlebot3_ws/src/turtlebot3_simulations/install/turtlebot3_simulations/share/turtlebot3_simulations/local_setup.dsv
[0.064s] -- Installing: /home/user1/turtlebot3_ws/src/turtlebot3_simulations/install/turtlebot3_simulations/share/turtlebot3_simulations/package.dsv
[0.064s] -- Up-to-date: /home/user1/turtlebot3_ws/src/turtlebot3_simulations/install/turtlebot3_simulations/share/ament_index/resource_index/packages/turtlebot3_simulations
[0.064s] -- Up-to-date: /home/user1/turtlebot3_ws/src/turtlebot3_simulations/install/turtlebot3_simulations/share/turtlebot3_simulations/cmake/turtlebot3_simulationsConfig.cmake
[0.064s] -- Up-to-date: /home/user1/turtlebot3_ws/src/turtlebot3_simulations/install/turtlebot3_simulations/share/turtlebot3_simulations/cmake/turtlebot3_simulationsConfig-version.cmake
[0.064s] -- Up-to-date: /home/user1/turtlebot3_ws/src/turtlebot3_simulations/install/turtlebot3_simulations/share/turtlebot3_simulations/package.xml
[0.067s] Invoked command in '/home/user1/turtlebot3_ws/src/turtlebot3_simulations/build/turtlebot3_simulations' returned '0': AMENT_PREFIX_PATH=/home/user1/turtlebot3_ws/src/turtlebot3_simulations/install/turtlebot3_gazebo:/home/user1/turtlebot3_ws/src/turtlebot3_simulations/install/turtlebot3_fake_node:${AMENT_PREFIX_PATH} CMAKE_PREFIX_PATH=/home/user1/turtlebot3_ws/src/turtlebot3_simulations/install/turtlebot3_gazebo:/home/user1/turtlebot3_ws/src/turtlebot3_simulations/install/turtlebot3_fake_node:/home/user1/turtlebot3_ws/src/turtlebot3_simulations/turtlebot3_gazebo/install/turtlebot3_gazebo:/opt/ros/foxy /usr/bin/cmake --install /home/user1/turtlebot3_ws/src/turtlebot3_simulations/build/turtlebot3_simulations
