[0.021s] Invoking command in '/home/user1/robotfusion/turtlebot3_ws/src/turtlebot3_simulations/build/turtlebot3_fake_node': CMAKE_PREFIX_PATH=${CMAKE_PREFIX_PATH}:/home/user1/robotfusion/turtlebot3_ws/install/turtlebot3_teleop:/home/user1/robotfusion/turtlebot3_ws/install/turtlebot3_example:/home/user1/turtlebot3_ws/src/turtlebot3_simulations/turtlebot3_gazebo/install/turtlebot3_gazebo:/opt/ros/foxy /usr/bin/cmake --build /home/user1/robotfusion/turtlebot3_ws/src/turtlebot3_simulations/build/turtlebot3_fake_node -- -j12 -l12
[0.029s] CMake Error: The current CMakeCache.txt directory /home/user1/robotfusion/turtlebot3_ws/src/turtlebot3_simulations/build/turtlebot3_fake_node/CMakeCache.txt is different than the directory /home/user1/turtlebot3_ws/src/turtlebot3_simulations/build/turtlebot3_fake_node where CMakeCache.txt was created. This may result in binaries being created in the wrong place. If you are not sure, reedit the CMakeCache.txt
[0.068s] [100%] Built target turtlebot3_fake_node
[0.077s] Invoked command in '/home/user1/robotfusion/turtlebot3_ws/src/turtlebot3_simulations/build/turtlebot3_fake_node' returned '0': CMAKE_PREFIX_PATH=${CMAKE_PREFIX_PATH}:/home/user1/robotfusion/turtlebot3_ws/install/turtlebot3_teleop:/home/user1/robotfusion/turtlebot3_ws/install/turtlebot3_example:/home/user1/turtlebot3_ws/src/turtlebot3_simulations/turtlebot3_gazebo/install/turtlebot3_gazebo:/opt/ros/foxy /usr/bin/cmake --build /home/user1/robotfusion/turtlebot3_ws/src/turtlebot3_simulations/build/turtlebot3_fake_node -- -j12 -l12
[0.098s] Invoking command in '/home/user1/robotfusion/turtlebot3_ws/src/turtlebot3_simulations/build/turtlebot3_fake_node': CMAKE_PREFIX_PATH=${CMAKE_PREFIX_PATH}:/home/user1/robotfusion/turtlebot3_ws/install/turtlebot3_teleop:/home/user1/robotfusion/turtlebot3_ws/install/turtlebot3_example:/home/user1/turtlebot3_ws/src/turtlebot3_simulations/turtlebot3_gazebo/install/turtlebot3_gazebo:/opt/ros/foxy /usr/bin/cmake --install /home/user1/robotfusion/turtlebot3_ws/src/turtlebot3_simulations/build/turtlebot3_fake_node
[0.104s] -- Install configuration: ""
[0.104s] -- Up-to-date: /home/user1/turtlebot3_ws/src/turtlebot3_simulations/install/turtlebot3_fake_node/lib/turtlebot3_fake_node/turtlebot3_fake_node
[0.104s] -- Up-to-date: /home/user1/turtlebot3_ws/src/turtlebot3_simulations/install/turtlebot3_fake_node/share/turtlebot3_fake_node/launch
[0.104s] -- Up-to-date: /home/user1/turtlebot3_ws/src/turtlebot3_simulations/install/turtlebot3_fake_node/share/turtlebot3_fake_node/launch/rviz2.launch.py
[0.104s] -- Up-to-date: /home/user1/turtlebot3_ws/src/turtlebot3_simulations/install/turtlebot3_fake_node/share/turtlebot3_fake_node/launch/turtlebot3_fake_node.launch.py
[0.104s] -- Up-to-date: /home/user1/turtlebot3_ws/src/turtlebot3_simulations/install/turtlebot3_fake_node/share/turtlebot3_fake_node/param
[0.104s] -- Up-to-date: /home/user1/turtlebot3_ws/src/turtlebot3_simulations/install/turtlebot3_fake_node/share/turtlebot3_fake_node/param/waffle_pi.yaml
[0.104s] -- Up-to-date: /home/user1/turtlebot3_ws/src/turtlebot3_simulations/install/turtlebot3_fake_node/share/turtlebot3_fake_node/param/burger.yaml
[0.104s] -- Up-to-date: /home/user1/turtlebot3_ws/src/turtlebot3_simulations/install/turtlebot3_fake_node/share/turtlebot3_fake_node/param/waffle.yaml
[0.105s] -- Up-to-date: /home/user1/turtlebot3_ws/src/turtlebot3_simulations/install/turtlebot3_fake_node/share/turtlebot3_fake_node/rviz
[0.105s] -- Up-to-date: /home/user1/turtlebot3_ws/src/turtlebot3_simulations/install/turtlebot3_fake_node/share/turtlebot3_fake_node/rviz/model.rviz
[0.105s] -- Up-to-date: /home/user1/turtlebot3_ws/src/turtlebot3_simulations/install/turtlebot3_fake_node/include/
[0.105s] -- Up-to-date: /home/user1/turtlebot3_ws/src/turtlebot3_simulations/install/turtlebot3_fake_node/include//turtlebot3_fake_node
[0.105s] -- Up-to-date: /home/user1/turtlebot3_ws/src/turtlebot3_simulations/install/turtlebot3_fake_node/include//turtlebot3_fake_node/turtlebot3_fake_node.hpp
[0.105s] -- Up-to-date: /home/user1/turtlebot3_ws/src/turtlebot3_simulations/install/turtlebot3_fake_node/share/ament_index/resource_index/package_run_dependencies/turtlebot3_fake_node
[0.105s] -- Up-to-date: /home/user1/turtlebot3_ws/src/turtlebot3_simulations/install/turtlebot3_fake_node/share/ament_index/resource_index/parent_prefix_path/turtlebot3_fake_node
[0.105s] -- Up-to-date: /home/user1/turtlebot3_ws/src/turtlebot3_simulations/install/turtlebot3_fake_node/share/turtlebot3_fake_node/environment/ament_prefix_path.sh
[0.105s] -- Up-to-date: /home/user1/turtlebot3_ws/src/turtlebot3_simulations/install/turtlebot3_fake_node/share/turtlebot3_fake_node/environment/ament_prefix_path.dsv
[0.105s] -- Up-to-date: /home/user1/turtlebot3_ws/src/turtlebot3_simulations/install/turtlebot3_fake_node/share/turtlebot3_fake_node/environment/path.sh
[0.105s] -- Up-to-date: /home/user1/turtlebot3_ws/src/turtlebot3_simulations/install/turtlebot3_fake_node/share/turtlebot3_fake_node/environment/path.dsv
[0.105s] -- Up-to-date: /home/user1/turtlebot3_ws/src/turtlebot3_simulations/install/turtlebot3_fake_node/share/turtlebot3_fake_node/local_setup.bash
[0.105s] -- Up-to-date: /home/user1/turtlebot3_ws/src/turtlebot3_simulations/install/turtlebot3_fake_node/share/turtlebot3_fake_node/local_setup.sh
[0.105s] -- Up-to-date: /home/user1/turtlebot3_ws/src/turtlebot3_simulations/install/turtlebot3_fake_node/share/turtlebot3_fake_node/local_setup.zsh
[0.106s] -- Up-to-date: /home/user1/turtlebot3_ws/src/turtlebot3_simulations/install/turtlebot3_fake_node/share/turtlebot3_fake_node/local_setup.dsv
[0.107s] -- Up-to-date: /home/user1/turtlebot3_ws/src/turtlebot3_simulations/install/turtlebot3_fake_node/share/turtlebot3_fake_node/package.dsv
[0.107s] -- Up-to-date: /home/user1/turtlebot3_ws/src/turtlebot3_simulations/install/turtlebot3_fake_node/share/ament_index/resource_index/packages/turtlebot3_fake_node
[0.107s] -- Up-to-date: /home/user1/turtlebot3_ws/src/turtlebot3_simulations/install/turtlebot3_fake_node/share/turtlebot3_fake_node/cmake/ament_cmake_export_include_directories-extras.cmake
[0.108s] -- Up-to-date: /home/user1/turtlebot3_ws/src/turtlebot3_simulations/install/turtlebot3_fake_node/share/turtlebot3_fake_node/cmake/ament_cmake_export_dependencies-extras.cmake
[0.108s] -- Up-to-date: /home/user1/turtlebot3_ws/src/turtlebot3_simulations/install/turtlebot3_fake_node/share/turtlebot3_fake_node/cmake/turtlebot3_fake_nodeConfig.cmake
[0.108s] -- Up-to-date: /home/user1/turtlebot3_ws/src/turtlebot3_simulations/install/turtlebot3_fake_node/share/turtlebot3_fake_node/cmake/turtlebot3_fake_nodeConfig-version.cmake
[0.108s] -- Up-to-date: /home/user1/turtlebot3_ws/src/turtlebot3_simulations/install/turtlebot3_fake_node/share/turtlebot3_fake_node/package.xml
[0.108s] Invoked command in '/home/user1/robotfusion/turtlebot3_ws/src/turtlebot3_simulations/build/turtlebot3_fake_node' returned '0': CMAKE_PREFIX_PATH=${CMAKE_PREFIX_PATH}:/home/user1/robotfusion/turtlebot3_ws/install/turtlebot3_teleop:/home/user1/robotfusion/turtlebot3_ws/install/turtlebot3_example:/home/user1/turtlebot3_ws/src/turtlebot3_simulations/turtlebot3_gazebo/install/turtlebot3_gazebo:/opt/ros/foxy /usr/bin/cmake --install /home/user1/robotfusion/turtlebot3_ws/src/turtlebot3_simulations/build/turtlebot3_fake_node
