[0.936s] Invoking command in '/home/user1/turtlebot3_ws/build/turtlebot3_teleop': PYTHONPATH=/home/user1/turtlebot3_ws/install/turtlebot3_teleop/lib/python3.8/site-packages:${PYTHONPATH} /usr/bin/python3 setup.py develop --prefix /home/user1/turtlebot3_ws/install/turtlebot3_teleop --uninstall --editable --build-directory /home/user1/turtlebot3_ws/build/turtlebot3_teleop/build
[1.151s] running develop
[1.283s] Removing /home/user1/turtlebot3_ws/install/turtlebot3_teleop/lib/python3.8/site-packages/turtlebot3-teleop.egg-link (link to .)
[1.301s] Invoked command in '/home/user1/turtlebot3_ws/build/turtlebot3_teleop' returned '0': PYTHONPATH=/home/user1/turtlebot3_ws/install/turtlebot3_teleop/lib/python3.8/site-packages:${PYTHONPATH} /usr/bin/python3 setup.py develop --prefix /home/user1/turtlebot3_ws/install/turtlebot3_teleop --uninstall --editable --build-directory /home/user1/turtlebot3_ws/build/turtlebot3_teleop/build
[1.303s] Invoking command in '/home/user1/turtlebot3_ws/src/turtlebot3/turtlebot3_teleop': PYTHONPATH=/home/user1/turtlebot3_ws/install/turtlebot3_teleop/lib/python3.8/site-packages:${PYTHONPATH} /usr/bin/python3 setup.py egg_info --egg-base ../../../build/turtlebot3_teleop build --build-base /home/user1/turtlebot3_ws/build/turtlebot3_teleop/build install --prefix /home/user1/turtlebot3_ws/install/turtlebot3_teleop --record /home/user1/turtlebot3_ws/build/turtlebot3_teleop/install.log --single-version-externally-managed
[1.546s] running egg_info
[1.546s] writing ../../../build/turtlebot3_teleop/turtlebot3_teleop.egg-info/PKG-INFO
[1.547s] writing dependency_links to ../../../build/turtlebot3_teleop/turtlebot3_teleop.egg-info/dependency_links.txt
[1.547s] writing entry points to ../../../build/turtlebot3_teleop/turtlebot3_teleop.egg-info/entry_points.txt
[1.547s] writing requirements to ../../../build/turtlebot3_teleop/turtlebot3_teleop.egg-info/requires.txt
[1.547s] writing top-level names to ../../../build/turtlebot3_teleop/turtlebot3_teleop.egg-info/top_level.txt
[1.593s] reading manifest file '../../../build/turtlebot3_teleop/turtlebot3_teleop.egg-info/SOURCES.txt'
[1.597s] writing manifest file '../../../build/turtlebot3_teleop/turtlebot3_teleop.egg-info/SOURCES.txt'
[1.597s] running build
[1.597s] running build_py
[1.597s] creating /home/user1/turtlebot3_ws/build/turtlebot3_teleop/build
[1.598s] creating /home/user1/turtlebot3_ws/build/turtlebot3_teleop/build/lib
[1.598s] creating /home/user1/turtlebot3_ws/build/turtlebot3_teleop/build/lib/turtlebot3_teleop
[1.599s] copying turtlebot3_teleop/__init__.py -> /home/user1/turtlebot3_ws/build/turtlebot3_teleop/build/lib/turtlebot3_teleop
[1.599s] creating /home/user1/turtlebot3_ws/build/turtlebot3_teleop/build/lib/turtlebot3_teleop/script
[1.599s] copying turtlebot3_teleop/script/teleop_keyboard.py -> /home/user1/turtlebot3_ws/build/turtlebot3_teleop/build/lib/turtlebot3_teleop/script
[1.599s] copying turtlebot3_teleop/script/__init__.py -> /home/user1/turtlebot3_ws/build/turtlebot3_teleop/build/lib/turtlebot3_teleop/script
[1.599s] running install
[1.599s] running install_lib
[1.599s] creating /home/user1/turtlebot3_ws/install/turtlebot3_teleop/lib/python3.8/site-packages/turtlebot3_teleop
[1.599s] copying /home/user1/turtlebot3_ws/build/turtlebot3_teleop/build/lib/turtlebot3_teleop/__init__.py -> /home/user1/turtlebot3_ws/install/turtlebot3_teleop/lib/python3.8/site-packages/turtlebot3_teleop
[1.600s] creating /home/user1/turtlebot3_ws/install/turtlebot3_teleop/lib/python3.8/site-packages/turtlebot3_teleop/script
[1.600s] copying /home/user1/turtlebot3_ws/build/turtlebot3_teleop/build/lib/turtlebot3_teleop/script/teleop_keyboard.py -> /home/user1/turtlebot3_ws/install/turtlebot3_teleop/lib/python3.8/site-packages/turtlebot3_teleop/script
[1.601s] copying /home/user1/turtlebot3_ws/build/turtlebot3_teleop/build/lib/turtlebot3_teleop/script/__init__.py -> /home/user1/turtlebot3_ws/install/turtlebot3_teleop/lib/python3.8/site-packages/turtlebot3_teleop/script
[1.601s] byte-compiling /home/user1/turtlebot3_ws/install/turtlebot3_teleop/lib/python3.8/site-packages/turtlebot3_teleop/__init__.py to __init__.cpython-38.pyc
[1.601s] byte-compiling /home/user1/turtlebot3_ws/install/turtlebot3_teleop/lib/python3.8/site-packages/turtlebot3_teleop/script/teleop_keyboard.py to teleop_keyboard.cpython-38.pyc
[1.601s] byte-compiling /home/user1/turtlebot3_ws/install/turtlebot3_teleop/lib/python3.8/site-packages/turtlebot3_teleop/script/__init__.py to __init__.cpython-38.pyc
[1.601s] running install_data
[1.601s] running install_egg_info
[1.605s] Copying ../../../build/turtlebot3_teleop/turtlebot3_teleop.egg-info to /home/user1/turtlebot3_ws/install/turtlebot3_teleop/lib/python3.8/site-packages/turtlebot3_teleop-2.1.4-py3.8.egg-info
[1.605s] running install_scripts
[1.626s] Installing teleop_keyboard script to /home/user1/turtlebot3_ws/install/turtlebot3_teleop/lib/turtlebot3_teleop
[1.626s] writing list of installed files to '/home/user1/turtlebot3_ws/build/turtlebot3_teleop/install.log'
[1.643s] Invoked command in '/home/user1/turtlebot3_ws/src/turtlebot3/turtlebot3_teleop' returned '0': PYTHONPATH=/home/user1/turtlebot3_ws/install/turtlebot3_teleop/lib/python3.8/site-packages:${PYTHONPATH} /usr/bin/python3 setup.py egg_info --egg-base ../../../build/turtlebot3_teleop build --build-base /home/user1/turtlebot3_ws/build/turtlebot3_teleop/build install --prefix /home/user1/turtlebot3_ws/install/turtlebot3_teleop --record /home/user1/turtlebot3_ws/build/turtlebot3_teleop/install.log --single-version-externally-managed
