[0.012s] Invoking command in '/home/user1/turtlebot3_ws/src/turtlebot3_simulations/turtlebot3_gazebo/src/build/groot': CMAKE_PREFIX_PATH=/opt/ros/foxy /usr/bin/cmake --build /home/user1/turtlebot3_ws/src/turtlebot3_simulations/turtlebot3_gazebo/src/build/groot -- -j12 -l12
[0.048s] [  1%] [34m[1mAutomatic MOC and UIC for target QtNodeEditor[0m
[0.061s] [  1%] Built target QtNodeEditor_autogen
[0.106s] [ 57%] Built target QtNodeEditor
[0.121s] [ 58%] [34m[1mAutomatic MOC and UIC for target behavior_tree_editor[0m
[0.136s] [ 58%] Built target behavior_tree_editor_autogen
[0.180s] [ 74%] Built target behavior_tree_editor
[0.195s] [ 76%] [34m[1mAutomatic MOC and UIC for target editor_test[0m
[0.195s] [ 76%] [34m[1mAutomatic MOC and UIC for target Groot[0m
[0.195s] [ 76%] [34m[1mAutomatic MOC and UIC for target replay_test[0m
[0.209s] [ 76%] Built target replay_test_autogen
[0.211s] [ 76%] Built target editor_test_autogen
[0.211s] [ 76%] Built target Groot_autogen
[0.241s] [ 82%] Built target Groot
[0.243s] [ 91%] Built target editor_test
[0.246s] [100%] Built target replay_test
[0.254s] Invoked command in '/home/user1/turtlebot3_ws/src/turtlebot3_simulations/turtlebot3_gazebo/src/build/groot' returned '0': CMAKE_PREFIX_PATH=/opt/ros/foxy /usr/bin/cmake --build /home/user1/turtlebot3_ws/src/turtlebot3_simulations/turtlebot3_gazebo/src/build/groot -- -j12 -l12
[0.299s] Invoking command in '/home/user1/turtlebot3_ws/src/turtlebot3_simulations/turtlebot3_gazebo/src/build/groot': CMAKE_PREFIX_PATH=/opt/ros/foxy /usr/bin/cmake --install /home/user1/turtlebot3_ws/src/turtlebot3_simulations/turtlebot3_gazebo/src/build/groot
[0.305s] -- Install configuration: ""
[0.305s] -- Up-to-date: /home/user1/turtlebot3_ws/src/turtlebot3_simulations/turtlebot3_gazebo/src/install/groot/lib/libbehavior_tree_editor.so
[0.305s] -- Up-to-date: /home/user1/turtlebot3_ws/src/turtlebot3_simulations/turtlebot3_gazebo/src/install/groot/lib/groot/Groot
[0.306s] -- Up-to-date: /home/user1/turtlebot3_ws/src/turtlebot3_simulations/turtlebot3_gazebo/src/install/groot/share/groot/environment/library_path.sh
[0.306s] -- Up-to-date: /home/user1/turtlebot3_ws/src/turtlebot3_simulations/turtlebot3_gazebo/src/install/groot/share/groot/environment/library_path.dsv
[0.306s] -- Up-to-date: /home/user1/turtlebot3_ws/src/turtlebot3_simulations/turtlebot3_gazebo/src/install/groot/share/ament_index/resource_index/package_run_dependencies/groot
[0.306s] -- Up-to-date: /home/user1/turtlebot3_ws/src/turtlebot3_simulations/turtlebot3_gazebo/src/install/groot/share/ament_index/resource_index/parent_prefix_path/groot
[0.306s] -- Up-to-date: /home/user1/turtlebot3_ws/src/turtlebot3_simulations/turtlebot3_gazebo/src/install/groot/share/groot/environment/ament_prefix_path.sh
[0.306s] -- Up-to-date: /home/user1/turtlebot3_ws/src/turtlebot3_simulations/turtlebot3_gazebo/src/install/groot/share/groot/environment/ament_prefix_path.dsv
[0.306s] -- Up-to-date: /home/user1/turtlebot3_ws/src/turtlebot3_simulations/turtlebot3_gazebo/src/install/groot/share/groot/environment/path.sh
[0.306s] -- Up-to-date: /home/user1/turtlebot3_ws/src/turtlebot3_simulations/turtlebot3_gazebo/src/install/groot/share/groot/environment/path.dsv
[0.306s] -- Up-to-date: /home/user1/turtlebot3_ws/src/turtlebot3_simulations/turtlebot3_gazebo/src/install/groot/share/groot/local_setup.bash
[0.306s] -- Up-to-date: /home/user1/turtlebot3_ws/src/turtlebot3_simulations/turtlebot3_gazebo/src/install/groot/share/groot/local_setup.sh
[0.306s] -- Up-to-date: /home/user1/turtlebot3_ws/src/turtlebot3_simulations/turtlebot3_gazebo/src/install/groot/share/groot/local_setup.zsh
[0.306s] -- Up-to-date: /home/user1/turtlebot3_ws/src/turtlebot3_simulations/turtlebot3_gazebo/src/install/groot/share/groot/local_setup.dsv
[0.306s] -- Installing: /home/user1/turtlebot3_ws/src/turtlebot3_simulations/turtlebot3_gazebo/src/install/groot/share/groot/package.dsv
[0.306s] -- Up-to-date: /home/user1/turtlebot3_ws/src/turtlebot3_simulations/turtlebot3_gazebo/src/install/groot/share/ament_index/resource_index/packages/groot
[0.307s] -- Up-to-date: /home/user1/turtlebot3_ws/src/turtlebot3_simulations/turtlebot3_gazebo/src/install/groot/share/groot/cmake/ament_cmake_export_include_directories-extras.cmake
[0.307s] -- Up-to-date: /home/user1/turtlebot3_ws/src/turtlebot3_simulations/turtlebot3_gazebo/src/install/groot/share/groot/cmake/ament_cmake_export_dependencies-extras.cmake
[0.307s] -- Up-to-date: /home/user1/turtlebot3_ws/src/turtlebot3_simulations/turtlebot3_gazebo/src/install/groot/share/groot/cmake/ament_cmake_export_libraries-extras.cmake
[0.307s] -- Up-to-date: /home/user1/turtlebot3_ws/src/turtlebot3_simulations/turtlebot3_gazebo/src/install/groot/share/groot/cmake/grootConfig.cmake
[0.307s] -- Up-to-date: /home/user1/turtlebot3_ws/src/turtlebot3_simulations/turtlebot3_gazebo/src/install/groot/share/groot/cmake/grootConfig-version.cmake
[0.307s] -- Up-to-date: /home/user1/turtlebot3_ws/src/turtlebot3_simulations/turtlebot3_gazebo/src/install/groot/share/groot/package.xml
[0.308s] Invoked command in '/home/user1/turtlebot3_ws/src/turtlebot3_simulations/turtlebot3_gazebo/src/build/groot' returned '0': CMAKE_PREFIX_PATH=/opt/ros/foxy /usr/bin/cmake --install /home/user1/turtlebot3_ws/src/turtlebot3_simulations/turtlebot3_gazebo/src/build/groot
