[0.007s] Invoking command in '/home/user1/turtlebot3_ws/build/turtlebot3_simulations': AMENT_PREFIX_PATH=/home/user1/turtlebot3_ws/install/turtlebot3_gazebo:/home/user1/turtlebot3_ws/install/turtlebot3_fake_node:/home/user1/turtlebot3_ws/install/turtlebot3_description:${AMENT_PREFIX_PATH} CMAKE_PREFIX_PATH=/home/user1/turtlebot3_ws/install/turtlebot3_gazebo:/home/user1/turtlebot3_ws/install/turtlebot3_fake_node:/home/user1/turtlebot3_ws/install/turtlebot3_description:/opt/ros/foxy /usr/bin/cmake /home/user1/turtlebot3_ws/src/turtlebot3_simulations/turtlebot3_simulations -DAMENT_CMAKE_SYMLINK_INSTALL=1 -DCMAKE_INSTALL_PREFIX=/home/user1/turtlebot3_ws/install/turtlebot3_simulations
[0.048s] -- The C compiler identification is GNU 9.4.0
[0.090s] -- The CXX compiler identification is GNU 9.4.0
[0.093s] -- Check for working C compiler: /usr/bin/cc
[0.149s] -- Check for working C compiler: /usr/bin/cc -- works
[0.150s] -- Detecting C compiler ABI info
[0.217s] -- Detecting C compiler ABI info - done
[0.230s] -- Detecting C compile features
[0.230s] -- Detecting C compile features - done
[0.233s] -- Check for working CXX compiler: /usr/bin/c++
[0.300s] -- Check for working CXX compiler: /usr/bin/c++ -- works
[0.301s] -- Detecting CXX compiler ABI info
[0.367s] -- Detecting CXX compiler ABI info - done
[0.379s] -- Detecting CXX compile features
[0.379s] -- Detecting CXX compile features - done
[0.381s] -- Found ament_cmake: 0.9.11 (/opt/ros/foxy/share/ament_cmake/cmake)
[0.403s] -- Found PythonInterp: /usr/bin/python3 (found suitable version "3.8.10", minimum required is "3") 
[0.403s] -- Using PYTHON_EXECUTABLE: /usr/bin/python3
[0.546s] -- Override CMake install command with custom implementation using symlinks instead of copying resources
[0.619s] -- Configuring done
[0.620s] -- Generating done
[0.621s] -- Build files have been written to: /home/user1/turtlebot3_ws/build/turtlebot3_simulations
[0.623s] Invoked command in '/home/user1/turtlebot3_ws/build/turtlebot3_simulations' returned '0': AMENT_PREFIX_PATH=/home/user1/turtlebot3_ws/install/turtlebot3_gazebo:/home/user1/turtlebot3_ws/install/turtlebot3_fake_node:/home/user1/turtlebot3_ws/install/turtlebot3_description:${AMENT_PREFIX_PATH} CMAKE_PREFIX_PATH=/home/user1/turtlebot3_ws/install/turtlebot3_gazebo:/home/user1/turtlebot3_ws/install/turtlebot3_fake_node:/home/user1/turtlebot3_ws/install/turtlebot3_description:/opt/ros/foxy /usr/bin/cmake /home/user1/turtlebot3_ws/src/turtlebot3_simulations/turtlebot3_simulations -DAMENT_CMAKE_SYMLINK_INSTALL=1 -DCMAKE_INSTALL_PREFIX=/home/user1/turtlebot3_ws/install/turtlebot3_simulations
[0.625s] Invoking command in '/home/user1/turtlebot3_ws/build/turtlebot3_simulations': AMENT_PREFIX_PATH=/home/user1/turtlebot3_ws/install/turtlebot3_gazebo:/home/user1/turtlebot3_ws/install/turtlebot3_fake_node:/home/user1/turtlebot3_ws/install/turtlebot3_description:${AMENT_PREFIX_PATH} CMAKE_PREFIX_PATH=/home/user1/turtlebot3_ws/install/turtlebot3_gazebo:/home/user1/turtlebot3_ws/install/turtlebot3_fake_node:/home/user1/turtlebot3_ws/install/turtlebot3_description:/opt/ros/foxy /usr/bin/cmake --build /home/user1/turtlebot3_ws/build/turtlebot3_simulations -- -j12 -l12
[0.653s] Invoked command in '/home/user1/turtlebot3_ws/build/turtlebot3_simulations' returned '0': AMENT_PREFIX_PATH=/home/user1/turtlebot3_ws/install/turtlebot3_gazebo:/home/user1/turtlebot3_ws/install/turtlebot3_fake_node:/home/user1/turtlebot3_ws/install/turtlebot3_description:${AMENT_PREFIX_PATH} CMAKE_PREFIX_PATH=/home/user1/turtlebot3_ws/install/turtlebot3_gazebo:/home/user1/turtlebot3_ws/install/turtlebot3_fake_node:/home/user1/turtlebot3_ws/install/turtlebot3_description:/opt/ros/foxy /usr/bin/cmake --build /home/user1/turtlebot3_ws/build/turtlebot3_simulations -- -j12 -l12
[0.671s] Invoking command in '/home/user1/turtlebot3_ws/build/turtlebot3_simulations': AMENT_PREFIX_PATH=/home/user1/turtlebot3_ws/install/turtlebot3_gazebo:/home/user1/turtlebot3_ws/install/turtlebot3_fake_node:/home/user1/turtlebot3_ws/install/turtlebot3_description:${AMENT_PREFIX_PATH} CMAKE_PREFIX_PATH=/home/user1/turtlebot3_ws/install/turtlebot3_gazebo:/home/user1/turtlebot3_ws/install/turtlebot3_fake_node:/home/user1/turtlebot3_ws/install/turtlebot3_description:/opt/ros/foxy /usr/bin/cmake --install /home/user1/turtlebot3_ws/build/turtlebot3_simulations
[0.677s] -- Install configuration: ""
[0.677s] -- Execute custom install script
[0.677s] -- Symlinking: /home/user1/turtlebot3_ws/install/turtlebot3_simulations/share/ament_index/resource_index/package_run_dependencies/turtlebot3_simulations
[0.684s] -- Symlinking: /home/user1/turtlebot3_ws/install/turtlebot3_simulations/share/ament_index/resource_index/parent_prefix_path/turtlebot3_simulations
[0.690s] -- Symlinking: /home/user1/turtlebot3_ws/install/turtlebot3_simulations/share/turtlebot3_simulations/environment/ament_prefix_path.sh
[0.697s] -- Symlinking: /home/user1/turtlebot3_ws/install/turtlebot3_simulations/share/turtlebot3_simulations/environment/ament_prefix_path.dsv
[0.704s] -- Symlinking: /home/user1/turtlebot3_ws/install/turtlebot3_simulations/share/turtlebot3_simulations/environment/path.sh
[0.710s] -- Symlinking: /home/user1/turtlebot3_ws/install/turtlebot3_simulations/share/turtlebot3_simulations/environment/path.dsv
[0.717s] -- Symlinking: /home/user1/turtlebot3_ws/install/turtlebot3_simulations/share/turtlebot3_simulations/local_setup.bash
[0.724s] -- Symlinking: /home/user1/turtlebot3_ws/install/turtlebot3_simulations/share/turtlebot3_simulations/local_setup.sh
[0.731s] -- Symlinking: /home/user1/turtlebot3_ws/install/turtlebot3_simulations/share/turtlebot3_simulations/local_setup.zsh
[0.738s] -- Symlinking: /home/user1/turtlebot3_ws/install/turtlebot3_simulations/share/turtlebot3_simulations/local_setup.dsv
[0.745s] -- Symlinking: /home/user1/turtlebot3_ws/install/turtlebot3_simulations/share/turtlebot3_simulations/package.dsv
[0.752s] -- Symlinking: /home/user1/turtlebot3_ws/install/turtlebot3_simulations/share/ament_index/resource_index/packages/turtlebot3_simulations
[0.759s] -- Symlinking: /home/user1/turtlebot3_ws/install/turtlebot3_simulations/share/turtlebot3_simulations/cmake/turtlebot3_simulationsConfig.cmake
[0.765s] -- Symlinking: /home/user1/turtlebot3_ws/install/turtlebot3_simulations/share/turtlebot3_simulations/cmake/turtlebot3_simulationsConfig-version.cmake
[0.772s] -- Symlinking: /home/user1/turtlebot3_ws/install/turtlebot3_simulations/share/turtlebot3_simulations/package.xml
[0.782s] Invoked command in '/home/user1/turtlebot3_ws/build/turtlebot3_simulations' returned '0': AMENT_PREFIX_PATH=/home/user1/turtlebot3_ws/install/turtlebot3_gazebo:/home/user1/turtlebot3_ws/install/turtlebot3_fake_node:/home/user1/turtlebot3_ws/install/turtlebot3_description:${AMENT_PREFIX_PATH} CMAKE_PREFIX_PATH=/home/user1/turtlebot3_ws/install/turtlebot3_gazebo:/home/user1/turtlebot3_ws/install/turtlebot3_fake_node:/home/user1/turtlebot3_ws/install/turtlebot3_description:/opt/ros/foxy /usr/bin/cmake --install /home/user1/turtlebot3_ws/build/turtlebot3_simulations
