[0.007s] Invoking command in '/home/user1/turtlebot3_ws/src/build/turtlebot3_bringup': AMENT_PREFIX_PATH=/home/user1/turtlebot3_ws/src/install/turtlebot3_node:/home/user1/turtlebot3_ws/src/install/turtlebot3_description:${AMENT_PREFIX_PATH} CMAKE_PREFIX_PATH=/home/user1/turtlebot3_ws/src/install/turtlebot3_node:/home/user1/turtlebot3_ws/src/install/turtlebot3_description:/opt/ros/foxy /usr/bin/cmake /home/user1/turtlebot3_ws/src/turtlebot3/turtlebot3_bringup -DCMAKE_INSTALL_PREFIX=/home/user1/turtlebot3_ws/src/install/turtlebot3_bringup
[0.050s] -- The C compiler identification is GNU 9.4.0
[0.095s] -- The CXX compiler identification is GNU 9.4.0
[0.100s] -- Check for working C compiler: /usr/bin/cc
[0.155s] -- Check for working C compiler: /usr/bin/cc -- works
[0.156s] -- Detecting C compiler ABI info
[0.207s] -- Detecting C compiler ABI info - done
[0.217s] -- Detecting C compile features
[0.218s] -- Detecting C compile features - done
[0.220s] -- Check for working CXX compiler: /usr/bin/c++
[0.281s] -- Check for working CXX compiler: /usr/bin/c++ -- works
[0.282s] -- Detecting CXX compiler ABI info
[0.348s] -- Detecting CXX compiler ABI info - done
[0.361s] -- Detecting CXX compile features
[0.361s] -- Detecting CXX compile features - done
[0.363s] -- Found ament_cmake: 0.9.11 (/opt/ros/foxy/share/ament_cmake/cmake)
[0.384s] -- Found PythonInterp: /usr/bin/python3 (found suitable version "3.8.10", minimum required is "3") 
[0.384s] -- Using PYTHON_EXECUTABLE: /usr/bin/python3
[0.619s] -- Configuring done
[0.620s] -- Generating done
[0.621s] -- Build files have been written to: /home/user1/turtlebot3_ws/src/build/turtlebot3_bringup
[0.625s] Invoked command in '/home/user1/turtlebot3_ws/src/build/turtlebot3_bringup' returned '0': AMENT_PREFIX_PATH=/home/user1/turtlebot3_ws/src/install/turtlebot3_node:/home/user1/turtlebot3_ws/src/install/turtlebot3_description:${AMENT_PREFIX_PATH} CMAKE_PREFIX_PATH=/home/user1/turtlebot3_ws/src/install/turtlebot3_node:/home/user1/turtlebot3_ws/src/install/turtlebot3_description:/opt/ros/foxy /usr/bin/cmake /home/user1/turtlebot3_ws/src/turtlebot3/turtlebot3_bringup -DCMAKE_INSTALL_PREFIX=/home/user1/turtlebot3_ws/src/install/turtlebot3_bringup
[0.626s] Invoking command in '/home/user1/turtlebot3_ws/src/build/turtlebot3_bringup': AMENT_PREFIX_PATH=/home/user1/turtlebot3_ws/src/install/turtlebot3_node:/home/user1/turtlebot3_ws/src/install/turtlebot3_description:${AMENT_PREFIX_PATH} CMAKE_PREFIX_PATH=/home/user1/turtlebot3_ws/src/install/turtlebot3_node:/home/user1/turtlebot3_ws/src/install/turtlebot3_description:/opt/ros/foxy /usr/bin/cmake --build /home/user1/turtlebot3_ws/src/build/turtlebot3_bringup -- -j12 -l12
[0.654s] Invoked command in '/home/user1/turtlebot3_ws/src/build/turtlebot3_bringup' returned '0': AMENT_PREFIX_PATH=/home/user1/turtlebot3_ws/src/install/turtlebot3_node:/home/user1/turtlebot3_ws/src/install/turtlebot3_description:${AMENT_PREFIX_PATH} CMAKE_PREFIX_PATH=/home/user1/turtlebot3_ws/src/install/turtlebot3_node:/home/user1/turtlebot3_ws/src/install/turtlebot3_description:/opt/ros/foxy /usr/bin/cmake --build /home/user1/turtlebot3_ws/src/build/turtlebot3_bringup -- -j12 -l12
[0.670s] Invoking command in '/home/user1/turtlebot3_ws/src/build/turtlebot3_bringup': AMENT_PREFIX_PATH=/home/user1/turtlebot3_ws/src/install/turtlebot3_node:/home/user1/turtlebot3_ws/src/install/turtlebot3_description:${AMENT_PREFIX_PATH} CMAKE_PREFIX_PATH=/home/user1/turtlebot3_ws/src/install/turtlebot3_node:/home/user1/turtlebot3_ws/src/install/turtlebot3_description:/opt/ros/foxy /usr/bin/cmake --install /home/user1/turtlebot3_ws/src/build/turtlebot3_bringup
[0.678s] -- Install configuration: ""
[0.678s] -- Installing: /home/user1/turtlebot3_ws/src/install/turtlebot3_bringup/share/turtlebot3_bringup/launch
[0.678s] -- Installing: /home/user1/turtlebot3_ws/src/install/turtlebot3_bringup/share/turtlebot3_bringup/launch/rviz2.launch.py
[0.678s] -- Installing: /home/user1/turtlebot3_ws/src/install/turtlebot3_bringup/share/turtlebot3_bringup/launch/robot.launch.py
[0.679s] -- Installing: /home/user1/turtlebot3_ws/src/install/turtlebot3_bringup/share/turtlebot3_bringup/launch/turtlebot3_state_publisher.launch.py
[0.679s] -- Installing: /home/user1/turtlebot3_ws/src/install/turtlebot3_bringup/share/turtlebot3_bringup/param
[0.679s] -- Installing: /home/user1/turtlebot3_ws/src/install/turtlebot3_bringup/share/turtlebot3_bringup/param/waffle_pi.yaml
[0.679s] -- Installing: /home/user1/turtlebot3_ws/src/install/turtlebot3_bringup/share/turtlebot3_bringup/param/burger.yaml
[0.679s] -- Installing: /home/user1/turtlebot3_ws/src/install/turtlebot3_bringup/share/turtlebot3_bringup/param/waffle.yaml
[0.679s] -- Installing: /home/user1/turtlebot3_ws/src/install/turtlebot3_bringup/share/turtlebot3_bringup/script
[0.679s] -- Installing: /home/user1/turtlebot3_ws/src/install/turtlebot3_bringup/share/turtlebot3_bringup/script/99-turtlebot3-cdc.rules
[0.680s] -- Installing: /home/user1/turtlebot3_ws/src/install/turtlebot3_bringup/share/turtlebot3_bringup/script/create_udev_rules
[0.680s] -- Installing: /home/user1/turtlebot3_ws/src/install/turtlebot3_bringup/share/ament_index/resource_index/package_run_dependencies/turtlebot3_bringup
[0.680s] -- Installing: /home/user1/turtlebot3_ws/src/install/turtlebot3_bringup/share/ament_index/resource_index/parent_prefix_path/turtlebot3_bringup
[0.680s] -- Installing: /home/user1/turtlebot3_ws/src/install/turtlebot3_bringup/share/turtlebot3_bringup/environment/ament_prefix_path.sh
[0.680s] -- Installing: /home/user1/turtlebot3_ws/src/install/turtlebot3_bringup/share/turtlebot3_bringup/environment/ament_prefix_path.dsv
[0.680s] -- Installing: /home/user1/turtlebot3_ws/src/install/turtlebot3_bringup/share/turtlebot3_bringup/environment/path.sh
[0.680s] -- Installing: /home/user1/turtlebot3_ws/src/install/turtlebot3_bringup/share/turtlebot3_bringup/environment/path.dsv
[0.680s] -- Installing: /home/user1/turtlebot3_ws/src/install/turtlebot3_bringup/share/turtlebot3_bringup/local_setup.bash
[0.680s] -- Installing: /home/user1/turtlebot3_ws/src/install/turtlebot3_bringup/share/turtlebot3_bringup/local_setup.sh
[0.680s] -- Installing: /home/user1/turtlebot3_ws/src/install/turtlebot3_bringup/share/turtlebot3_bringup/local_setup.zsh
[0.680s] -- Installing: /home/user1/turtlebot3_ws/src/install/turtlebot3_bringup/share/turtlebot3_bringup/local_setup.dsv
[0.680s] -- Installing: /home/user1/turtlebot3_ws/src/install/turtlebot3_bringup/share/turtlebot3_bringup/package.dsv
[0.681s] -- Installing: /home/user1/turtlebot3_ws/src/install/turtlebot3_bringup/share/ament_index/resource_index/packages/turtlebot3_bringup
[0.681s] -- Installing: /home/user1/turtlebot3_ws/src/install/turtlebot3_bringup/share/turtlebot3_bringup/cmake/turtlebot3_bringupConfig.cmake
[0.681s] -- Installing: /home/user1/turtlebot3_ws/src/install/turtlebot3_bringup/share/turtlebot3_bringup/cmake/turtlebot3_bringupConfig-version.cmake
[0.681s] -- Installing: /home/user1/turtlebot3_ws/src/install/turtlebot3_bringup/share/turtlebot3_bringup/package.xml
[0.685s] Invoked command in '/home/user1/turtlebot3_ws/src/build/turtlebot3_bringup' returned '0': AMENT_PREFIX_PATH=/home/user1/turtlebot3_ws/src/install/turtlebot3_node:/home/user1/turtlebot3_ws/src/install/turtlebot3_description:${AMENT_PREFIX_PATH} CMAKE_PREFIX_PATH=/home/user1/turtlebot3_ws/src/install/turtlebot3_node:/home/user1/turtlebot3_ws/src/install/turtlebot3_description:/opt/ros/foxy /usr/bin/cmake --install /home/user1/turtlebot3_ws/src/build/turtlebot3_bringup
