[0.048s] Invoking command in '/home/user1/turtlebot3_ws/build/turtlebot3_node': CMAKE_PREFIX_PATH=/opt/ros/foxy /usr/bin/cmake --build /home/user1/turtlebot3_ws/build/turtlebot3_node -- -j12 -l12
[0.476s] [ 85%] Built target turtlebot3_node_lib
[0.477s] [100%] Built target turtlebot3_ros
[0.484s] Invoked command in '/home/user1/turtlebot3_ws/build/turtlebot3_node' returned '0': CMAKE_PREFIX_PATH=/opt/ros/foxy /usr/bin/cmake --build /home/user1/turtlebot3_ws/build/turtlebot3_node -- -j12 -l12
[0.524s] Invoking command in '/home/user1/turtlebot3_ws/build/turtlebot3_node': CMAKE_PREFIX_PATH=/opt/ros/foxy /usr/bin/cmake --install /home/user1/turtlebot3_ws/build/turtlebot3_node
[0.532s] -- Install configuration: ""
[0.532s] -- Execute custom install script
[0.532s] -- Up-to-date symlink: /home/user1/turtlebot3_ws/install/turtlebot3_node/share/turtlebot3_node/param/burger.yaml
[0.532s] -- Up-to-date symlink: /home/user1/turtlebot3_ws/install/turtlebot3_node/share/turtlebot3_node/param/waffle.yaml
[0.533s] -- Up-to-date symlink: /home/user1/turtlebot3_ws/install/turtlebot3_node/share/turtlebot3_node/param/waffle_pi.yaml
[0.533s] -- Up-to-date symlink: /home/user1/turtlebot3_ws/install/turtlebot3_node/lib/turtlebot3_node/turtlebot3_ros
[0.533s] -- Up-to-date symlink: /home/user1/turtlebot3_ws/install/turtlebot3_node/share/ament_index/resource_index/package_run_dependencies/turtlebot3_node
[0.533s] -- Up-to-date symlink: /home/user1/turtlebot3_ws/install/turtlebot3_node/share/ament_index/resource_index/parent_prefix_path/turtlebot3_node
[0.534s] -- Up-to-date symlink: /home/user1/turtlebot3_ws/install/turtlebot3_node/share/turtlebot3_node/environment/ament_prefix_path.sh
[0.534s] -- Up-to-date symlink: /home/user1/turtlebot3_ws/install/turtlebot3_node/share/turtlebot3_node/environment/ament_prefix_path.dsv
[0.534s] -- Up-to-date symlink: /home/user1/turtlebot3_ws/install/turtlebot3_node/share/turtlebot3_node/environment/path.sh
[0.534s] -- Up-to-date symlink: /home/user1/turtlebot3_ws/install/turtlebot3_node/share/turtlebot3_node/environment/path.dsv
[0.534s] -- Up-to-date symlink: /home/user1/turtlebot3_ws/install/turtlebot3_node/share/turtlebot3_node/local_setup.bash
[0.535s] -- Up-to-date symlink: /home/user1/turtlebot3_ws/install/turtlebot3_node/share/turtlebot3_node/local_setup.sh
[0.535s] -- Up-to-date symlink: /home/user1/turtlebot3_ws/install/turtlebot3_node/share/turtlebot3_node/local_setup.zsh
[0.535s] -- Up-to-date symlink: /home/user1/turtlebot3_ws/install/turtlebot3_node/share/turtlebot3_node/local_setup.dsv
[0.535s] -- Symlinking: /home/user1/turtlebot3_ws/install/turtlebot3_node/share/turtlebot3_node/package.dsv
[0.545s] -- Up-to-date symlink: /home/user1/turtlebot3_ws/install/turtlebot3_node/share/ament_index/resource_index/packages/turtlebot3_node
[0.546s] -- Up-to-date symlink: /home/user1/turtlebot3_ws/install/turtlebot3_node/share/turtlebot3_node/cmake/ament_cmake_export_include_directories-extras.cmake
[0.546s] -- Up-to-date symlink: /home/user1/turtlebot3_ws/install/turtlebot3_node/share/turtlebot3_node/cmake/turtlebot3_nodeConfig.cmake
[0.546s] -- Up-to-date symlink: /home/user1/turtlebot3_ws/install/turtlebot3_node/share/turtlebot3_node/cmake/turtlebot3_nodeConfig-version.cmake
[0.547s] -- Up-to-date symlink: /home/user1/turtlebot3_ws/install/turtlebot3_node/share/turtlebot3_node/package.xml
[0.585s] Invoked command in '/home/user1/turtlebot3_ws/build/turtlebot3_node' returned '0': CMAKE_PREFIX_PATH=/opt/ros/foxy /usr/bin/cmake --install /home/user1/turtlebot3_ws/build/turtlebot3_node
