[0.011s] Invoking command in '/home/user1/turtlebot3_ws/build/turtlebot3': AMENT_PREFIX_PATH=/home/user1/turtlebot3_ws/install/turtlebot3_bringup:/home/user1/turtlebot3_ws/install/turtlebot3_teleop:/home/user1/turtlebot3_ws/install/turtlebot3_node:/home/user1/turtlebot3_ws/install/turtlebot3_navigation2:/home/user1/turtlebot3_ws/install/turtlebot3_example:/home/user1/turtlebot3_ws/install/turtlebot3_description:/home/user1/turtlebot3_ws/install/turtlebot3_cartographer:${AMENT_PREFIX_PATH} CMAKE_PREFIX_PATH=/home/user1/turtlebot3_ws/install/turtlebot3_bringup:/home/user1/turtlebot3_ws/install/turtlebot3_node:/home/user1/turtlebot3_ws/install/turtlebot3_navigation2:/home/user1/turtlebot3_ws/install/turtlebot3_description:/home/user1/turtlebot3_ws/install/turtlebot3_cartographer:/opt/ros/foxy PYTHONPATH=/home/user1/turtlebot3_ws/install/turtlebot3_teleop/lib/python3.8/site-packages:/home/user1/turtlebot3_ws/install/turtlebot3_example/lib/python3.8/site-packages:${PYTHONPATH} /usr/bin/cmake --build /home/user1/turtlebot3_ws/build/turtlebot3 -- -j12 -l12
[0.039s] Invoked command in '/home/user1/turtlebot3_ws/build/turtlebot3' returned '0': AMENT_PREFIX_PATH=/home/user1/turtlebot3_ws/install/turtlebot3_bringup:/home/user1/turtlebot3_ws/install/turtlebot3_teleop:/home/user1/turtlebot3_ws/install/turtlebot3_node:/home/user1/turtlebot3_ws/install/turtlebot3_navigation2:/home/user1/turtlebot3_ws/install/turtlebot3_example:/home/user1/turtlebot3_ws/install/turtlebot3_description:/home/user1/turtlebot3_ws/install/turtlebot3_cartographer:${AMENT_PREFIX_PATH} CMAKE_PREFIX_PATH=/home/user1/turtlebot3_ws/install/turtlebot3_bringup:/home/user1/turtlebot3_ws/install/turtlebot3_node:/home/user1/turtlebot3_ws/install/turtlebot3_navigation2:/home/user1/turtlebot3_ws/install/turtlebot3_description:/home/user1/turtlebot3_ws/install/turtlebot3_cartographer:/opt/ros/foxy PYTHONPATH=/home/user1/turtlebot3_ws/install/turtlebot3_teleop/lib/python3.8/site-packages:/home/user1/turtlebot3_ws/install/turtlebot3_example/lib/python3.8/site-packages:${PYTHONPATH} /usr/bin/cmake --build /home/user1/turtlebot3_ws/build/turtlebot3 -- -j12 -l12
[0.055s] Invoking command in '/home/user1/turtlebot3_ws/build/turtlebot3': AMENT_PREFIX_PATH=/home/user1/turtlebot3_ws/install/turtlebot3_bringup:/home/user1/turtlebot3_ws/install/turtlebot3_teleop:/home/user1/turtlebot3_ws/install/turtlebot3_node:/home/user1/turtlebot3_ws/install/turtlebot3_navigation2:/home/user1/turtlebot3_ws/install/turtlebot3_example:/home/user1/turtlebot3_ws/install/turtlebot3_description:/home/user1/turtlebot3_ws/install/turtlebot3_cartographer:${AMENT_PREFIX_PATH} CMAKE_PREFIX_PATH=/home/user1/turtlebot3_ws/install/turtlebot3_bringup:/home/user1/turtlebot3_ws/install/turtlebot3_node:/home/user1/turtlebot3_ws/install/turtlebot3_navigation2:/home/user1/turtlebot3_ws/install/turtlebot3_description:/home/user1/turtlebot3_ws/install/turtlebot3_cartographer:/opt/ros/foxy PYTHONPATH=/home/user1/turtlebot3_ws/install/turtlebot3_teleop/lib/python3.8/site-packages:/home/user1/turtlebot3_ws/install/turtlebot3_example/lib/python3.8/site-packages:${PYTHONPATH} /usr/bin/cmake --install /home/user1/turtlebot3_ws/build/turtlebot3
[0.062s] -- Install configuration: ""
[0.062s] -- Execute custom install script
[0.062s] -- Up-to-date symlink: /home/user1/turtlebot3_ws/install/turtlebot3/share/ament_index/resource_index/package_run_dependencies/turtlebot3
[0.062s] -- Up-to-date symlink: /home/user1/turtlebot3_ws/install/turtlebot3/share/ament_index/resource_index/parent_prefix_path/turtlebot3
[0.063s] -- Up-to-date symlink: /home/user1/turtlebot3_ws/install/turtlebot3/share/turtlebot3/environment/ament_prefix_path.sh
[0.063s] -- Up-to-date symlink: /home/user1/turtlebot3_ws/install/turtlebot3/share/turtlebot3/environment/ament_prefix_path.dsv
[0.063s] -- Up-to-date symlink: /home/user1/turtlebot3_ws/install/turtlebot3/share/turtlebot3/environment/path.sh
[0.063s] -- Up-to-date symlink: /home/user1/turtlebot3_ws/install/turtlebot3/share/turtlebot3/environment/path.dsv
[0.064s] -- Up-to-date symlink: /home/user1/turtlebot3_ws/install/turtlebot3/share/turtlebot3/local_setup.bash
[0.064s] -- Up-to-date symlink: /home/user1/turtlebot3_ws/install/turtlebot3/share/turtlebot3/local_setup.sh
[0.064s] -- Up-to-date symlink: /home/user1/turtlebot3_ws/install/turtlebot3/share/turtlebot3/local_setup.zsh
[0.065s] -- Up-to-date symlink: /home/user1/turtlebot3_ws/install/turtlebot3/share/turtlebot3/local_setup.dsv
[0.065s] -- Symlinking: /home/user1/turtlebot3_ws/install/turtlebot3/share/turtlebot3/package.dsv
[0.072s] -- Up-to-date symlink: /home/user1/turtlebot3_ws/install/turtlebot3/share/ament_index/resource_index/packages/turtlebot3
[0.072s] -- Up-to-date symlink: /home/user1/turtlebot3_ws/install/turtlebot3/share/turtlebot3/cmake/turtlebot3Config.cmake
[0.073s] -- Up-to-date symlink: /home/user1/turtlebot3_ws/install/turtlebot3/share/turtlebot3/cmake/turtlebot3Config-version.cmake
[0.073s] -- Up-to-date symlink: /home/user1/turtlebot3_ws/install/turtlebot3/share/turtlebot3/package.xml
[0.077s] Invoked command in '/home/user1/turtlebot3_ws/build/turtlebot3' returned '0': AMENT_PREFIX_PATH=/home/user1/turtlebot3_ws/install/turtlebot3_bringup:/home/user1/turtlebot3_ws/install/turtlebot3_teleop:/home/user1/turtlebot3_ws/install/turtlebot3_node:/home/user1/turtlebot3_ws/install/turtlebot3_navigation2:/home/user1/turtlebot3_ws/install/turtlebot3_example:/home/user1/turtlebot3_ws/install/turtlebot3_description:/home/user1/turtlebot3_ws/install/turtlebot3_cartographer:${AMENT_PREFIX_PATH} CMAKE_PREFIX_PATH=/home/user1/turtlebot3_ws/install/turtlebot3_bringup:/home/user1/turtlebot3_ws/install/turtlebot3_node:/home/user1/turtlebot3_ws/install/turtlebot3_navigation2:/home/user1/turtlebot3_ws/install/turtlebot3_description:/home/user1/turtlebot3_ws/install/turtlebot3_cartographer:/opt/ros/foxy PYTHONPATH=/home/user1/turtlebot3_ws/install/turtlebot3_teleop/lib/python3.8/site-packages:/home/user1/turtlebot3_ws/install/turtlebot3_example/lib/python3.8/site-packages:${PYTHONPATH} /usr/bin/cmake --install /home/user1/turtlebot3_ws/build/turtlebot3
