[0.249s] Invoking command in '/home/user1/turtlebot3_ws/build/turtlebot3_navigation2': CMAKE_PREFIX_PATH=/opt/ros/foxy /usr/bin/cmake /home/user1/turtlebot3_ws/src/turtlebot3/turtlebot3_navigation2 -DCMAKE_INSTALL_PREFIX=/home/user1/turtlebot3_ws/install/turtlebot3_navigation2
[0.496s] -- Found ament_cmake: 0.9.11 (/opt/ros/foxy/share/ament_cmake/cmake)
[0.496s] -- Using PYTHON_EXECUTABLE: /usr/bin/python3
[0.497s] -- Override CMake install command with custom implementation using symlinks instead of copying resources
[0.546s] -- Configuring done
[0.547s] -- Generating done
[0.548s] -- Build files have been written to: /home/user1/turtlebot3_ws/build/turtlebot3_navigation2
[0.560s] Invoked command in '/home/user1/turtlebot3_ws/build/turtlebot3_navigation2' returned '0': CMAKE_PREFIX_PATH=/opt/ros/foxy /usr/bin/cmake /home/user1/turtlebot3_ws/src/turtlebot3/turtlebot3_navigation2 -DCMAKE_INSTALL_PREFIX=/home/user1/turtlebot3_ws/install/turtlebot3_navigation2
[0.562s] Invoking command in '/home/user1/turtlebot3_ws/build/turtlebot3_navigation2': CMAKE_PREFIX_PATH=/opt/ros/foxy /usr/bin/cmake --build /home/user1/turtlebot3_ws/build/turtlebot3_navigation2 -- -j12 -l12
[0.612s] Invoked command in '/home/user1/turtlebot3_ws/build/turtlebot3_navigation2' returned '0': CMAKE_PREFIX_PATH=/opt/ros/foxy /usr/bin/cmake --build /home/user1/turtlebot3_ws/build/turtlebot3_navigation2 -- -j12 -l12
[0.647s] Invoking command in '/home/user1/turtlebot3_ws/build/turtlebot3_navigation2': CMAKE_PREFIX_PATH=/opt/ros/foxy /usr/bin/cmake --install /home/user1/turtlebot3_ws/build/turtlebot3_navigation2
[0.653s] -- Install configuration: ""
[0.654s] -- Execute custom install script
[0.654s] -- Up-to-date symlink: /home/user1/turtlebot3_ws/install/turtlebot3_navigation2/share/turtlebot3_navigation2/launch/navigation2.launch.py
[0.654s] -- Up-to-date symlink: /home/user1/turtlebot3_ws/install/turtlebot3_navigation2/share/turtlebot3_navigation2/map/turtlebot3_world.pgm
[0.654s] -- Up-to-date symlink: /home/user1/turtlebot3_ws/install/turtlebot3_navigation2/share/turtlebot3_navigation2/map/turtlebot3_world.yaml
[0.655s] -- Up-to-date symlink: /home/user1/turtlebot3_ws/install/turtlebot3_navigation2/share/turtlebot3_navigation2/param/burger.yaml
[0.655s] -- Up-to-date symlink: /home/user1/turtlebot3_ws/install/turtlebot3_navigation2/share/turtlebot3_navigation2/param/waffle.yaml
[0.655s] -- Up-to-date symlink: /home/user1/turtlebot3_ws/install/turtlebot3_navigation2/share/turtlebot3_navigation2/param/waffle_pi.yaml
[0.655s] -- Up-to-date symlink: /home/user1/turtlebot3_ws/install/turtlebot3_navigation2/share/turtlebot3_navigation2/rviz/tb3_navigation2.rviz
[0.656s] -- Up-to-date symlink: /home/user1/turtlebot3_ws/install/turtlebot3_navigation2/share/ament_index/resource_index/package_run_dependencies/turtlebot3_navigation2
[0.656s] -- Up-to-date symlink: /home/user1/turtlebot3_ws/install/turtlebot3_navigation2/share/ament_index/resource_index/parent_prefix_path/turtlebot3_navigation2
[0.656s] -- Up-to-date symlink: /home/user1/turtlebot3_ws/install/turtlebot3_navigation2/share/turtlebot3_navigation2/environment/ament_prefix_path.sh
[0.657s] -- Up-to-date symlink: /home/user1/turtlebot3_ws/install/turtlebot3_navigation2/share/turtlebot3_navigation2/environment/ament_prefix_path.dsv
[0.657s] -- Up-to-date symlink: /home/user1/turtlebot3_ws/install/turtlebot3_navigation2/share/turtlebot3_navigation2/environment/path.sh
[0.657s] -- Up-to-date symlink: /home/user1/turtlebot3_ws/install/turtlebot3_navigation2/share/turtlebot3_navigation2/environment/path.dsv
[0.658s] -- Up-to-date symlink: /home/user1/turtlebot3_ws/install/turtlebot3_navigation2/share/turtlebot3_navigation2/local_setup.bash
[0.658s] -- Up-to-date symlink: /home/user1/turtlebot3_ws/install/turtlebot3_navigation2/share/turtlebot3_navigation2/local_setup.sh
[0.658s] -- Up-to-date symlink: /home/user1/turtlebot3_ws/install/turtlebot3_navigation2/share/turtlebot3_navigation2/local_setup.zsh
[0.659s] -- Up-to-date symlink: /home/user1/turtlebot3_ws/install/turtlebot3_navigation2/share/turtlebot3_navigation2/local_setup.dsv
[0.659s] -- Symlinking: /home/user1/turtlebot3_ws/install/turtlebot3_navigation2/share/turtlebot3_navigation2/package.dsv
[0.669s] -- Up-to-date symlink: /home/user1/turtlebot3_ws/install/turtlebot3_navigation2/share/ament_index/resource_index/packages/turtlebot3_navigation2
[0.670s] -- Up-to-date symlink: /home/user1/turtlebot3_ws/install/turtlebot3_navigation2/share/turtlebot3_navigation2/cmake/turtlebot3_navigation2Config.cmake
[0.670s] -- Up-to-date symlink: /home/user1/turtlebot3_ws/install/turtlebot3_navigation2/share/turtlebot3_navigation2/cmake/turtlebot3_navigation2Config-version.cmake
[0.670s] -- Up-to-date symlink: /home/user1/turtlebot3_ws/install/turtlebot3_navigation2/share/turtlebot3_navigation2/package.xml
[0.674s] Invoked command in '/home/user1/turtlebot3_ws/build/turtlebot3_navigation2' returned '0': CMAKE_PREFIX_PATH=/opt/ros/foxy /usr/bin/cmake --install /home/user1/turtlebot3_ws/build/turtlebot3_navigation2
