[0.498s] Invoking command in '/home/user1/turtlebot3_ws/build/turtlebot3_teleop': PYTHONPATH=/home/user1/turtlebot3_ws/install/turtlebot3_teleop/lib/python3.8/site-packages:${PYTHONPATH} /usr/bin/python3 setup.py develop --prefix /home/user1/turtlebot3_ws/install/turtlebot3_teleop --editable --build-directory /home/user1/turtlebot3_ws/build/turtlebot3_teleop/build --no-deps install_data --install-dir /home/user1/turtlebot3_ws/install/turtlebot3_teleop
[0.688s] running develop
[0.801s] running egg_info
[0.801s] creating turtlebot3_teleop.egg-info
[0.801s] writing turtlebot3_teleop.egg-info/PKG-INFO
[0.802s] writing dependency_links to turtlebot3_teleop.egg-info/dependency_links.txt
[0.802s] writing entry points to turtlebot3_teleop.egg-info/entry_points.txt
[0.802s] writing requirements to turtlebot3_teleop.egg-info/requires.txt
[0.802s] writing top-level names to turtlebot3_teleop.egg-info/top_level.txt
[0.803s] writing manifest file 'turtlebot3_teleop.egg-info/SOURCES.txt'
[0.829s] reading manifest file 'turtlebot3_teleop.egg-info/SOURCES.txt'
[0.829s] writing manifest file 'turtlebot3_teleop.egg-info/SOURCES.txt'
[0.856s] running build_ext
[0.857s] Creating /home/user1/turtlebot3_ws/install/turtlebot3_teleop/lib/python3.8/site-packages/site.py
[0.858s] Creating /home/user1/turtlebot3_ws/install/turtlebot3_teleop/lib/python3.8/site-packages/turtlebot3-teleop.egg-link (link to .)
[0.859s] Installing teleop_keyboard script to /home/user1/turtlebot3_ws/install/turtlebot3_teleop/lib/turtlebot3_teleop
[0.859s] 
[0.859s] Installed /home/user1/turtlebot3_ws/build/turtlebot3_teleop
[0.859s] running install_data
[0.859s] creating /home/user1/turtlebot3_ws/install/turtlebot3_teleop/share/ament_index
[0.859s] creating /home/user1/turtlebot3_ws/install/turtlebot3_teleop/share/ament_index/resource_index
[0.859s] creating /home/user1/turtlebot3_ws/install/turtlebot3_teleop/share/ament_index/resource_index/packages
[0.859s] copying resource/turtlebot3_teleop -> /home/user1/turtlebot3_ws/install/turtlebot3_teleop/share/ament_index/resource_index/packages
[0.860s] copying package.xml -> /home/user1/turtlebot3_ws/install/turtlebot3_teleop/share/turtlebot3_teleop
[0.878s] Invoked command in '/home/user1/turtlebot3_ws/build/turtlebot3_teleop' returned '0': PYTHONPATH=/home/user1/turtlebot3_ws/install/turtlebot3_teleop/lib/python3.8/site-packages:${PYTHONPATH} /usr/bin/python3 setup.py develop --prefix /home/user1/turtlebot3_ws/install/turtlebot3_teleop --editable --build-directory /home/user1/turtlebot3_ws/build/turtlebot3_teleop/build --no-deps install_data --install-dir /home/user1/turtlebot3_ws/install/turtlebot3_teleop
