CMake Error: The current CMakeCache.txt directory /home/user1/robotfusion/turtlebot3_ws/build/turtlebot3_navigation2/CMakeCache.txt is different than the directory /home/user1/turtlebot3_ws/build/turtlebot3_navigation2 where CMakeCache.txt was created. This may result in binaries being created in the wrong place. If you are not sure, reedit the CMakeCache.txt
-- Install configuration: ""
-- Execute custom install script
-- Up-to-date symlink: /home/user1/turtlebot3_ws/install/turtlebot3_navigation2/share/turtlebot3_navigation2/launch/navigation2.launch.py
-- Symlinking: /home/user1/turtlebot3_ws/install/turtlebot3_navigation2/share/turtlebot3_navigation2/map/Old_maps/turtlebot3_world.pgm
-- Symlinking: /home/user1/turtlebot3_ws/install/turtlebot3_navigation2/share/turtlebot3_navigation2/map/Old_maps/turtlebot3_world.yaml
-- Up-to-date symlink: /home/user1/turtlebot3_ws/install/turtlebot3_navigation2/share/turtlebot3_navigation2/map/turtlebot3_world.pgm
-- Up-to-date symlink: /home/user1/turtlebot3_ws/install/turtlebot3_navigation2/share/turtlebot3_navigation2/map/turtlebot3_world.yaml
-- Up-to-date symlink: /home/user1/turtlebot3_ws/install/turtlebot3_navigation2/share/turtlebot3_navigation2/param/burger.yaml
-- Up-to-date symlink: /home/user1/turtlebot3_ws/install/turtlebot3_navigation2/share/turtlebot3_navigation2/param/waffle.yaml
-- Up-to-date symlink: /home/user1/turtlebot3_ws/install/turtlebot3_navigation2/share/turtlebot3_navigation2/param/waffle_pi.yaml
-- Up-to-date symlink: /home/user1/turtlebot3_ws/install/turtlebot3_navigation2/share/turtlebot3_navigation2/rviz/tb3_navigation2.rviz
-- Up-to-date symlink: /home/user1/turtlebot3_ws/install/turtlebot3_navigation2/share/ament_index/resource_index/package_run_dependencies/turtlebot3_navigation2
-- Up-to-date symlink: /home/user1/turtlebot3_ws/install/turtlebot3_navigation2/share/ament_index/resource_index/parent_prefix_path/turtlebot3_navigation2
-- Up-to-date symlink: /home/user1/turtlebot3_ws/install/turtlebot3_navigation2/share/turtlebot3_navigation2/environment/ament_prefix_path.sh
-- Up-to-date symlink: /home/user1/turtlebot3_ws/install/turtlebot3_navigation2/share/turtlebot3_navigation2/environment/ament_prefix_path.dsv
-- Up-to-date symlink: /home/user1/turtlebot3_ws/install/turtlebot3_navigation2/share/turtlebot3_navigation2/environment/path.sh
-- Up-to-date symlink: /home/user1/turtlebot3_ws/install/turtlebot3_navigation2/share/turtlebot3_navigation2/environment/path.dsv
-- Up-to-date symlink: /home/user1/turtlebot3_ws/install/turtlebot3_navigation2/share/turtlebot3_navigation2/local_setup.bash
-- Up-to-date symlink: /home/user1/turtlebot3_ws/install/turtlebot3_navigation2/share/turtlebot3_navigation2/local_setup.sh
-- Up-to-date symlink: /home/user1/turtlebot3_ws/install/turtlebot3_navigation2/share/turtlebot3_navigation2/local_setup.zsh
-- Up-to-date symlink: /home/user1/turtlebot3_ws/install/turtlebot3_navigation2/share/turtlebot3_navigation2/local_setup.dsv
-- Symlinking: /home/user1/turtlebot3_ws/install/turtlebot3_navigation2/share/turtlebot3_navigation2/package.dsv
-- Up-to-date symlink: /home/user1/turtlebot3_ws/install/turtlebot3_navigation2/share/ament_index/resource_index/packages/turtlebot3_navigation2
-- Up-to-date symlink: /home/user1/turtlebot3_ws/install/turtlebot3_navigation2/share/turtlebot3_navigation2/cmake/turtlebot3_navigation2Config.cmake
-- Up-to-date symlink: /home/user1/turtlebot3_ws/install/turtlebot3_navigation2/share/turtlebot3_navigation2/cmake/turtlebot3_navigation2Config-version.cmake
-- Up-to-date symlink: /home/user1/turtlebot3_ws/install/turtlebot3_navigation2/share/turtlebot3_navigation2/package.xml
