[0.265s] Invoking command in '/home/user1/robotfusion/turtlebot3_ws/build/turtlebot3_navigation2': CMAKE_PREFIX_PATH=${CMAKE_PREFIX_PATH}:/opt/ros/foxy /usr/bin/cmake --build /home/user1/robotfusion/turtlebot3_ws/build/turtlebot3_navigation2 -- -j12 -l12
[0.489s] CMake Error: The current CMakeCache.txt directory /home/user1/robotfusion/turtlebot3_ws/build/turtlebot3_navigation2/CMakeCache.txt is different than the directory /home/user1/turtlebot3_ws/build/turtlebot3_navigation2 where CMakeCache.txt was created. This may result in binaries being created in the wrong place. If you are not sure, reedit the CMakeCache.txt
[0.496s] Invoked command in '/home/user1/robotfusion/turtlebot3_ws/build/turtlebot3_navigation2' returned '0': CMAKE_PREFIX_PATH=${CMAKE_PREFIX_PATH}:/opt/ros/foxy /usr/bin/cmake --build /home/user1/robotfusion/turtlebot3_ws/build/turtlebot3_navigation2 -- -j12 -l12
[0.529s] Invoking command in '/home/user1/robotfusion/turtlebot3_ws/build/turtlebot3_navigation2': CMAKE_PREFIX_PATH=${CMAKE_PREFIX_PATH}:/opt/ros/foxy /usr/bin/cmake --install /home/user1/robotfusion/turtlebot3_ws/build/turtlebot3_navigation2
[0.538s] -- Install configuration: ""
[0.539s] -- Execute custom install script
[0.540s] -- Up-to-date symlink: /home/user1/turtlebot3_ws/install/turtlebot3_navigation2/share/turtlebot3_navigation2/launch/navigation2.launch.py
[0.540s] -- Symlinking: /home/user1/turtlebot3_ws/install/turtlebot3_navigation2/share/turtlebot3_navigation2/map/Old_maps/turtlebot3_world.pgm
[0.551s] -- Symlinking: /home/user1/turtlebot3_ws/install/turtlebot3_navigation2/share/turtlebot3_navigation2/map/Old_maps/turtlebot3_world.yaml
[0.562s] -- Up-to-date symlink: /home/user1/turtlebot3_ws/install/turtlebot3_navigation2/share/turtlebot3_navigation2/map/turtlebot3_world.pgm
[0.562s] -- Up-to-date symlink: /home/user1/turtlebot3_ws/install/turtlebot3_navigation2/share/turtlebot3_navigation2/map/turtlebot3_world.yaml
[0.564s] -- Up-to-date symlink: /home/user1/turtlebot3_ws/install/turtlebot3_navigation2/share/turtlebot3_navigation2/param/burger.yaml
[0.564s] -- Up-to-date symlink: /home/user1/turtlebot3_ws/install/turtlebot3_navigation2/share/turtlebot3_navigation2/param/waffle.yaml
[0.565s] -- Up-to-date symlink: /home/user1/turtlebot3_ws/install/turtlebot3_navigation2/share/turtlebot3_navigation2/param/waffle_pi.yaml
[0.566s] -- Up-to-date symlink: /home/user1/turtlebot3_ws/install/turtlebot3_navigation2/share/turtlebot3_navigation2/rviz/tb3_navigation2.rviz
[0.566s] -- Up-to-date symlink: /home/user1/turtlebot3_ws/install/turtlebot3_navigation2/share/ament_index/resource_index/package_run_dependencies/turtlebot3_navigation2
[0.566s] -- Up-to-date symlink: /home/user1/turtlebot3_ws/install/turtlebot3_navigation2/share/ament_index/resource_index/parent_prefix_path/turtlebot3_navigation2
[0.566s] -- Up-to-date symlink: /home/user1/turtlebot3_ws/install/turtlebot3_navigation2/share/turtlebot3_navigation2/environment/ament_prefix_path.sh
[0.567s] -- Up-to-date symlink: /home/user1/turtlebot3_ws/install/turtlebot3_navigation2/share/turtlebot3_navigation2/environment/ament_prefix_path.dsv
[0.567s] -- Up-to-date symlink: /home/user1/turtlebot3_ws/install/turtlebot3_navigation2/share/turtlebot3_navigation2/environment/path.sh
[0.567s] -- Up-to-date symlink: /home/user1/turtlebot3_ws/install/turtlebot3_navigation2/share/turtlebot3_navigation2/environment/path.dsv
[0.567s] -- Up-to-date symlink: /home/user1/turtlebot3_ws/install/turtlebot3_navigation2/share/turtlebot3_navigation2/local_setup.bash
[0.567s] -- Up-to-date symlink: /home/user1/turtlebot3_ws/install/turtlebot3_navigation2/share/turtlebot3_navigation2/local_setup.sh
[0.567s] -- Up-to-date symlink: /home/user1/turtlebot3_ws/install/turtlebot3_navigation2/share/turtlebot3_navigation2/local_setup.zsh
[0.567s] -- Up-to-date symlink: /home/user1/turtlebot3_ws/install/turtlebot3_navigation2/share/turtlebot3_navigation2/local_setup.dsv
[0.568s] -- Symlinking: /home/user1/turtlebot3_ws/install/turtlebot3_navigation2/share/turtlebot3_navigation2/package.dsv
[0.578s] -- Up-to-date symlink: /home/user1/turtlebot3_ws/install/turtlebot3_navigation2/share/ament_index/resource_index/packages/turtlebot3_navigation2
[0.578s] -- Up-to-date symlink: /home/user1/turtlebot3_ws/install/turtlebot3_navigation2/share/turtlebot3_navigation2/cmake/turtlebot3_navigation2Config.cmake
[0.579s] -- Up-to-date symlink: /home/user1/turtlebot3_ws/install/turtlebot3_navigation2/share/turtlebot3_navigation2/cmake/turtlebot3_navigation2Config-version.cmake
[0.580s] -- Up-to-date symlink: /home/user1/turtlebot3_ws/install/turtlebot3_navigation2/share/turtlebot3_navigation2/package.xml
[0.639s] Invoked command in '/home/user1/robotfusion/turtlebot3_ws/build/turtlebot3_navigation2' returned '0': CMAKE_PREFIX_PATH=${CMAKE_PREFIX_PATH}:/opt/ros/foxy /usr/bin/cmake --install /home/user1/robotfusion/turtlebot3_ws/build/turtlebot3_navigation2
