[0.124s] DEBUG:colcon:Command line arguments: ['/usr/bin/colcon', 'build']
[0.124s] DEBUG:colcon:Parsed command line arguments: Namespace(allow_overriding=[], ament_cmake_args=None, base_paths=['.'], build_base='build', catkin_cmake_args=None, catkin_skip_building_tests=False, cmake_args=None, cmake_clean_cache=False, cmake_clean_first=False, cmake_force_configure=False, cmake_target=None, cmake_target_skip_unavailable=False, continue_on_error=False, event_handlers=None, executor='parallel', ignore_user_meta=False, install_base='install', log_base=None, log_level=None, main=<bound method BuildVerb.main of <colcon_core.verb.build.BuildVerb object at 0x7f1b4f263dc0>>, merge_install=False, metas=['./colcon.meta'], packages_above=None, packages_above_and_dependencies=None, packages_above_depth=None, packages_end=None, packages_ignore=None, packages_ignore_regex=None, packages_select=None, packages_select_build_failed=False, packages_select_by_dep=None, packages_select_regex=None, packages_select_test_failures=False, packages_skip=None, packages_skip_build_finished=False, packages_skip_by_dep=None, packages_skip_regex=None, packages_skip_test_passed=False, packages_skip_up_to=None, packages_start=None, packages_up_to=None, packages_up_to_regex=None, parallel_workers=12, paths=None, symlink_install=False, test_result_base=None, verb_extension=<colcon_core.verb.build.BuildVerb object at 0x7f1b4f263dc0>, verb_name='build', verb_parser=<colcon_defaults.argument_parser.defaults.DefaultArgumentsDecorator object at 0x7f1b4f26e370>)
[0.142s] Level 1:colcon.colcon_core.package_discovery:discover_packages(colcon_meta) check parameters
[0.142s] Level 1:colcon.colcon_core.package_discovery:discover_packages(recursive) check parameters
[0.142s] Level 1:colcon.colcon_core.package_discovery:discover_packages(ignore) check parameters
[0.142s] Level 1:colcon.colcon_core.package_discovery:discover_packages(path) check parameters
[0.142s] Level 1:colcon.colcon_core.package_discovery:discover_packages(colcon_meta) discover
[0.143s] Level 1:colcon.colcon_core.package_discovery:discover_packages(recursive) discover
[0.143s] INFO:colcon.colcon_core.package_discovery:Crawling recursively for packages in '/home/user1/turtlebot3_ws/src/turtlebot3_simulations'
[0.143s] Level 1:colcon.colcon_core.package_identification:_identify(.) by extensions ['ignore', 'ignore_ament_install']
[0.143s] Level 1:colcon.colcon_core.package_identification:_identify(.) by extension 'ignore'
[0.143s] Level 1:colcon.colcon_core.package_identification:_identify(.) by extension 'ignore_ament_install'
[0.143s] Level 1:colcon.colcon_core.package_identification:_identify(.) by extensions ['colcon_pkg']
[0.143s] Level 1:colcon.colcon_core.package_identification:_identify(.) by extension 'colcon_pkg'
[0.143s] Level 1:colcon.colcon_core.package_identification:_identify(.) by extensions ['colcon_meta']
[0.143s] Level 1:colcon.colcon_core.package_identification:_identify(.) by extension 'colcon_meta'
[0.143s] Level 1:colcon.colcon_core.package_identification:_identify(.) by extensions ['ros']
[0.143s] Level 1:colcon.colcon_core.package_identification:_identify(.) by extension 'ros'
[0.154s] Level 1:colcon.colcon_core.package_identification:_identify(.) by extensions ['cmake', 'python']
[0.154s] Level 1:colcon.colcon_core.package_identification:_identify(.) by extension 'cmake'
[0.154s] Level 1:colcon.colcon_core.package_identification:_identify(.) by extension 'python'
[0.154s] Level 1:colcon.colcon_core.package_identification:_identify(.) by extensions ['python_setup_py']
[0.154s] Level 1:colcon.colcon_core.package_identification:_identify(.) by extension 'python_setup_py'
[0.154s] Level 1:colcon.colcon_core.package_identification:_identify(build) by extensions ['ignore', 'ignore_ament_install']
[0.154s] Level 1:colcon.colcon_core.package_identification:_identify(build) by extension 'ignore'
[0.154s] Level 1:colcon.colcon_core.package_identification:_identify(build) ignored
[0.154s] Level 1:colcon.colcon_core.package_identification:_identify(install) by extensions ['ignore', 'ignore_ament_install']
[0.154s] Level 1:colcon.colcon_core.package_identification:_identify(install) by extension 'ignore'
[0.154s] Level 1:colcon.colcon_core.package_identification:_identify(install) ignored
[0.155s] Level 1:colcon.colcon_core.package_identification:_identify(log) by extensions ['ignore', 'ignore_ament_install']
[0.155s] Level 1:colcon.colcon_core.package_identification:_identify(log) by extension 'ignore'
[0.155s] Level 1:colcon.colcon_core.package_identification:_identify(log) ignored
[0.155s] Level 1:colcon.colcon_core.package_identification:_identify(turtlebot3_fake_node) by extensions ['ignore', 'ignore_ament_install']
[0.155s] Level 1:colcon.colcon_core.package_identification:_identify(turtlebot3_fake_node) by extension 'ignore'
[0.155s] Level 1:colcon.colcon_core.package_identification:_identify(turtlebot3_fake_node) by extension 'ignore_ament_install'
[0.155s] Level 1:colcon.colcon_core.package_identification:_identify(turtlebot3_fake_node) by extensions ['colcon_pkg']
[0.155s] Level 1:colcon.colcon_core.package_identification:_identify(turtlebot3_fake_node) by extension 'colcon_pkg'
[0.155s] Level 1:colcon.colcon_core.package_identification:_identify(turtlebot3_fake_node) by extensions ['colcon_meta']
[0.155s] Level 1:colcon.colcon_core.package_identification:_identify(turtlebot3_fake_node) by extension 'colcon_meta'
[0.155s] Level 1:colcon.colcon_core.package_identification:_identify(turtlebot3_fake_node) by extensions ['ros']
[0.155s] Level 1:colcon.colcon_core.package_identification:_identify(turtlebot3_fake_node) by extension 'ros'
[0.158s] DEBUG:colcon.colcon_core.package_identification:Package 'turtlebot3_fake_node' with type 'ros.ament_cmake' and name 'turtlebot3_fake_node'
[0.158s] Level 1:colcon.colcon_core.package_identification:_identify(turtlebot3_gazebo) by extensions ['ignore', 'ignore_ament_install']
[0.158s] Level 1:colcon.colcon_core.package_identification:_identify(turtlebot3_gazebo) by extension 'ignore'
[0.158s] Level 1:colcon.colcon_core.package_identification:_identify(turtlebot3_gazebo) by extension 'ignore_ament_install'
[0.158s] Level 1:colcon.colcon_core.package_identification:_identify(turtlebot3_gazebo) by extensions ['colcon_pkg']
[0.158s] Level 1:colcon.colcon_core.package_identification:_identify(turtlebot3_gazebo) by extension 'colcon_pkg'
[0.158s] Level 1:colcon.colcon_core.package_identification:_identify(turtlebot3_gazebo) by extensions ['colcon_meta']
[0.158s] Level 1:colcon.colcon_core.package_identification:_identify(turtlebot3_gazebo) by extension 'colcon_meta'
[0.158s] Level 1:colcon.colcon_core.package_identification:_identify(turtlebot3_gazebo) by extensions ['ros']
[0.158s] Level 1:colcon.colcon_core.package_identification:_identify(turtlebot3_gazebo) by extension 'ros'
[0.159s] DEBUG:colcon.colcon_core.package_identification:Package 'turtlebot3_gazebo' with type 'ros.ament_cmake' and name 'turtlebot3_gazebo'
[0.159s] Level 1:colcon.colcon_core.package_identification:_identify(turtlebot3_simulations) by extensions ['ignore', 'ignore_ament_install']
[0.159s] Level 1:colcon.colcon_core.package_identification:_identify(turtlebot3_simulations) by extension 'ignore'
[0.159s] Level 1:colcon.colcon_core.package_identification:_identify(turtlebot3_simulations) by extension 'ignore_ament_install'
[0.159s] Level 1:colcon.colcon_core.package_identification:_identify(turtlebot3_simulations) by extensions ['colcon_pkg']
[0.159s] Level 1:colcon.colcon_core.package_identification:_identify(turtlebot3_simulations) by extension 'colcon_pkg'
[0.159s] Level 1:colcon.colcon_core.package_identification:_identify(turtlebot3_simulations) by extensions ['colcon_meta']
[0.159s] Level 1:colcon.colcon_core.package_identification:_identify(turtlebot3_simulations) by extension 'colcon_meta'
[0.159s] Level 1:colcon.colcon_core.package_identification:_identify(turtlebot3_simulations) by extensions ['ros']
[0.160s] Level 1:colcon.colcon_core.package_identification:_identify(turtlebot3_simulations) by extension 'ros'
[0.160s] DEBUG:colcon.colcon_core.package_identification:Package 'turtlebot3_simulations' with type 'ros.ament_cmake' and name 'turtlebot3_simulations'
[0.160s] Level 1:colcon.colcon_core.package_discovery:discover_packages(recursive) using defaults
[0.166s] Level 1:colcon.colcon_core.package_discovery:discover_packages(ignore) discover
[0.166s] Level 1:colcon.colcon_core.package_discovery:discover_packages(ignore) using defaults
[0.166s] Level 1:colcon.colcon_core.package_discovery:discover_packages(path) discover
[0.166s] Level 1:colcon.colcon_core.package_discovery:discover_packages(path) using defaults
[0.183s] Level 1:colcon.colcon_core.package_discovery:discover_packages(prefix_path) check parameters
[0.183s] Level 1:colcon.colcon_core.package_discovery:discover_packages(prefix_path) discover
[0.186s] DEBUG:colcon.colcon_installed_package_information.package_discovery:Found 336 installed packages in /opt/ros/foxy
[0.188s] Level 1:colcon.colcon_core.package_discovery:discover_packages(prefix_path) using defaults
[0.253s] Level 5:colcon.colcon_core.verb:set package 'turtlebot3_fake_node' build argument 'cmake_args' from command line to 'None'
[0.253s] Level 5:colcon.colcon_core.verb:set package 'turtlebot3_fake_node' build argument 'cmake_target' from command line to 'None'
[0.253s] Level 5:colcon.colcon_core.verb:set package 'turtlebot3_fake_node' build argument 'cmake_target_skip_unavailable' from command line to 'False'
[0.253s] Level 5:colcon.colcon_core.verb:set package 'turtlebot3_fake_node' build argument 'cmake_clean_cache' from command line to 'False'
[0.253s] Level 5:colcon.colcon_core.verb:set package 'turtlebot3_fake_node' build argument 'cmake_clean_first' from command line to 'False'
[0.253s] Level 5:colcon.colcon_core.verb:set package 'turtlebot3_fake_node' build argument 'cmake_force_configure' from command line to 'False'
[0.254s] Level 5:colcon.colcon_core.verb:set package 'turtlebot3_fake_node' build argument 'ament_cmake_args' from command line to 'None'
[0.254s] Level 5:colcon.colcon_core.verb:set package 'turtlebot3_fake_node' build argument 'catkin_cmake_args' from command line to 'None'
[0.254s] Level 5:colcon.colcon_core.verb:set package 'turtlebot3_fake_node' build argument 'catkin_skip_building_tests' from command line to 'False'
[0.254s] DEBUG:colcon.colcon_core.verb:Building package 'turtlebot3_fake_node' with the following arguments: {'ament_cmake_args': None, 'build_base': '/home/user1/turtlebot3_ws/src/turtlebot3_simulations/build/turtlebot3_fake_node', 'catkin_cmake_args': None, 'catkin_skip_building_tests': False, 'cmake_args': None, 'cmake_clean_cache': False, 'cmake_clean_first': False, 'cmake_force_configure': False, 'cmake_target': None, 'cmake_target_skip_unavailable': False, 'install_base': '/home/user1/turtlebot3_ws/src/turtlebot3_simulations/install/turtlebot3_fake_node', 'merge_install': False, 'path': '/home/user1/turtlebot3_ws/src/turtlebot3_simulations/turtlebot3_fake_node', 'symlink_install': False, 'test_result_base': None}
[0.254s] Level 5:colcon.colcon_core.verb:set package 'turtlebot3_gazebo' build argument 'cmake_args' from command line to 'None'
[0.254s] Level 5:colcon.colcon_core.verb:set package 'turtlebot3_gazebo' build argument 'cmake_target' from command line to 'None'
[0.254s] Level 5:colcon.colcon_core.verb:set package 'turtlebot3_gazebo' build argument 'cmake_target_skip_unavailable' from command line to 'False'
[0.255s] Level 5:colcon.colcon_core.verb:set package 'turtlebot3_gazebo' build argument 'cmake_clean_cache' from command line to 'False'
[0.255s] Level 5:colcon.colcon_core.verb:set package 'turtlebot3_gazebo' build argument 'cmake_clean_first' from command line to 'False'
[0.255s] Level 5:colcon.colcon_core.verb:set package 'turtlebot3_gazebo' build argument 'cmake_force_configure' from command line to 'False'
[0.255s] Level 5:colcon.colcon_core.verb:set package 'turtlebot3_gazebo' build argument 'ament_cmake_args' from command line to 'None'
[0.255s] Level 5:colcon.colcon_core.verb:set package 'turtlebot3_gazebo' build argument 'catkin_cmake_args' from command line to 'None'
[0.255s] Level 5:colcon.colcon_core.verb:set package 'turtlebot3_gazebo' build argument 'catkin_skip_building_tests' from command line to 'False'
[0.255s] DEBUG:colcon.colcon_core.verb:Building package 'turtlebot3_gazebo' with the following arguments: {'ament_cmake_args': None, 'build_base': '/home/user1/turtlebot3_ws/src/turtlebot3_simulations/build/turtlebot3_gazebo', 'catkin_cmake_args': None, 'catkin_skip_building_tests': False, 'cmake_args': None, 'cmake_clean_cache': False, 'cmake_clean_first': False, 'cmake_force_configure': False, 'cmake_target': None, 'cmake_target_skip_unavailable': False, 'install_base': '/home/user1/turtlebot3_ws/src/turtlebot3_simulations/install/turtlebot3_gazebo', 'merge_install': False, 'path': '/home/user1/turtlebot3_ws/src/turtlebot3_simulations/turtlebot3_gazebo', 'symlink_install': False, 'test_result_base': None}
[0.255s] Level 5:colcon.colcon_core.verb:set package 'turtlebot3_simulations' build argument 'cmake_args' from command line to 'None'
[0.256s] Level 5:colcon.colcon_core.verb:set package 'turtlebot3_simulations' build argument 'cmake_target' from command line to 'None'
[0.256s] Level 5:colcon.colcon_core.verb:set package 'turtlebot3_simulations' build argument 'cmake_target_skip_unavailable' from command line to 'False'
[0.256s] Level 5:colcon.colcon_core.verb:set package 'turtlebot3_simulations' build argument 'cmake_clean_cache' from command line to 'False'
[0.256s] Level 5:colcon.colcon_core.verb:set package 'turtlebot3_simulations' build argument 'cmake_clean_first' from command line to 'False'
[0.256s] Level 5:colcon.colcon_core.verb:set package 'turtlebot3_simulations' build argument 'cmake_force_configure' from command line to 'False'
[0.256s] Level 5:colcon.colcon_core.verb:set package 'turtlebot3_simulations' build argument 'ament_cmake_args' from command line to 'None'
[0.256s] Level 5:colcon.colcon_core.verb:set package 'turtlebot3_simulations' build argument 'catkin_cmake_args' from command line to 'None'
[0.256s] Level 5:colcon.colcon_core.verb:set package 'turtlebot3_simulations' build argument 'catkin_skip_building_tests' from command line to 'False'
[0.256s] DEBUG:colcon.colcon_core.verb:Building package 'turtlebot3_simulations' with the following arguments: {'ament_cmake_args': None, 'build_base': '/home/user1/turtlebot3_ws/src/turtlebot3_simulations/build/turtlebot3_simulations', 'catkin_cmake_args': None, 'catkin_skip_building_tests': False, 'cmake_args': None, 'cmake_clean_cache': False, 'cmake_clean_first': False, 'cmake_force_configure': False, 'cmake_target': None, 'cmake_target_skip_unavailable': False, 'install_base': '/home/user1/turtlebot3_ws/src/turtlebot3_simulations/install/turtlebot3_simulations', 'merge_install': False, 'path': '/home/user1/turtlebot3_ws/src/turtlebot3_simulations/turtlebot3_simulations', 'symlink_install': False, 'test_result_base': None}
[0.256s] INFO:colcon.colcon_core.executor:Executing jobs using 'parallel' executor
[0.260s] DEBUG:colcon.colcon_parallel_executor.executor.parallel:run_until_complete
[0.260s] INFO:colcon.colcon_ros.task.ament_cmake.build:Building ROS package in '/home/user1/turtlebot3_ws/src/turtlebot3_simulations/turtlebot3_fake_node' with build type 'ament_cmake'
[0.260s] INFO:colcon.colcon_cmake.task.cmake.build:Building CMake package in '/home/user1/turtlebot3_ws/src/turtlebot3_simulations/turtlebot3_fake_node'
[0.264s] INFO:colcon.colcon_core.plugin_system:Skipping extension 'colcon_core.shell.bat': Not used on non-Windows systems
[0.264s] INFO:colcon.colcon_core.shell:Skip shell extension 'powershell' for command environment: Not usable outside of PowerShell
[0.264s] DEBUG:colcon.colcon_core.shell:Skip shell extension 'dsv' for command environment
[0.268s] INFO:colcon.colcon_ros.task.ament_cmake.build:Building ROS package in '/home/user1/turtlebot3_ws/src/turtlebot3_simulations/turtlebot3_gazebo' with build type 'ament_cmake'
[0.268s] INFO:colcon.colcon_cmake.task.cmake.build:Building CMake package in '/home/user1/turtlebot3_ws/src/turtlebot3_simulations/turtlebot3_gazebo'
[0.270s] INFO:colcon.colcon_core.shell:Skip shell extension 'powershell' for command environment: Not usable outside of PowerShell
[0.270s] DEBUG:colcon.colcon_core.shell:Skip shell extension 'dsv' for command environment
[0.277s] DEBUG:colcon.colcon_core.event_handler.log_command:Invoking command in '/home/user1/turtlebot3_ws/src/turtlebot3_simulations/build/turtlebot3_fake_node': CMAKE_PREFIX_PATH=/opt/ros/foxy /usr/bin/cmake /home/user1/turtlebot3_ws/src/turtlebot3_simulations/turtlebot3_fake_node -DCMAKE_INSTALL_PREFIX=/home/user1/turtlebot3_ws/src/turtlebot3_simulations/install/turtlebot3_fake_node
[0.282s] DEBUG:colcon.colcon_core.event_handler.log_command:Invoking command in '/home/user1/turtlebot3_ws/src/turtlebot3_simulations/build/turtlebot3_gazebo': CMAKE_PREFIX_PATH=/opt/ros/foxy /usr/bin/cmake /home/user1/turtlebot3_ws/src/turtlebot3_simulations/turtlebot3_gazebo -DCMAKE_INSTALL_PREFIX=/home/user1/turtlebot3_ws/src/turtlebot3_simulations/install/turtlebot3_gazebo
[1.997s] DEBUG:colcon.colcon_core.event_handler.log_command:Invoked command in '/home/user1/turtlebot3_ws/src/turtlebot3_simulations/build/turtlebot3_fake_node' returned '0': CMAKE_PREFIX_PATH=/opt/ros/foxy /usr/bin/cmake /home/user1/turtlebot3_ws/src/turtlebot3_simulations/turtlebot3_fake_node -DCMAKE_INSTALL_PREFIX=/home/user1/turtlebot3_ws/src/turtlebot3_simulations/install/turtlebot3_fake_node
[1.999s] DEBUG:colcon.colcon_core.event_handler.log_command:Invoking command in '/home/user1/turtlebot3_ws/src/turtlebot3_simulations/build/turtlebot3_fake_node': CMAKE_PREFIX_PATH=/opt/ros/foxy /usr/bin/cmake --build /home/user1/turtlebot3_ws/src/turtlebot3_simulations/build/turtlebot3_fake_node -- -j12 -l12
[2.457s] DEBUG:colcon.colcon_core.event_handler.log_command:Invoked command in '/home/user1/turtlebot3_ws/src/turtlebot3_simulations/build/turtlebot3_gazebo' returned '0': CMAKE_PREFIX_PATH=/opt/ros/foxy /usr/bin/cmake /home/user1/turtlebot3_ws/src/turtlebot3_simulations/turtlebot3_gazebo -DCMAKE_INSTALL_PREFIX=/home/user1/turtlebot3_ws/src/turtlebot3_simulations/install/turtlebot3_gazebo
[2.460s] DEBUG:colcon.colcon_core.event_handler.log_command:Invoking command in '/home/user1/turtlebot3_ws/src/turtlebot3_simulations/build/turtlebot3_gazebo': CMAKE_PREFIX_PATH=/opt/ros/foxy /usr/bin/cmake --build /home/user1/turtlebot3_ws/src/turtlebot3_simulations/build/turtlebot3_gazebo -- -j12 -l12
[8.362s] DEBUG:colcon.colcon_core.event_handler.log_command:Invoked command in '/home/user1/turtlebot3_ws/src/turtlebot3_simulations/build/turtlebot3_fake_node' returned '0': CMAKE_PREFIX_PATH=/opt/ros/foxy /usr/bin/cmake --build /home/user1/turtlebot3_ws/src/turtlebot3_simulations/build/turtlebot3_fake_node -- -j12 -l12
[8.392s] DEBUG:colcon.colcon_core.event_handler.log_command:Invoking command in '/home/user1/turtlebot3_ws/src/turtlebot3_simulations/build/turtlebot3_fake_node': CMAKE_PREFIX_PATH=/opt/ros/foxy /usr/bin/cmake --install /home/user1/turtlebot3_ws/src/turtlebot3_simulations/build/turtlebot3_fake_node
[8.406s] Level 1:colcon.colcon_core.environment:create_environment_scripts_only(turtlebot3_fake_node)
[8.407s] DEBUG:colcon.colcon_core.event_handler.log_command:Invoked command in '/home/user1/turtlebot3_ws/src/turtlebot3_simulations/build/turtlebot3_fake_node' returned '0': CMAKE_PREFIX_PATH=/opt/ros/foxy /usr/bin/cmake --install /home/user1/turtlebot3_ws/src/turtlebot3_simulations/build/turtlebot3_fake_node
[8.414s] Level 1:colcon.colcon_core.environment:checking '/home/user1/turtlebot3_ws/src/turtlebot3_simulations/install/turtlebot3_fake_node' for CMake module files
[8.415s] Level 1:colcon.colcon_core.environment:checking '/home/user1/turtlebot3_ws/src/turtlebot3_simulations/install/turtlebot3_fake_node' for CMake config files
[8.415s] Level 1:colcon.colcon_core.shell:create_environment_hook('turtlebot3_fake_node', 'cmake_prefix_path')
[8.418s] INFO:colcon.colcon_core.shell:Creating environment hook '/home/user1/turtlebot3_ws/src/turtlebot3_simulations/install/turtlebot3_fake_node/share/turtlebot3_fake_node/hook/cmake_prefix_path.ps1'
[8.419s] INFO:colcon.colcon_core.shell:Creating environment descriptor '/home/user1/turtlebot3_ws/src/turtlebot3_simulations/install/turtlebot3_fake_node/share/turtlebot3_fake_node/hook/cmake_prefix_path.dsv'
[8.420s] INFO:colcon.colcon_core.shell:Creating environment hook '/home/user1/turtlebot3_ws/src/turtlebot3_simulations/install/turtlebot3_fake_node/share/turtlebot3_fake_node/hook/cmake_prefix_path.sh'
[8.420s] Level 1:colcon.colcon_core.environment:checking '/home/user1/turtlebot3_ws/src/turtlebot3_simulations/install/turtlebot3_fake_node/lib'
[8.421s] Level 1:colcon.colcon_core.environment:checking '/home/user1/turtlebot3_ws/src/turtlebot3_simulations/install/turtlebot3_fake_node/bin'
[8.421s] Level 1:colcon.colcon_core.environment:checking '/home/user1/turtlebot3_ws/src/turtlebot3_simulations/install/turtlebot3_fake_node/lib/pkgconfig/turtlebot3_fake_node.pc'
[8.421s] Level 1:colcon.colcon_core.environment:checking '/home/user1/turtlebot3_ws/src/turtlebot3_simulations/install/turtlebot3_fake_node/lib/python3.8/site-packages'
[8.421s] Level 1:colcon.colcon_core.environment:checking '/home/user1/turtlebot3_ws/src/turtlebot3_simulations/install/turtlebot3_fake_node/bin'
[8.422s] INFO:colcon.colcon_core.shell:Creating package script '/home/user1/turtlebot3_ws/src/turtlebot3_simulations/install/turtlebot3_fake_node/share/turtlebot3_fake_node/package.ps1'
[8.423s] INFO:colcon.colcon_core.shell:Creating package descriptor '/home/user1/turtlebot3_ws/src/turtlebot3_simulations/install/turtlebot3_fake_node/share/turtlebot3_fake_node/package.dsv'
[8.424s] INFO:colcon.colcon_core.shell:Creating package script '/home/user1/turtlebot3_ws/src/turtlebot3_simulations/install/turtlebot3_fake_node/share/turtlebot3_fake_node/package.sh'
[8.424s] INFO:colcon.colcon_core.shell:Creating package script '/home/user1/turtlebot3_ws/src/turtlebot3_simulations/install/turtlebot3_fake_node/share/turtlebot3_fake_node/package.bash'
[8.425s] INFO:colcon.colcon_core.shell:Creating package script '/home/user1/turtlebot3_ws/src/turtlebot3_simulations/install/turtlebot3_fake_node/share/turtlebot3_fake_node/package.zsh'
[8.425s] Level 1:colcon.colcon_core.environment:create_file_with_runtime_dependencies(/home/user1/turtlebot3_ws/src/turtlebot3_simulations/install/turtlebot3_fake_node/share/colcon-core/packages/turtlebot3_fake_node)
[8.447s] Level 1:colcon.colcon_core.environment:create_environment_scripts_only(turtlebot3_fake_node)
[8.449s] Level 1:colcon.colcon_core.environment:checking '/home/user1/turtlebot3_ws/src/turtlebot3_simulations/install/turtlebot3_fake_node' for CMake module files
[8.450s] Level 1:colcon.colcon_core.environment:checking '/home/user1/turtlebot3_ws/src/turtlebot3_simulations/install/turtlebot3_fake_node' for CMake config files
[8.450s] Level 1:colcon.colcon_core.shell:create_environment_hook('turtlebot3_fake_node', 'cmake_prefix_path')
[8.451s] INFO:colcon.colcon_core.shell:Creating environment hook '/home/user1/turtlebot3_ws/src/turtlebot3_simulations/install/turtlebot3_fake_node/share/turtlebot3_fake_node/hook/cmake_prefix_path.ps1'
[8.452s] INFO:colcon.colcon_core.shell:Creating environment descriptor '/home/user1/turtlebot3_ws/src/turtlebot3_simulations/install/turtlebot3_fake_node/share/turtlebot3_fake_node/hook/cmake_prefix_path.dsv'
[8.452s] INFO:colcon.colcon_core.shell:Creating environment hook '/home/user1/turtlebot3_ws/src/turtlebot3_simulations/install/turtlebot3_fake_node/share/turtlebot3_fake_node/hook/cmake_prefix_path.sh'
[8.453s] Level 1:colcon.colcon_core.environment:checking '/home/user1/turtlebot3_ws/src/turtlebot3_simulations/install/turtlebot3_fake_node/lib'
[8.453s] Level 1:colcon.colcon_core.environment:checking '/home/user1/turtlebot3_ws/src/turtlebot3_simulations/install/turtlebot3_fake_node/bin'
[8.453s] Level 1:colcon.colcon_core.environment:checking '/home/user1/turtlebot3_ws/src/turtlebot3_simulations/install/turtlebot3_fake_node/lib/pkgconfig/turtlebot3_fake_node.pc'
[8.453s] Level 1:colcon.colcon_core.environment:checking '/home/user1/turtlebot3_ws/src/turtlebot3_simulations/install/turtlebot3_fake_node/lib/python3.8/site-packages'
[8.453s] Level 1:colcon.colcon_core.environment:checking '/home/user1/turtlebot3_ws/src/turtlebot3_simulations/install/turtlebot3_fake_node/bin'
[8.455s] INFO:colcon.colcon_core.shell:Creating package script '/home/user1/turtlebot3_ws/src/turtlebot3_simulations/install/turtlebot3_fake_node/share/turtlebot3_fake_node/package.ps1'
[8.455s] INFO:colcon.colcon_core.shell:Creating package descriptor '/home/user1/turtlebot3_ws/src/turtlebot3_simulations/install/turtlebot3_fake_node/share/turtlebot3_fake_node/package.dsv'
[8.455s] INFO:colcon.colcon_core.shell:Creating package script '/home/user1/turtlebot3_ws/src/turtlebot3_simulations/install/turtlebot3_fake_node/share/turtlebot3_fake_node/package.sh'
[8.456s] INFO:colcon.colcon_core.shell:Creating package script '/home/user1/turtlebot3_ws/src/turtlebot3_simulations/install/turtlebot3_fake_node/share/turtlebot3_fake_node/package.bash'
[8.456s] INFO:colcon.colcon_core.shell:Creating package script '/home/user1/turtlebot3_ws/src/turtlebot3_simulations/install/turtlebot3_fake_node/share/turtlebot3_fake_node/package.zsh'
[8.456s] Level 1:colcon.colcon_core.environment:create_file_with_runtime_dependencies(/home/user1/turtlebot3_ws/src/turtlebot3_simulations/install/turtlebot3_fake_node/share/colcon-core/packages/turtlebot3_fake_node)
[11.664s] DEBUG:colcon.colcon_core.event_handler.log_command:Invoked command in '/home/user1/turtlebot3_ws/src/turtlebot3_simulations/build/turtlebot3_gazebo' returned '0': CMAKE_PREFIX_PATH=/opt/ros/foxy /usr/bin/cmake --build /home/user1/turtlebot3_ws/src/turtlebot3_simulations/build/turtlebot3_gazebo -- -j12 -l12
[11.687s] DEBUG:colcon.colcon_core.event_handler.log_command:Invoking command in '/home/user1/turtlebot3_ws/src/turtlebot3_simulations/build/turtlebot3_gazebo': CMAKE_PREFIX_PATH=/opt/ros/foxy /usr/bin/cmake --install /home/user1/turtlebot3_ws/src/turtlebot3_simulations/build/turtlebot3_gazebo
[11.710s] Level 1:colcon.colcon_core.environment:create_environment_scripts_only(turtlebot3_gazebo)
[11.712s] Level 1:colcon.colcon_core.environment:checking '/home/user1/turtlebot3_ws/src/turtlebot3_simulations/install/turtlebot3_gazebo' for CMake module files
[11.713s] Level 1:colcon.colcon_core.environment:checking '/home/user1/turtlebot3_ws/src/turtlebot3_simulations/install/turtlebot3_gazebo' for CMake config files
[11.714s] Level 1:colcon.colcon_core.shell:create_environment_hook('turtlebot3_gazebo', 'cmake_prefix_path')
[11.715s] INFO:colcon.colcon_core.shell:Creating environment hook '/home/user1/turtlebot3_ws/src/turtlebot3_simulations/install/turtlebot3_gazebo/share/turtlebot3_gazebo/hook/cmake_prefix_path.ps1'
[11.716s] INFO:colcon.colcon_core.shell:Creating environment descriptor '/home/user1/turtlebot3_ws/src/turtlebot3_simulations/install/turtlebot3_gazebo/share/turtlebot3_gazebo/hook/cmake_prefix_path.dsv'
[11.717s] INFO:colcon.colcon_core.shell:Creating environment hook '/home/user1/turtlebot3_ws/src/turtlebot3_simulations/install/turtlebot3_gazebo/share/turtlebot3_gazebo/hook/cmake_prefix_path.sh'
[11.717s] Level 1:colcon.colcon_core.environment:checking '/home/user1/turtlebot3_ws/src/turtlebot3_simulations/install/turtlebot3_gazebo/lib'
[11.718s] Level 1:colcon.colcon_core.environment:checking '/home/user1/turtlebot3_ws/src/turtlebot3_simulations/install/turtlebot3_gazebo/bin'
[11.718s] Level 1:colcon.colcon_core.environment:checking '/home/user1/turtlebot3_ws/src/turtlebot3_simulations/install/turtlebot3_gazebo/lib/pkgconfig/turtlebot3_gazebo.pc'
[11.718s] Level 1:colcon.colcon_core.environment:checking '/home/user1/turtlebot3_ws/src/turtlebot3_simulations/install/turtlebot3_gazebo/lib/python3.8/site-packages'
[11.718s] Level 1:colcon.colcon_core.environment:checking '/home/user1/turtlebot3_ws/src/turtlebot3_simulations/install/turtlebot3_gazebo/bin'
[11.719s] INFO:colcon.colcon_core.shell:Creating package script '/home/user1/turtlebot3_ws/src/turtlebot3_simulations/install/turtlebot3_gazebo/share/turtlebot3_gazebo/package.ps1'
[11.720s] INFO:colcon.colcon_core.shell:Creating package descriptor '/home/user1/turtlebot3_ws/src/turtlebot3_simulations/install/turtlebot3_gazebo/share/turtlebot3_gazebo/package.dsv'
[11.720s] INFO:colcon.colcon_core.shell:Creating package script '/home/user1/turtlebot3_ws/src/turtlebot3_simulations/install/turtlebot3_gazebo/share/turtlebot3_gazebo/package.sh'
[11.721s] INFO:colcon.colcon_core.shell:Creating package script '/home/user1/turtlebot3_ws/src/turtlebot3_simulations/install/turtlebot3_gazebo/share/turtlebot3_gazebo/package.bash'
[11.721s] INFO:colcon.colcon_core.shell:Creating package script '/home/user1/turtlebot3_ws/src/turtlebot3_simulations/install/turtlebot3_gazebo/share/turtlebot3_gazebo/package.zsh'
[11.722s] Level 1:colcon.colcon_core.environment:create_file_with_runtime_dependencies(/home/user1/turtlebot3_ws/src/turtlebot3_simulations/install/turtlebot3_gazebo/share/colcon-core/packages/turtlebot3_gazebo)
[11.725s] DEBUG:colcon.colcon_core.event_handler.log_command:Invoked command in '/home/user1/turtlebot3_ws/src/turtlebot3_simulations/build/turtlebot3_gazebo' returned '0': CMAKE_PREFIX_PATH=/opt/ros/foxy /usr/bin/cmake --install /home/user1/turtlebot3_ws/src/turtlebot3_simulations/build/turtlebot3_gazebo
[11.745s] Level 1:colcon.colcon_core.environment:create_environment_scripts_only(turtlebot3_gazebo)
[11.746s] Level 1:colcon.colcon_core.environment:checking '/home/user1/turtlebot3_ws/src/turtlebot3_simulations/install/turtlebot3_gazebo' for CMake module files
[11.747s] Level 1:colcon.colcon_core.environment:checking '/home/user1/turtlebot3_ws/src/turtlebot3_simulations/install/turtlebot3_gazebo' for CMake config files
[11.747s] Level 1:colcon.colcon_core.shell:create_environment_hook('turtlebot3_gazebo', 'cmake_prefix_path')
[11.748s] INFO:colcon.colcon_core.shell:Creating environment hook '/home/user1/turtlebot3_ws/src/turtlebot3_simulations/install/turtlebot3_gazebo/share/turtlebot3_gazebo/hook/cmake_prefix_path.ps1'
[11.749s] INFO:colcon.colcon_core.shell:Creating environment descriptor '/home/user1/turtlebot3_ws/src/turtlebot3_simulations/install/turtlebot3_gazebo/share/turtlebot3_gazebo/hook/cmake_prefix_path.dsv'
[11.749s] INFO:colcon.colcon_core.shell:Creating environment hook '/home/user1/turtlebot3_ws/src/turtlebot3_simulations/install/turtlebot3_gazebo/share/turtlebot3_gazebo/hook/cmake_prefix_path.sh'
[11.749s] Level 1:colcon.colcon_core.environment:checking '/home/user1/turtlebot3_ws/src/turtlebot3_simulations/install/turtlebot3_gazebo/lib'
[11.749s] Level 1:colcon.colcon_core.environment:checking '/home/user1/turtlebot3_ws/src/turtlebot3_simulations/install/turtlebot3_gazebo/bin'
[11.749s] Level 1:colcon.colcon_core.environment:checking '/home/user1/turtlebot3_ws/src/turtlebot3_simulations/install/turtlebot3_gazebo/lib/pkgconfig/turtlebot3_gazebo.pc'
[11.750s] Level 1:colcon.colcon_core.environment:checking '/home/user1/turtlebot3_ws/src/turtlebot3_simulations/install/turtlebot3_gazebo/lib/python3.8/site-packages'
[11.750s] Level 1:colcon.colcon_core.environment:checking '/home/user1/turtlebot3_ws/src/turtlebot3_simulations/install/turtlebot3_gazebo/bin'
[11.751s] INFO:colcon.colcon_core.shell:Creating package script '/home/user1/turtlebot3_ws/src/turtlebot3_simulations/install/turtlebot3_gazebo/share/turtlebot3_gazebo/package.ps1'
[11.751s] INFO:colcon.colcon_core.shell:Creating package descriptor '/home/user1/turtlebot3_ws/src/turtlebot3_simulations/install/turtlebot3_gazebo/share/turtlebot3_gazebo/package.dsv'
[11.752s] INFO:colcon.colcon_core.shell:Creating package script '/home/user1/turtlebot3_ws/src/turtlebot3_simulations/install/turtlebot3_gazebo/share/turtlebot3_gazebo/package.sh'
[11.752s] INFO:colcon.colcon_core.shell:Creating package script '/home/user1/turtlebot3_ws/src/turtlebot3_simulations/install/turtlebot3_gazebo/share/turtlebot3_gazebo/package.bash'
[11.752s] INFO:colcon.colcon_core.shell:Creating package script '/home/user1/turtlebot3_ws/src/turtlebot3_simulations/install/turtlebot3_gazebo/share/turtlebot3_gazebo/package.zsh'
[11.753s] Level 1:colcon.colcon_core.environment:create_file_with_runtime_dependencies(/home/user1/turtlebot3_ws/src/turtlebot3_simulations/install/turtlebot3_gazebo/share/colcon-core/packages/turtlebot3_gazebo)
[11.753s] INFO:colcon.colcon_ros.task.ament_cmake.build:Building ROS package in '/home/user1/turtlebot3_ws/src/turtlebot3_simulations/turtlebot3_simulations' with build type 'ament_cmake'
[11.753s] INFO:colcon.colcon_cmake.task.cmake.build:Building CMake package in '/home/user1/turtlebot3_ws/src/turtlebot3_simulations/turtlebot3_simulations'
[11.754s] INFO:colcon.colcon_core.shell:Skip shell extension 'powershell' for command environment: Not usable outside of PowerShell
[11.754s] DEBUG:colcon.colcon_core.shell:Skip shell extension 'dsv' for command environment
[11.763s] DEBUG:colcon.colcon_core.event_handler.log_command:Invoking command in '/home/user1/turtlebot3_ws/src/turtlebot3_simulations/build/turtlebot3_simulations': AMENT_PREFIX_PATH=/home/user1/turtlebot3_ws/src/turtlebot3_simulations/install/turtlebot3_gazebo:/home/user1/turtlebot3_ws/src/turtlebot3_simulations/install/turtlebot3_fake_node:${AMENT_PREFIX_PATH} CMAKE_PREFIX_PATH=/home/user1/turtlebot3_ws/src/turtlebot3_simulations/install/turtlebot3_gazebo:/home/user1/turtlebot3_ws/src/turtlebot3_simulations/install/turtlebot3_fake_node:/opt/ros/foxy /usr/bin/cmake /home/user1/turtlebot3_ws/src/turtlebot3_simulations/turtlebot3_simulations -DCMAKE_INSTALL_PREFIX=/home/user1/turtlebot3_ws/src/turtlebot3_simulations/install/turtlebot3_simulations
[12.398s] DEBUG:colcon.colcon_core.event_handler.log_command:Invoked command in '/home/user1/turtlebot3_ws/src/turtlebot3_simulations/build/turtlebot3_simulations' returned '0': AMENT_PREFIX_PATH=/home/user1/turtlebot3_ws/src/turtlebot3_simulations/install/turtlebot3_gazebo:/home/user1/turtlebot3_ws/src/turtlebot3_simulations/install/turtlebot3_fake_node:${AMENT_PREFIX_PATH} CMAKE_PREFIX_PATH=/home/user1/turtlebot3_ws/src/turtlebot3_simulations/install/turtlebot3_gazebo:/home/user1/turtlebot3_ws/src/turtlebot3_simulations/install/turtlebot3_fake_node:/opt/ros/foxy /usr/bin/cmake /home/user1/turtlebot3_ws/src/turtlebot3_simulations/turtlebot3_simulations -DCMAKE_INSTALL_PREFIX=/home/user1/turtlebot3_ws/src/turtlebot3_simulations/install/turtlebot3_simulations
[12.400s] DEBUG:colcon.colcon_core.event_handler.log_command:Invoking command in '/home/user1/turtlebot3_ws/src/turtlebot3_simulations/build/turtlebot3_simulations': AMENT_PREFIX_PATH=/home/user1/turtlebot3_ws/src/turtlebot3_simulations/install/turtlebot3_gazebo:/home/user1/turtlebot3_ws/src/turtlebot3_simulations/install/turtlebot3_fake_node:${AMENT_PREFIX_PATH} CMAKE_PREFIX_PATH=/home/user1/turtlebot3_ws/src/turtlebot3_simulations/install/turtlebot3_gazebo:/home/user1/turtlebot3_ws/src/turtlebot3_simulations/install/turtlebot3_fake_node:/opt/ros/foxy /usr/bin/cmake --build /home/user1/turtlebot3_ws/src/turtlebot3_simulations/build/turtlebot3_simulations -- -j12 -l12
[12.429s] DEBUG:colcon.colcon_core.event_handler.log_command:Invoked command in '/home/user1/turtlebot3_ws/src/turtlebot3_simulations/build/turtlebot3_simulations' returned '0': AMENT_PREFIX_PATH=/home/user1/turtlebot3_ws/src/turtlebot3_simulations/install/turtlebot3_gazebo:/home/user1/turtlebot3_ws/src/turtlebot3_simulations/install/turtlebot3_fake_node:${AMENT_PREFIX_PATH} CMAKE_PREFIX_PATH=/home/user1/turtlebot3_ws/src/turtlebot3_simulations/install/turtlebot3_gazebo:/home/user1/turtlebot3_ws/src/turtlebot3_simulations/install/turtlebot3_fake_node:/opt/ros/foxy /usr/bin/cmake --build /home/user1/turtlebot3_ws/src/turtlebot3_simulations/build/turtlebot3_simulations -- -j12 -l12
[12.447s] DEBUG:colcon.colcon_core.event_handler.log_command:Invoking command in '/home/user1/turtlebot3_ws/src/turtlebot3_simulations/build/turtlebot3_simulations': AMENT_PREFIX_PATH=/home/user1/turtlebot3_ws/src/turtlebot3_simulations/install/turtlebot3_gazebo:/home/user1/turtlebot3_ws/src/turtlebot3_simulations/install/turtlebot3_fake_node:${AMENT_PREFIX_PATH} CMAKE_PREFIX_PATH=/home/user1/turtlebot3_ws/src/turtlebot3_simulations/install/turtlebot3_gazebo:/home/user1/turtlebot3_ws/src/turtlebot3_simulations/install/turtlebot3_fake_node:/opt/ros/foxy /usr/bin/cmake --install /home/user1/turtlebot3_ws/src/turtlebot3_simulations/build/turtlebot3_simulations
[12.459s] Level 1:colcon.colcon_core.environment:create_environment_scripts_only(turtlebot3_simulations)
[12.461s] Level 1:colcon.colcon_core.environment:checking '/home/user1/turtlebot3_ws/src/turtlebot3_simulations/install/turtlebot3_simulations' for CMake module files
[12.461s] DEBUG:colcon.colcon_core.event_handler.log_command:Invoked command in '/home/user1/turtlebot3_ws/src/turtlebot3_simulations/build/turtlebot3_simulations' returned '0': AMENT_PREFIX_PATH=/home/user1/turtlebot3_ws/src/turtlebot3_simulations/install/turtlebot3_gazebo:/home/user1/turtlebot3_ws/src/turtlebot3_simulations/install/turtlebot3_fake_node:${AMENT_PREFIX_PATH} CMAKE_PREFIX_PATH=/home/user1/turtlebot3_ws/src/turtlebot3_simulations/install/turtlebot3_gazebo:/home/user1/turtlebot3_ws/src/turtlebot3_simulations/install/turtlebot3_fake_node:/opt/ros/foxy /usr/bin/cmake --install /home/user1/turtlebot3_ws/src/turtlebot3_simulations/build/turtlebot3_simulations
[12.462s] Level 1:colcon.colcon_core.environment:checking '/home/user1/turtlebot3_ws/src/turtlebot3_simulations/install/turtlebot3_simulations' for CMake config files
[12.462s] Level 1:colcon.colcon_core.shell:create_environment_hook('turtlebot3_simulations', 'cmake_prefix_path')
[12.463s] INFO:colcon.colcon_core.shell:Creating environment hook '/home/user1/turtlebot3_ws/src/turtlebot3_simulations/install/turtlebot3_simulations/share/turtlebot3_simulations/hook/cmake_prefix_path.ps1'
[12.463s] INFO:colcon.colcon_core.shell:Creating environment descriptor '/home/user1/turtlebot3_ws/src/turtlebot3_simulations/install/turtlebot3_simulations/share/turtlebot3_simulations/hook/cmake_prefix_path.dsv'
[12.464s] INFO:colcon.colcon_core.shell:Creating environment hook '/home/user1/turtlebot3_ws/src/turtlebot3_simulations/install/turtlebot3_simulations/share/turtlebot3_simulations/hook/cmake_prefix_path.sh'
[12.464s] Level 1:colcon.colcon_core.environment:checking '/home/user1/turtlebot3_ws/src/turtlebot3_simulations/install/turtlebot3_simulations/bin'
[12.464s] Level 1:colcon.colcon_core.environment:checking '/home/user1/turtlebot3_ws/src/turtlebot3_simulations/install/turtlebot3_simulations/lib/pkgconfig/turtlebot3_simulations.pc'
[12.464s] Level 1:colcon.colcon_core.environment:checking '/home/user1/turtlebot3_ws/src/turtlebot3_simulations/install/turtlebot3_simulations/lib/python3.8/site-packages'
[12.465s] Level 1:colcon.colcon_core.environment:checking '/home/user1/turtlebot3_ws/src/turtlebot3_simulations/install/turtlebot3_simulations/bin'
[12.466s] INFO:colcon.colcon_core.shell:Creating package script '/home/user1/turtlebot3_ws/src/turtlebot3_simulations/install/turtlebot3_simulations/share/turtlebot3_simulations/package.ps1'
[12.466s] INFO:colcon.colcon_core.shell:Creating package descriptor '/home/user1/turtlebot3_ws/src/turtlebot3_simulations/install/turtlebot3_simulations/share/turtlebot3_simulations/package.dsv'
[12.466s] INFO:colcon.colcon_core.shell:Creating package script '/home/user1/turtlebot3_ws/src/turtlebot3_simulations/install/turtlebot3_simulations/share/turtlebot3_simulations/package.sh'
[12.467s] INFO:colcon.colcon_core.shell:Creating package script '/home/user1/turtlebot3_ws/src/turtlebot3_simulations/install/turtlebot3_simulations/share/turtlebot3_simulations/package.bash'
[12.467s] INFO:colcon.colcon_core.shell:Creating package script '/home/user1/turtlebot3_ws/src/turtlebot3_simulations/install/turtlebot3_simulations/share/turtlebot3_simulations/package.zsh'
[12.467s] Level 1:colcon.colcon_core.environment:create_file_with_runtime_dependencies(/home/user1/turtlebot3_ws/src/turtlebot3_simulations/install/turtlebot3_simulations/share/colcon-core/packages/turtlebot3_simulations)
[12.484s] Level 1:colcon.colcon_core.environment:create_environment_scripts_only(turtlebot3_simulations)
[12.485s] Level 1:colcon.colcon_core.environment:checking '/home/user1/turtlebot3_ws/src/turtlebot3_simulations/install/turtlebot3_simulations' for CMake module files
[12.486s] Level 1:colcon.colcon_core.environment:checking '/home/user1/turtlebot3_ws/src/turtlebot3_simulations/install/turtlebot3_simulations' for CMake config files
[12.486s] Level 1:colcon.colcon_core.shell:create_environment_hook('turtlebot3_simulations', 'cmake_prefix_path')
[12.487s] INFO:colcon.colcon_core.shell:Creating environment hook '/home/user1/turtlebot3_ws/src/turtlebot3_simulations/install/turtlebot3_simulations/share/turtlebot3_simulations/hook/cmake_prefix_path.ps1'
[12.488s] INFO:colcon.colcon_core.shell:Creating environment descriptor '/home/user1/turtlebot3_ws/src/turtlebot3_simulations/install/turtlebot3_simulations/share/turtlebot3_simulations/hook/cmake_prefix_path.dsv'
[12.488s] INFO:colcon.colcon_core.shell:Creating environment hook '/home/user1/turtlebot3_ws/src/turtlebot3_simulations/install/turtlebot3_simulations/share/turtlebot3_simulations/hook/cmake_prefix_path.sh'
[12.488s] Level 1:colcon.colcon_core.environment:checking '/home/user1/turtlebot3_ws/src/turtlebot3_simulations/install/turtlebot3_simulations/bin'
[12.488s] Level 1:colcon.colcon_core.environment:checking '/home/user1/turtlebot3_ws/src/turtlebot3_simulations/install/turtlebot3_simulations/lib/pkgconfig/turtlebot3_simulations.pc'
[12.489s] Level 1:colcon.colcon_core.environment:checking '/home/user1/turtlebot3_ws/src/turtlebot3_simulations/install/turtlebot3_simulations/lib/python3.8/site-packages'
[12.489s] Level 1:colcon.colcon_core.environment:checking '/home/user1/turtlebot3_ws/src/turtlebot3_simulations/install/turtlebot3_simulations/bin'
[12.490s] INFO:colcon.colcon_core.shell:Creating package script '/home/user1/turtlebot3_ws/src/turtlebot3_simulations/install/turtlebot3_simulations/share/turtlebot3_simulations/package.ps1'
[12.491s] INFO:colcon.colcon_core.shell:Creating package descriptor '/home/user1/turtlebot3_ws/src/turtlebot3_simulations/install/turtlebot3_simulations/share/turtlebot3_simulations/package.dsv'
[12.491s] INFO:colcon.colcon_core.shell:Creating package script '/home/user1/turtlebot3_ws/src/turtlebot3_simulations/install/turtlebot3_simulations/share/turtlebot3_simulations/package.sh'
[12.491s] INFO:colcon.colcon_core.shell:Creating package script '/home/user1/turtlebot3_ws/src/turtlebot3_simulations/install/turtlebot3_simulations/share/turtlebot3_simulations/package.bash'
[12.492s] INFO:colcon.colcon_core.shell:Creating package script '/home/user1/turtlebot3_ws/src/turtlebot3_simulations/install/turtlebot3_simulations/share/turtlebot3_simulations/package.zsh'
[12.492s] Level 1:colcon.colcon_core.environment:create_file_with_runtime_dependencies(/home/user1/turtlebot3_ws/src/turtlebot3_simulations/install/turtlebot3_simulations/share/colcon-core/packages/turtlebot3_simulations)
[12.492s] DEBUG:colcon.colcon_parallel_executor.executor.parallel:closing loop
[12.492s] DEBUG:colcon.colcon_parallel_executor.executor.parallel:loop closed
[12.492s] DEBUG:colcon.colcon_parallel_executor.executor.parallel:run_until_complete finished with '0'
[12.493s] DEBUG:colcon.colcon_core.event_reactor:joining thread
[12.498s] INFO:colcon.colcon_core.plugin_system:Skipping extension 'colcon_notification.desktop_notification.terminal_notifier': Not used on non-Darwin systems
[12.498s] INFO:colcon.colcon_core.plugin_system:Skipping extension 'colcon_notification.desktop_notification.win32': Not used on non-Windows systems
[12.498s] INFO:colcon.colcon_notification.desktop_notification:Sending desktop notification using 'notify2'
[12.512s] DEBUG:colcon.colcon_core.event_reactor:joined thread
[12.514s] INFO:colcon.colcon_core.shell:Creating prefix script '/home/user1/turtlebot3_ws/src/turtlebot3_simulations/install/local_setup.ps1'
[12.515s] INFO:colcon.colcon_core.shell:Creating prefix util module '/home/user1/turtlebot3_ws/src/turtlebot3_simulations/install/_local_setup_util_ps1.py'
[12.516s] INFO:colcon.colcon_core.shell:Creating prefix chain script '/home/user1/turtlebot3_ws/src/turtlebot3_simulations/install/setup.ps1'
[12.517s] INFO:colcon.colcon_core.shell:Creating prefix script '/home/user1/turtlebot3_ws/src/turtlebot3_simulations/install/local_setup.sh'
[12.517s] INFO:colcon.colcon_core.shell:Creating prefix util module '/home/user1/turtlebot3_ws/src/turtlebot3_simulations/install/_local_setup_util_sh.py'
[12.518s] INFO:colcon.colcon_core.shell:Creating prefix chain script '/home/user1/turtlebot3_ws/src/turtlebot3_simulations/install/setup.sh'
[12.520s] INFO:colcon.colcon_core.shell:Creating prefix script '/home/user1/turtlebot3_ws/src/turtlebot3_simulations/install/local_setup.bash'
[12.520s] INFO:colcon.colcon_core.shell:Creating prefix chain script '/home/user1/turtlebot3_ws/src/turtlebot3_simulations/install/setup.bash'
[12.521s] INFO:colcon.colcon_core.shell:Creating prefix script '/home/user1/turtlebot3_ws/src/turtlebot3_simulations/install/local_setup.zsh'
[12.521s] INFO:colcon.colcon_core.shell:Creating prefix chain script '/home/user1/turtlebot3_ws/src/turtlebot3_simulations/install/setup.zsh'
