[0.051s] Invoking command in '/home/user1/turtlebot3_ws/src/build/turtlebot3_description': CMAKE_PREFIX_PATH=/opt/ros/foxy /usr/bin/cmake /home/user1/turtlebot3_ws/src/turtlebot3/turtlebot3_description -DCMAKE_INSTALL_PREFIX=/home/user1/turtlebot3_ws/src/install/turtlebot3_description
[0.552s] -- The C compiler identification is GNU 9.4.0
[0.553s] -- The CXX compiler identification is GNU 9.4.0
[0.553s] -- Check for working C compiler: /usr/bin/cc
[0.553s] -- Check for working C compiler: /usr/bin/cc -- works
[0.553s] -- Detecting C compiler ABI info
[0.553s] -- Detecting C compiler ABI info - done
[0.553s] -- Detecting C compile features
[0.553s] -- Detecting C compile features - done
[0.553s] -- Check for working CXX compiler: /usr/bin/c++
[0.553s] -- Check for working CXX compiler: /usr/bin/c++ -- works
[0.554s] -- Detecting CXX compiler ABI info
[0.554s] -- Detecting CXX compiler ABI info - done
[0.554s] -- Detecting CXX compile features
[0.554s] -- Detecting CXX compile features - done
[0.554s] -- Found ament_cmake: 0.9.11 (/opt/ros/foxy/share/ament_cmake/cmake)
[0.554s] -- Found PythonInterp: /usr/bin/python3 (found suitable version "3.8.10", minimum required is "3") 
[0.554s] -- Using PYTHON_EXECUTABLE: /usr/bin/python3
[0.774s] -- Found urdf: 2.4.0 (/opt/ros/foxy/share/urdf/cmake)
[0.881s] -- Configuring done
[0.882s] -- Generating done
[0.883s] -- Build files have been written to: /home/user1/turtlebot3_ws/src/build/turtlebot3_description
[0.903s] Invoked command in '/home/user1/turtlebot3_ws/src/build/turtlebot3_description' returned '0': CMAKE_PREFIX_PATH=/opt/ros/foxy /usr/bin/cmake /home/user1/turtlebot3_ws/src/turtlebot3/turtlebot3_description -DCMAKE_INSTALL_PREFIX=/home/user1/turtlebot3_ws/src/install/turtlebot3_description
[0.905s] Invoking command in '/home/user1/turtlebot3_ws/src/build/turtlebot3_description': CMAKE_PREFIX_PATH=/opt/ros/foxy /usr/bin/cmake --build /home/user1/turtlebot3_ws/src/build/turtlebot3_description -- -j12 -l12
[0.941s] Invoked command in '/home/user1/turtlebot3_ws/src/build/turtlebot3_description' returned '0': CMAKE_PREFIX_PATH=/opt/ros/foxy /usr/bin/cmake --build /home/user1/turtlebot3_ws/src/build/turtlebot3_description -- -j12 -l12
[0.961s] Invoking command in '/home/user1/turtlebot3_ws/src/build/turtlebot3_description': CMAKE_PREFIX_PATH=/opt/ros/foxy /usr/bin/cmake --install /home/user1/turtlebot3_ws/src/build/turtlebot3_description
[0.968s] -- Install configuration: ""
[0.969s] -- Installing: /home/user1/turtlebot3_ws/src/install/turtlebot3_description/share/turtlebot3_description/meshes
[0.969s] -- Installing: /home/user1/turtlebot3_ws/src/install/turtlebot3_description/share/turtlebot3_description/meshes/sensors
[0.969s] -- Installing: /home/user1/turtlebot3_ws/src/install/turtlebot3_description/share/turtlebot3_description/meshes/sensors/astra.jpg
[0.969s] -- Installing: /home/user1/turtlebot3_ws/src/install/turtlebot3_description/share/turtlebot3_description/meshes/sensors/r200.dae
[0.970s] -- Installing: /home/user1/turtlebot3_ws/src/install/turtlebot3_description/share/turtlebot3_description/meshes/sensors/r200.jpg
[0.970s] -- Installing: /home/user1/turtlebot3_ws/src/install/turtlebot3_description/share/turtlebot3_description/meshes/sensors/lds.stl
[0.971s] -- Installing: /home/user1/turtlebot3_ws/src/install/turtlebot3_description/share/turtlebot3_description/meshes/sensors/astra.dae
[0.984s] -- Installing: /home/user1/turtlebot3_ws/src/install/turtlebot3_description/share/turtlebot3_description/meshes/wheels
[0.984s] -- Installing: /home/user1/turtlebot3_ws/src/install/turtlebot3_description/share/turtlebot3_description/meshes/wheels/left_tire.stl
[0.986s] -- Installing: /home/user1/turtlebot3_ws/src/install/turtlebot3_description/share/turtlebot3_description/meshes/wheels/right_tire.stl
[0.987s] -- Installing: /home/user1/turtlebot3_ws/src/install/turtlebot3_description/share/turtlebot3_description/meshes/bases
[0.988s] -- Installing: /home/user1/turtlebot3_ws/src/install/turtlebot3_description/share/turtlebot3_description/meshes/bases/waffle_pi_base.stl
[0.999s] -- Installing: /home/user1/turtlebot3_ws/src/install/turtlebot3_description/share/turtlebot3_description/meshes/bases/burger_base.stl
[1.006s] -- Installing: /home/user1/turtlebot3_ws/src/install/turtlebot3_description/share/turtlebot3_description/meshes/bases/waffle_base.stl
[1.028s] -- Installing: /home/user1/turtlebot3_ws/src/install/turtlebot3_description/share/turtlebot3_description/rviz
[1.028s] -- Installing: /home/user1/turtlebot3_ws/src/install/turtlebot3_description/share/turtlebot3_description/rviz/model.rviz
[1.028s] -- Installing: /home/user1/turtlebot3_ws/src/install/turtlebot3_description/share/turtlebot3_description/urdf
[1.028s] -- Installing: /home/user1/turtlebot3_ws/src/install/turtlebot3_description/share/turtlebot3_description/urdf/turtlebot3_waffle.urdf
[1.028s] -- Installing: /home/user1/turtlebot3_ws/src/install/turtlebot3_description/share/turtlebot3_description/urdf/turtlebot3_burger.urdf
[1.028s] -- Installing: /home/user1/turtlebot3_ws/src/install/turtlebot3_description/share/turtlebot3_description/urdf/common_properties.urdf
[1.029s] -- Installing: /home/user1/turtlebot3_ws/src/install/turtlebot3_description/share/turtlebot3_description/urdf/turtlebot3_waffle_pi.urdf
[1.029s] -- Installing: /home/user1/turtlebot3_ws/src/install/turtlebot3_description/share/ament_index/resource_index/package_run_dependencies/turtlebot3_description
[1.029s] -- Installing: /home/user1/turtlebot3_ws/src/install/turtlebot3_description/share/ament_index/resource_index/parent_prefix_path/turtlebot3_description
[1.029s] -- Installing: /home/user1/turtlebot3_ws/src/install/turtlebot3_description/share/turtlebot3_description/environment/ament_prefix_path.sh
[1.029s] -- Installing: /home/user1/turtlebot3_ws/src/install/turtlebot3_description/share/turtlebot3_description/environment/ament_prefix_path.dsv
[1.029s] -- Installing: /home/user1/turtlebot3_ws/src/install/turtlebot3_description/share/turtlebot3_description/environment/path.sh
[1.029s] -- Installing: /home/user1/turtlebot3_ws/src/install/turtlebot3_description/share/turtlebot3_description/environment/path.dsv
[1.030s] -- Installing: /home/user1/turtlebot3_ws/src/install/turtlebot3_description/share/turtlebot3_description/local_setup.bash
[1.030s] -- Installing: /home/user1/turtlebot3_ws/src/install/turtlebot3_description/share/turtlebot3_description/local_setup.sh
[1.030s] -- Installing: /home/user1/turtlebot3_ws/src/install/turtlebot3_description/share/turtlebot3_description/local_setup.zsh
[1.030s] -- Installing: /home/user1/turtlebot3_ws/src/install/turtlebot3_description/share/turtlebot3_description/local_setup.dsv
[1.030s] -- Installing: /home/user1/turtlebot3_ws/src/install/turtlebot3_description/share/turtlebot3_description/package.dsv
[1.030s] -- Installing: /home/user1/turtlebot3_ws/src/install/turtlebot3_description/share/ament_index/resource_index/packages/turtlebot3_description
[1.030s] -- Installing: /home/user1/turtlebot3_ws/src/install/turtlebot3_description/share/turtlebot3_description/cmake/turtlebot3_descriptionConfig.cmake
[1.030s] -- Installing: /home/user1/turtlebot3_ws/src/install/turtlebot3_description/share/turtlebot3_description/cmake/turtlebot3_descriptionConfig-version.cmake
[1.030s] -- Installing: /home/user1/turtlebot3_ws/src/install/turtlebot3_description/share/turtlebot3_description/package.xml
[1.034s] Invoked command in '/home/user1/turtlebot3_ws/src/build/turtlebot3_description' returned '0': CMAKE_PREFIX_PATH=/opt/ros/foxy /usr/bin/cmake --install /home/user1/turtlebot3_ws/src/build/turtlebot3_description
