[0.011s] Invoking command in '/home/user1/turtlebot3_ws/src/build/turtlebot3': AMENT_PREFIX_PATH=/home/user1/turtlebot3_ws/src/install/turtlebot3_bringup:/home/user1/turtlebot3_ws/src/install/turtlebot3_teleop:/home/user1/turtlebot3_ws/src/install/turtlebot3_node:/home/user1/turtlebot3_ws/src/install/turtlebot3_navigation2:/home/user1/turtlebot3_ws/src/install/turtlebot3_example:/home/user1/turtlebot3_ws/src/install/turtlebot3_description:/home/user1/turtlebot3_ws/src/install/turtlebot3_cartographer:${AMENT_PREFIX_PATH} CMAKE_PREFIX_PATH=/home/user1/turtlebot3_ws/src/install/turtlebot3_bringup:/home/user1/turtlebot3_ws/src/install/turtlebot3_node:/home/user1/turtlebot3_ws/src/install/turtlebot3_navigation2:/home/user1/turtlebot3_ws/src/install/turtlebot3_description:/home/user1/turtlebot3_ws/src/install/turtlebot3_cartographer:/opt/ros/foxy PYTHONPATH=/home/user1/turtlebot3_ws/src/install/turtlebot3_teleop/lib/python3.8/site-packages:/home/user1/turtlebot3_ws/src/install/turtlebot3_example/lib/python3.8/site-packages:${PYTHONPATH} /usr/bin/cmake /home/user1/turtlebot3_ws/src/turtlebot3/turtlebot3 -DCMAKE_INSTALL_PREFIX=/home/user1/turtlebot3_ws/src/install/turtlebot3
[0.053s] -- The C compiler identification is GNU 9.4.0
[0.098s] -- The CXX compiler identification is GNU 9.4.0
[0.103s] -- Check for working C compiler: /usr/bin/cc
[0.164s] -- Check for working C compiler: /usr/bin/cc -- works
[0.165s] -- Detecting C compiler ABI info
[0.261s] -- Detecting C compiler ABI info - done
[0.285s] -- Detecting C compile features
[0.286s] -- Detecting C compile features - done
[0.290s] -- Check for working CXX compiler: /usr/bin/c++
[0.364s] -- Check for working CXX compiler: /usr/bin/c++ -- works
[0.365s] -- Detecting CXX compiler ABI info
[0.427s] -- Detecting CXX compiler ABI info - done
[0.438s] -- Detecting CXX compile features
[0.439s] -- Detecting CXX compile features - done
[0.440s] -- Found ament_cmake: 0.9.11 (/opt/ros/foxy/share/ament_cmake/cmake)
[0.462s] -- Found PythonInterp: /usr/bin/python3 (found suitable version "3.8.10", minimum required is "3") 
[0.462s] -- Using PYTHON_EXECUTABLE: /usr/bin/python3
[0.701s] -- Configuring done
[0.702s] -- Generating done
[0.703s] -- Build files have been written to: /home/user1/turtlebot3_ws/src/build/turtlebot3
[0.705s] Invoked command in '/home/user1/turtlebot3_ws/src/build/turtlebot3' returned '0': AMENT_PREFIX_PATH=/home/user1/turtlebot3_ws/src/install/turtlebot3_bringup:/home/user1/turtlebot3_ws/src/install/turtlebot3_teleop:/home/user1/turtlebot3_ws/src/install/turtlebot3_node:/home/user1/turtlebot3_ws/src/install/turtlebot3_navigation2:/home/user1/turtlebot3_ws/src/install/turtlebot3_example:/home/user1/turtlebot3_ws/src/install/turtlebot3_description:/home/user1/turtlebot3_ws/src/install/turtlebot3_cartographer:${AMENT_PREFIX_PATH} CMAKE_PREFIX_PATH=/home/user1/turtlebot3_ws/src/install/turtlebot3_bringup:/home/user1/turtlebot3_ws/src/install/turtlebot3_node:/home/user1/turtlebot3_ws/src/install/turtlebot3_navigation2:/home/user1/turtlebot3_ws/src/install/turtlebot3_description:/home/user1/turtlebot3_ws/src/install/turtlebot3_cartographer:/opt/ros/foxy PYTHONPATH=/home/user1/turtlebot3_ws/src/install/turtlebot3_teleop/lib/python3.8/site-packages:/home/user1/turtlebot3_ws/src/install/turtlebot3_example/lib/python3.8/site-packages:${PYTHONPATH} /usr/bin/cmake /home/user1/turtlebot3_ws/src/turtlebot3/turtlebot3 -DCMAKE_INSTALL_PREFIX=/home/user1/turtlebot3_ws/src/install/turtlebot3
[0.708s] Invoking command in '/home/user1/turtlebot3_ws/src/build/turtlebot3': AMENT_PREFIX_PATH=/home/user1/turtlebot3_ws/src/install/turtlebot3_bringup:/home/user1/turtlebot3_ws/src/install/turtlebot3_teleop:/home/user1/turtlebot3_ws/src/install/turtlebot3_node:/home/user1/turtlebot3_ws/src/install/turtlebot3_navigation2:/home/user1/turtlebot3_ws/src/install/turtlebot3_example:/home/user1/turtlebot3_ws/src/install/turtlebot3_description:/home/user1/turtlebot3_ws/src/install/turtlebot3_cartographer:${AMENT_PREFIX_PATH} CMAKE_PREFIX_PATH=/home/user1/turtlebot3_ws/src/install/turtlebot3_bringup:/home/user1/turtlebot3_ws/src/install/turtlebot3_node:/home/user1/turtlebot3_ws/src/install/turtlebot3_navigation2:/home/user1/turtlebot3_ws/src/install/turtlebot3_description:/home/user1/turtlebot3_ws/src/install/turtlebot3_cartographer:/opt/ros/foxy PYTHONPATH=/home/user1/turtlebot3_ws/src/install/turtlebot3_teleop/lib/python3.8/site-packages:/home/user1/turtlebot3_ws/src/install/turtlebot3_example/lib/python3.8/site-packages:${PYTHONPATH} /usr/bin/cmake --build /home/user1/turtlebot3_ws/src/build/turtlebot3 -- -j12 -l12
[0.736s] Invoked command in '/home/user1/turtlebot3_ws/src/build/turtlebot3' returned '0': AMENT_PREFIX_PATH=/home/user1/turtlebot3_ws/src/install/turtlebot3_bringup:/home/user1/turtlebot3_ws/src/install/turtlebot3_teleop:/home/user1/turtlebot3_ws/src/install/turtlebot3_node:/home/user1/turtlebot3_ws/src/install/turtlebot3_navigation2:/home/user1/turtlebot3_ws/src/install/turtlebot3_example:/home/user1/turtlebot3_ws/src/install/turtlebot3_description:/home/user1/turtlebot3_ws/src/install/turtlebot3_cartographer:${AMENT_PREFIX_PATH} CMAKE_PREFIX_PATH=/home/user1/turtlebot3_ws/src/install/turtlebot3_bringup:/home/user1/turtlebot3_ws/src/install/turtlebot3_node:/home/user1/turtlebot3_ws/src/install/turtlebot3_navigation2:/home/user1/turtlebot3_ws/src/install/turtlebot3_description:/home/user1/turtlebot3_ws/src/install/turtlebot3_cartographer:/opt/ros/foxy PYTHONPATH=/home/user1/turtlebot3_ws/src/install/turtlebot3_teleop/lib/python3.8/site-packages:/home/user1/turtlebot3_ws/src/install/turtlebot3_example/lib/python3.8/site-packages:${PYTHONPATH} /usr/bin/cmake --build /home/user1/turtlebot3_ws/src/build/turtlebot3 -- -j12 -l12
[0.752s] Invoking command in '/home/user1/turtlebot3_ws/src/build/turtlebot3': AMENT_PREFIX_PATH=/home/user1/turtlebot3_ws/src/install/turtlebot3_bringup:/home/user1/turtlebot3_ws/src/install/turtlebot3_teleop:/home/user1/turtlebot3_ws/src/install/turtlebot3_node:/home/user1/turtlebot3_ws/src/install/turtlebot3_navigation2:/home/user1/turtlebot3_ws/src/install/turtlebot3_example:/home/user1/turtlebot3_ws/src/install/turtlebot3_description:/home/user1/turtlebot3_ws/src/install/turtlebot3_cartographer:${AMENT_PREFIX_PATH} CMAKE_PREFIX_PATH=/home/user1/turtlebot3_ws/src/install/turtlebot3_bringup:/home/user1/turtlebot3_ws/src/install/turtlebot3_node:/home/user1/turtlebot3_ws/src/install/turtlebot3_navigation2:/home/user1/turtlebot3_ws/src/install/turtlebot3_description:/home/user1/turtlebot3_ws/src/install/turtlebot3_cartographer:/opt/ros/foxy PYTHONPATH=/home/user1/turtlebot3_ws/src/install/turtlebot3_teleop/lib/python3.8/site-packages:/home/user1/turtlebot3_ws/src/install/turtlebot3_example/lib/python3.8/site-packages:${PYTHONPATH} /usr/bin/cmake --install /home/user1/turtlebot3_ws/src/build/turtlebot3
[0.759s] -- Install configuration: ""
[0.759s] -- Installing: /home/user1/turtlebot3_ws/src/install/turtlebot3/share/ament_index/resource_index/package_run_dependencies/turtlebot3
[0.759s] -- Installing: /home/user1/turtlebot3_ws/src/install/turtlebot3/share/ament_index/resource_index/parent_prefix_path/turtlebot3
[0.759s] -- Installing: /home/user1/turtlebot3_ws/src/install/turtlebot3/share/turtlebot3/environment/ament_prefix_path.sh
[0.759s] -- Installing: /home/user1/turtlebot3_ws/src/install/turtlebot3/share/turtlebot3/environment/ament_prefix_path.dsv
[0.760s] -- Installing: /home/user1/turtlebot3_ws/src/install/turtlebot3/share/turtlebot3/environment/path.sh
[0.760s] -- Installing: /home/user1/turtlebot3_ws/src/install/turtlebot3/share/turtlebot3/environment/path.dsv
[0.760s] -- Installing: /home/user1/turtlebot3_ws/src/install/turtlebot3/share/turtlebot3/local_setup.bash
[0.760s] -- Installing: /home/user1/turtlebot3_ws/src/install/turtlebot3/share/turtlebot3/local_setup.sh
[0.760s] -- Installing: /home/user1/turtlebot3_ws/src/install/turtlebot3/share/turtlebot3/local_setup.zsh
[0.760s] -- Installing: /home/user1/turtlebot3_ws/src/install/turtlebot3/share/turtlebot3/local_setup.dsv
[0.760s] -- Installing: /home/user1/turtlebot3_ws/src/install/turtlebot3/share/turtlebot3/package.dsv
[0.760s] -- Installing: /home/user1/turtlebot3_ws/src/install/turtlebot3/share/ament_index/resource_index/packages/turtlebot3
[0.760s] -- Installing: /home/user1/turtlebot3_ws/src/install/turtlebot3/share/turtlebot3/cmake/turtlebot3Config.cmake
[0.760s] -- Installing: /home/user1/turtlebot3_ws/src/install/turtlebot3/share/turtlebot3/cmake/turtlebot3Config-version.cmake
[0.760s] -- Installing: /home/user1/turtlebot3_ws/src/install/turtlebot3/share/turtlebot3/package.xml
[0.762s] Invoked command in '/home/user1/turtlebot3_ws/src/build/turtlebot3' returned '0': AMENT_PREFIX_PATH=/home/user1/turtlebot3_ws/src/install/turtlebot3_bringup:/home/user1/turtlebot3_ws/src/install/turtlebot3_teleop:/home/user1/turtlebot3_ws/src/install/turtlebot3_node:/home/user1/turtlebot3_ws/src/install/turtlebot3_navigation2:/home/user1/turtlebot3_ws/src/install/turtlebot3_example:/home/user1/turtlebot3_ws/src/install/turtlebot3_description:/home/user1/turtlebot3_ws/src/install/turtlebot3_cartographer:${AMENT_PREFIX_PATH} CMAKE_PREFIX_PATH=/home/user1/turtlebot3_ws/src/install/turtlebot3_bringup:/home/user1/turtlebot3_ws/src/install/turtlebot3_node:/home/user1/turtlebot3_ws/src/install/turtlebot3_navigation2:/home/user1/turtlebot3_ws/src/install/turtlebot3_description:/home/user1/turtlebot3_ws/src/install/turtlebot3_cartographer:/opt/ros/foxy PYTHONPATH=/home/user1/turtlebot3_ws/src/install/turtlebot3_teleop/lib/python3.8/site-packages:/home/user1/turtlebot3_ws/src/install/turtlebot3_example/lib/python3.8/site-packages:${PYTHONPATH} /usr/bin/cmake --install /home/user1/turtlebot3_ws/src/build/turtlebot3
