[0.081s] Invoking command in '/home/user1/turtlebot3_ws/src/build/turtlebot3_description': CMAKE_PREFIX_PATH=${CMAKE_PREFIX_PATH}:/home/user1/turtlebot3_ws/src/install/turtlebot3_teleop:/home/user1/turtlebot3_ws/src/install/turtlebot3_example:/home/user1/turtlebot3_ws/install/turtlebot3_teleop:/home/user1/turtlebot3_ws/install/turtlebot3_example:/opt/ros/foxy /usr/bin/cmake --build /home/user1/turtlebot3_ws/src/build/turtlebot3_description -- -j12 -l12
[0.551s] Invoked command in '/home/user1/turtlebot3_ws/src/build/turtlebot3_description' returned '0': CMAKE_PREFIX_PATH=${CMAKE_PREFIX_PATH}:/home/user1/turtlebot3_ws/src/install/turtlebot3_teleop:/home/user1/turtlebot3_ws/src/install/turtlebot3_example:/home/user1/turtlebot3_ws/install/turtlebot3_teleop:/home/user1/turtlebot3_ws/install/turtlebot3_example:/opt/ros/foxy /usr/bin/cmake --build /home/user1/turtlebot3_ws/src/build/turtlebot3_description -- -j12 -l12
[0.580s] Invoking command in '/home/user1/turtlebot3_ws/src/build/turtlebot3_description': CMAKE_PREFIX_PATH=${CMAKE_PREFIX_PATH}:/home/user1/turtlebot3_ws/src/install/turtlebot3_teleop:/home/user1/turtlebot3_ws/src/install/turtlebot3_example:/home/user1/turtlebot3_ws/install/turtlebot3_teleop:/home/user1/turtlebot3_ws/install/turtlebot3_example:/opt/ros/foxy /usr/bin/cmake --install /home/user1/turtlebot3_ws/src/build/turtlebot3_description
[0.587s] -- Install configuration: ""
[0.589s] -- Up-to-date: /home/user1/turtlebot3_ws/src/install/turtlebot3_description/share/turtlebot3_description/meshes
[0.589s] -- Up-to-date: /home/user1/turtlebot3_ws/src/install/turtlebot3_description/share/turtlebot3_description/meshes/sensors
[0.589s] -- Up-to-date: /home/user1/turtlebot3_ws/src/install/turtlebot3_description/share/turtlebot3_description/meshes/sensors/astra.jpg
[0.590s] -- Up-to-date: /home/user1/turtlebot3_ws/src/install/turtlebot3_description/share/turtlebot3_description/meshes/sensors/r200.dae
[0.590s] -- Up-to-date: /home/user1/turtlebot3_ws/src/install/turtlebot3_description/share/turtlebot3_description/meshes/sensors/r200.jpg
[0.591s] -- Up-to-date: /home/user1/turtlebot3_ws/src/install/turtlebot3_description/share/turtlebot3_description/meshes/sensors/lds.stl
[0.592s] -- Up-to-date: /home/user1/turtlebot3_ws/src/install/turtlebot3_description/share/turtlebot3_description/meshes/sensors/astra.dae
[0.592s] -- Up-to-date: /home/user1/turtlebot3_ws/src/install/turtlebot3_description/share/turtlebot3_description/meshes/wheels
[0.593s] -- Up-to-date: /home/user1/turtlebot3_ws/src/install/turtlebot3_description/share/turtlebot3_description/meshes/wheels/left_tire.stl
[0.593s] -- Up-to-date: /home/user1/turtlebot3_ws/src/install/turtlebot3_description/share/turtlebot3_description/meshes/wheels/right_tire.stl
[0.593s] -- Up-to-date: /home/user1/turtlebot3_ws/src/install/turtlebot3_description/share/turtlebot3_description/meshes/bases
[0.594s] -- Up-to-date: /home/user1/turtlebot3_ws/src/install/turtlebot3_description/share/turtlebot3_description/meshes/bases/waffle_pi_base.stl
[0.594s] -- Up-to-date: /home/user1/turtlebot3_ws/src/install/turtlebot3_description/share/turtlebot3_description/meshes/bases/burger_base.stl
[0.594s] -- Up-to-date: /home/user1/turtlebot3_ws/src/install/turtlebot3_description/share/turtlebot3_description/meshes/bases/waffle_base.stl
[0.595s] -- Up-to-date: /home/user1/turtlebot3_ws/src/install/turtlebot3_description/share/turtlebot3_description/rviz
[0.595s] -- Up-to-date: /home/user1/turtlebot3_ws/src/install/turtlebot3_description/share/turtlebot3_description/rviz/model.rviz
[0.595s] -- Up-to-date: /home/user1/turtlebot3_ws/src/install/turtlebot3_description/share/turtlebot3_description/urdf
[0.595s] -- Up-to-date: /home/user1/turtlebot3_ws/src/install/turtlebot3_description/share/turtlebot3_description/urdf/turtlebot3_waffle.urdf
[0.596s] -- Up-to-date: /home/user1/turtlebot3_ws/src/install/turtlebot3_description/share/turtlebot3_description/urdf/turtlebot3_burger.urdf
[0.596s] -- Up-to-date: /home/user1/turtlebot3_ws/src/install/turtlebot3_description/share/turtlebot3_description/urdf/common_properties.urdf
[0.596s] -- Up-to-date: /home/user1/turtlebot3_ws/src/install/turtlebot3_description/share/turtlebot3_description/urdf/turtlebot3_waffle_pi.urdf
[0.596s] -- Up-to-date: /home/user1/turtlebot3_ws/src/install/turtlebot3_description/share/ament_index/resource_index/package_run_dependencies/turtlebot3_description
[0.597s] -- Up-to-date: /home/user1/turtlebot3_ws/src/install/turtlebot3_description/share/ament_index/resource_index/parent_prefix_path/turtlebot3_description
[0.597s] -- Up-to-date: /home/user1/turtlebot3_ws/src/install/turtlebot3_description/share/turtlebot3_description/environment/ament_prefix_path.sh
[0.597s] -- Up-to-date: /home/user1/turtlebot3_ws/src/install/turtlebot3_description/share/turtlebot3_description/environment/ament_prefix_path.dsv
[0.597s] -- Up-to-date: /home/user1/turtlebot3_ws/src/install/turtlebot3_description/share/turtlebot3_description/environment/path.sh
[0.597s] -- Up-to-date: /home/user1/turtlebot3_ws/src/install/turtlebot3_description/share/turtlebot3_description/environment/path.dsv
[0.598s] -- Up-to-date: /home/user1/turtlebot3_ws/src/install/turtlebot3_description/share/turtlebot3_description/local_setup.bash
[0.598s] -- Up-to-date: /home/user1/turtlebot3_ws/src/install/turtlebot3_description/share/turtlebot3_description/local_setup.sh
[0.599s] -- Up-to-date: /home/user1/turtlebot3_ws/src/install/turtlebot3_description/share/turtlebot3_description/local_setup.zsh
[0.600s] -- Up-to-date: /home/user1/turtlebot3_ws/src/install/turtlebot3_description/share/turtlebot3_description/local_setup.dsv
[0.600s] -- Installing: /home/user1/turtlebot3_ws/src/install/turtlebot3_description/share/turtlebot3_description/package.dsv
[0.600s] -- Up-to-date: /home/user1/turtlebot3_ws/src/install/turtlebot3_description/share/ament_index/resource_index/packages/turtlebot3_description
[0.601s] -- Up-to-date: /home/user1/turtlebot3_ws/src/install/turtlebot3_description/share/turtlebot3_description/cmake/turtlebot3_descriptionConfig.cmake
[0.601s] -- Up-to-date: /home/user1/turtlebot3_ws/src/install/turtlebot3_description/share/turtlebot3_description/cmake/turtlebot3_descriptionConfig-version.cmake
[0.601s] -- Up-to-date: /home/user1/turtlebot3_ws/src/install/turtlebot3_description/share/turtlebot3_description/package.xml
[0.601s] Invoked command in '/home/user1/turtlebot3_ws/src/build/turtlebot3_description' returned '0': CMAKE_PREFIX_PATH=${CMAKE_PREFIX_PATH}:/home/user1/turtlebot3_ws/src/install/turtlebot3_teleop:/home/user1/turtlebot3_ws/src/install/turtlebot3_example:/home/user1/turtlebot3_ws/install/turtlebot3_teleop:/home/user1/turtlebot3_ws/install/turtlebot3_example:/opt/ros/foxy /usr/bin/cmake --install /home/user1/turtlebot3_ws/src/build/turtlebot3_description
