[0.463s] Invoking command in '/home/user1/robotfusion/turtlebot3_ws/build/yolobot_recognition': CMAKE_PREFIX_PATH=${CMAKE_PREFIX_PATH}:/opt/ros/foxy /usr/bin/cmake /home/user1/robotfusion/turtlebot3_ws/yolobot_recognition -DCMAKE_INSTALL_PREFIX=/home/user1/robotfusion/turtlebot3_ws/install/yolobot_recognition
[0.582s] -- The C compiler identification is GNU 9.4.0
[0.683s] -- The CXX compiler identification is GNU 9.4.0
[0.690s] -- Check for working C compiler: /usr/bin/cc
[0.749s] -- Check for working C compiler: /usr/bin/cc -- works
[0.750s] -- Detecting C compiler ABI info
[0.817s] -- Detecting C compiler ABI info - done
[0.833s] -- Detecting C compile features
[0.833s] -- Detecting C compile features - done
[0.837s] -- Check for working CXX compiler: /usr/bin/c++
[0.912s] -- Check for working CXX compiler: /usr/bin/c++ -- works
[0.913s] -- Detecting CXX compiler ABI info
[0.984s] -- Detecting CXX compiler ABI info - done
[0.995s] -- Detecting CXX compile features
[0.996s] -- Detecting CXX compile features - done
[0.998s] -- Found ament_cmake: 0.9.11 (/opt/ros/foxy/share/ament_cmake/cmake)
[1.027s] -- Found PythonInterp: /usr/bin/python3 (found suitable version "3.8.10", minimum required is "3") 
[1.027s] -- Using PYTHON_EXECUTABLE: /usr/bin/python3
[1.248s] -- Found ament_lint_auto: 0.9.7 (/opt/ros/foxy/share/ament_lint_auto/cmake)
[1.328s] -- Added test 'copyright' to check source files copyright and LICENSE
[1.338s] -- Added test 'flake8' to check Python code syntax and style conventions
[1.340s] -- Added test 'lint_cmake' to check CMake code style
[1.341s] -- Added test 'pep257' to check Python code against some of the style conventions in PEP 257
[1.347s] -- Added test 'xmllint' to check XML markup files
[1.349s] -- Configuring done
[1.350s] -- Generating done
[1.351s] -- Build files have been written to: /home/user1/robotfusion/turtlebot3_ws/build/yolobot_recognition
[1.354s] Invoked command in '/home/user1/robotfusion/turtlebot3_ws/build/yolobot_recognition' returned '0': CMAKE_PREFIX_PATH=${CMAKE_PREFIX_PATH}:/opt/ros/foxy /usr/bin/cmake /home/user1/robotfusion/turtlebot3_ws/yolobot_recognition -DCMAKE_INSTALL_PREFIX=/home/user1/robotfusion/turtlebot3_ws/install/yolobot_recognition
[1.356s] Invoking command in '/home/user1/robotfusion/turtlebot3_ws/build/yolobot_recognition': CMAKE_PREFIX_PATH=${CMAKE_PREFIX_PATH}:/opt/ros/foxy /usr/bin/cmake --build /home/user1/robotfusion/turtlebot3_ws/build/yolobot_recognition -- -j12 -l12
[1.387s] Invoked command in '/home/user1/robotfusion/turtlebot3_ws/build/yolobot_recognition' returned '0': CMAKE_PREFIX_PATH=${CMAKE_PREFIX_PATH}:/opt/ros/foxy /usr/bin/cmake --build /home/user1/robotfusion/turtlebot3_ws/build/yolobot_recognition -- -j12 -l12
[1.402s] Invoking command in '/home/user1/robotfusion/turtlebot3_ws/build/yolobot_recognition': CMAKE_PREFIX_PATH=${CMAKE_PREFIX_PATH}:/opt/ros/foxy /usr/bin/cmake --install /home/user1/robotfusion/turtlebot3_ws/build/yolobot_recognition
[1.411s] -- Install configuration: ""
[1.411s] -- Installing: /home/user1/robotfusion/turtlebot3_ws/install/yolobot_recognition/share/ament_index/resource_index/package_run_dependencies/yolobot_recognition
[1.411s] -- Installing: /home/user1/robotfusion/turtlebot3_ws/install/yolobot_recognition/share/ament_index/resource_index/parent_prefix_path/yolobot_recognition
[1.411s] -- Installing: /home/user1/robotfusion/turtlebot3_ws/install/yolobot_recognition/share/yolobot_recognition/environment/ament_prefix_path.sh
[1.411s] -- Installing: /home/user1/robotfusion/turtlebot3_ws/install/yolobot_recognition/share/yolobot_recognition/environment/ament_prefix_path.dsv
[1.411s] -- Installing: /home/user1/robotfusion/turtlebot3_ws/install/yolobot_recognition/share/yolobot_recognition/environment/path.sh
[1.411s] -- Installing: /home/user1/robotfusion/turtlebot3_ws/install/yolobot_recognition/share/yolobot_recognition/environment/path.dsv
[1.411s] -- Installing: /home/user1/robotfusion/turtlebot3_ws/install/yolobot_recognition/share/yolobot_recognition/local_setup.bash
[1.412s] -- Installing: /home/user1/robotfusion/turtlebot3_ws/install/yolobot_recognition/share/yolobot_recognition/local_setup.sh
[1.412s] -- Installing: /home/user1/robotfusion/turtlebot3_ws/install/yolobot_recognition/share/yolobot_recognition/local_setup.zsh
[1.412s] -- Installing: /home/user1/robotfusion/turtlebot3_ws/install/yolobot_recognition/share/yolobot_recognition/local_setup.dsv
[1.412s] -- Installing: /home/user1/robotfusion/turtlebot3_ws/install/yolobot_recognition/share/yolobot_recognition/package.dsv
[1.412s] -- Installing: /home/user1/robotfusion/turtlebot3_ws/install/yolobot_recognition/share/ament_index/resource_index/packages/yolobot_recognition
[1.412s] -- Installing: /home/user1/robotfusion/turtlebot3_ws/install/yolobot_recognition/share/yolobot_recognition/cmake/yolobot_recognitionConfig.cmake
[1.412s] -- Installing: /home/user1/robotfusion/turtlebot3_ws/install/yolobot_recognition/share/yolobot_recognition/cmake/yolobot_recognitionConfig-version.cmake
[1.412s] -- Installing: /home/user1/robotfusion/turtlebot3_ws/install/yolobot_recognition/share/yolobot_recognition/package.xml
[1.416s] Invoked command in '/home/user1/robotfusion/turtlebot3_ws/build/yolobot_recognition' returned '0': CMAKE_PREFIX_PATH=${CMAKE_PREFIX_PATH}:/opt/ros/foxy /usr/bin/cmake --install /home/user1/robotfusion/turtlebot3_ws/build/yolobot_recognition
