[0.055s] Invoking command in '/home/user1/turtlebot3_ws/src/build/turtlebot3_gazebo': AMENT_PREFIX_PATH=/home/user1/turtlebot3_ws/src/install/turtlebot3_description:${AMENT_PREFIX_PATH} CMAKE_PREFIX_PATH=/home/user1/turtlebot3_ws/src/install/turtlebot3_description:/opt/ros/foxy /usr/bin/cmake --build /home/user1/turtlebot3_ws/src/build/turtlebot3_gazebo -- -j12 -l12
[0.119s] [ 25%] Built target turtlebot3_drive
[0.126s] [ 50%] Built target obstacle2
[0.126s] [ 75%] Built target obstacles
[0.131s] [100%] Built target obstacle1
[0.139s] Invoked command in '/home/user1/turtlebot3_ws/src/build/turtlebot3_gazebo' returned '0': AMENT_PREFIX_PATH=/home/user1/turtlebot3_ws/src/install/turtlebot3_description:${AMENT_PREFIX_PATH} CMAKE_PREFIX_PATH=/home/user1/turtlebot3_ws/src/install/turtlebot3_description:/opt/ros/foxy /usr/bin/cmake --build /home/user1/turtlebot3_ws/src/build/turtlebot3_gazebo -- -j12 -l12
[0.164s] Invoking command in '/home/user1/turtlebot3_ws/src/build/turtlebot3_gazebo': AMENT_PREFIX_PATH=/home/user1/turtlebot3_ws/src/install/turtlebot3_description:${AMENT_PREFIX_PATH} CMAKE_PREFIX_PATH=/home/user1/turtlebot3_ws/src/install/turtlebot3_description:/opt/ros/foxy /usr/bin/cmake --install /home/user1/turtlebot3_ws/src/build/turtlebot3_gazebo
[0.171s] -- Install configuration: ""
[0.171s] -- Up-to-date: /home/user1/turtlebot3_ws/src/install/turtlebot3_gazebo/lib/turtlebot3_gazebo/turtlebot3_drive
[0.171s] -- Up-to-date: /home/user1/turtlebot3_ws/src/install/turtlebot3_gazebo/share/turtlebot3_gazebo//launch
[0.172s] -- Up-to-date: /home/user1/turtlebot3_ws/src/install/turtlebot3_gazebo/share/turtlebot3_gazebo//launch/turtlebot3_autorace.launch.py
[0.172s] -- Up-to-date: /home/user1/turtlebot3_ws/src/install/turtlebot3_gazebo/share/turtlebot3_gazebo//launch/turtlebot3_dqn_stage3.launch.py
[0.172s] -- Up-to-date: /home/user1/turtlebot3_ws/src/install/turtlebot3_gazebo/share/turtlebot3_gazebo//launch/turtlebot3_world.launch.py
[0.172s] -- Up-to-date: /home/user1/turtlebot3_ws/src/install/turtlebot3_gazebo/share/turtlebot3_gazebo//launch/empty_world.launch.py
[0.172s] -- Up-to-date: /home/user1/turtlebot3_ws/src/install/turtlebot3_gazebo/share/turtlebot3_gazebo//launch/turtlebot3_dqn_stage4.launch.py
[0.172s] -- Up-to-date: /home/user1/turtlebot3_ws/src/install/turtlebot3_gazebo/share/turtlebot3_gazebo//launch/turtlebot3_dqn_stage1.launch.py
[0.172s] -- Up-to-date: /home/user1/turtlebot3_ws/src/install/turtlebot3_gazebo/share/turtlebot3_gazebo//launch/robot_state_publisher.launch.py
[0.173s] -- Up-to-date: /home/user1/turtlebot3_ws/src/install/turtlebot3_gazebo/share/turtlebot3_gazebo//launch/turtlebot3_house.launch.py
[0.173s] -- Up-to-date: /home/user1/turtlebot3_ws/src/install/turtlebot3_gazebo/share/turtlebot3_gazebo//launch/turtlebot3_dqn_stage2.launch.py
[0.173s] -- Up-to-date: /home/user1/turtlebot3_ws/src/install/turtlebot3_gazebo/share/turtlebot3_gazebo//models
[0.173s] -- Up-to-date: /home/user1/turtlebot3_ws/src/install/turtlebot3_gazebo/share/turtlebot3_gazebo//models/turtlebot3_dqn_world
[0.173s] -- Up-to-date: /home/user1/turtlebot3_ws/src/install/turtlebot3_gazebo/share/turtlebot3_gazebo//models/turtlebot3_dqn_world/obstacles
[0.173s] -- Up-to-date: /home/user1/turtlebot3_ws/src/install/turtlebot3_gazebo/share/turtlebot3_gazebo//models/turtlebot3_dqn_world/obstacles/model.sdf
[0.174s] -- Up-to-date: /home/user1/turtlebot3_ws/src/install/turtlebot3_gazebo/share/turtlebot3_gazebo//models/turtlebot3_dqn_world/obstacles/model.config
[0.174s] -- Up-to-date: /home/user1/turtlebot3_ws/src/install/turtlebot3_gazebo/share/turtlebot3_gazebo//models/turtlebot3_dqn_world/model.sdf
[0.174s] -- Up-to-date: /home/user1/turtlebot3_ws/src/install/turtlebot3_gazebo/share/turtlebot3_gazebo//models/turtlebot3_dqn_world/obstacle1
[0.174s] -- Up-to-date: /home/user1/turtlebot3_ws/src/install/turtlebot3_gazebo/share/turtlebot3_gazebo//models/turtlebot3_dqn_world/obstacle1/model.sdf
[0.174s] -- Up-to-date: /home/user1/turtlebot3_ws/src/install/turtlebot3_gazebo/share/turtlebot3_gazebo//models/turtlebot3_dqn_world/obstacle1/model.config
[0.174s] -- Up-to-date: /home/user1/turtlebot3_ws/src/install/turtlebot3_gazebo/share/turtlebot3_gazebo//models/turtlebot3_dqn_world/model.config
[0.174s] -- Up-to-date: /home/user1/turtlebot3_ws/src/install/turtlebot3_gazebo/share/turtlebot3_gazebo//models/turtlebot3_dqn_world/goal_box
[0.174s] -- Up-to-date: /home/user1/turtlebot3_ws/src/install/turtlebot3_gazebo/share/turtlebot3_gazebo//models/turtlebot3_dqn_world/goal_box/model.sdf
[0.174s] -- Up-to-date: /home/user1/turtlebot3_ws/src/install/turtlebot3_gazebo/share/turtlebot3_gazebo//models/turtlebot3_dqn_world/goal_box/model.config
[0.174s] -- Up-to-date: /home/user1/turtlebot3_ws/src/install/turtlebot3_gazebo/share/turtlebot3_gazebo//models/turtlebot3_dqn_world/inner_walls
[0.174s] -- Up-to-date: /home/user1/turtlebot3_ws/src/install/turtlebot3_gazebo/share/turtlebot3_gazebo//models/turtlebot3_dqn_world/inner_walls/model.sdf
[0.175s] -- Up-to-date: /home/user1/turtlebot3_ws/src/install/turtlebot3_gazebo/share/turtlebot3_gazebo//models/turtlebot3_dqn_world/inner_walls/model.config
[0.175s] -- Up-to-date: /home/user1/turtlebot3_ws/src/install/turtlebot3_gazebo/share/turtlebot3_gazebo//models/turtlebot3_dqn_world/obstacle2
[0.175s] -- Up-to-date: /home/user1/turtlebot3_ws/src/install/turtlebot3_gazebo/share/turtlebot3_gazebo//models/turtlebot3_dqn_world/obstacle2/model.sdf
[0.175s] -- Up-to-date: /home/user1/turtlebot3_ws/src/install/turtlebot3_gazebo/share/turtlebot3_gazebo//models/turtlebot3_dqn_world/obstacle2/model.config
[0.175s] -- Up-to-date: /home/user1/turtlebot3_ws/src/install/turtlebot3_gazebo/share/turtlebot3_gazebo//models/turtlebot3_dqn_world/obstacle_plugin
[0.175s] -- Up-to-date: /home/user1/turtlebot3_ws/src/install/turtlebot3_gazebo/share/turtlebot3_gazebo//models/turtlebot3_dqn_world/obstacle_plugin/obstacle1.cc
[0.175s] -- Up-to-date: /home/user1/turtlebot3_ws/src/install/turtlebot3_gazebo/share/turtlebot3_gazebo//models/turtlebot3_dqn_world/obstacle_plugin/obstacles.cc
[0.175s] -- Up-to-date: /home/user1/turtlebot3_ws/src/install/turtlebot3_gazebo/share/turtlebot3_gazebo//models/turtlebot3_dqn_world/obstacle_plugin/CMakeLists.txt
[0.175s] -- Up-to-date: /home/user1/turtlebot3_ws/src/install/turtlebot3_gazebo/share/turtlebot3_gazebo//models/turtlebot3_dqn_world/obstacle_plugin/obstacle2.cc
[0.175s] -- Up-to-date: /home/user1/turtlebot3_ws/src/install/turtlebot3_gazebo/share/turtlebot3_gazebo//models/turtlebot3_waffle_pi
[0.175s] -- Up-to-date: /home/user1/turtlebot3_ws/src/install/turtlebot3_gazebo/share/turtlebot3_gazebo//models/turtlebot3_waffle_pi/meshes
[0.175s] -- Up-to-date: /home/user1/turtlebot3_ws/src/install/turtlebot3_gazebo/share/turtlebot3_gazebo//models/turtlebot3_waffle_pi/meshes/tire.dae
[0.175s] -- Up-to-date: /home/user1/turtlebot3_ws/src/install/turtlebot3_gazebo/share/turtlebot3_gazebo//models/turtlebot3_waffle_pi/meshes/lds.dae
[0.175s] -- Up-to-date: /home/user1/turtlebot3_ws/src/install/turtlebot3_gazebo/share/turtlebot3_gazebo//models/turtlebot3_waffle_pi/meshes/waffle_pi_base.dae
[0.175s] -- Up-to-date: /home/user1/turtlebot3_ws/src/install/turtlebot3_gazebo/share/turtlebot3_gazebo//models/turtlebot3_waffle_pi/model.sdf
[0.176s] -- Up-to-date: /home/user1/turtlebot3_ws/src/install/turtlebot3_gazebo/share/turtlebot3_gazebo//models/turtlebot3_waffle_pi/model.config
[0.176s] -- Up-to-date: /home/user1/turtlebot3_ws/src/install/turtlebot3_gazebo/share/turtlebot3_gazebo//models/turtlebot3_waffle_pi/model-1_4_.sdf
[0.178s] -- Up-to-date: /home/user1/turtlebot3_ws/src/install/turtlebot3_gazebo/share/turtlebot3_gazebo//models/turtlebot3_house
[0.179s] -- Up-to-date: /home/user1/turtlebot3_ws/src/install/turtlebot3_gazebo/share/turtlebot3_gazebo//models/turtlebot3_house/model.sdf
[0.179s] -- Up-to-date: /home/user1/turtlebot3_ws/src/install/turtlebot3_gazebo/share/turtlebot3_gazebo//models/turtlebot3_house/model.config
[0.179s] -- Up-to-date: /home/user1/turtlebot3_ws/src/install/turtlebot3_gazebo/share/turtlebot3_gazebo//models/turtlebot3_waffle
[0.179s] -- Up-to-date: /home/user1/turtlebot3_ws/src/install/turtlebot3_gazebo/share/turtlebot3_gazebo//models/turtlebot3_waffle/meshes
[0.179s] -- Up-to-date: /home/user1/turtlebot3_ws/src/install/turtlebot3_gazebo/share/turtlebot3_gazebo//models/turtlebot3_waffle/meshes/tire.dae
[0.179s] -- Up-to-date: /home/user1/turtlebot3_ws/src/install/turtlebot3_gazebo/share/turtlebot3_gazebo//models/turtlebot3_waffle/meshes/waffle_base.dae
[0.179s] -- Up-to-date: /home/user1/turtlebot3_ws/src/install/turtlebot3_gazebo/share/turtlebot3_gazebo//models/turtlebot3_waffle/meshes/lds.dae
[0.179s] -- Up-to-date: /home/user1/turtlebot3_ws/src/install/turtlebot3_gazebo/share/turtlebot3_gazebo//models/turtlebot3_waffle/meshes/r200.dae
[0.180s] -- Installing: /home/user1/turtlebot3_ws/src/install/turtlebot3_gazebo/share/turtlebot3_gazebo//models/turtlebot3_waffle/model.sdf
[0.180s] -- Up-to-date: /home/user1/turtlebot3_ws/src/install/turtlebot3_gazebo/share/turtlebot3_gazebo//models/turtlebot3_waffle/model.config
[0.180s] -- Up-to-date: /home/user1/turtlebot3_ws/src/install/turtlebot3_gazebo/share/turtlebot3_gazebo//models/turtlebot3_waffle/model-1_4.sdf
[0.180s] -- Up-to-date: /home/user1/turtlebot3_ws/src/install/turtlebot3_gazebo/share/turtlebot3_gazebo//models/turtlebot3_burger
[0.180s] -- Up-to-date: /home/user1/turtlebot3_ws/src/install/turtlebot3_gazebo/share/turtlebot3_gazebo//models/turtlebot3_burger/meshes
[0.180s] -- Up-to-date: /home/user1/turtlebot3_ws/src/install/turtlebot3_gazebo/share/turtlebot3_gazebo//models/turtlebot3_burger/meshes/tire.dae
[0.180s] -- Up-to-date: /home/user1/turtlebot3_ws/src/install/turtlebot3_gazebo/share/turtlebot3_gazebo//models/turtlebot3_burger/meshes/lds.dae
[0.180s] -- Up-to-date: /home/user1/turtlebot3_ws/src/install/turtlebot3_gazebo/share/turtlebot3_gazebo//models/turtlebot3_burger/meshes/burger_base.dae
[0.180s] -- Up-to-date: /home/user1/turtlebot3_ws/src/install/turtlebot3_gazebo/share/turtlebot3_gazebo//models/turtlebot3_burger/model.sdf
[0.180s] -- Up-to-date: /home/user1/turtlebot3_ws/src/install/turtlebot3_gazebo/share/turtlebot3_gazebo//models/turtlebot3_burger/model.config
[0.181s] -- Up-to-date: /home/user1/turtlebot3_ws/src/install/turtlebot3_gazebo/share/turtlebot3_gazebo//models/turtlebot3_burger/model-1_4.sdf
[0.181s] -- Up-to-date: /home/user1/turtlebot3_ws/src/install/turtlebot3_gazebo/share/turtlebot3_gazebo//models/turtlebot3_autorace
[0.181s] -- Up-to-date: /home/user1/turtlebot3_ws/src/install/turtlebot3_gazebo/share/turtlebot3_gazebo//models/turtlebot3_autorace/lights
[0.181s] -- Up-to-date: /home/user1/turtlebot3_ws/src/install/turtlebot3_gazebo/share/turtlebot3_gazebo//models/turtlebot3_autorace/lights/model.sdf
[0.181s] -- Up-to-date: /home/user1/turtlebot3_ws/src/install/turtlebot3_gazebo/share/turtlebot3_gazebo//models/turtlebot3_autorace/lights/model.config
[0.181s] -- Up-to-date: /home/user1/turtlebot3_ws/src/install/turtlebot3_gazebo/share/turtlebot3_gazebo//models/turtlebot3_autorace/traffic_bar_down
[0.181s] -- Up-to-date: /home/user1/turtlebot3_ws/src/install/turtlebot3_gazebo/share/turtlebot3_gazebo//models/turtlebot3_autorace/traffic_bar_down/model.sdf
[0.181s] -- Up-to-date: /home/user1/turtlebot3_ws/src/install/turtlebot3_gazebo/share/turtlebot3_gazebo//models/turtlebot3_autorace/traffic_bar_down/materials
[0.181s] -- Up-to-date: /home/user1/turtlebot3_ws/src/install/turtlebot3_gazebo/share/turtlebot3_gazebo//models/turtlebot3_autorace/traffic_bar_down/materials/textures
[0.183s] -- Up-to-date: /home/user1/turtlebot3_ws/src/install/turtlebot3_gazebo/share/turtlebot3_gazebo//models/turtlebot3_autorace/traffic_bar_down/materials/textures/traffic_bar.png
[0.183s] -- Up-to-date: /home/user1/turtlebot3_ws/src/install/turtlebot3_gazebo/share/turtlebot3_gazebo//models/turtlebot3_autorace/traffic_bar_down/materials/scripts
[0.183s] -- Up-to-date: /home/user1/turtlebot3_ws/src/install/turtlebot3_gazebo/share/turtlebot3_gazebo//models/turtlebot3_autorace/traffic_bar_down/materials/scripts/traffic_bar.material
[0.183s] -- Up-to-date: /home/user1/turtlebot3_ws/src/install/turtlebot3_gazebo/share/turtlebot3_gazebo//models/turtlebot3_autorace/traffic_bar_down/model.config
[0.184s] -- Up-to-date: /home/user1/turtlebot3_ws/src/install/turtlebot3_gazebo/share/turtlebot3_gazebo//models/turtlebot3_autorace/tunnel_wall
[0.184s] -- Up-to-date: /home/user1/turtlebot3_ws/src/install/turtlebot3_gazebo/share/turtlebot3_gazebo//models/turtlebot3_autorace/tunnel_wall/model.sdf
[0.184s] -- Up-to-date: /home/user1/turtlebot3_ws/src/install/turtlebot3_gazebo/share/turtlebot3_gazebo//models/turtlebot3_autorace/tunnel_wall/model.config
[0.184s] -- Up-to-date: /home/user1/turtlebot3_ws/src/install/turtlebot3_gazebo/share/turtlebot3_gazebo//models/turtlebot3_autorace/traffic_parking
[0.184s] -- Up-to-date: /home/user1/turtlebot3_ws/src/install/turtlebot3_gazebo/share/turtlebot3_gazebo//models/turtlebot3_autorace/traffic_parking/model.sdf
[0.184s] -- Up-to-date: /home/user1/turtlebot3_ws/src/install/turtlebot3_gazebo/share/turtlebot3_gazebo//models/turtlebot3_autorace/traffic_parking/materials
[0.185s] -- Up-to-date: /home/user1/turtlebot3_ws/src/install/turtlebot3_gazebo/share/turtlebot3_gazebo//models/turtlebot3_autorace/traffic_parking/materials/textures
[0.185s] -- Up-to-date: /home/user1/turtlebot3_ws/src/install/turtlebot3_gazebo/share/turtlebot3_gazebo//models/turtlebot3_autorace/traffic_parking/materials/textures/traffic_parking.png
[0.185s] -- Up-to-date: /home/user1/turtlebot3_ws/src/install/turtlebot3_gazebo/share/turtlebot3_gazebo//models/turtlebot3_autorace/traffic_parking/materials/scripts
[0.185s] -- Up-to-date: /home/user1/turtlebot3_ws/src/install/turtlebot3_gazebo/share/turtlebot3_gazebo//models/turtlebot3_autorace/traffic_parking/materials/scripts/traffic_parking.material
[0.187s] -- Up-to-date: /home/user1/turtlebot3_ws/src/install/turtlebot3_gazebo/share/turtlebot3_gazebo//models/turtlebot3_autorace/traffic_parking/model.config
[0.187s] -- Up-to-date: /home/user1/turtlebot3_ws/src/install/turtlebot3_gazebo/share/turtlebot3_gazebo//models/turtlebot3_autorace/ground
[0.187s] -- Up-to-date: /home/user1/turtlebot3_ws/src/install/turtlebot3_gazebo/share/turtlebot3_gazebo//models/turtlebot3_autorace/ground/model.sdf
[0.188s] -- Up-to-date: /home/user1/turtlebot3_ws/src/install/turtlebot3_gazebo/share/turtlebot3_gazebo//models/turtlebot3_autorace/ground/model.config
[0.188s] -- Up-to-date: /home/user1/turtlebot3_ws/src/install/turtlebot3_gazebo/share/turtlebot3_gazebo//models/turtlebot3_autorace/tunnel_obstacles
[0.188s] -- Up-to-date: /home/user1/turtlebot3_ws/src/install/turtlebot3_gazebo/share/turtlebot3_gazebo//models/turtlebot3_autorace/tunnel_obstacles/model.sdf
[0.188s] -- Up-to-date: /home/user1/turtlebot3_ws/src/install/turtlebot3_gazebo/share/turtlebot3_gazebo//models/turtlebot3_autorace/tunnel_obstacles/model.config
[0.188s] -- Up-to-date: /home/user1/turtlebot3_ws/src/install/turtlebot3_gazebo/share/turtlebot3_gazebo//models/turtlebot3_autorace/model.config
[0.189s] -- Up-to-date: /home/user1/turtlebot3_ws/src/install/turtlebot3_gazebo/share/turtlebot3_gazebo//models/turtlebot3_autorace/traffic_light_red
[0.189s] -- Up-to-date: /home/user1/turtlebot3_ws/src/install/turtlebot3_gazebo/share/turtlebot3_gazebo//models/turtlebot3_autorace/traffic_light_red/model.sdf
[0.189s] -- Up-to-date: /home/user1/turtlebot3_ws/src/install/turtlebot3_gazebo/share/turtlebot3_gazebo//models/turtlebot3_autorace/traffic_light_red/model.config
[0.189s] -- Up-to-date: /home/user1/turtlebot3_ws/src/install/turtlebot3_gazebo/share/turtlebot3_gazebo//models/turtlebot3_autorace/course
[0.189s] -- Up-to-date: /home/user1/turtlebot3_ws/src/install/turtlebot3_gazebo/share/turtlebot3_gazebo//models/turtlebot3_autorace/course/model.sdf
[0.189s] -- Up-to-date: /home/user1/turtlebot3_ws/src/install/turtlebot3_gazebo/share/turtlebot3_gazebo//models/turtlebot3_autorace/course/materials
[0.190s] -- Up-to-date: /home/user1/turtlebot3_ws/src/install/turtlebot3_gazebo/share/turtlebot3_gazebo//models/turtlebot3_autorace/course/materials/textures
[0.190s] -- Up-to-date: /home/user1/turtlebot3_ws/src/install/turtlebot3_gazebo/share/turtlebot3_gazebo//models/turtlebot3_autorace/course/materials/textures/course.png
[0.190s] -- Up-to-date: /home/user1/turtlebot3_ws/src/install/turtlebot3_gazebo/share/turtlebot3_gazebo//models/turtlebot3_autorace/course/materials/scripts
[0.190s] -- Up-to-date: /home/user1/turtlebot3_ws/src/install/turtlebot3_gazebo/share/turtlebot3_gazebo//models/turtlebot3_autorace/course/materials/scripts/course.material
[0.190s] -- Up-to-date: /home/user1/turtlebot3_ws/src/install/turtlebot3_gazebo/share/turtlebot3_gazebo//models/turtlebot3_autorace/course/model.config
[0.191s] -- Up-to-date: /home/user1/turtlebot3_ws/src/install/turtlebot3_gazebo/share/turtlebot3_gazebo//models/turtlebot3_autorace/traffic_light_yellow
[0.192s] -- Up-to-date: /home/user1/turtlebot3_ws/src/install/turtlebot3_gazebo/share/turtlebot3_gazebo//models/turtlebot3_autorace/traffic_light_yellow/model.sdf
[0.192s] -- Up-to-date: /home/user1/turtlebot3_ws/src/install/turtlebot3_gazebo/share/turtlebot3_gazebo//models/turtlebot3_autorace/traffic_light_yellow/model.config
[0.192s] -- Up-to-date: /home/user1/turtlebot3_ws/src/install/turtlebot3_gazebo/share/turtlebot3_gazebo//models/turtlebot3_autorace/traffic_tunnel
[0.192s] -- Up-to-date: /home/user1/turtlebot3_ws/src/install/turtlebot3_gazebo/share/turtlebot3_gazebo//models/turtlebot3_autorace/traffic_tunnel/model.sdf
[0.192s] -- Up-to-date: /home/user1/turtlebot3_ws/src/install/turtlebot3_gazebo/share/turtlebot3_gazebo//models/turtlebot3_autorace/traffic_tunnel/materials
[0.192s] -- Up-to-date: /home/user1/turtlebot3_ws/src/install/turtlebot3_gazebo/share/turtlebot3_gazebo//models/turtlebot3_autorace/traffic_tunnel/materials/textures
[0.192s] -- Up-to-date: /home/user1/turtlebot3_ws/src/install/turtlebot3_gazebo/share/turtlebot3_gazebo//models/turtlebot3_autorace/traffic_tunnel/materials/textures/tunnel.png
[0.193s] -- Up-to-date: /home/user1/turtlebot3_ws/src/install/turtlebot3_gazebo/share/turtlebot3_gazebo//models/turtlebot3_autorace/traffic_tunnel/materials/scripts
[0.193s] -- Up-to-date: /home/user1/turtlebot3_ws/src/install/turtlebot3_gazebo/share/turtlebot3_gazebo//models/turtlebot3_autorace/traffic_tunnel/materials/scripts/tunnel.material
[0.193s] -- Up-to-date: /home/user1/turtlebot3_ws/src/install/turtlebot3_gazebo/share/turtlebot3_gazebo//models/turtlebot3_autorace/traffic_tunnel/model.config
[0.193s] -- Up-to-date: /home/user1/turtlebot3_ws/src/install/turtlebot3_gazebo/share/turtlebot3_gazebo//models/turtlebot3_autorace/traffic_bar_up
[0.193s] -- Up-to-date: /home/user1/turtlebot3_ws/src/install/turtlebot3_gazebo/share/turtlebot3_gazebo//models/turtlebot3_autorace/traffic_bar_up/model.sdf
[0.193s] -- Up-to-date: /home/user1/turtlebot3_ws/src/install/turtlebot3_gazebo/share/turtlebot3_gazebo//models/turtlebot3_autorace/traffic_bar_up/materials
[0.193s] -- Up-to-date: /home/user1/turtlebot3_ws/src/install/turtlebot3_gazebo/share/turtlebot3_gazebo//models/turtlebot3_autorace/traffic_bar_up/materials/textures
[0.193s] -- Up-to-date: /home/user1/turtlebot3_ws/src/install/turtlebot3_gazebo/share/turtlebot3_gazebo//models/turtlebot3_autorace/traffic_bar_up/materials/textures/traffic_bar.png
[0.193s] -- Up-to-date: /home/user1/turtlebot3_ws/src/install/turtlebot3_gazebo/share/turtlebot3_gazebo//models/turtlebot3_autorace/traffic_bar_up/materials/scripts
[0.193s] -- Up-to-date: /home/user1/turtlebot3_ws/src/install/turtlebot3_gazebo/share/turtlebot3_gazebo//models/turtlebot3_autorace/traffic_bar_up/materials/scripts/traffic_bar.material
[0.193s] -- Up-to-date: /home/user1/turtlebot3_ws/src/install/turtlebot3_gazebo/share/turtlebot3_gazebo//models/turtlebot3_autorace/traffic_bar_up/model.config
[0.193s] -- Up-to-date: /home/user1/turtlebot3_ws/src/install/turtlebot3_gazebo/share/turtlebot3_gazebo//models/turtlebot3_autorace/traffic_light_green
[0.193s] -- Up-to-date: /home/user1/turtlebot3_ws/src/install/turtlebot3_gazebo/share/turtlebot3_gazebo//models/turtlebot3_autorace/traffic_light_green/model.sdf
[0.194s] -- Up-to-date: /home/user1/turtlebot3_ws/src/install/turtlebot3_gazebo/share/turtlebot3_gazebo//models/turtlebot3_autorace/traffic_light_green/model.config
[0.194s] -- Up-to-date: /home/user1/turtlebot3_ws/src/install/turtlebot3_gazebo/share/turtlebot3_gazebo//models/turtlebot3_autorace/traffic_stop
[0.194s] -- Up-to-date: /home/user1/turtlebot3_ws/src/install/turtlebot3_gazebo/share/turtlebot3_gazebo//models/turtlebot3_autorace/traffic_stop/model.sdf
[0.194s] -- Up-to-date: /home/user1/turtlebot3_ws/src/install/turtlebot3_gazebo/share/turtlebot3_gazebo//models/turtlebot3_autorace/traffic_stop/materials
[0.194s] -- Up-to-date: /home/user1/turtlebot3_ws/src/install/turtlebot3_gazebo/share/turtlebot3_gazebo//models/turtlebot3_autorace/traffic_stop/materials/textures
[0.194s] -- Up-to-date: /home/user1/turtlebot3_ws/src/install/turtlebot3_gazebo/share/turtlebot3_gazebo//models/turtlebot3_autorace/traffic_stop/materials/textures/traffic_stop.png
[0.194s] -- Up-to-date: /home/user1/turtlebot3_ws/src/install/turtlebot3_gazebo/share/turtlebot3_gazebo//models/turtlebot3_autorace/traffic_stop/materials/scripts
[0.194s] -- Up-to-date: /home/user1/turtlebot3_ws/src/install/turtlebot3_gazebo/share/turtlebot3_gazebo//models/turtlebot3_autorace/traffic_stop/materials/scripts/traffic_stop.material
[0.194s] -- Up-to-date: /home/user1/turtlebot3_ws/src/install/turtlebot3_gazebo/share/turtlebot3_gazebo//models/turtlebot3_autorace/traffic_stop/model.config
[0.194s] -- Up-to-date: /home/user1/turtlebot3_ws/src/install/turtlebot3_gazebo/share/turtlebot3_gazebo//models/turtlebot3_world
[0.194s] -- Up-to-date: /home/user1/turtlebot3_ws/src/install/turtlebot3_gazebo/share/turtlebot3_gazebo//models/turtlebot3_world/meshes
[0.194s] -- Up-to-date: /home/user1/turtlebot3_ws/src/install/turtlebot3_gazebo/share/turtlebot3_gazebo//models/turtlebot3_world/meshes/wall.dae
[0.194s] -- Up-to-date: /home/user1/turtlebot3_ws/src/install/turtlebot3_gazebo/share/turtlebot3_gazebo//models/turtlebot3_world/meshes/hexagon.dae
[0.194s] -- Up-to-date: /home/user1/turtlebot3_ws/src/install/turtlebot3_gazebo/share/turtlebot3_gazebo//models/turtlebot3_world/model.sdf
[0.194s] -- Up-to-date: /home/user1/turtlebot3_ws/src/install/turtlebot3_gazebo/share/turtlebot3_gazebo//models/turtlebot3_world/model.config
[0.195s] -- Up-to-date: /home/user1/turtlebot3_ws/src/install/turtlebot3_gazebo/share/turtlebot3_gazebo//models/turtlebot3_world/model-1_4.sdf
[0.195s] -- Up-to-date: /home/user1/turtlebot3_ws/src/install/turtlebot3_gazebo/share/turtlebot3_gazebo//rviz
[0.195s] -- Up-to-date: /home/user1/turtlebot3_ws/src/install/turtlebot3_gazebo/share/turtlebot3_gazebo//rviz/tb3_gazebo.rviz
[0.195s] -- Up-to-date: /home/user1/turtlebot3_ws/src/install/turtlebot3_gazebo/share/turtlebot3_gazebo//worlds
[0.195s] -- Up-to-date: /home/user1/turtlebot3_ws/src/install/turtlebot3_gazebo/share/turtlebot3_gazebo//worlds/turtlebot3_dqn_stage4
[0.195s] -- Up-to-date: /home/user1/turtlebot3_ws/src/install/turtlebot3_gazebo/share/turtlebot3_gazebo//worlds/turtlebot3_dqn_stage4/waffle.model
[0.195s] -- Up-to-date: /home/user1/turtlebot3_ws/src/install/turtlebot3_gazebo/share/turtlebot3_gazebo//worlds/turtlebot3_dqn_stage4/burger.model
[0.195s] -- Up-to-date: /home/user1/turtlebot3_ws/src/install/turtlebot3_gazebo/share/turtlebot3_gazebo//worlds/turtlebot3_dqn_stage4/waffle_pi.model
[0.195s] -- Up-to-date: /home/user1/turtlebot3_ws/src/install/turtlebot3_gazebo/share/turtlebot3_gazebo//worlds/turtlebot3_dqn_stage3
[0.195s] -- Up-to-date: /home/user1/turtlebot3_ws/src/install/turtlebot3_gazebo/share/turtlebot3_gazebo//worlds/turtlebot3_dqn_stage3/waffle.model
[0.195s] -- Up-to-date: /home/user1/turtlebot3_ws/src/install/turtlebot3_gazebo/share/turtlebot3_gazebo//worlds/turtlebot3_dqn_stage3/burger.model
[0.195s] -- Up-to-date: /home/user1/turtlebot3_ws/src/install/turtlebot3_gazebo/share/turtlebot3_gazebo//worlds/turtlebot3_dqn_stage3/waffle_pi.model
[0.195s] -- Up-to-date: /home/user1/turtlebot3_ws/src/install/turtlebot3_gazebo/share/turtlebot3_gazebo//worlds/empty_worlds
[0.195s] -- Up-to-date: /home/user1/turtlebot3_ws/src/install/turtlebot3_gazebo/share/turtlebot3_gazebo//worlds/empty_worlds/waffle.model
[0.195s] -- Up-to-date: /home/user1/turtlebot3_ws/src/install/turtlebot3_gazebo/share/turtlebot3_gazebo//worlds/empty_worlds/burger.model
[0.195s] -- Up-to-date: /home/user1/turtlebot3_ws/src/install/turtlebot3_gazebo/share/turtlebot3_gazebo//worlds/empty_worlds/waffle_pi.model
[0.195s] -- Up-to-date: /home/user1/turtlebot3_ws/src/install/turtlebot3_gazebo/share/turtlebot3_gazebo//worlds/turtlebot3_dqn_stage2
[0.196s] -- Up-to-date: /home/user1/turtlebot3_ws/src/install/turtlebot3_gazebo/share/turtlebot3_gazebo//worlds/turtlebot3_dqn_stage2/waffle.model
[0.196s] -- Up-to-date: /home/user1/turtlebot3_ws/src/install/turtlebot3_gazebo/share/turtlebot3_gazebo//worlds/turtlebot3_dqn_stage2/burger.model
[0.196s] -- Up-to-date: /home/user1/turtlebot3_ws/src/install/turtlebot3_gazebo/share/turtlebot3_gazebo//worlds/turtlebot3_dqn_stage2/waffle_pi.model
[0.196s] -- Up-to-date: /home/user1/turtlebot3_ws/src/install/turtlebot3_gazebo/share/turtlebot3_gazebo//worlds/turtlebot3_houses
[0.196s] -- Up-to-date: /home/user1/turtlebot3_ws/src/install/turtlebot3_gazebo/share/turtlebot3_gazebo//worlds/turtlebot3_houses/waffle.model
[0.196s] -- Up-to-date: /home/user1/turtlebot3_ws/src/install/turtlebot3_gazebo/share/turtlebot3_gazebo//worlds/turtlebot3_houses/burger.model
[0.196s] -- Up-to-date: /home/user1/turtlebot3_ws/src/install/turtlebot3_gazebo/share/turtlebot3_gazebo//worlds/turtlebot3_houses/waffle_pi.model
[0.196s] -- Up-to-date: /home/user1/turtlebot3_ws/src/install/turtlebot3_gazebo/share/turtlebot3_gazebo//worlds/turtlebot3_worlds
[0.196s] -- Up-to-date: /home/user1/turtlebot3_ws/src/install/turtlebot3_gazebo/share/turtlebot3_gazebo//worlds/turtlebot3_worlds/waffle.model
[0.196s] -- Up-to-date: /home/user1/turtlebot3_ws/src/install/turtlebot3_gazebo/share/turtlebot3_gazebo//worlds/turtlebot3_worlds/burger.model
[0.196s] -- Up-to-date: /home/user1/turtlebot3_ws/src/install/turtlebot3_gazebo/share/turtlebot3_gazebo//worlds/turtlebot3_worlds/waffle_pi.model
[0.196s] -- Up-to-date: /home/user1/turtlebot3_ws/src/install/turtlebot3_gazebo/share/turtlebot3_gazebo//worlds/turtlebot3_autoraces
[0.196s] -- Up-to-date: /home/user1/turtlebot3_ws/src/install/turtlebot3_gazebo/share/turtlebot3_gazebo//worlds/turtlebot3_autoraces/waffle.model
[0.196s] -- Up-to-date: /home/user1/turtlebot3_ws/src/install/turtlebot3_gazebo/share/turtlebot3_gazebo//worlds/turtlebot3_autoraces/burger.model
[0.196s] -- Up-to-date: /home/user1/turtlebot3_ws/src/install/turtlebot3_gazebo/share/turtlebot3_gazebo//worlds/turtlebot3_autoraces/waffle_pi.model
[0.196s] -- Up-to-date: /home/user1/turtlebot3_ws/src/install/turtlebot3_gazebo/share/turtlebot3_gazebo//worlds/turtlebot3_dqn_stage1
[0.196s] -- Up-to-date: /home/user1/turtlebot3_ws/src/install/turtlebot3_gazebo/share/turtlebot3_gazebo//worlds/turtlebot3_dqn_stage1/waffle.model
[0.197s] -- Up-to-date: /home/user1/turtlebot3_ws/src/install/turtlebot3_gazebo/share/turtlebot3_gazebo//worlds/turtlebot3_dqn_stage1/burger.model
[0.197s] -- Up-to-date: /home/user1/turtlebot3_ws/src/install/turtlebot3_gazebo/share/turtlebot3_gazebo//worlds/turtlebot3_dqn_stage1/waffle_pi.model
[0.197s] -- Up-to-date: /home/user1/turtlebot3_ws/src/install/turtlebot3_gazebo/include/
[0.197s] -- Up-to-date: /home/user1/turtlebot3_ws/src/install/turtlebot3_gazebo/include//turtlebot3_gazebo
[0.197s] -- Up-to-date: /home/user1/turtlebot3_ws/src/install/turtlebot3_gazebo/include//turtlebot3_gazebo/turtlebot3_drive.hpp
[0.197s] -- Up-to-date: /home/user1/turtlebot3_ws/src/install/turtlebot3_gazebo/share/ament_index/resource_index/package_run_dependencies/turtlebot3_gazebo
[0.197s] -- Up-to-date: /home/user1/turtlebot3_ws/src/install/turtlebot3_gazebo/share/ament_index/resource_index/parent_prefix_path/turtlebot3_gazebo
[0.197s] -- Up-to-date: /home/user1/turtlebot3_ws/src/install/turtlebot3_gazebo/share/turtlebot3_gazebo/environment/ament_prefix_path.sh
[0.197s] -- Up-to-date: /home/user1/turtlebot3_ws/src/install/turtlebot3_gazebo/share/turtlebot3_gazebo/environment/ament_prefix_path.dsv
[0.197s] -- Up-to-date: /home/user1/turtlebot3_ws/src/install/turtlebot3_gazebo/share/turtlebot3_gazebo/environment/path.sh
[0.197s] -- Up-to-date: /home/user1/turtlebot3_ws/src/install/turtlebot3_gazebo/share/turtlebot3_gazebo/environment/path.dsv
[0.197s] -- Up-to-date: /home/user1/turtlebot3_ws/src/install/turtlebot3_gazebo/share/turtlebot3_gazebo/local_setup.bash
[0.197s] -- Up-to-date: /home/user1/turtlebot3_ws/src/install/turtlebot3_gazebo/share/turtlebot3_gazebo/local_setup.sh
[0.197s] -- Up-to-date: /home/user1/turtlebot3_ws/src/install/turtlebot3_gazebo/share/turtlebot3_gazebo/local_setup.zsh
[0.197s] -- Up-to-date: /home/user1/turtlebot3_ws/src/install/turtlebot3_gazebo/share/turtlebot3_gazebo/local_setup.dsv
[0.197s] -- Installing: /home/user1/turtlebot3_ws/src/install/turtlebot3_gazebo/share/turtlebot3_gazebo/package.dsv
[0.198s] -- Up-to-date: /home/user1/turtlebot3_ws/src/install/turtlebot3_gazebo/share/ament_index/resource_index/packages/turtlebot3_gazebo
[0.198s] -- Up-to-date: /home/user1/turtlebot3_ws/src/install/turtlebot3_gazebo/share/turtlebot3_gazebo/cmake/ament_cmake_export_include_directories-extras.cmake
[0.198s] -- Up-to-date: /home/user1/turtlebot3_ws/src/install/turtlebot3_gazebo/share/turtlebot3_gazebo/cmake/ament_cmake_export_dependencies-extras.cmake
[0.198s] -- Up-to-date: /home/user1/turtlebot3_ws/src/install/turtlebot3_gazebo/share/turtlebot3_gazebo/cmake/turtlebot3_gazeboConfig.cmake
[0.198s] -- Up-to-date: /home/user1/turtlebot3_ws/src/install/turtlebot3_gazebo/share/turtlebot3_gazebo/cmake/turtlebot3_gazeboConfig-version.cmake
[0.198s] -- Up-to-date: /home/user1/turtlebot3_ws/src/install/turtlebot3_gazebo/share/turtlebot3_gazebo/package.xml
[0.198s] Invoked command in '/home/user1/turtlebot3_ws/src/build/turtlebot3_gazebo' returned '0': AMENT_PREFIX_PATH=/home/user1/turtlebot3_ws/src/install/turtlebot3_description:${AMENT_PREFIX_PATH} CMAKE_PREFIX_PATH=/home/user1/turtlebot3_ws/src/install/turtlebot3_description:/opt/ros/foxy /usr/bin/cmake --install /home/user1/turtlebot3_ws/src/build/turtlebot3_gazebo
