[0.050s] Invoking command in '/home/user1/turtlebot3_ws/build/turtlebot3_description': CMAKE_PREFIX_PATH=/opt/ros/foxy /usr/bin/cmake /home/user1/turtlebot3_ws/src/turtlebot3/turtlebot3_description -DCMAKE_INSTALL_PREFIX=/home/user1/turtlebot3_ws/install/turtlebot3_description
[0.518s] -- Found ament_cmake: 0.9.11 (/opt/ros/foxy/share/ament_cmake/cmake)
[0.520s] -- Using PYTHON_EXECUTABLE: /usr/bin/python3
[0.520s] -- Override CMake install command with custom implementation using symlinks instead of copying resources
[0.520s] -- Found urdf: 2.4.0 (/opt/ros/foxy/share/urdf/cmake)
[0.521s] -- Configuring done
[0.521s] -- Generating done
[0.522s] -- Build files have been written to: /home/user1/turtlebot3_ws/build/turtlebot3_description
[0.532s] Invoked command in '/home/user1/turtlebot3_ws/build/turtlebot3_description' returned '0': CMAKE_PREFIX_PATH=/opt/ros/foxy /usr/bin/cmake /home/user1/turtlebot3_ws/src/turtlebot3/turtlebot3_description -DCMAKE_INSTALL_PREFIX=/home/user1/turtlebot3_ws/install/turtlebot3_description
[0.534s] Invoking command in '/home/user1/turtlebot3_ws/build/turtlebot3_description': CMAKE_PREFIX_PATH=/opt/ros/foxy /usr/bin/cmake --build /home/user1/turtlebot3_ws/build/turtlebot3_description -- -j12 -l12
[0.569s] Invoked command in '/home/user1/turtlebot3_ws/build/turtlebot3_description' returned '0': CMAKE_PREFIX_PATH=/opt/ros/foxy /usr/bin/cmake --build /home/user1/turtlebot3_ws/build/turtlebot3_description -- -j12 -l12
[0.593s] Invoking command in '/home/user1/turtlebot3_ws/build/turtlebot3_description': CMAKE_PREFIX_PATH=/opt/ros/foxy /usr/bin/cmake --install /home/user1/turtlebot3_ws/build/turtlebot3_description
[0.600s] -- Install configuration: ""
[0.600s] -- Execute custom install script
[0.601s] -- Up-to-date symlink: /home/user1/turtlebot3_ws/install/turtlebot3_description/share/turtlebot3_description/meshes/bases/burger_base.stl
[0.601s] -- Up-to-date symlink: /home/user1/turtlebot3_ws/install/turtlebot3_description/share/turtlebot3_description/meshes/bases/waffle_base.stl
[0.601s] -- Up-to-date symlink: /home/user1/turtlebot3_ws/install/turtlebot3_description/share/turtlebot3_description/meshes/bases/waffle_pi_base.stl
[0.602s] -- Up-to-date symlink: /home/user1/turtlebot3_ws/install/turtlebot3_description/share/turtlebot3_description/meshes/sensors/astra.dae
[0.602s] -- Up-to-date symlink: /home/user1/turtlebot3_ws/install/turtlebot3_description/share/turtlebot3_description/meshes/sensors/astra.jpg
[0.602s] -- Up-to-date symlink: /home/user1/turtlebot3_ws/install/turtlebot3_description/share/turtlebot3_description/meshes/sensors/lds.stl
[0.602s] -- Up-to-date symlink: /home/user1/turtlebot3_ws/install/turtlebot3_description/share/turtlebot3_description/meshes/sensors/r200.dae
[0.603s] -- Up-to-date symlink: /home/user1/turtlebot3_ws/install/turtlebot3_description/share/turtlebot3_description/meshes/sensors/r200.jpg
[0.603s] -- Up-to-date symlink: /home/user1/turtlebot3_ws/install/turtlebot3_description/share/turtlebot3_description/meshes/wheels/left_tire.stl
[0.603s] -- Up-to-date symlink: /home/user1/turtlebot3_ws/install/turtlebot3_description/share/turtlebot3_description/meshes/wheels/right_tire.stl
[0.604s] -- Up-to-date symlink: /home/user1/turtlebot3_ws/install/turtlebot3_description/share/turtlebot3_description/rviz/model.rviz
[0.604s] -- Up-to-date symlink: /home/user1/turtlebot3_ws/install/turtlebot3_description/share/turtlebot3_description/urdf/common_properties.urdf
[0.604s] -- Up-to-date symlink: /home/user1/turtlebot3_ws/install/turtlebot3_description/share/turtlebot3_description/urdf/turtlebot3_burger.urdf
[0.604s] -- Up-to-date symlink: /home/user1/turtlebot3_ws/install/turtlebot3_description/share/turtlebot3_description/urdf/turtlebot3_waffle.urdf
[0.605s] -- Up-to-date symlink: /home/user1/turtlebot3_ws/install/turtlebot3_description/share/turtlebot3_description/urdf/turtlebot3_waffle_pi.urdf
[0.605s] -- Up-to-date symlink: /home/user1/turtlebot3_ws/install/turtlebot3_description/share/ament_index/resource_index/package_run_dependencies/turtlebot3_description
[0.605s] -- Up-to-date symlink: /home/user1/turtlebot3_ws/install/turtlebot3_description/share/ament_index/resource_index/parent_prefix_path/turtlebot3_description
[0.605s] -- Up-to-date symlink: /home/user1/turtlebot3_ws/install/turtlebot3_description/share/turtlebot3_description/environment/ament_prefix_path.sh
[0.606s] -- Up-to-date symlink: /home/user1/turtlebot3_ws/install/turtlebot3_description/share/turtlebot3_description/environment/ament_prefix_path.dsv
[0.606s] -- Up-to-date symlink: /home/user1/turtlebot3_ws/install/turtlebot3_description/share/turtlebot3_description/environment/path.sh
[0.606s] -- Up-to-date symlink: /home/user1/turtlebot3_ws/install/turtlebot3_description/share/turtlebot3_description/environment/path.dsv
[0.607s] -- Up-to-date symlink: /home/user1/turtlebot3_ws/install/turtlebot3_description/share/turtlebot3_description/local_setup.bash
[0.607s] -- Up-to-date symlink: /home/user1/turtlebot3_ws/install/turtlebot3_description/share/turtlebot3_description/local_setup.sh
[0.607s] -- Up-to-date symlink: /home/user1/turtlebot3_ws/install/turtlebot3_description/share/turtlebot3_description/local_setup.zsh
[0.608s] -- Up-to-date symlink: /home/user1/turtlebot3_ws/install/turtlebot3_description/share/turtlebot3_description/local_setup.dsv
[0.608s] -- Symlinking: /home/user1/turtlebot3_ws/install/turtlebot3_description/share/turtlebot3_description/package.dsv
[0.616s] -- Up-to-date symlink: /home/user1/turtlebot3_ws/install/turtlebot3_description/share/ament_index/resource_index/packages/turtlebot3_description
[0.616s] -- Up-to-date symlink: /home/user1/turtlebot3_ws/install/turtlebot3_description/share/turtlebot3_description/cmake/turtlebot3_descriptionConfig.cmake
[0.616s] -- Up-to-date symlink: /home/user1/turtlebot3_ws/install/turtlebot3_description/share/turtlebot3_description/cmake/turtlebot3_descriptionConfig-version.cmake
[0.616s] -- Up-to-date symlink: /home/user1/turtlebot3_ws/install/turtlebot3_description/share/turtlebot3_description/package.xml
[0.637s] Invoked command in '/home/user1/turtlebot3_ws/build/turtlebot3_description' returned '0': CMAKE_PREFIX_PATH=/opt/ros/foxy /usr/bin/cmake --install /home/user1/turtlebot3_ws/build/turtlebot3_description
